2021-01-18 14:23:46.944 [main] WARN  org.mybatis.spring.mapper.ClassPathMapperScanner - Skipping MapperFactoryBean with name 'umsAdminMapper' and 'com.bob.identification.authority.mapper.UmsAdminMapper' mapperInterface. Bean already defined with the same name!
2021-01-18 14:23:46.944 [main] WARN  org.mybatis.spring.mapper.ClassPathMapperScanner - Skipping MapperFactoryBean with name 'umsAdminRoleRelationMapper' and 'com.bob.identification.authority.mapper.UmsAdminRoleRelationMapper' mapperInterface. Bean already defined with the same name!
2021-01-18 14:23:46.944 [main] WARN  org.mybatis.spring.mapper.ClassPathMapperScanner - Skipping MapperFactoryBean with name 'umsMemberMapper' and 'com.bob.identification.authority.mapper.UmsMemberMapper' mapperInterface. Bean already defined with the same name!
2021-01-18 14:23:46.944 [main] WARN  org.mybatis.spring.mapper.ClassPathMapperScanner - Skipping MapperFactoryBean with name 'umsMenuMapper' and 'com.bob.identification.authority.mapper.UmsMenuMapper' mapperInterface. Bean already defined with the same name!
2021-01-18 14:23:46.944 [main] WARN  org.mybatis.spring.mapper.ClassPathMapperScanner - Skipping MapperFactoryBean with name 'umsResourceCategoryMapper' and 'com.bob.identification.authority.mapper.UmsResourceCategoryMapper' mapperInterface. Bean already defined with the same name!
2021-01-18 14:23:46.944 [main] WARN  org.mybatis.spring.mapper.ClassPathMapperScanner - Skipping MapperFactoryBean with name 'umsResourceMapper' and 'com.bob.identification.authority.mapper.UmsResourceMapper' mapperInterface. Bean already defined with the same name!
2021-01-18 14:23:46.944 [main] WARN  org.mybatis.spring.mapper.ClassPathMapperScanner - Skipping MapperFactoryBean with name 'umsRoleMapper' and 'com.bob.identification.authority.mapper.UmsRoleMapper' mapperInterface. Bean already defined with the same name!
2021-01-18 14:23:46.944 [main] WARN  org.mybatis.spring.mapper.ClassPathMapperScanner - Skipping MapperFactoryBean with name 'umsRoleMenuRelationMapper' and 'com.bob.identification.authority.mapper.UmsRoleMenuRelationMapper' mapperInterface. Bean already defined with the same name!
2021-01-18 14:23:46.945 [main] WARN  org.mybatis.spring.mapper.ClassPathMapperScanner - Skipping MapperFactoryBean with name 'umsRolePermissionRelationMapper' and 'com.bob.identification.authority.mapper.UmsRolePermissionRelationMapper' mapperInterface. Bean already defined with the same name!
2021-01-18 14:23:46.945 [main] WARN  org.mybatis.spring.mapper.ClassPathMapperScanner - Skipping MapperFactoryBean with name 'umsRoleResourceRelationMapper' and 'com.bob.identification.authority.mapper.UmsRoleResourceRelationMapper' mapperInterface. Bean already defined with the same name!
2021-01-18 14:23:46.945 [main] WARN  org.mybatis.spring.mapper.ClassPathMapperScanner - Skipping MapperFactoryBean with name 'batchMapper' and 'com.bob.identification.identification.mapper.BatchMapper' mapperInterface. Bean already defined with the same name!
2021-01-18 14:23:46.945 [main] WARN  org.mybatis.spring.mapper.ClassPathMapperScanner - Skipping MapperFactoryBean with name 'brandMapper' and 'com.bob.identification.identification.mapper.BrandMapper' mapperInterface. Bean already defined with the same name!
2021-01-18 14:23:46.945 [main] WARN  org.mybatis.spring.mapper.ClassPathMapperScanner - Skipping MapperFactoryBean with name 'codePreMapper' and 'com.bob.identification.identification.mapper.CodePreMapper' mapperInterface. Bean already defined with the same name!
2021-01-18 14:23:46.945 [main] WARN  org.mybatis.spring.mapper.ClassPathMapperScanner - Skipping MapperFactoryBean with name 'configMapper' and 'com.bob.identification.identification.mapper.ConfigMapper' mapperInterface. Bean already defined with the same name!
2021-01-18 14:23:46.945 [main] WARN  org.mybatis.spring.mapper.ClassPathMapperScanner - Skipping MapperFactoryBean with name 'customCodeMapper' and 'com.bob.identification.identification.mapper.CustomCodeMapper' mapperInterface. Bean already defined with the same name!
2021-01-18 14:23:46.945 [main] WARN  org.mybatis.spring.mapper.ClassPathMapperScanner - Skipping MapperFactoryBean with name 'oldBatchMapper' and 'com.bob.identification.identification.mapper.OldBatchMapper' mapperInterface. Bean already defined with the same name!
2021-01-18 14:23:46.945 [main] WARN  org.mybatis.spring.mapper.ClassPathMapperScanner - Skipping MapperFactoryBean with name 'oldCodeMapper' and 'com.bob.identification.identification.mapper.OldCodeMapper' mapperInterface. Bean already defined with the same name!
2021-01-18 14:23:46.945 [main] WARN  org.mybatis.spring.mapper.ClassPathMapperScanner - Skipping MapperFactoryBean with name 'visitMapper' and 'com.bob.identification.identification.mapper.VisitMapper' mapperInterface. Bean already defined with the same name!
2021-01-18 14:23:46.945 [main] WARN  org.mybatis.spring.mapper.ClassPathMapperScanner - No MyBatis mapper was found in '[com.bob.identification.*.mapper]' package. Please check your configuration.
2021-01-18 14:23:46.950 [main] WARN  org.mybatis.spring.mapper.ClassPathMapperScanner - Skipping MapperFactoryBean with name 'umsAdminMapper' and 'com.bob.identification.authority.mapper.UmsAdminMapper' mapperInterface. Bean already defined with the same name!
2021-01-18 14:23:46.950 [main] WARN  org.mybatis.spring.mapper.ClassPathMapperScanner - Skipping MapperFactoryBean with name 'umsAdminRoleRelationMapper' and 'com.bob.identification.authority.mapper.UmsAdminRoleRelationMapper' mapperInterface. Bean already defined with the same name!
2021-01-18 14:23:46.950 [main] WARN  org.mybatis.spring.mapper.ClassPathMapperScanner - Skipping MapperFactoryBean with name 'umsMemberMapper' and 'com.bob.identification.authority.mapper.UmsMemberMapper' mapperInterface. Bean already defined with the same name!
2021-01-18 14:23:46.950 [main] WARN  org.mybatis.spring.mapper.ClassPathMapperScanner - Skipping MapperFactoryBean with name 'umsMenuMapper' and 'com.bob.identification.authority.mapper.UmsMenuMapper' mapperInterface. Bean already defined with the same name!
2021-01-18 14:23:46.950 [main] WARN  org.mybatis.spring.mapper.ClassPathMapperScanner - Skipping MapperFactoryBean with name 'umsResourceCategoryMapper' and 'com.bob.identification.authority.mapper.UmsResourceCategoryMapper' mapperInterface. Bean already defined with the same name!
2021-01-18 14:23:46.950 [main] WARN  org.mybatis.spring.mapper.ClassPathMapperScanner - Skipping MapperFactoryBean with name 'umsResourceMapper' and 'com.bob.identification.authority.mapper.UmsResourceMapper' mapperInterface. Bean already defined with the same name!
2021-01-18 14:23:46.950 [main] WARN  org.mybatis.spring.mapper.ClassPathMapperScanner - Skipping MapperFactoryBean with name 'umsRoleMapper' and 'com.bob.identification.authority.mapper.UmsRoleMapper' mapperInterface. Bean already defined with the same name!
2021-01-18 14:23:46.950 [main] WARN  org.mybatis.spring.mapper.ClassPathMapperScanner - Skipping MapperFactoryBean with name 'umsRoleMenuRelationMapper' and 'com.bob.identification.authority.mapper.UmsRoleMenuRelationMapper' mapperInterface. Bean already defined with the same name!
2021-01-18 14:23:46.950 [main] WARN  org.mybatis.spring.mapper.ClassPathMapperScanner - Skipping MapperFactoryBean with name 'umsRolePermissionRelationMapper' and 'com.bob.identification.authority.mapper.UmsRolePermissionRelationMapper' mapperInterface. Bean already defined with the same name!
2021-01-18 14:23:46.950 [main] WARN  org.mybatis.spring.mapper.ClassPathMapperScanner - Skipping MapperFactoryBean with name 'umsRoleResourceRelationMapper' and 'com.bob.identification.authority.mapper.UmsRoleResourceRelationMapper' mapperInterface. Bean already defined with the same name!
2021-01-18 14:23:46.950 [main] WARN  org.mybatis.spring.mapper.ClassPathMapperScanner - Skipping MapperFactoryBean with name 'batchMapper' and 'com.bob.identification.identification.mapper.BatchMapper' mapperInterface. Bean already defined with the same name!
2021-01-18 14:23:46.950 [main] WARN  org.mybatis.spring.mapper.ClassPathMapperScanner - Skipping MapperFactoryBean with name 'brandMapper' and 'com.bob.identification.identification.mapper.BrandMapper' mapperInterface. Bean already defined with the same name!
2021-01-18 14:23:46.950 [main] WARN  org.mybatis.spring.mapper.ClassPathMapperScanner - Skipping MapperFactoryBean with name 'codePreMapper' and 'com.bob.identification.identification.mapper.CodePreMapper' mapperInterface. Bean already defined with the same name!
2021-01-18 14:23:46.950 [main] WARN  org.mybatis.spring.mapper.ClassPathMapperScanner - Skipping MapperFactoryBean with name 'configMapper' and 'com.bob.identification.identification.mapper.ConfigMapper' mapperInterface. Bean already defined with the same name!
2021-01-18 14:23:46.951 [main] WARN  org.mybatis.spring.mapper.ClassPathMapperScanner - Skipping MapperFactoryBean with name 'customCodeMapper' and 'com.bob.identification.identification.mapper.CustomCodeMapper' mapperInterface. Bean already defined with the same name!
2021-01-18 14:23:46.951 [main] WARN  org.mybatis.spring.mapper.ClassPathMapperScanner - Skipping MapperFactoryBean with name 'oldBatchMapper' and 'com.bob.identification.identification.mapper.OldBatchMapper' mapperInterface. Bean already defined with the same name!
2021-01-18 14:23:46.951 [main] WARN  org.mybatis.spring.mapper.ClassPathMapperScanner - Skipping MapperFactoryBean with name 'oldCodeMapper' and 'com.bob.identification.identification.mapper.OldCodeMapper' mapperInterface. Bean already defined with the same name!
2021-01-18 14:23:46.951 [main] WARN  org.mybatis.spring.mapper.ClassPathMapperScanner - Skipping MapperFactoryBean with name 'visitMapper' and 'com.bob.identification.identification.mapper.VisitMapper' mapperInterface. Bean already defined with the same name!
2021-01-18 14:23:46.951 [main] WARN  org.mybatis.spring.mapper.ClassPathMapperScanner - No MyBatis mapper was found in '[com.bob.identification.*.mapper]' package. Please check your configuration.
2021-01-18 14:23:50.052 [main] WARN  c.b.i.security.component.DynamicSecurityFilter - Could not validate configuration attributes as the SecurityMetadataSource did not return any attributes from getAllConfigAttributes()
2021-01-18 14:33:41.352 [slave_1 housekeeper] WARN  com.zaxxer.hikari.pool.HikariPool - slave_1 - Thread starvation or clock leap detected (housekeeper delta=1m22s578ms37µs970ns).
2021-01-18 14:33:41.352 [slave_5 housekeeper] WARN  com.zaxxer.hikari.pool.HikariPool - slave_5 - Thread starvation or clock leap detected (housekeeper delta=1m22s472ms623µs187ns).
2021-01-18 14:33:41.352 [slave_4 housekeeper] WARN  com.zaxxer.hikari.pool.HikariPool - slave_4 - Thread starvation or clock leap detected (housekeeper delta=1m22s499ms800µs66ns).
2021-01-18 14:33:41.352 [master housekeeper] WARN  com.zaxxer.hikari.pool.HikariPool - master - Thread starvation or clock leap detected (housekeeper delta=1m22s602ms123µs458ns).
2021-01-18 14:33:41.352 [slave_2 housekeeper] WARN  com.zaxxer.hikari.pool.HikariPool - slave_2 - Thread starvation or clock leap detected (housekeeper delta=1m22s555ms36µs778ns).
2021-01-18 14:33:41.352 [slave_3 housekeeper] WARN  com.zaxxer.hikari.pool.HikariPool - slave_3 - Thread starvation or clock leap detected (housekeeper delta=1m22s527ms664µs901ns).
2021-01-18 14:34:30.431 [slave_5 housekeeper] WARN  com.zaxxer.hikari.pool.HikariPool - slave_5 - Thread starvation or clock leap detected (housekeeper delta=49s79ms246µs387ns).
2021-01-18 14:34:30.431 [slave_1 housekeeper] WARN  com.zaxxer.hikari.pool.HikariPool - slave_1 - Thread starvation or clock leap detected (housekeeper delta=49s79ms500µs271ns).
2021-01-18 14:34:30.431 [slave_2 housekeeper] WARN  com.zaxxer.hikari.pool.HikariPool - slave_2 - Thread starvation or clock leap detected (housekeeper delta=49s79ms393µs781ns).
2021-01-18 14:34:30.431 [slave_3 housekeeper] WARN  com.zaxxer.hikari.pool.HikariPool - slave_3 - Thread starvation or clock leap detected (housekeeper delta=49s78ms744µs261ns).
2021-01-18 14:34:30.431 [master housekeeper] WARN  com.zaxxer.hikari.pool.HikariPool - master - Thread starvation or clock leap detected (housekeeper delta=49s79ms728µs767ns).
2021-01-18 14:34:30.431 [slave_4 housekeeper] WARN  com.zaxxer.hikari.pool.HikariPool - slave_4 - Thread starvation or clock leap detected (housekeeper delta=49s79ms255µs908ns).
2021-01-18 14:40:37.878 [slave_1 housekeeper] WARN  com.zaxxer.hikari.pool.HikariPool - slave_1 - Thread starvation or clock leap detected (housekeeper delta=3m36s98ms63µs781ns).
2021-01-18 14:40:37.878 [slave_4 housekeeper] WARN  com.zaxxer.hikari.pool.HikariPool - slave_4 - Thread starvation or clock leap detected (housekeeper delta=3m36s98ms155µs109ns).
2021-01-18 14:40:37.878 [slave_2 housekeeper] WARN  com.zaxxer.hikari.pool.HikariPool - slave_2 - Thread starvation or clock leap detected (housekeeper delta=3m36s97ms783µs451ns).
2021-01-18 14:40:37.878 [slave_3 housekeeper] WARN  com.zaxxer.hikari.pool.HikariPool - slave_3 - Thread starvation or clock leap detected (housekeeper delta=3m36s97ms783µs451ns).
2021-01-18 14:40:37.878 [master housekeeper] WARN  com.zaxxer.hikari.pool.HikariPool - master - Thread starvation or clock leap detected (housekeeper delta=3m36s98ms218µs580ns).
2021-01-18 14:40:37.878 [slave_5 housekeeper] WARN  com.zaxxer.hikari.pool.HikariPool - slave_5 - Thread starvation or clock leap detected (housekeeper delta=3m36s98ms19µs352ns).
2021-01-18 14:42:35.075 [main] WARN  org.mybatis.spring.mapper.ClassPathMapperScanner - Skipping MapperFactoryBean with name 'umsAdminMapper' and 'com.bob.identification.authority.mapper.UmsAdminMapper' mapperInterface. Bean already defined with the same name!
2021-01-18 14:42:35.076 [main] WARN  org.mybatis.spring.mapper.ClassPathMapperScanner - Skipping MapperFactoryBean with name 'umsAdminRoleRelationMapper' and 'com.bob.identification.authority.mapper.UmsAdminRoleRelationMapper' mapperInterface. Bean already defined with the same name!
2021-01-18 14:42:35.076 [main] WARN  org.mybatis.spring.mapper.ClassPathMapperScanner - Skipping MapperFactoryBean with name 'umsMemberMapper' and 'com.bob.identification.authority.mapper.UmsMemberMapper' mapperInterface. Bean already defined with the same name!
2021-01-18 14:42:35.076 [main] WARN  org.mybatis.spring.mapper.ClassPathMapperScanner - Skipping MapperFactoryBean with name 'umsMenuMapper' and 'com.bob.identification.authority.mapper.UmsMenuMapper' mapperInterface. Bean already defined with the same name!
2021-01-18 14:42:35.076 [main] WARN  org.mybatis.spring.mapper.ClassPathMapperScanner - Skipping MapperFactoryBean with name 'umsResourceCategoryMapper' and 'com.bob.identification.authority.mapper.UmsResourceCategoryMapper' mapperInterface. Bean already defined with the same name!
2021-01-18 14:42:35.076 [main] WARN  org.mybatis.spring.mapper.ClassPathMapperScanner - Skipping MapperFactoryBean with name 'umsResourceMapper' and 'com.bob.identification.authority.mapper.UmsResourceMapper' mapperInterface. Bean already defined with the same name!
2021-01-18 14:42:35.076 [main] WARN  org.mybatis.spring.mapper.ClassPathMapperScanner - Skipping MapperFactoryBean with name 'umsRoleMapper' and 'com.bob.identification.authority.mapper.UmsRoleMapper' mapperInterface. Bean already defined with the same name!
2021-01-18 14:42:35.076 [main] WARN  org.mybatis.spring.mapper.ClassPathMapperScanner - Skipping MapperFactoryBean with name 'umsRoleMenuRelationMapper' and 'com.bob.identification.authority.mapper.UmsRoleMenuRelationMapper' mapperInterface. Bean already defined with the same name!
2021-01-18 14:42:35.076 [main] WARN  org.mybatis.spring.mapper.ClassPathMapperScanner - Skipping MapperFactoryBean with name 'umsRolePermissionRelationMapper' and 'com.bob.identification.authority.mapper.UmsRolePermissionRelationMapper' mapperInterface. Bean already defined with the same name!
2021-01-18 14:42:35.076 [main] WARN  org.mybatis.spring.mapper.ClassPathMapperScanner - Skipping MapperFactoryBean with name 'umsRoleResourceRelationMapper' and 'com.bob.identification.authority.mapper.UmsRoleResourceRelationMapper' mapperInterface. Bean already defined with the same name!
2021-01-18 14:42:35.076 [main] WARN  org.mybatis.spring.mapper.ClassPathMapperScanner - Skipping MapperFactoryBean with name 'batchMapper' and 'com.bob.identification.identification.mapper.BatchMapper' mapperInterface. Bean already defined with the same name!
2021-01-18 14:42:35.077 [main] WARN  org.mybatis.spring.mapper.ClassPathMapperScanner - Skipping MapperFactoryBean with name 'brandMapper' and 'com.bob.identification.identification.mapper.BrandMapper' mapperInterface. Bean already defined with the same name!
2021-01-18 14:42:35.077 [main] WARN  org.mybatis.spring.mapper.ClassPathMapperScanner - Skipping MapperFactoryBean with name 'codePreMapper' and 'com.bob.identification.identification.mapper.CodePreMapper' mapperInterface. Bean already defined with the same name!
2021-01-18 14:42:35.077 [main] WARN  org.mybatis.spring.mapper.ClassPathMapperScanner - Skipping MapperFactoryBean with name 'configMapper' and 'com.bob.identification.identification.mapper.ConfigMapper' mapperInterface. Bean already defined with the same name!
2021-01-18 14:42:35.077 [main] WARN  org.mybatis.spring.mapper.ClassPathMapperScanner - Skipping MapperFactoryBean with name 'customCodeMapper' and 'com.bob.identification.identification.mapper.CustomCodeMapper' mapperInterface. Bean already defined with the same name!
2021-01-18 14:42:35.077 [main] WARN  org.mybatis.spring.mapper.ClassPathMapperScanner - Skipping MapperFactoryBean with name 'oldBatchMapper' and 'com.bob.identification.identification.mapper.OldBatchMapper' mapperInterface. Bean already defined with the same name!
2021-01-18 14:42:35.077 [main] WARN  org.mybatis.spring.mapper.ClassPathMapperScanner - Skipping MapperFactoryBean with name 'oldCodeMapper' and 'com.bob.identification.identification.mapper.OldCodeMapper' mapperInterface. Bean already defined with the same name!
2021-01-18 14:42:35.077 [main] WARN  org.mybatis.spring.mapper.ClassPathMapperScanner - Skipping MapperFactoryBean with name 'visitMapper' and 'com.bob.identification.identification.mapper.VisitMapper' mapperInterface. Bean already defined with the same name!
2021-01-18 14:42:35.077 [main] WARN  org.mybatis.spring.mapper.ClassPathMapperScanner - No MyBatis mapper was found in '[com.bob.identification.*.mapper]' package. Please check your configuration.
2021-01-18 14:42:35.081 [main] WARN  org.mybatis.spring.mapper.ClassPathMapperScanner - Skipping MapperFactoryBean with name 'umsAdminMapper' and 'com.bob.identification.authority.mapper.UmsAdminMapper' mapperInterface. Bean already defined with the same name!
2021-01-18 14:42:35.081 [main] WARN  org.mybatis.spring.mapper.ClassPathMapperScanner - Skipping MapperFactoryBean with name 'umsAdminRoleRelationMapper' and 'com.bob.identification.authority.mapper.UmsAdminRoleRelationMapper' mapperInterface. Bean already defined with the same name!
2021-01-18 14:42:35.081 [main] WARN  org.mybatis.spring.mapper.ClassPathMapperScanner - Skipping MapperFactoryBean with name 'umsMemberMapper' and 'com.bob.identification.authority.mapper.UmsMemberMapper' mapperInterface. Bean already defined with the same name!
2021-01-18 14:42:35.081 [main] WARN  org.mybatis.spring.mapper.ClassPathMapperScanner - Skipping MapperFactoryBean with name 'umsMenuMapper' and 'com.bob.identification.authority.mapper.UmsMenuMapper' mapperInterface. Bean already defined with the same name!
2021-01-18 14:42:35.082 [main] WARN  org.mybatis.spring.mapper.ClassPathMapperScanner - Skipping MapperFactoryBean with name 'umsResourceCategoryMapper' and 'com.bob.identification.authority.mapper.UmsResourceCategoryMapper' mapperInterface. Bean already defined with the same name!
2021-01-18 14:42:35.082 [main] WARN  org.mybatis.spring.mapper.ClassPathMapperScanner - Skipping MapperFactoryBean with name 'umsResourceMapper' and 'com.bob.identification.authority.mapper.UmsResourceMapper' mapperInterface. Bean already defined with the same name!
2021-01-18 14:42:35.082 [main] WARN  org.mybatis.spring.mapper.ClassPathMapperScanner - Skipping MapperFactoryBean with name 'umsRoleMapper' and 'com.bob.identification.authority.mapper.UmsRoleMapper' mapperInterface. Bean already defined with the same name!
2021-01-18 14:42:35.082 [main] WARN  org.mybatis.spring.mapper.ClassPathMapperScanner - Skipping MapperFactoryBean with name 'umsRoleMenuRelationMapper' and 'com.bob.identification.authority.mapper.UmsRoleMenuRelationMapper' mapperInterface. Bean already defined with the same name!
2021-01-18 14:42:35.082 [main] WARN  org.mybatis.spring.mapper.ClassPathMapperScanner - Skipping MapperFactoryBean with name 'umsRolePermissionRelationMapper' and 'com.bob.identification.authority.mapper.UmsRolePermissionRelationMapper' mapperInterface. Bean already defined with the same name!
2021-01-18 14:42:35.082 [main] WARN  org.mybatis.spring.mapper.ClassPathMapperScanner - Skipping MapperFactoryBean with name 'umsRoleResourceRelationMapper' and 'com.bob.identification.authority.mapper.UmsRoleResourceRelationMapper' mapperInterface. Bean already defined with the same name!
2021-01-18 14:42:35.082 [main] WARN  org.mybatis.spring.mapper.ClassPathMapperScanner - Skipping MapperFactoryBean with name 'batchMapper' and 'com.bob.identification.identification.mapper.BatchMapper' mapperInterface. Bean already defined with the same name!
2021-01-18 14:42:35.082 [main] WARN  org.mybatis.spring.mapper.ClassPathMapperScanner - Skipping MapperFactoryBean with name 'brandMapper' and 'com.bob.identification.identification.mapper.BrandMapper' mapperInterface. Bean already defined with the same name!
2021-01-18 14:42:35.082 [main] WARN  org.mybatis.spring.mapper.ClassPathMapperScanner - Skipping MapperFactoryBean with name 'codePreMapper' and 'com.bob.identification.identification.mapper.CodePreMapper' mapperInterface. Bean already defined with the same name!
2021-01-18 14:42:35.082 [main] WARN  org.mybatis.spring.mapper.ClassPathMapperScanner - Skipping MapperFactoryBean with name 'configMapper' and 'com.bob.identification.identification.mapper.ConfigMapper' mapperInterface. Bean already defined with the same name!
2021-01-18 14:42:35.082 [main] WARN  org.mybatis.spring.mapper.ClassPathMapperScanner - Skipping MapperFactoryBean with name 'customCodeMapper' and 'com.bob.identification.identification.mapper.CustomCodeMapper' mapperInterface. Bean already defined with the same name!
2021-01-18 14:42:35.082 [main] WARN  org.mybatis.spring.mapper.ClassPathMapperScanner - Skipping MapperFactoryBean with name 'oldBatchMapper' and 'com.bob.identification.identification.mapper.OldBatchMapper' mapperInterface. Bean already defined with the same name!
2021-01-18 14:42:35.082 [main] WARN  org.mybatis.spring.mapper.ClassPathMapperScanner - Skipping MapperFactoryBean with name 'oldCodeMapper' and 'com.bob.identification.identification.mapper.OldCodeMapper' mapperInterface. Bean already defined with the same name!
2021-01-18 14:42:35.082 [main] WARN  org.mybatis.spring.mapper.ClassPathMapperScanner - Skipping MapperFactoryBean with name 'visitMapper' and 'com.bob.identification.identification.mapper.VisitMapper' mapperInterface. Bean already defined with the same name!
2021-01-18 14:42:35.083 [main] WARN  org.mybatis.spring.mapper.ClassPathMapperScanner - No MyBatis mapper was found in '[com.bob.identification.*.mapper]' package. Please check your configuration.
2021-01-18 14:42:38.300 [main] WARN  c.b.i.security.component.DynamicSecurityFilter - Could not validate configuration attributes as the SecurityMetadataSource did not return any attributes from getAllConfigAttributes()
