INFO: Sentinel log output type is: file
INFO: Sentinel log charset is: utf-8
INFO: Sentinel log base directory is: C:\Users\Administrator\logs\csp\
INFO: Sentinel log name use pid is: false

  .   ____          _            __ _ _
 /\\ / ___'_ __ _ _(_)_ __  __ _ \ \ \ \
( ( )\___ | '_ | '_| | '_ \/ _` | \ \ \ \
 \\/  ___)| |_)| | | | | || (_| |  ) ) ) )
  '  |____| .__|_| |_|_| |_\__, | / / / /
 =========|_|==============|___/=/_/_/_/
 :: Spring Boot ::        (v2.0.5.RELEASE)

2021-01-25 09:39:23.222  INFO 14804 --- [           main] c.a.c.s.dashboard.DashboardApplication   : Starting DashboardApplication on bob with PID 14804 (F:\my\springboot\identification\sentinel-dashboard-1.8.0.jar started by Administrator in F:\my\springboot\identification)
2021-01-25 09:39:23.225  INFO 14804 --- [           main] c.a.c.s.dashboard.DashboardApplication   : No active profile set, falling back to default profiles: default
2021-01-25 09:39:23.256  INFO 14804 --- [           main] ConfigServletWebServerApplicationContext : Refreshing org.springframework.boot.web.servlet.context.AnnotationConfigServletWebServerApplicationContext@6842775d: startup date [Mon Jan 25 09:39:23 GMT+08:00 2021]; root of context hierarchy
2021-01-25 09:39:24.163  INFO 14804 --- [           main] o.s.b.w.embedded.tomcat.TomcatWebServer  : Tomcat initialized with port(s): 8080 (http)
2021-01-25 09:39:24.187  INFO 14804 --- [           main] o.apache.catalina.core.StandardService   : Starting service [Tomcat]
2021-01-25 09:39:24.187  INFO 14804 --- [           main] org.apache.catalina.core.StandardEngine  : Starting Servlet Engine: Apache Tomcat/8.5.34
2021-01-25 09:39:24.195  INFO 14804 --- [ost-startStop-1] o.a.catalina.core.AprLifecycleListener   : The APR based Apache Tomcat Native library which allows optimal performance in production environments was not found on the java.library.path: [C:\Program Files (x86)\Common Files\Oracle\Java\javapath;C:\windows\Sun\Java\bin;C:\windows\system32;C:\windows;E:\software\Git\mingw64\bin;E:\software\Git\usr\bin;C:\Users\Administrator\bin;C:\Program Files (x86)\Common Files\Oracle\Java\javapath;C:\windows\system32;C:\windows;C:\windows\System32\Wbem;C:\windows\System32\WindowsPowerShell\v1.0;C:\windows\System32\OpenSSH;C:\Program Files (x86)\NVIDIA Corporation\PhysX\Common;C:\Program Files\NVIDIA Corporation\NVIDIA NvDLISR;E:\software\Java\jdk1.8.0_221\bin;E:\software\apache-maven-3.6.3\bin;C:\Program Files\MySQL\MySQL Server 5.7\bin;E:\software\nodejs;E:\software\PuTTY;E:\software\Git\cmd;C:\Program Files\MySQL\MySQL Shell 8.0\bin;C:\Users\Administrator\AppData\Local\Microsoft\WindowsApps;E:\software\VSCode\bin;E:\software\IDEA\bin;E:\software\bandzip;C:\Users\Administrator\AppData\Roaming\npm;.]
2021-01-25 09:39:24.259  INFO 14804 --- [ost-startStop-1] o.a.c.c.C.[Tomcat].[localhost].[/]       : Initializing Spring embedded WebApplicationContext
2021-01-25 09:39:24.259  INFO 14804 --- [ost-startStop-1] o.s.web.context.ContextLoader            : Root WebApplicationContext: initialization completed in 1003 ms
2021-01-25 09:39:24.311  INFO 14804 --- [ost-startStop-1] c.a.c.s.dashboard.config.WebConfig       : Sentinel servlet CommonFilter registered
2021-01-25 09:39:24.364  INFO 14804 --- [ost-startStop-1] o.s.b.w.servlet.FilterRegistrationBean   : Mapping filter: 'characterEncodingFilter' to: [/*]
2021-01-25 09:39:24.365  INFO 14804 --- [ost-startStop-1] o.s.b.w.servlet.FilterRegistrationBean   : Mapping filter: 'hiddenHttpMethodFilter' to: [/*]
2021-01-25 09:39:24.365  INFO 14804 --- [ost-startStop-1] o.s.b.w.servlet.FilterRegistrationBean   : Mapping filter: 'httpPutFormContentFilter' to: [/*]
2021-01-25 09:39:24.365  INFO 14804 --- [ost-startStop-1] o.s.b.w.servlet.FilterRegistrationBean   : Mapping filter: 'requestContextFilter' to: [/*]
2021-01-25 09:39:24.365  INFO 14804 --- [ost-startStop-1] o.s.b.w.servlet.FilterRegistrationBean   : Mapping filter: 'authenticationFilter' to urls: [/*]
2021-01-25 09:39:24.365  INFO 14804 --- [ost-startStop-1] o.s.b.w.servlet.FilterRegistrationBean   : Mapping filter: 'sentinelFilter' to urls: [/*]
2021-01-25 09:39:24.365  INFO 14804 --- [ost-startStop-1] o.s.b.w.servlet.ServletRegistrationBean  : Servlet dispatcherServlet mapped to [/]
2021-01-25 09:39:24.797  INFO 14804 --- [           main] o.s.w.s.handler.SimpleUrlHandlerMapping  : Mapped URL path [/**/favicon.ico] onto handler of type [class org.springframework.web.servlet.resource.ResourceHttpRequestHandler]
2021-01-25 09:39:24.909  INFO 14804 --- [           main] s.w.s.m.m.a.RequestMappingHandlerAdapter : Looking for @ControllerAdvice: org.springframework.boot.web.servlet.context.AnnotationConfigServletWebServerApplicationContext@6842775d: startup date [Mon Jan 25 09:39:23 GMT+08:00 2021]; root of context hierarchy
2021-01-25 09:39:24.960  INFO 14804 --- [           main] s.w.s.m.m.a.RequestMappingHandlerMapping : Mapped "{[/v2/flow/rule],methods=[POST]}" onto public com.alibaba.csp.sentinel.dashboard.domain.Result<com.alibaba.csp.sentinel.dashboard.datasource.entity.rule.FlowRuleEntity> com.alibaba.csp.sentinel.dashboard.controller.v2.FlowControllerV2.apiAddFlowRule(com.alibaba.csp.sentinel.dashboard.datasource.entity.rule.FlowRuleEntity)
2021-01-25 09:39:24.961  INFO 14804 --- [           main] s.w.s.m.m.a.RequestMappingHandlerMapping : Mapped "{[/v2/flow/rule/{id}],methods=[DELETE]}" onto public com.alibaba.csp.sentinel.dashboard.domain.Result<java.lang.Long> com.alibaba.csp.sentinel.dashboard.controller.v2.FlowControllerV2.apiDeleteRule(java.lang.Long)
2021-01-25 09:39:24.962  INFO 14804 --- [           main] s.w.s.m.m.a.RequestMappingHandlerMapping : Mapped "{[/v2/flow/rule/{id}],methods=[PUT]}" onto public com.alibaba.csp.sentinel.dashboard.domain.Result<com.alibaba.csp.sentinel.dashboard.datasource.entity.rule.FlowRuleEntity> com.alibaba.csp.sentinel.dashboard.controller.v2.FlowControllerV2.apiUpdateFlowRule(java.lang.Long,com.alibaba.csp.sentinel.dashboard.datasource.entity.rule.FlowRuleEntity)
2021-01-25 09:39:24.962  INFO 14804 --- [           main] s.w.s.m.m.a.RequestMappingHandlerMapping : Mapped "{[/v2/flow/rules],methods=[GET]}" onto public com.alibaba.csp.sentinel.dashboard.domain.Result<java.util.List<com.alibaba.csp.sentinel.dashboard.datasource.entity.rule.FlowRuleEntity>> com.alibaba.csp.sentinel.dashboard.controller.v2.FlowControllerV2.apiQueryMachineRules(java.lang.String)
2021-01-25 09:39:24.963  INFO 14804 --- [           main] s.w.s.m.m.a.RequestMappingHandlerMapping : Mapped "{[/auth/check],methods=[POST]}" onto public com.alibaba.csp.sentinel.dashboard.domain.Result<?> com.alibaba.csp.sentinel.dashboard.controller.AuthController.check(javax.servlet.http.HttpServletRequest)
2021-01-25 09:39:24.963  INFO 14804 --- [           main] s.w.s.m.m.a.RequestMappingHandlerMapping : Mapped "{[/auth/logout],methods=[POST]}" onto public com.alibaba.csp.sentinel.dashboard.domain.Result<?> com.alibaba.csp.sentinel.dashboard.controller.AuthController.logout(javax.servlet.http.HttpServletRequest)
2021-01-25 09:39:24.964  INFO 14804 --- [           main] s.w.s.m.m.a.RequestMappingHandlerMapping : Mapped "{[/auth/login],methods=[POST]}" onto public com.alibaba.csp.sentinel.dashboard.domain.Result<com.alibaba.csp.sentinel.dashboard.auth.AuthService$AuthUser> com.alibaba.csp.sentinel.dashboard.controller.AuthController.login(javax.servlet.http.HttpServletRequest,java.lang.String,java.lang.String)
2021-01-25 09:39:24.965  INFO 14804 --- [           main] s.w.s.m.m.a.RequestMappingHandlerMapping : Mapped "{[/app/names.json],methods=[GET]}" onto public com.alibaba.csp.sentinel.dashboard.domain.Result<java.util.List<java.lang.String>> com.alibaba.csp.sentinel.dashboard.controller.AppController.queryApps(javax.servlet.http.HttpServletRequest)
2021-01-25 09:39:24.965  INFO 14804 --- [           main] s.w.s.m.m.a.RequestMappingHandlerMapping : Mapped "{[/app/{app}/machines.json],methods=[GET]}" onto public com.alibaba.csp.sentinel.dashboard.domain.Result<java.util.List<com.alibaba.csp.sentinel.dashboard.domain.vo.MachineInfoVo>> com.alibaba.csp.sentinel.dashboard.controller.AppController.getMachinesByApp(java.lang.String)
2021-01-25 09:39:24.965  INFO 14804 --- [           main] s.w.s.m.m.a.RequestMappingHandlerMapping : Mapped "{[/app/briefinfos.json],methods=[GET]}" onto public com.alibaba.csp.sentinel.dashboard.domain.Result<java.util.List<com.alibaba.csp.sentinel.dashboard.discovery.AppInfo>> com.alibaba.csp.sentinel.dashboard.controller.AppController.queryAppInfos(javax.servlet.http.HttpServletRequest)
2021-01-25 09:39:24.965  INFO 14804 --- [           main] s.w.s.m.m.a.RequestMappingHandlerMapping : Mapped "{[/app/{app}/machine/remove.json]}" onto public com.alibaba.csp.sentinel.dashboard.domain.Result<java.lang.String> com.alibaba.csp.sentinel.dashboard.controller.AppController.removeMachineById(java.lang.String,java.lang.String,int)
2021-01-25 09:39:24.967  INFO 14804 --- [           main] s.w.s.m.m.a.RequestMappingHandlerMapping : Mapped "{[/demo/link],produces=[application/json]}" onto public java.lang.String com.alibaba.csp.sentinel.dashboard.controller.DemoController.link() throws com.alibaba.csp.sentinel.slots.block.BlockException
2021-01-25 09:39:24.968  INFO 14804 --- [           main] s.w.s.m.m.a.RequestMappingHandlerMapping : Mapped "{[/demo/loop],produces=[application/json]}" onto public java.lang.String com.alibaba.csp.sentinel.dashboard.controller.DemoController.loop(java.lang.String,int) throws com.alibaba.csp.sentinel.slots.block.BlockException
2021-01-25 09:39:24.968  INFO 14804 --- [           main] s.w.s.m.m.a.RequestMappingHandlerMapping : Mapped "{[/demo/slow],produces=[application/json]}" onto public java.lang.String com.alibaba.csp.sentinel.dashboard.controller.DemoController.slow(java.lang.String,int) throws com.alibaba.csp.sentinel.slots.block.BlockException
2021-01-25 09:39:24.968  INFO 14804 --- [           main] s.w.s.m.m.a.RequestMappingHandlerMapping : Mapped "{[/demo/greeting],produces=[application/json]}" onto public java.lang.String com.alibaba.csp.sentinel.dashboard.controller.DemoController.greeting()
2021-01-25 09:39:24.969  INFO 14804 --- [           main] s.w.s.m.m.a.RequestMappingHandlerMapping : Mapped "{[/gateway/api/save.json],methods=[POST]}" onto public com.alibaba.csp.sentinel.dashboard.domain.Result<com.alibaba.csp.sentinel.dashboard.datasource.entity.gateway.ApiDefinitionEntity> com.alibaba.csp.sentinel.dashboard.controller.gateway.GatewayApiController.updateApi(com.alibaba.csp.sentinel.dashboard.domain.vo.gateway.api.UpdateApiReqVo)
2021-01-25 09:39:24.969  INFO 14804 --- [           main] s.w.s.m.m.a.RequestMappingHandlerMapping : Mapped "{[/gateway/api/new.json],methods=[POST]}" onto public com.alibaba.csp.sentinel.dashboard.domain.Result<com.alibaba.csp.sentinel.dashboard.datasource.entity.gateway.ApiDefinitionEntity> com.alibaba.csp.sentinel.dashboard.controller.gateway.GatewayApiController.addApi(javax.servlet.http.HttpServletRequest,com.alibaba.csp.sentinel.dashboard.domain.vo.gateway.api.AddApiReqVo)
2021-01-25 09:39:24.970  INFO 14804 --- [           main] s.w.s.m.m.a.RequestMappingHandlerMapping : Mapped "{[/gateway/api/list.json],methods=[GET]}" onto public com.alibaba.csp.sentinel.dashboard.domain.Result<java.util.List<com.alibaba.csp.sentinel.dashboard.datasource.entity.gateway.ApiDefinitionEntity>> com.alibaba.csp.sentinel.dashboard.controller.gateway.GatewayApiController.queryApis(java.lang.String,java.lang.String,java.lang.Integer)
2021-01-25 09:39:24.970  INFO 14804 --- [           main] s.w.s.m.m.a.RequestMappingHandlerMapping : Mapped "{[/gateway/api/delete.json],methods=[POST]}" onto public com.alibaba.csp.sentinel.dashboard.domain.Result<java.lang.Long> com.alibaba.csp.sentinel.dashboard.controller.gateway.GatewayApiController.deleteApi(java.lang.Long)
2021-01-25 09:39:24.970  INFO 14804 --- [           main] s.w.s.m.m.a.RequestMappingHandlerMapping : Mapped "{[/resource/machineResource.json],methods=[GET]}" onto public com.alibaba.csp.sentinel.dashboard.domain.Result<java.util.List<com.alibaba.csp.sentinel.dashboard.domain.vo.ResourceVo>> com.alibaba.csp.sentinel.dashboard.controller.ResourceController.fetchResourceChainListOfMachine(java.lang.String,java.lang.Integer,java.lang.String,java.lang.String)
2021-01-25 09:39:24.971  INFO 14804 --- [           main] s.w.s.m.m.a.RequestMappingHandlerMapping : Mapped "{[/version],methods=[GET]}" onto public com.alibaba.csp.sentinel.dashboard.domain.Result<java.lang.String> com.alibaba.csp.sentinel.dashboard.controller.VersionController.apiGetVersion()
2021-01-25 09:39:24.971  INFO 14804 --- [           main] s.w.s.m.m.a.RequestMappingHandlerMapping : Mapped "{[/v1/flow/rule],methods=[POST]}" onto public com.alibaba.csp.sentinel.dashboard.domain.Result<com.alibaba.csp.sentinel.dashboard.datasource.entity.rule.FlowRuleEntity> com.alibaba.csp.sentinel.dashboard.controller.FlowControllerV1.apiAddFlowRule(com.alibaba.csp.sentinel.dashboard.datasource.entity.rule.FlowRuleEntity)
2021-01-25 09:39:24.972  INFO 14804 --- [           main] s.w.s.m.m.a.RequestMappingHandlerMapping : Mapped "{[/v1/flow/save.json],methods=[PUT]}" onto public com.alibaba.csp.sentinel.dashboard.domain.Result<com.alibaba.csp.sentinel.dashboard.datasource.entity.rule.FlowRuleEntity> com.alibaba.csp.sentinel.dashboard.controller.FlowControllerV1.apiUpdateFlowRule(java.lang.Long,java.lang.String,java.lang.String,java.lang.String,java.lang.Integer,java.lang.Double,java.lang.Integer,java.lang.String,java.lang.Integer,java.lang.Integer,java.lang.Integer)
2021-01-25 09:39:24.972  INFO 14804 --- [           main] s.w.s.m.m.a.RequestMappingHandlerMapping : Mapped "{[/v1/flow/rules],methods=[GET]}" onto public com.alibaba.csp.sentinel.dashboard.domain.Result<java.util.List<com.alibaba.csp.sentinel.dashboard.datasource.entity.rule.FlowRuleEntity>> com.alibaba.csp.sentinel.dashboard.controller.FlowControllerV1.apiQueryMachineRules(java.lang.String,java.lang.String,java.lang.Integer)
2021-01-25 09:39:24.972  INFO 14804 --- [           main] s.w.s.m.m.a.RequestMappingHandlerMapping : Mapped "{[/v1/flow/delete.json],methods=[DELETE]}" onto public com.alibaba.csp.sentinel.dashboard.domain.Result<java.lang.Long> com.alibaba.csp.sentinel.dashboard.controller.FlowControllerV1.apiDeleteFlowRule(java.lang.Long)
2021-01-25 09:39:24.973  INFO 14804 --- [           main] s.w.s.m.m.a.RequestMappingHandlerMapping : Mapped "{[/paramFlow/rule/{id}],methods=[DELETE]}" onto public com.alibaba.csp.sentinel.dashboard.domain.Result<java.lang.Long> com.alibaba.csp.sentinel.dashboard.controller.ParamFlowRuleController.apiDeleteRule(java.lang.Long)
2021-01-25 09:39:24.973  INFO 14804 --- [           main] s.w.s.m.m.a.RequestMappingHandlerMapping : Mapped "{[/paramFlow/rules],methods=[GET]}" onto public com.alibaba.csp.sentinel.dashboard.domain.Result<java.util.List<com.alibaba.csp.sentinel.dashboard.datasource.entity.rule.ParamFlowRuleEntity>> com.alibaba.csp.sentinel.dashboard.controller.ParamFlowRuleController.apiQueryAllRulesForMachine(java.lang.String,java.lang.String,java.lang.Integer)
2021-01-25 09:39:24.973  INFO 14804 --- [           main] s.w.s.m.m.a.RequestMappingHandlerMapping : Mapped "{[/paramFlow/rule/{id}],methods=[PUT]}" onto public com.alibaba.csp.sentinel.dashboard.domain.Result<com.alibaba.csp.sentinel.dashboard.datasource.entity.rule.ParamFlowRuleEntity> com.alibaba.csp.sentinel.dashboard.controller.ParamFlowRuleController.apiUpdateParamFlowRule(java.lang.Long,com.alibaba.csp.sentinel.dashboard.datasource.entity.rule.ParamFlowRuleEntity)
2021-01-25 09:39:24.974  INFO 14804 --- [           main] s.w.s.m.m.a.RequestMappingHandlerMapping : Mapped "{[/paramFlow/rule],methods=[POST]}" onto public com.alibaba.csp.sentinel.dashboard.domain.Result<com.alibaba.csp.sentinel.dashboard.datasource.entity.rule.ParamFlowRuleEntity> com.alibaba.csp.sentinel.dashboard.controller.ParamFlowRuleController.apiAddParamFlowRule(com.alibaba.csp.sentinel.dashboard.datasource.entity.rule.ParamFlowRuleEntity)
2021-01-25 09:39:24.975  INFO 14804 --- [           main] s.w.s.m.m.a.RequestMappingHandlerMapping : Mapped "{[/authority/rule/{id}],methods=[DELETE]}" onto public com.alibaba.csp.sentinel.dashboard.domain.Result<java.lang.Long> com.alibaba.csp.sentinel.dashboard.controller.AuthorityRuleController.apiDeleteRule(java.lang.Long)
2021-01-25 09:39:24.975  INFO 14804 --- [           main] s.w.s.m.m.a.RequestMappingHandlerMapping : Mapped "{[/authority/rule],methods=[POST]}" onto public com.alibaba.csp.sentinel.dashboard.domain.Result<com.alibaba.csp.sentinel.dashboard.datasource.entity.rule.AuthorityRuleEntity> com.alibaba.csp.sentinel.dashboard.controller.AuthorityRuleController.apiAddAuthorityRule(com.alibaba.csp.sentinel.dashboard.datasource.entity.rule.AuthorityRuleEntity)
2021-01-25 09:39:24.975  INFO 14804 --- [           main] s.w.s.m.m.a.RequestMappingHandlerMapping : Mapped "{[/authority/rules],methods=[GET]}" onto public com.alibaba.csp.sentinel.dashboard.domain.Result<java.util.List<com.alibaba.csp.sentinel.dashboard.datasource.entity.rule.AuthorityRuleEntity>> com.alibaba.csp.sentinel.dashboard.controller.AuthorityRuleController.apiQueryAllRulesForMachine(java.lang.String,java.lang.String,java.lang.Integer)
2021-01-25 09:39:24.975  INFO 14804 --- [           main] s.w.s.m.m.a.RequestMappingHandlerMapping : Mapped "{[/authority/rule/{id}],methods=[PUT]}" onto public com.alibaba.csp.sentinel.dashboard.domain.Result<com.alibaba.csp.sentinel.dashboard.datasource.entity.rule.AuthorityRuleEntity> com.alibaba.csp.sentinel.dashboard.controller.AuthorityRuleController.apiUpdateParamFlowRule(java.lang.Long,com.alibaba.csp.sentinel.dashboard.datasource.entity.rule.AuthorityRuleEntity)
2021-01-25 09:39:24.976  INFO 14804 --- [           main] s.w.s.m.m.a.RequestMappingHandlerMapping : Mapped "{[/cluster/assign/single_server/{app}],methods=[POST]}" onto public com.alibaba.csp.sentinel.dashboard.domain.Result<com.alibaba.csp.sentinel.dashboard.domain.cluster.ClusterAppAssignResultVO> com.alibaba.csp.sentinel.dashboard.controller.cluster.ClusterAssignController.apiAssignSingleClusterServersOfApp(java.lang.String,com.alibaba.csp.sentinel.dashboard.domain.cluster.ClusterAppSingleServerAssignRequest)
2021-01-25 09:39:24.976  INFO 14804 --- [           main] s.w.s.m.m.a.RequestMappingHandlerMapping : Mapped "{[/cluster/assign/all_server/{app}],methods=[POST]}" onto public com.alibaba.csp.sentinel.dashboard.domain.Result<com.alibaba.csp.sentinel.dashboard.domain.cluster.ClusterAppAssignResultVO> com.alibaba.csp.sentinel.dashboard.controller.cluster.ClusterAssignController.apiAssignAllClusterServersOfApp(java.lang.String,com.alibaba.csp.sentinel.dashboard.domain.cluster.ClusterAppFullAssignRequest)
2021-01-25 09:39:24.976  INFO 14804 --- [           main] s.w.s.m.m.a.RequestMappingHandlerMapping : Mapped "{[/cluster/assign/unbind_server/{app}],methods=[POST]}" onto public com.alibaba.csp.sentinel.dashboard.domain.Result<com.alibaba.csp.sentinel.dashboard.domain.cluster.ClusterAppAssignResultVO> com.alibaba.csp.sentinel.dashboard.controller.cluster.ClusterAssignController.apiUnbindClusterServersOfApp(java.lang.String,java.util.Set<java.lang.String>)
2021-01-25 09:39:24.977  INFO 14804 --- [           main] s.w.s.m.m.a.RequestMappingHandlerMapping : Mapped "{[/cluster/state_single],methods=[GET]}" onto public com.alibaba.csp.sentinel.dashboard.domain.Result<com.alibaba.csp.sentinel.dashboard.domain.cluster.state.ClusterUniversalStateVO> com.alibaba.csp.sentinel.dashboard.controller.cluster.ClusterConfigController.apiGetClusterState(java.lang.String,java.lang.String,java.lang.Integer)
2021-01-25 09:39:24.978  INFO 14804 --- [           main] s.w.s.m.m.a.RequestMappingHandlerMapping : Mapped "{[/cluster/server_state/{app}],methods=[GET]}" onto public com.alibaba.csp.sentinel.dashboard.domain.Result<java.util.List<com.alibaba.csp.sentinel.dashboard.domain.cluster.state.AppClusterServerStateWrapVO>> com.alibaba.csp.sentinel.dashboard.controller.cluster.ClusterConfigController.apiGetClusterServerStateOfApp(java.lang.String)
2021-01-25 09:39:24.978  INFO 14804 --- [           main] s.w.s.m.m.a.RequestMappingHandlerMapping : Mapped "{[/cluster/client_state/{app}],methods=[GET]}" onto public com.alibaba.csp.sentinel.dashboard.domain.Result<java.util.List<com.alibaba.csp.sentinel.dashboard.domain.cluster.state.AppClusterClientStateWrapVO>> com.alibaba.csp.sentinel.dashboard.controller.cluster.ClusterConfigController.apiGetClusterClientStateOfApp(java.lang.String)
2021-01-25 09:39:24.978  INFO 14804 --- [           main] s.w.s.m.m.a.RequestMappingHandlerMapping : Mapped "{[/cluster/state/{app}],methods=[GET]}" onto public com.alibaba.csp.sentinel.dashboard.domain.Result<java.util.List<com.alibaba.csp.sentinel.dashboard.domain.cluster.state.ClusterUniversalStatePairVO>> com.alibaba.csp.sentinel.dashboard.controller.cluster.ClusterConfigController.apiGetClusterStateOfApp(java.lang.String)
2021-01-25 09:39:24.978  INFO 14804 --- [           main] s.w.s.m.m.a.RequestMappingHandlerMapping : Mapped "{[/cluster/config/modify_single],methods=[POST]}" onto public com.alibaba.csp.sentinel.dashboard.domain.Result<java.lang.Boolean> com.alibaba.csp.sentinel.dashboard.controller.cluster.ClusterConfigController.apiModifyClusterConfig(java.lang.String)
2021-01-25 09:39:24.980  INFO 14804 --- [           main] s.w.s.m.m.a.RequestMappingHandlerMapping : Mapped "{[/gateway/flow/save.json],methods=[POST]}" onto public com.alibaba.csp.sentinel.dashboard.domain.Result<com.alibaba.csp.sentinel.dashboard.datasource.entity.gateway.GatewayFlowRuleEntity> com.alibaba.csp.sentinel.dashboard.controller.gateway.GatewayFlowRuleController.updateFlowRule(com.alibaba.csp.sentinel.dashboard.domain.vo.gateway.rule.UpdateFlowRuleReqVo)
2021-01-25 09:39:24.980  INFO 14804 --- [           main] s.w.s.m.m.a.RequestMappingHandlerMapping : Mapped "{[/gateway/flow/list.json],methods=[GET]}" onto public com.alibaba.csp.sentinel.dashboard.domain.Result<java.util.List<com.alibaba.csp.sentinel.dashboard.datasource.entity.gateway.GatewayFlowRuleEntity>> com.alibaba.csp.sentinel.dashboard.controller.gateway.GatewayFlowRuleController.queryFlowRules(java.lang.String,java.lang.String,java.lang.Integer)
2021-01-25 09:39:24.981  INFO 14804 --- [           main] s.w.s.m.m.a.RequestMappingHandlerMapping : Mapped "{[/gateway/flow/new.json],methods=[POST]}" onto public com.alibaba.csp.sentinel.dashboard.domain.Result<com.alibaba.csp.sentinel.dashboard.datasource.entity.gateway.GatewayFlowRuleEntity> com.alibaba.csp.sentinel.dashboard.controller.gateway.GatewayFlowRuleController.addFlowRule(com.alibaba.csp.sentinel.dashboard.domain.vo.gateway.rule.AddFlowRuleReqVo)
2021-01-25 09:39:24.981  INFO 14804 --- [           main] s.w.s.m.m.a.RequestMappingHandlerMapping : Mapped "{[/gateway/flow/delete.json],methods=[POST]}" onto public com.alibaba.csp.sentinel.dashboard.domain.Result<java.lang.Long> com.alibaba.csp.sentinel.dashboard.controller.gateway.GatewayFlowRuleController.deleteFlowRule(java.lang.Long)
2021-01-25 09:39:24.983  INFO 14804 --- [           main] s.w.s.m.m.a.RequestMappingHandlerMapping : Mapped "{[/system/delete.json]}" onto public com.alibaba.csp.sentinel.dashboard.domain.Result<?> com.alibaba.csp.sentinel.dashboard.controller.SystemController.delete(java.lang.Long)
2021-01-25 09:39:24.983  INFO 14804 --- [           main] s.w.s.m.m.a.RequestMappingHandlerMapping : Mapped "{[/system/new.json]}" onto public com.alibaba.csp.sentinel.dashboard.domain.Result<com.alibaba.csp.sentinel.dashboard.datasource.entity.rule.SystemRuleEntity> com.alibaba.csp.sentinel.dashboard.controller.SystemController.apiAdd(java.lang.String,java.lang.String,java.lang.Integer,java.lang.Double,java.lang.Double,java.lang.Long,java.lang.Long,java.lang.Double)
2021-01-25 09:39:24.983  INFO 14804 --- [           main] s.w.s.m.m.a.RequestMappingHandlerMapping : Mapped "{[/system/save.json],methods=[GET]}" onto public com.alibaba.csp.sentinel.dashboard.domain.Result<com.alibaba.csp.sentinel.dashboard.datasource.entity.rule.SystemRuleEntity> com.alibaba.csp.sentinel.dashboard.controller.SystemController.apiUpdateIfNotNull(java.lang.Long,java.lang.String,java.lang.Double,java.lang.Double,java.lang.Long,java.lang.Long,java.lang.Double)
2021-01-25 09:39:24.984  INFO 14804 --- [           main] s.w.s.m.m.a.RequestMappingHandlerMapping : Mapped "{[/system/rules.json],methods=[GET]}" onto public com.alibaba.csp.sentinel.dashboard.domain.Result<java.util.List<com.alibaba.csp.sentinel.dashboard.datasource.entity.rule.SystemRuleEntity>> com.alibaba.csp.sentinel.dashboard.controller.SystemController.apiQueryMachineRules(java.lang.String,java.lang.String,java.lang.Integer)
2021-01-25 09:39:24.984  INFO 14804 --- [           main] s.w.s.m.m.a.RequestMappingHandlerMapping : Mapped "{[/degrade/rule/{id}],methods=[DELETE]}" onto public com.alibaba.csp.sentinel.dashboard.domain.Result<java.lang.Long> com.alibaba.csp.sentinel.dashboard.controller.DegradeController.delete(java.lang.Long)
2021-01-25 09:39:24.985  INFO 14804 --- [           main] s.w.s.m.m.a.RequestMappingHandlerMapping : Mapped "{[/degrade/rule],methods=[POST]}" onto public com.alibaba.csp.sentinel.dashboard.domain.Result<com.alibaba.csp.sentinel.dashboard.datasource.entity.rule.DegradeRuleEntity> com.alibaba.csp.sentinel.dashboard.controller.DegradeController.apiAddRule(com.alibaba.csp.sentinel.dashboard.datasource.entity.rule.DegradeRuleEntity)
2021-01-25 09:39:24.985  INFO 14804 --- [           main] s.w.s.m.m.a.RequestMappingHandlerMapping : Mapped "{[/degrade/rule/{id}],methods=[PUT]}" onto public com.alibaba.csp.sentinel.dashboard.domain.Result<com.alibaba.csp.sentinel.dashboard.datasource.entity.rule.DegradeRuleEntity> com.alibaba.csp.sentinel.dashboard.controller.DegradeController.apiUpdateRule(java.lang.Long,com.alibaba.csp.sentinel.dashboard.datasource.entity.rule.DegradeRuleEntity)
2021-01-25 09:39:24.985  INFO 14804 --- [           main] s.w.s.m.m.a.RequestMappingHandlerMapping : Mapped "{[/degrade/rules.json],methods=[GET]}" onto public com.alibaba.csp.sentinel.dashboard.domain.Result<java.util.List<com.alibaba.csp.sentinel.dashboard.datasource.entity.rule.DegradeRuleEntity>> com.alibaba.csp.sentinel.dashboard.controller.DegradeController.apiQueryMachineRules(java.lang.String,java.lang.String,java.lang.Integer)
2021-01-25 09:39:24.985  INFO 14804 --- [           main] s.w.s.m.m.a.RequestMappingHandlerMapping : Mapped "{[/registry/machine],produces=[application/json]}" onto public com.alibaba.csp.sentinel.dashboard.domain.Result<?> com.alibaba.csp.sentinel.dashboard.controller.MachineRegistryController.receiveHeartBeat(java.lang.String,java.lang.Integer,java.lang.Long,java.lang.String,java.lang.String,java.lang.String,java.lang.Integer)
2021-01-25 09:39:24.986  INFO 14804 --- [           main] s.w.s.m.m.a.RequestMappingHandlerMapping : Mapped "{[/metric/queryTopResourceMetric.json],produces=[application/json]}" onto public com.alibaba.csp.sentinel.dashboard.domain.Result<?> com.alibaba.csp.sentinel.dashboard.controller.MetricController.queryTopResourceMetric(java.lang.String,java.lang.Integer,java.lang.Integer,java.lang.Boolean,java.lang.Long,java.lang.Long,java.lang.String)
2021-01-25 09:39:24.986  INFO 14804 --- [           main] s.w.s.m.m.a.RequestMappingHandlerMapping : Mapped "{[/metric/queryByAppAndResource.json],produces=[application/json]}" onto public com.alibaba.csp.sentinel.dashboard.domain.Result<?> com.alibaba.csp.sentinel.dashboard.controller.MetricController.queryByAppAndResource(java.lang.String,java.lang.String,java.lang.Long,java.lang.Long)
2021-01-25 09:39:24.987  INFO 14804 --- [           main] s.w.s.m.m.a.RequestMappingHandlerMapping : Mapped "{[/error]}" onto public org.springframework.http.ResponseEntity<java.util.Map<java.lang.String, java.lang.Object>> org.springframework.boot.autoconfigure.web.servlet.error.BasicErrorController.error(javax.servlet.http.HttpServletRequest)
2021-01-25 09:39:24.987  INFO 14804 --- [           main] s.w.s.m.m.a.RequestMappingHandlerMapping : Mapped "{[/error],produces=[text/html]}" onto public org.springframework.web.servlet.ModelAndView org.springframework.boot.autoconfigure.web.servlet.error.BasicErrorController.errorHtml(javax.servlet.http.HttpServletRequest,javax.servlet.http.HttpServletResponse)
2021-01-25 09:39:24.992  INFO 14804 --- [           main] o.s.w.s.handler.SimpleUrlHandlerMapping  : Root mapping to handler of type [class org.springframework.web.servlet.mvc.ParameterizableViewController]
2021-01-25 09:39:25.001  INFO 14804 --- [           main] o.s.w.s.handler.SimpleUrlHandlerMapping  : Mapped URL path [/webjars/**] onto handler of type [class org.springframework.web.servlet.resource.ResourceHttpRequestHandler]
2021-01-25 09:39:25.001  INFO 14804 --- [           main] o.s.w.s.handler.SimpleUrlHandlerMapping  : Mapped URL path [/**] onto handler of type [class org.springframework.web.servlet.resource.ResourceHttpRequestHandler]
2021-01-25 09:39:25.104  INFO 14804 --- [           main] o.s.j.e.a.AnnotationMBeanExporter        : Registering beans for JMX exposure on startup
2021-01-25 09:39:25.116 ERROR 14804 --- [           main] o.apache.catalina.core.StandardService   : Failed to start connector [Connector[HTTP/1.1-8080]]

org.apache.catalina.LifecycleException: Failed to start component [Connector[HTTP/1.1-8080]]
	at org.apache.catalina.util.LifecycleBase.start(LifecycleBase.java:167) ~[tomcat-embed-core-8.5.34.jar!/:8.5.34]
	at org.apache.catalina.core.StandardService.addConnector(StandardService.java:225) ~[tomcat-embed-core-8.5.34.jar!/:8.5.34]
	at org.springframework.boot.web.embedded.tomcat.TomcatWebServer.addPreviouslyRemovedConnectors(TomcatWebServer.java:256) [spring-boot-2.0.5.RELEASE.jar!/:2.0.5.RELEASE]
	at org.springframework.boot.web.embedded.tomcat.TomcatWebServer.start(TomcatWeb2021-01-25 09:40:01.094 ERROR 4156 --- [nio-8080-exec-8] c.a.c.s.d.controller.AuthController      : Login failed: Invalid username or password, username=root
2021-01-25 09:44:52.529 ERROR 4156 --- [pool-3-thread-1] c.a.c.s.dashboard.metric.MetricFetcher   : Failed to fetch metric from <http://192.168.0.48:8721/metric?startTime=1611539083000&endTime=1611539089000&refetch=false> (ConnectionException: Connection refused: no further information)
2021-01-25 09:44:59.543 ERROR 4156 --- [pool-3-thread-1] c.a.c.s.dashboard.metric.MetricFetcher   : Failed to fetch metric from <http://192.168.0.48:8721/metric?startTime=1611539090000&endTime=1611539096000&refetch=false> (ConnectionException: Connection refused: no further information)
2021-01-25 09:45:06.531 ERROR 4156 --- [pool-3-thread-1] c.a.c.s.dashboard.metric.MetricFetcher   : Failed to fetch metric from <http://192.168.0.48:8721/metric?startTime=1611539097000&endTime=1611539103000&refetch=false> (ConnectionException: Connection refused: no further information)
2021-01-25 09:45:13.541 ERROR 4156 --- [pool-3-thread-1] c.a.c.s.dashboard.metric.MetricFetcher   : Failed to fetch metric from <http://192.168.0.48:8721/metric?startTime=1611539104000&endTime=1611539110000&refetch=false> (ConnectionException: Connection refused: no further information)
2021-01-25 09:45:20.531 ERROR 4156 --- [pool-3-thread-1] c.a.c.s.dashboard.metric.MetricFetcher   : Failed to fetch metric from <http://192.168.0.48:8721/metric?startTime=1611539111000&endTime=1611539117000&refetch=false> (ConnectionException: Connection refused: no further information)
2021-01-25 09:45:27.531 ERROR 4156 --- [pool-3-thread-1] c.a.c.s.dashboard.metric.MetricFetcher   : Failed to fetch metric from <http://192.168.0.48:8721/metric?startTime=1611539118000&endTime=1611539124000&refetch=false> (ConnectionException: Connection refused: no further information)
2021-01-25 09:45:34.544 ERROR 4156 --- [pool-3-thread-1] c.a.c.s.dashboard.metric.MetricFetcher   : Failed to fetch metric from <http://192.168.0.48:8721/metric?startTime=1611539125000&endTime=1611539131000&refetch=false> (ConnectionException: Connection refused: no further information)
2021-01-25 09:45:41.530 ERROR 4156 --- [pool-3-thread-1] c.a.c.s.dashboard.metric.MetricFetcher   : Failed to fetch metric from <http://192.168.0.48:8721/metric?startTime=1611539132000&endTime=1611539138000&refetch=false> (ConnectionException: Connection refused: no further information)
2021-01-25 13:42:09.539 ERROR 4156 --- [pool-3-thread-1] c.a.c.s.dashboard.metric.MetricFetcher   : fetch metric http://192.168.0.48:8719/metric?startTime=1611553321000&endTime=1611553327000&refetch=false error

java.net.BindException: Address already in use: no further information
	at sun.nio.ch.SocketChannelImpl.checkConnect(Native Method) ~[na:1.8.0_221]
	at sun.nio.ch.SocketChannelImpl.finishConnect(Unknown Source) ~[na:1.8.0_221]
	at org.apache.http.impl.nio.reactor.DefaultConnectingIOReactor.processEvent(DefaultConnectingIOReactor.java:171) [httpcore-nio-4.4.6.jar!/:4.4.6]
	at org.apache.http.impl.nio.reactor.DefaultConnectingIOReactor.processEvents(DefaultConnectingIOReactor.java:145) [httpcore-nio-4.4.6.jar!/:4.4.6]
	at org.apache.http.impl.nio.reactor.AbstractMultiworkerIOReactor.execute(AbstractMultiworkerIOReactor.java:348) [httpcore-nio-4.4.6.jar!/:4.4.6]
	at org.apache.http.impl.nio.conn.PoolingNHttpClientConnectionManager.execute(PoolingNHttpClientConnectionManager.java:194) [httpasyncclient-4.1.3.jar!/:4.1.3]
	at org.apache.http.impl.nio.client.CloseableHttpAsyncClientBase$1.run(CloseableHttpAsyncClientBase.java:64) [httpasyncclient-4.1.3.jar!/:4.1.3]
	at java.lang.Thread.run(Unknown Source) [na:1.8.0_221]

2021-01-25 13:42:09.541 ERROR 4156 --- [pool-3-thread-1] c.a.c.s.dashboard.metric.MetricFetcher   : fetch metric http://192.168.0.48:8720/metric?startTime=1611553321000&endTime=1611553327000&refetch=false error

java.net.BindException: Address already in use: no further information
	at sun.nio.ch.SocketChannelImpl.checkConnect(Native Method) ~[na:1.8.0_221]
	at sun.nio.ch.SocketChannelImpl.finishConnect(Unknown Source) ~[na:1.8.0_221]
	at org.apache.http.impl.nio.reactor.DefaultConnectingIOReactor.processEvent(DefaultConnectingIOReactor.java:171) [httpcore-nio-4.4.6.jar!/:4.4.6]
	at org.apache.http.impl.nio.reactor.DefaultConnectingIOReactor.processEvents(DefaultConnectingIOReactor.java:145) [httpcore-nio-4.4.6.jar!/:4.4.6]
	at org.apache.http.impl.nio.reactor.AbstractMultiworkerIOReactor.execute(AbstractMultiworkerIOReactor.java:348) [httpcore-nio-4.4.6.jar!/:4.4.6]
	at org.apache.http.impl.nio.conn.PoolingNHttpClientConnectionManager.execute(PoolingNHttpClientConnectionManager.java:194) [httpasyncclient-4.1.3.jar!/:4.1.3]
	at org.apache.http.impl.nio.client.CloseableHttpAsyncClientBase$1.run(CloseableHttpAsyncClientBase.java:64) [httpasyncclient-4.1.3.jar!/:4.1.3]
	at java.lang.Thread.run(Unknown Source) [na:1.8.0_221]

2021-01-25 17:05:44.533 ERROR 4156 --- [pool-3-thread-1] c.a.c.s.dashboard.metric.MetricFetcher   : fetch metric http://192.168.0.48:8719/metric?startTime=1611565536000&endTime=1611565542000&refetch=false error

java.net.BindException: Address already in use: no further information
	at sun.nio.ch.SocketChannelImpl.checkConnect(Native Method) ~[na:1.8.0_221]
	at sun.nio.ch.SocketChannelImpl.finishConnect(Unknown Source) ~[na:1.8.0_221]
	at org.apache.http.impl.nio.reactor.DefaultConnectingIOReactor.processEvent(DefaultConnectingIOReactor.java:171) [httpcore-nio-4.4.6.jar!/:4.4.6]
	at org.apache.http.impl.nio.reactor.DefaultConnectingIOReactor.processEvents(DefaultConnectingIOReactor.java:145) [httpcore-nio-4.4.6.jar!/:4.4.6]
	at org.apache.http.impl.nio.reactor.AbstractMultiworkerIOReactor.execute(AbstractMultiworkerIOReactor.java:348) [httpcore-nio-4.4.6.jar!/:4.4.6]
	at org.apache.http.impl.nio.conn.PoolingNHttpClientConnectionManager.execute(PoolingNHttpClientConnectionManager.java:194) [httpasyncclient-4.1.3.jar!/:4.1.3]
	at org.apache.http.impl.nio.client.CloseableHttpAsyncClientBase$1.run(CloseableHttpAsyncClientBase.java:64) [httpasyncclient-4.1.3.jar!/:4.1.3]
	at java.lang.Thread.run(Unknown Source) [na:1.8.0_221]

2021-01-25 17:05:44.534 ERROR 4156 --- [pool-3-thread-1] c.a.c.s.dashboard.metric.MetricFetcher   : fetch metric http://192.168.0.48:8720/metric?startTime=1611565536000&endTime=1611565542000&refetch=false error

java.net.BindException: Address already in use: no further information
	at sun.nio.ch.SocketChannelImpl.checkConnect(Native Method) ~[na:1.8.0_221]
	at sun.nio.ch.SocketChannelImpl.finishConnect(Unknown Source) ~[na:1.8.0_221]
	at org.apache.http.impl.nio.reactor.DefaultConnectingIOReactor.processEvent(DefaultConnectingIOReactor.java:171) [httpcore-nio-4.4.6.jar!/:4.4.6]
	at org.apache.http.impl.nio.reactor.DefaultConnectingIOReactor.processEvents(DefaultConnectingIOReactor.java:145) [httpcore-nio-4.4.6.jar!/:4.4.6]
	at org.apache.http.impl.nio.reactor.AbstractMultiworkerIOReactor.execute(AbstractMultiworkerIOReactor.java:348) [httpcore-nio-4.4.6.jar!/:4.4.6]
	at org.apache.http.impl.nio.conn.PoolingNHttpClientConnectionManager.execute(PoolingNHttpClientConnectionManager.java:194) [httpasyncclient-4.1.3.jar!/:4.1.3]
	at org.apache.http.impl.nio.client.CloseableHttpAsyncClientBase$1.run(CloseableHttpAsyncClientBase.java:64) [httpasyncclient-4.1.3.jar!/:4.1.3]
	at java.lang.Thread.run(Unknown Source) [na:1.8.0_221]

