2021-02-17 09:42:01.491 [main] WARN  org.mybatis.spring.mapper.ClassPathMapperScanner - Skipping MapperFactoryBean with name 'umsAdminMapper' and 'com.bob.identification.authority.mapper.UmsAdminMapper' mapperInterface. Bean already defined with the same name!
2021-02-17 09:42:01.493 [main] WARN  org.mybatis.spring.mapper.ClassPathMapperScanner - Skipping MapperFactoryBean with name 'umsAdminRoleRelationMapper' and 'com.bob.identification.authority.mapper.UmsAdminRoleRelationMapper' mapperInterface. Bean already defined with the same name!
2021-02-17 09:42:01.493 [main] WARN  org.mybatis.spring.mapper.ClassPathMapperScanner - Skipping MapperFactoryBean with name 'umsMemberMapper' and 'com.bob.identification.authority.mapper.UmsMemberMapper' mapperInterface. Bean already defined with the same name!
2021-02-17 09:42:01.493 [main] WARN  org.mybatis.spring.mapper.ClassPathMapperScanner - Skipping MapperFactoryBean with name 'umsMenuMapper' and 'com.bob.identification.authority.mapper.UmsMenuMapper' mapperInterface. Bean already defined with the same name!
2021-02-17 09:42:01.493 [main] WARN  org.mybatis.spring.mapper.ClassPathMapperScanner - Skipping MapperFactoryBean with name 'umsResourceCategoryMapper' and 'com.bob.identification.authority.mapper.UmsResourceCategoryMapper' mapperInterface. Bean already defined with the same name!
2021-02-17 09:42:01.494 [main] WARN  org.mybatis.spring.mapper.ClassPathMapperScanner - Skipping MapperFactoryBean with name 'umsResourceMapper' and 'com.bob.identification.authority.mapper.UmsResourceMapper' mapperInterface. Bean already defined with the same name!
2021-02-17 09:42:01.494 [main] WARN  org.mybatis.spring.mapper.ClassPathMapperScanner - Skipping MapperFactoryBean with name 'umsRoleMapper' and 'com.bob.identification.authority.mapper.UmsRoleMapper' mapperInterface. Bean already defined with the same name!
2021-02-17 09:42:01.494 [main] WARN  org.mybatis.spring.mapper.ClassPathMapperScanner - Skipping MapperFactoryBean with name 'umsRoleMenuRelationMapper' and 'com.bob.identification.authority.mapper.UmsRoleMenuRelationMapper' mapperInterface. Bean already defined with the same name!
2021-02-17 09:42:01.494 [main] WARN  org.mybatis.spring.mapper.ClassPathMapperScanner - Skipping MapperFactoryBean with name 'umsRolePermissionRelationMapper' and 'com.bob.identification.authority.mapper.UmsRolePermissionRelationMapper' mapperInterface. Bean already defined with the same name!
2021-02-17 09:42:01.494 [main] WARN  org.mybatis.spring.mapper.ClassPathMapperScanner - Skipping MapperFactoryBean with name 'umsRoleResourceRelationMapper' and 'com.bob.identification.authority.mapper.UmsRoleResourceRelationMapper' mapperInterface. Bean already defined with the same name!
2021-02-17 09:42:01.494 [main] WARN  org.mybatis.spring.mapper.ClassPathMapperScanner - Skipping MapperFactoryBean with name 'batchMapper' and 'com.bob.identification.identification.mapper.BatchMapper' mapperInterface. Bean already defined with the same name!
2021-02-17 09:42:01.494 [main] WARN  org.mybatis.spring.mapper.ClassPathMapperScanner - Skipping MapperFactoryBean with name 'brandMapper' and 'com.bob.identification.identification.mapper.BrandMapper' mapperInterface. Bean already defined with the same name!
2021-02-17 09:42:01.494 [main] WARN  org.mybatis.spring.mapper.ClassPathMapperScanner - Skipping MapperFactoryBean with name 'codePreMapper' and 'com.bob.identification.identification.mapper.CodePreMapper' mapperInterface. Bean already defined with the same name!
2021-02-17 09:42:01.494 [main] WARN  org.mybatis.spring.mapper.ClassPathMapperScanner - Skipping MapperFactoryBean with name 'configMapper' and 'com.bob.identification.identification.mapper.ConfigMapper' mapperInterface. Bean already defined with the same name!
2021-02-17 09:42:01.494 [main] WARN  org.mybatis.spring.mapper.ClassPathMapperScanner - Skipping MapperFactoryBean with name 'customCodeMapper' and 'com.bob.identification.identification.mapper.CustomCodeMapper' mapperInterface. Bean already defined with the same name!
2021-02-17 09:42:01.494 [main] WARN  org.mybatis.spring.mapper.ClassPathMapperScanner - Skipping MapperFactoryBean with name 'oldBatchMapper' and 'com.bob.identification.identification.mapper.OldBatchMapper' mapperInterface. Bean already defined with the same name!
2021-02-17 09:42:01.494 [main] WARN  org.mybatis.spring.mapper.ClassPathMapperScanner - Skipping MapperFactoryBean with name 'oldCodeMapper' and 'com.bob.identification.identification.mapper.OldCodeMapper' mapperInterface. Bean already defined with the same name!
2021-02-17 09:42:01.494 [main] WARN  org.mybatis.spring.mapper.ClassPathMapperScanner - Skipping MapperFactoryBean with name 'visitMapper' and 'com.bob.identification.identification.mapper.VisitMapper' mapperInterface. Bean already defined with the same name!
2021-02-17 09:42:01.495 [main] WARN  org.mybatis.spring.mapper.ClassPathMapperScanner - No MyBatis mapper was found in '[com.bob.identification.*.mapper]' package. Please check your configuration.
2021-02-17 09:42:01.498 [main] WARN  org.mybatis.spring.mapper.ClassPathMapperScanner - Skipping MapperFactoryBean with name 'umsAdminMapper' and 'com.bob.identification.authority.mapper.UmsAdminMapper' mapperInterface. Bean already defined with the same name!
2021-02-17 09:42:01.498 [main] WARN  org.mybatis.spring.mapper.ClassPathMapperScanner - Skipping MapperFactoryBean with name 'umsAdminRoleRelationMapper' and 'com.bob.identification.authority.mapper.UmsAdminRoleRelationMapper' mapperInterface. Bean already defined with the same name!
2021-02-17 09:42:01.498 [main] WARN  org.mybatis.spring.mapper.ClassPathMapperScanner - Skipping MapperFactoryBean with name 'umsMemberMapper' and 'com.bob.identification.authority.mapper.UmsMemberMapper' mapperInterface. Bean already defined with the same name!
2021-02-17 09:42:01.499 [main] WARN  org.mybatis.spring.mapper.ClassPathMapperScanner - Skipping MapperFactoryBean with name 'umsMenuMapper' and 'com.bob.identification.authority.mapper.UmsMenuMapper' mapperInterface. Bean already defined with the same name!
2021-02-17 09:42:01.499 [main] WARN  org.mybatis.spring.mapper.ClassPathMapperScanner - Skipping MapperFactoryBean with name 'umsResourceCategoryMapper' and 'com.bob.identification.authority.mapper.UmsResourceCategoryMapper' mapperInterface. Bean already defined with the same name!
2021-02-17 09:42:01.499 [main] WARN  org.mybatis.spring.mapper.ClassPathMapperScanner - Skipping MapperFactoryBean with name 'umsResourceMapper' and 'com.bob.identification.authority.mapper.UmsResourceMapper' mapperInterface. Bean already defined with the same name!
2021-02-17 09:42:01.499 [main] WARN  org.mybatis.spring.mapper.ClassPathMapperScanner - Skipping MapperFactoryBean with name 'umsRoleMapper' and 'com.bob.identification.authority.mapper.UmsRoleMapper' mapperInterface. Bean already defined with the same name!
2021-02-17 09:42:01.499 [main] WARN  org.mybatis.spring.mapper.ClassPathMapperScanner - Skipping MapperFactoryBean with name 'umsRoleMenuRelationMapper' and 'com.bob.identification.authority.mapper.UmsRoleMenuRelationMapper' mapperInterface. Bean already defined with the same name!
2021-02-17 09:42:01.499 [main] WARN  org.mybatis.spring.mapper.ClassPathMapperScanner - Skipping MapperFactoryBean with name 'umsRolePermissionRelationMapper' and 'com.bob.identification.authority.mapper.UmsRolePermissionRelationMapper' mapperInterface. Bean already defined with the same name!
2021-02-17 09:42:01.499 [main] WARN  org.mybatis.spring.mapper.ClassPathMapperScanner - Skipping MapperFactoryBean with name 'umsRoleResourceRelationMapper' and 'com.bob.identification.authority.mapper.UmsRoleResourceRelationMapper' mapperInterface. Bean already defined with the same name!
2021-02-17 09:42:01.499 [main] WARN  org.mybatis.spring.mapper.ClassPathMapperScanner - Skipping MapperFactoryBean with name 'batchMapper' and 'com.bob.identification.identification.mapper.BatchMapper' mapperInterface. Bean already defined with the same name!
2021-02-17 09:42:01.499 [main] WARN  org.mybatis.spring.mapper.ClassPathMapperScanner - Skipping MapperFactoryBean with name 'brandMapper' and 'com.bob.identification.identification.mapper.BrandMapper' mapperInterface. Bean already defined with the same name!
2021-02-17 09:42:01.499 [main] WARN  org.mybatis.spring.mapper.ClassPathMapperScanner - Skipping MapperFactoryBean with name 'codePreMapper' and 'com.bob.identification.identification.mapper.CodePreMapper' mapperInterface. Bean already defined with the same name!
2021-02-17 09:42:01.499 [main] WARN  org.mybatis.spring.mapper.ClassPathMapperScanner - Skipping MapperFactoryBean with name 'configMapper' and 'com.bob.identification.identification.mapper.ConfigMapper' mapperInterface. Bean already defined with the same name!
2021-02-17 09:42:01.499 [main] WARN  org.mybatis.spring.mapper.ClassPathMapperScanner - Skipping MapperFactoryBean with name 'customCodeMapper' and 'com.bob.identification.identification.mapper.CustomCodeMapper' mapperInterface. Bean already defined with the same name!
2021-02-17 09:42:01.499 [main] WARN  org.mybatis.spring.mapper.ClassPathMapperScanner - Skipping MapperFactoryBean with name 'oldBatchMapper' and 'com.bob.identification.identification.mapper.OldBatchMapper' mapperInterface. Bean already defined with the same name!
2021-02-17 09:42:01.499 [main] WARN  org.mybatis.spring.mapper.ClassPathMapperScanner - Skipping MapperFactoryBean with name 'oldCodeMapper' and 'com.bob.identification.identification.mapper.OldCodeMapper' mapperInterface. Bean already defined with the same name!
2021-02-17 09:42:01.499 [main] WARN  org.mybatis.spring.mapper.ClassPathMapperScanner - Skipping MapperFactoryBean with name 'visitMapper' and 'com.bob.identification.identification.mapper.VisitMapper' mapperInterface. Bean already defined with the same name!
2021-02-17 09:42:01.499 [main] WARN  org.mybatis.spring.mapper.ClassPathMapperScanner - No MyBatis mapper was found in '[com.bob.identification.*.mapper]' package. Please check your configuration.
2021-02-17 09:45:39.791 [main] WARN  org.mybatis.spring.mapper.ClassPathMapperScanner - Skipping MapperFactoryBean with name 'umsAdminMapper' and 'com.bob.identification.authority.mapper.UmsAdminMapper' mapperInterface. Bean already defined with the same name!
2021-02-17 09:45:39.791 [main] WARN  org.mybatis.spring.mapper.ClassPathMapperScanner - Skipping MapperFactoryBean with name 'umsAdminRoleRelationMapper' and 'com.bob.identification.authority.mapper.UmsAdminRoleRelationMapper' mapperInterface. Bean already defined with the same name!
2021-02-17 09:45:39.791 [main] WARN  org.mybatis.spring.mapper.ClassPathMapperScanner - Skipping MapperFactoryBean with name 'umsMemberMapper' and 'com.bob.identification.authority.mapper.UmsMemberMapper' mapperInterface. Bean already defined with the same name!
2021-02-17 09:45:39.791 [main] WARN  org.mybatis.spring.mapper.ClassPathMapperScanner - Skipping MapperFactoryBean with name 'umsMenuMapper' and 'com.bob.identification.authority.mapper.UmsMenuMapper' mapperInterface. Bean already defined with the same name!
2021-02-17 09:45:39.791 [main] WARN  org.mybatis.spring.mapper.ClassPathMapperScanner - Skipping MapperFactoryBean with name 'umsResourceCategoryMapper' and 'com.bob.identification.authority.mapper.UmsResourceCategoryMapper' mapperInterface. Bean already defined with the same name!
2021-02-17 09:45:39.792 [main] WARN  org.mybatis.spring.mapper.ClassPathMapperScanner - Skipping MapperFactoryBean with name 'umsResourceMapper' and 'com.bob.identification.authority.mapper.UmsResourceMapper' mapperInterface. Bean already defined with the same name!
2021-02-17 09:45:39.792 [main] WARN  org.mybatis.spring.mapper.ClassPathMapperScanner - Skipping MapperFactoryBean with name 'umsRoleMapper' and 'com.bob.identification.authority.mapper.UmsRoleMapper' mapperInterface. Bean already defined with the same name!
2021-02-17 09:45:39.792 [main] WARN  org.mybatis.spring.mapper.ClassPathMapperScanner - Skipping MapperFactoryBean with name 'umsRoleMenuRelationMapper' and 'com.bob.identification.authority.mapper.UmsRoleMenuRelationMapper' mapperInterface. Bean already defined with the same name!
2021-02-17 09:45:39.792 [main] WARN  org.mybatis.spring.mapper.ClassPathMapperScanner - Skipping MapperFactoryBean with name 'umsRolePermissionRelationMapper' and 'com.bob.identification.authority.mapper.UmsRolePermissionRelationMapper' mapperInterface. Bean already defined with the same name!
2021-02-17 09:45:39.792 [main] WARN  org.mybatis.spring.mapper.ClassPathMapperScanner - Skipping MapperFactoryBean with name 'umsRoleResourceRelationMapper' and 'com.bob.identification.authority.mapper.UmsRoleResourceRelationMapper' mapperInterface. Bean already defined with the same name!
2021-02-17 09:45:39.792 [main] WARN  org.mybatis.spring.mapper.ClassPathMapperScanner - Skipping MapperFactoryBean with name 'batchMapper' and 'com.bob.identification.identification.mapper.BatchMapper' mapperInterface. Bean already defined with the same name!
2021-02-17 09:45:39.792 [main] WARN  org.mybatis.spring.mapper.ClassPathMapperScanner - Skipping MapperFactoryBean with name 'brandMapper' and 'com.bob.identification.identification.mapper.BrandMapper' mapperInterface. Bean already defined with the same name!
2021-02-17 09:45:39.792 [main] WARN  org.mybatis.spring.mapper.ClassPathMapperScanner - Skipping MapperFactoryBean with name 'codePreMapper' and 'com.bob.identification.identification.mapper.CodePreMapper' mapperInterface. Bean already defined with the same name!
2021-02-17 09:45:39.792 [main] WARN  org.mybatis.spring.mapper.ClassPathMapperScanner - Skipping MapperFactoryBean with name 'configMapper' and 'com.bob.identification.identification.mapper.ConfigMapper' mapperInterface. Bean already defined with the same name!
2021-02-17 09:45:39.792 [main] WARN  org.mybatis.spring.mapper.ClassPathMapperScanner - Skipping MapperFactoryBean with name 'customCodeMapper' and 'com.bob.identification.identification.mapper.CustomCodeMapper' mapperInterface. Bean already defined with the same name!
2021-02-17 09:45:39.792 [main] WARN  org.mybatis.spring.mapper.ClassPathMapperScanner - Skipping MapperFactoryBean with name 'oldBatchMapper' and 'com.bob.identification.identification.mapper.OldBatchMapper' mapperInterface. Bean already defined with the same name!
2021-02-17 09:45:39.792 [main] WARN  org.mybatis.spring.mapper.ClassPathMapperScanner - Skipping MapperFactoryBean with name 'oldCodeMapper' and 'com.bob.identification.identification.mapper.OldCodeMapper' mapperInterface. Bean already defined with the same name!
2021-02-17 09:45:39.792 [main] WARN  org.mybatis.spring.mapper.ClassPathMapperScanner - Skipping MapperFactoryBean with name 'visitMapper' and 'com.bob.identification.identification.mapper.VisitMapper' mapperInterface. Bean already defined with the same name!
2021-02-17 09:45:39.793 [main] WARN  org.mybatis.spring.mapper.ClassPathMapperScanner - No MyBatis mapper was found in '[com.bob.identification.*.mapper]' package. Please check your configuration.
2021-02-17 09:45:39.796 [main] WARN  org.mybatis.spring.mapper.ClassPathMapperScanner - Skipping MapperFactoryBean with name 'umsAdminMapper' and 'com.bob.identification.authority.mapper.UmsAdminMapper' mapperInterface. Bean already defined with the same name!
2021-02-17 09:45:39.796 [main] WARN  org.mybatis.spring.mapper.ClassPathMapperScanner - Skipping MapperFactoryBean with name 'umsAdminRoleRelationMapper' and 'com.bob.identification.authority.mapper.UmsAdminRoleRelationMapper' mapperInterface. Bean already defined with the same name!
2021-02-17 09:45:39.796 [main] WARN  org.mybatis.spring.mapper.ClassPathMapperScanner - Skipping MapperFactoryBean with name 'umsMemberMapper' and 'com.bob.identification.authority.mapper.UmsMemberMapper' mapperInterface. Bean already defined with the same name!
2021-02-17 09:45:39.796 [main] WARN  org.mybatis.spring.mapper.ClassPathMapperScanner - Skipping MapperFactoryBean with name 'umsMenuMapper' and 'com.bob.identification.authority.mapper.UmsMenuMapper' mapperInterface. Bean already defined with the same name!
2021-02-17 09:45:39.797 [main] WARN  org.mybatis.spring.mapper.ClassPathMapperScanner - Skipping MapperFactoryBean with name 'umsResourceCategoryMapper' and 'com.bob.identification.authority.mapper.UmsResourceCategoryMapper' mapperInterface. Bean already defined with the same name!
2021-02-17 09:45:39.797 [main] WARN  org.mybatis.spring.mapper.ClassPathMapperScanner - Skipping MapperFactoryBean with name 'umsResourceMapper' and 'com.bob.identification.authority.mapper.UmsResourceMapper' mapperInterface. Bean already defined with the same name!
2021-02-17 09:45:39.797 [main] WARN  org.mybatis.spring.mapper.ClassPathMapperScanner - Skipping MapperFactoryBean with name 'umsRoleMapper' and 'com.bob.identification.authority.mapper.UmsRoleMapper' mapperInterface. Bean already defined with the same name!
2021-02-17 09:45:39.797 [main] WARN  org.mybatis.spring.mapper.ClassPathMapperScanner - Skipping MapperFactoryBean with name 'umsRoleMenuRelationMapper' and 'com.bob.identification.authority.mapper.UmsRoleMenuRelationMapper' mapperInterface. Bean already defined with the same name!
2021-02-17 09:45:39.797 [main] WARN  org.mybatis.spring.mapper.ClassPathMapperScanner - Skipping MapperFactoryBean with name 'umsRolePermissionRelationMapper' and 'com.bob.identification.authority.mapper.UmsRolePermissionRelationMapper' mapperInterface. Bean already defined with the same name!
2021-02-17 09:45:39.797 [main] WARN  org.mybatis.spring.mapper.ClassPathMapperScanner - Skipping MapperFactoryBean with name 'umsRoleResourceRelationMapper' and 'com.bob.identification.authority.mapper.UmsRoleResourceRelationMapper' mapperInterface. Bean already defined with the same name!
2021-02-17 09:45:39.797 [main] WARN  org.mybatis.spring.mapper.ClassPathMapperScanner - Skipping MapperFactoryBean with name 'batchMapper' and 'com.bob.identification.identification.mapper.BatchMapper' mapperInterface. Bean already defined with the same name!
2021-02-17 09:45:39.797 [main] WARN  org.mybatis.spring.mapper.ClassPathMapperScanner - Skipping MapperFactoryBean with name 'brandMapper' and 'com.bob.identification.identification.mapper.BrandMapper' mapperInterface. Bean already defined with the same name!
2021-02-17 09:45:39.797 [main] WARN  org.mybatis.spring.mapper.ClassPathMapperScanner - Skipping MapperFactoryBean with name 'codePreMapper' and 'com.bob.identification.identification.mapper.CodePreMapper' mapperInterface. Bean already defined with the same name!
2021-02-17 09:45:39.797 [main] WARN  org.mybatis.spring.mapper.ClassPathMapperScanner - Skipping MapperFactoryBean with name 'configMapper' and 'com.bob.identification.identification.mapper.ConfigMapper' mapperInterface. Bean already defined with the same name!
2021-02-17 09:45:39.797 [main] WARN  org.mybatis.spring.mapper.ClassPathMapperScanner - Skipping MapperFactoryBean with name 'customCodeMapper' and 'com.bob.identification.identification.mapper.CustomCodeMapper' mapperInterface. Bean already defined with the same name!
2021-02-17 09:45:39.797 [main] WARN  org.mybatis.spring.mapper.ClassPathMapperScanner - Skipping MapperFactoryBean with name 'oldBatchMapper' and 'com.bob.identification.identification.mapper.OldBatchMapper' mapperInterface. Bean already defined with the same name!
2021-02-17 09:45:39.797 [main] WARN  org.mybatis.spring.mapper.ClassPathMapperScanner - Skipping MapperFactoryBean with name 'oldCodeMapper' and 'com.bob.identification.identification.mapper.OldCodeMapper' mapperInterface. Bean already defined with the same name!
2021-02-17 09:45:39.797 [main] WARN  org.mybatis.spring.mapper.ClassPathMapperScanner - Skipping MapperFactoryBean with name 'visitMapper' and 'com.bob.identification.identification.mapper.VisitMapper' mapperInterface. Bean already defined with the same name!
2021-02-17 09:45:39.797 [main] WARN  org.mybatis.spring.mapper.ClassPathMapperScanner - No MyBatis mapper was found in '[com.bob.identification.*.mapper]' package. Please check your configuration.
2021-02-17 09:46:04.618 [http-nio-8085-exec-1] WARN  o.s.w.s.m.support.DefaultHandlerExceptionResolver - Resolved [org.springframework.web.bind.MissingServletRequestParameterException: Required String parameter 'ipAddress' is not present]
2021-02-17 09:47:13.674 [http-nio-8085-exec-2] WARN  o.s.w.s.m.support.DefaultHandlerExceptionResolver - Resolved [org.springframework.web.bind.MissingServletRequestParameterException: Required String parameter 'ipAddress' is not present]
2021-02-17 09:52:06.151 [main] WARN  org.mybatis.spring.mapper.ClassPathMapperScanner - Skipping MapperFactoryBean with name 'umsAdminMapper' and 'com.bob.identification.authority.mapper.UmsAdminMapper' mapperInterface. Bean already defined with the same name!
2021-02-17 09:52:06.151 [main] WARN  org.mybatis.spring.mapper.ClassPathMapperScanner - Skipping MapperFactoryBean with name 'umsAdminRoleRelationMapper' and 'com.bob.identification.authority.mapper.UmsAdminRoleRelationMapper' mapperInterface. Bean already defined with the same name!
2021-02-17 09:52:06.151 [main] WARN  org.mybatis.spring.mapper.ClassPathMapperScanner - Skipping MapperFactoryBean with name 'umsMemberMapper' and 'com.bob.identification.authority.mapper.UmsMemberMapper' mapperInterface. Bean already defined with the same name!
2021-02-17 09:52:06.151 [main] WARN  org.mybatis.spring.mapper.ClassPathMapperScanner - Skipping MapperFactoryBean with name 'umsMenuMapper' and 'com.bob.identification.authority.mapper.UmsMenuMapper' mapperInterface. Bean already defined with the same name!
2021-02-17 09:52:06.152 [main] WARN  org.mybatis.spring.mapper.ClassPathMapperScanner - Skipping MapperFactoryBean with name 'umsResourceCategoryMapper' and 'com.bob.identification.authority.mapper.UmsResourceCategoryMapper' mapperInterface. Bean already defined with the same name!
2021-02-17 09:52:06.152 [main] WARN  org.mybatis.spring.mapper.ClassPathMapperScanner - Skipping MapperFactoryBean with name 'umsResourceMapper' and 'com.bob.identification.authority.mapper.UmsResourceMapper' mapperInterface. Bean already defined with the same name!
2021-02-17 09:52:06.152 [main] WARN  org.mybatis.spring.mapper.ClassPathMapperScanner - Skipping MapperFactoryBean with name 'umsRoleMapper' and 'com.bob.identification.authority.mapper.UmsRoleMapper' mapperInterface. Bean already defined with the same name!
2021-02-17 09:52:06.152 [main] WARN  org.mybatis.spring.mapper.ClassPathMapperScanner - Skipping MapperFactoryBean with name 'umsRoleMenuRelationMapper' and 'com.bob.identification.authority.mapper.UmsRoleMenuRelationMapper' mapperInterface. Bean already defined with the same name!
2021-02-17 09:52:06.152 [main] WARN  org.mybatis.spring.mapper.ClassPathMapperScanner - Skipping MapperFactoryBean with name 'umsRolePermissionRelationMapper' and 'com.bob.identification.authority.mapper.UmsRolePermissionRelationMapper' mapperInterface. Bean already defined with the same name!
2021-02-17 09:52:06.152 [main] WARN  org.mybatis.spring.mapper.ClassPathMapperScanner - Skipping MapperFactoryBean with name 'umsRoleResourceRelationMapper' and 'com.bob.identification.authority.mapper.UmsRoleResourceRelationMapper' mapperInterface. Bean already defined with the same name!
2021-02-17 09:52:06.152 [main] WARN  org.mybatis.spring.mapper.ClassPathMapperScanner - Skipping MapperFactoryBean with name 'batchMapper' and 'com.bob.identification.identification.mapper.BatchMapper' mapperInterface. Bean already defined with the same name!
2021-02-17 09:52:06.152 [main] WARN  org.mybatis.spring.mapper.ClassPathMapperScanner - Skipping MapperFactoryBean with name 'brandMapper' and 'com.bob.identification.identification.mapper.BrandMapper' mapperInterface. Bean already defined with the same name!
2021-02-17 09:52:06.152 [main] WARN  org.mybatis.spring.mapper.ClassPathMapperScanner - Skipping MapperFactoryBean with name 'codePreMapper' and 'com.bob.identification.identification.mapper.CodePreMapper' mapperInterface. Bean already defined with the same name!
2021-02-17 09:52:06.152 [main] WARN  org.mybatis.spring.mapper.ClassPathMapperScanner - Skipping MapperFactoryBean with name 'configMapper' and 'com.bob.identification.identification.mapper.ConfigMapper' mapperInterface. Bean already defined with the same name!
2021-02-17 09:52:06.152 [main] WARN  org.mybatis.spring.mapper.ClassPathMapperScanner - Skipping MapperFactoryBean with name 'customCodeMapper' and 'com.bob.identification.identification.mapper.CustomCodeMapper' mapperInterface. Bean already defined with the same name!
2021-02-17 09:52:06.152 [main] WARN  org.mybatis.spring.mapper.ClassPathMapperScanner - Skipping MapperFactoryBean with name 'oldBatchMapper' and 'com.bob.identification.identification.mapper.OldBatchMapper' mapperInterface. Bean already defined with the same name!
2021-02-17 09:52:06.153 [main] WARN  org.mybatis.spring.mapper.ClassPathMapperScanner - Skipping MapperFactoryBean with name 'oldCodeMapper' and 'com.bob.identification.identification.mapper.OldCodeMapper' mapperInterface. Bean already defined with the same name!
2021-02-17 09:52:06.153 [main] WARN  org.mybatis.spring.mapper.ClassPathMapperScanner - Skipping MapperFactoryBean with name 'visitMapper' and 'com.bob.identification.identification.mapper.VisitMapper' mapperInterface. Bean already defined with the same name!
2021-02-17 09:52:06.153 [main] WARN  org.mybatis.spring.mapper.ClassPathMapperScanner - No MyBatis mapper was found in '[com.bob.identification.*.mapper]' package. Please check your configuration.
2021-02-17 09:52:06.157 [main] WARN  org.mybatis.spring.mapper.ClassPathMapperScanner - Skipping MapperFactoryBean with name 'umsAdminMapper' and 'com.bob.identification.authority.mapper.UmsAdminMapper' mapperInterface. Bean already defined with the same name!
2021-02-17 09:52:06.157 [main] WARN  org.mybatis.spring.mapper.ClassPathMapperScanner - Skipping MapperFactoryBean with name 'umsAdminRoleRelationMapper' and 'com.bob.identification.authority.mapper.UmsAdminRoleRelationMapper' mapperInterface. Bean already defined with the same name!
2021-02-17 09:52:06.157 [main] WARN  org.mybatis.spring.mapper.ClassPathMapperScanner - Skipping MapperFactoryBean with name 'umsMemberMapper' and 'com.bob.identification.authority.mapper.UmsMemberMapper' mapperInterface. Bean already defined with the same name!
2021-02-17 09:52:06.157 [main] WARN  org.mybatis.spring.mapper.ClassPathMapperScanner - Skipping MapperFactoryBean with name 'umsMenuMapper' and 'com.bob.identification.authority.mapper.UmsMenuMapper' mapperInterface. Bean already defined with the same name!
2021-02-17 09:52:06.157 [main] WARN  org.mybatis.spring.mapper.ClassPathMapperScanner - Skipping MapperFactoryBean with name 'umsResourceCategoryMapper' and 'com.bob.identification.authority.mapper.UmsResourceCategoryMapper' mapperInterface. Bean already defined with the same name!
2021-02-17 09:52:06.157 [main] WARN  org.mybatis.spring.mapper.ClassPathMapperScanner - Skipping MapperFactoryBean with name 'umsResourceMapper' and 'com.bob.identification.authority.mapper.UmsResourceMapper' mapperInterface. Bean already defined with the same name!
2021-02-17 09:52:06.157 [main] WARN  org.mybatis.spring.mapper.ClassPathMapperScanner - Skipping MapperFactoryBean with name 'umsRoleMapper' and 'com.bob.identification.authority.mapper.UmsRoleMapper' mapperInterface. Bean already defined with the same name!
2021-02-17 09:52:06.157 [main] WARN  org.mybatis.spring.mapper.ClassPathMapperScanner - Skipping MapperFactoryBean with name 'umsRoleMenuRelationMapper' and 'com.bob.identification.authority.mapper.UmsRoleMenuRelationMapper' mapperInterface. Bean already defined with the same name!
2021-02-17 09:52:06.157 [main] WARN  org.mybatis.spring.mapper.ClassPathMapperScanner - Skipping MapperFactoryBean with name 'umsRolePermissionRelationMapper' and 'com.bob.identification.authority.mapper.UmsRolePermissionRelationMapper' mapperInterface. Bean already defined with the same name!
2021-02-17 09:52:06.158 [main] WARN  org.mybatis.spring.mapper.ClassPathMapperScanner - Skipping MapperFactoryBean with name 'umsRoleResourceRelationMapper' and 'com.bob.identification.authority.mapper.UmsRoleResourceRelationMapper' mapperInterface. Bean already defined with the same name!
2021-02-17 09:52:06.158 [main] WARN  org.mybatis.spring.mapper.ClassPathMapperScanner - Skipping MapperFactoryBean with name 'batchMapper' and 'com.bob.identification.identification.mapper.BatchMapper' mapperInterface. Bean already defined with the same name!
2021-02-17 09:52:06.158 [main] WARN  org.mybatis.spring.mapper.ClassPathMapperScanner - Skipping MapperFactoryBean with name 'brandMapper' and 'com.bob.identification.identification.mapper.BrandMapper' mapperInterface. Bean already defined with the same name!
2021-02-17 09:52:06.158 [main] WARN  org.mybatis.spring.mapper.ClassPathMapperScanner - Skipping MapperFactoryBean with name 'codePreMapper' and 'com.bob.identification.identification.mapper.CodePreMapper' mapperInterface. Bean already defined with the same name!
2021-02-17 09:52:06.158 [main] WARN  org.mybatis.spring.mapper.ClassPathMapperScanner - Skipping MapperFactoryBean with name 'configMapper' and 'com.bob.identification.identification.mapper.ConfigMapper' mapperInterface. Bean already defined with the same name!
2021-02-17 09:52:06.158 [main] WARN  org.mybatis.spring.mapper.ClassPathMapperScanner - Skipping MapperFactoryBean with name 'customCodeMapper' and 'com.bob.identification.identification.mapper.CustomCodeMapper' mapperInterface. Bean already defined with the same name!
2021-02-17 09:52:06.158 [main] WARN  org.mybatis.spring.mapper.ClassPathMapperScanner - Skipping MapperFactoryBean with name 'oldBatchMapper' and 'com.bob.identification.identification.mapper.OldBatchMapper' mapperInterface. Bean already defined with the same name!
2021-02-17 09:52:06.158 [main] WARN  org.mybatis.spring.mapper.ClassPathMapperScanner - Skipping MapperFactoryBean with name 'oldCodeMapper' and 'com.bob.identification.identification.mapper.OldCodeMapper' mapperInterface. Bean already defined with the same name!
2021-02-17 09:52:06.158 [main] WARN  org.mybatis.spring.mapper.ClassPathMapperScanner - Skipping MapperFactoryBean with name 'visitMapper' and 'com.bob.identification.identification.mapper.VisitMapper' mapperInterface. Bean already defined with the same name!
2021-02-17 09:52:06.158 [main] WARN  org.mybatis.spring.mapper.ClassPathMapperScanner - No MyBatis mapper was found in '[com.bob.identification.*.mapper]' package. Please check your configuration.
2021-02-17 10:05:55.959 [main] WARN  org.mybatis.spring.mapper.ClassPathMapperScanner - Skipping MapperFactoryBean with name 'umsAdminMapper' and 'com.bob.identification.authority.mapper.UmsAdminMapper' mapperInterface. Bean already defined with the same name!
2021-02-17 10:05:55.959 [main] WARN  org.mybatis.spring.mapper.ClassPathMapperScanner - Skipping MapperFactoryBean with name 'umsAdminRoleRelationMapper' and 'com.bob.identification.authority.mapper.UmsAdminRoleRelationMapper' mapperInterface. Bean already defined with the same name!
2021-02-17 10:05:55.959 [main] WARN  org.mybatis.spring.mapper.ClassPathMapperScanner - Skipping MapperFactoryBean with name 'umsMemberMapper' and 'com.bob.identification.authority.mapper.UmsMemberMapper' mapperInterface. Bean already defined with the same name!
2021-02-17 10:05:55.959 [main] WARN  org.mybatis.spring.mapper.ClassPathMapperScanner - Skipping MapperFactoryBean with name 'umsMenuMapper' and 'com.bob.identification.authority.mapper.UmsMenuMapper' mapperInterface. Bean already defined with the same name!
2021-02-17 10:05:55.960 [main] WARN  org.mybatis.spring.mapper.ClassPathMapperScanner - Skipping MapperFactoryBean with name 'umsResourceCategoryMapper' and 'com.bob.identification.authority.mapper.UmsResourceCategoryMapper' mapperInterface. Bean already defined with the same name!
2021-02-17 10:05:55.960 [main] WARN  org.mybatis.spring.mapper.ClassPathMapperScanner - Skipping MapperFactoryBean with name 'umsResourceMapper' and 'com.bob.identification.authority.mapper.UmsResourceMapper' mapperInterface. Bean already defined with the same name!
2021-02-17 10:05:55.960 [main] WARN  org.mybatis.spring.mapper.ClassPathMapperScanner - Skipping MapperFactoryBean with name 'umsRoleMapper' and 'com.bob.identification.authority.mapper.UmsRoleMapper' mapperInterface. Bean already defined with the same name!
2021-02-17 10:05:55.960 [main] WARN  org.mybatis.spring.mapper.ClassPathMapperScanner - Skipping MapperFactoryBean with name 'umsRoleMenuRelationMapper' and 'com.bob.identification.authority.mapper.UmsRoleMenuRelationMapper' mapperInterface. Bean already defined with the same name!
2021-02-17 10:05:55.960 [main] WARN  org.mybatis.spring.mapper.ClassPathMapperScanner - Skipping MapperFactoryBean with name 'umsRolePermissionRelationMapper' and 'com.bob.identification.authority.mapper.UmsRolePermissionRelationMapper' mapperInterface. Bean already defined with the same name!
2021-02-17 10:05:55.960 [main] WARN  org.mybatis.spring.mapper.ClassPathMapperScanner - Skipping MapperFactoryBean with name 'umsRoleResourceRelationMapper' and 'com.bob.identification.authority.mapper.UmsRoleResourceRelationMapper' mapperInterface. Bean already defined with the same name!
2021-02-17 10:05:55.960 [main] WARN  org.mybatis.spring.mapper.ClassPathMapperScanner - Skipping MapperFactoryBean with name 'batchMapper' and 'com.bob.identification.identification.mapper.BatchMapper' mapperInterface. Bean already defined with the same name!
2021-02-17 10:05:55.960 [main] WARN  org.mybatis.spring.mapper.ClassPathMapperScanner - Skipping MapperFactoryBean with name 'brandMapper' and 'com.bob.identification.identification.mapper.BrandMapper' mapperInterface. Bean already defined with the same name!
2021-02-17 10:05:55.960 [main] WARN  org.mybatis.spring.mapper.ClassPathMapperScanner - Skipping MapperFactoryBean with name 'codePreMapper' and 'com.bob.identification.identification.mapper.CodePreMapper' mapperInterface. Bean already defined with the same name!
2021-02-17 10:05:55.960 [main] WARN  org.mybatis.spring.mapper.ClassPathMapperScanner - Skipping MapperFactoryBean with name 'configMapper' and 'com.bob.identification.identification.mapper.ConfigMapper' mapperInterface. Bean already defined with the same name!
2021-02-17 10:05:55.960 [main] WARN  org.mybatis.spring.mapper.ClassPathMapperScanner - Skipping MapperFactoryBean with name 'customCodeMapper' and 'com.bob.identification.identification.mapper.CustomCodeMapper' mapperInterface. Bean already defined with the same name!
2021-02-17 10:05:55.960 [main] WARN  org.mybatis.spring.mapper.ClassPathMapperScanner - Skipping MapperFactoryBean with name 'oldBatchMapper' and 'com.bob.identification.identification.mapper.OldBatchMapper' mapperInterface. Bean already defined with the same name!
2021-02-17 10:05:55.960 [main] WARN  org.mybatis.spring.mapper.ClassPathMapperScanner - Skipping MapperFactoryBean with name 'oldCodeMapper' and 'com.bob.identification.identification.mapper.OldCodeMapper' mapperInterface. Bean already defined with the same name!
2021-02-17 10:05:55.960 [main] WARN  org.mybatis.spring.mapper.ClassPathMapperScanner - Skipping MapperFactoryBean with name 'visitMapper' and 'com.bob.identification.identification.mapper.VisitMapper' mapperInterface. Bean already defined with the same name!
2021-02-17 10:05:55.961 [main] WARN  org.mybatis.spring.mapper.ClassPathMapperScanner - No MyBatis mapper was found in '[com.bob.identification.*.mapper]' package. Please check your configuration.
2021-02-17 10:05:55.964 [main] WARN  org.mybatis.spring.mapper.ClassPathMapperScanner - Skipping MapperFactoryBean with name 'umsAdminMapper' and 'com.bob.identification.authority.mapper.UmsAdminMapper' mapperInterface. Bean already defined with the same name!
2021-02-17 10:05:55.964 [main] WARN  org.mybatis.spring.mapper.ClassPathMapperScanner - Skipping MapperFactoryBean with name 'umsAdminRoleRelationMapper' and 'com.bob.identification.authority.mapper.UmsAdminRoleRelationMapper' mapperInterface. Bean already defined with the same name!
2021-02-17 10:05:55.964 [main] WARN  org.mybatis.spring.mapper.ClassPathMapperScanner - Skipping MapperFactoryBean with name 'umsMemberMapper' and 'com.bob.identification.authority.mapper.UmsMemberMapper' mapperInterface. Bean already defined with the same name!
2021-02-17 10:05:55.964 [main] WARN  org.mybatis.spring.mapper.ClassPathMapperScanner - Skipping MapperFactoryBean with name 'umsMenuMapper' and 'com.bob.identification.authority.mapper.UmsMenuMapper' mapperInterface. Bean already defined with the same name!
2021-02-17 10:05:55.964 [main] WARN  org.mybatis.spring.mapper.ClassPathMapperScanner - Skipping MapperFactoryBean with name 'umsResourceCategoryMapper' and 'com.bob.identification.authority.mapper.UmsResourceCategoryMapper' mapperInterface. Bean already defined with the same name!
2021-02-17 10:05:55.965 [main] WARN  org.mybatis.spring.mapper.ClassPathMapperScanner - Skipping MapperFactoryBean with name 'umsResourceMapper' and 'com.bob.identification.authority.mapper.UmsResourceMapper' mapperInterface. Bean already defined with the same name!
2021-02-17 10:05:55.965 [main] WARN  org.mybatis.spring.mapper.ClassPathMapperScanner - Skipping MapperFactoryBean with name 'umsRoleMapper' and 'com.bob.identification.authority.mapper.UmsRoleMapper' mapperInterface. Bean already defined with the same name!
2021-02-17 10:05:55.965 [main] WARN  org.mybatis.spring.mapper.ClassPathMapperScanner - Skipping MapperFactoryBean with name 'umsRoleMenuRelationMapper' and 'com.bob.identification.authority.mapper.UmsRoleMenuRelationMapper' mapperInterface. Bean already defined with the same name!
2021-02-17 10:05:55.965 [main] WARN  org.mybatis.spring.mapper.ClassPathMapperScanner - Skipping MapperFactoryBean with name 'umsRolePermissionRelationMapper' and 'com.bob.identification.authority.mapper.UmsRolePermissionRelationMapper' mapperInterface. Bean already defined with the same name!
2021-02-17 10:05:55.965 [main] WARN  org.mybatis.spring.mapper.ClassPathMapperScanner - Skipping MapperFactoryBean with name 'umsRoleResourceRelationMapper' and 'com.bob.identification.authority.mapper.UmsRoleResourceRelationMapper' mapperInterface. Bean already defined with the same name!
2021-02-17 10:05:55.965 [main] WARN  org.mybatis.spring.mapper.ClassPathMapperScanner - Skipping MapperFactoryBean with name 'batchMapper' and 'com.bob.identification.identification.mapper.BatchMapper' mapperInterface. Bean already defined with the same name!
2021-02-17 10:05:55.965 [main] WARN  org.mybatis.spring.mapper.ClassPathMapperScanner - Skipping MapperFactoryBean with name 'brandMapper' and 'com.bob.identification.identification.mapper.BrandMapper' mapperInterface. Bean already defined with the same name!
2021-02-17 10:05:55.965 [main] WARN  org.mybatis.spring.mapper.ClassPathMapperScanner - Skipping MapperFactoryBean with name 'codePreMapper' and 'com.bob.identification.identification.mapper.CodePreMapper' mapperInterface. Bean already defined with the same name!
2021-02-17 10:05:55.965 [main] WARN  org.mybatis.spring.mapper.ClassPathMapperScanner - Skipping MapperFactoryBean with name 'configMapper' and 'com.bob.identification.identification.mapper.ConfigMapper' mapperInterface. Bean already defined with the same name!
2021-02-17 10:05:55.965 [main] WARN  org.mybatis.spring.mapper.ClassPathMapperScanner - Skipping MapperFactoryBean with name 'customCodeMapper' and 'com.bob.identification.identification.mapper.CustomCodeMapper' mapperInterface. Bean already defined with the same name!
2021-02-17 10:05:55.965 [main] WARN  org.mybatis.spring.mapper.ClassPathMapperScanner - Skipping MapperFactoryBean with name 'oldBatchMapper' and 'com.bob.identification.identification.mapper.OldBatchMapper' mapperInterface. Bean already defined with the same name!
2021-02-17 10:05:55.965 [main] WARN  org.mybatis.spring.mapper.ClassPathMapperScanner - Skipping MapperFactoryBean with name 'oldCodeMapper' and 'com.bob.identification.identification.mapper.OldCodeMapper' mapperInterface. Bean already defined with the same name!
2021-02-17 10:05:55.965 [main] WARN  org.mybatis.spring.mapper.ClassPathMapperScanner - Skipping MapperFactoryBean with name 'visitMapper' and 'com.bob.identification.identification.mapper.VisitMapper' mapperInterface. Bean already defined with the same name!
2021-02-17 10:05:55.965 [main] WARN  org.mybatis.spring.mapper.ClassPathMapperScanner - No MyBatis mapper was found in '[com.bob.identification.*.mapper]' package. Please check your configuration.
2021-02-17 10:09:53.676 [main] WARN  org.mybatis.spring.mapper.ClassPathMapperScanner - Skipping MapperFactoryBean with name 'umsAdminMapper' and 'com.bob.identification.authority.mapper.UmsAdminMapper' mapperInterface. Bean already defined with the same name!
2021-02-17 10:09:53.677 [main] WARN  org.mybatis.spring.mapper.ClassPathMapperScanner - Skipping MapperFactoryBean with name 'umsAdminRoleRelationMapper' and 'com.bob.identification.authority.mapper.UmsAdminRoleRelationMapper' mapperInterface. Bean already defined with the same name!
2021-02-17 10:09:53.677 [main] WARN  org.mybatis.spring.mapper.ClassPathMapperScanner - Skipping MapperFactoryBean with name 'umsMemberMapper' and 'com.bob.identification.authority.mapper.UmsMemberMapper' mapperInterface. Bean already defined with the same name!
2021-02-17 10:09:53.677 [main] WARN  org.mybatis.spring.mapper.ClassPathMapperScanner - Skipping MapperFactoryBean with name 'umsMenuMapper' and 'com.bob.identification.authority.mapper.UmsMenuMapper' mapperInterface. Bean already defined with the same name!
2021-02-17 10:09:53.677 [main] WARN  org.mybatis.spring.mapper.ClassPathMapperScanner - Skipping MapperFactoryBean with name 'umsResourceCategoryMapper' and 'com.bob.identification.authority.mapper.UmsResourceCategoryMapper' mapperInterface. Bean already defined with the same name!
2021-02-17 10:09:53.677 [main] WARN  org.mybatis.spring.mapper.ClassPathMapperScanner - Skipping MapperFactoryBean with name 'umsResourceMapper' and 'com.bob.identification.authority.mapper.UmsResourceMapper' mapperInterface. Bean already defined with the same name!
2021-02-17 10:09:53.677 [main] WARN  org.mybatis.spring.mapper.ClassPathMapperScanner - Skipping MapperFactoryBean with name 'umsRoleMapper' and 'com.bob.identification.authority.mapper.UmsRoleMapper' mapperInterface. Bean already defined with the same name!
2021-02-17 10:09:53.677 [main] WARN  org.mybatis.spring.mapper.ClassPathMapperScanner - Skipping MapperFactoryBean with name 'umsRoleMenuRelationMapper' and 'com.bob.identification.authority.mapper.UmsRoleMenuRelationMapper' mapperInterface. Bean already defined with the same name!
2021-02-17 10:09:53.677 [main] WARN  org.mybatis.spring.mapper.ClassPathMapperScanner - Skipping MapperFactoryBean with name 'umsRolePermissionRelationMapper' and 'com.bob.identification.authority.mapper.UmsRolePermissionRelationMapper' mapperInterface. Bean already defined with the same name!
2021-02-17 10:09:53.677 [main] WARN  org.mybatis.spring.mapper.ClassPathMapperScanner - Skipping MapperFactoryBean with name 'umsRoleResourceRelationMapper' and 'com.bob.identification.authority.mapper.UmsRoleResourceRelationMapper' mapperInterface. Bean already defined with the same name!
2021-02-17 10:09:53.677 [main] WARN  org.mybatis.spring.mapper.ClassPathMapperScanner - Skipping MapperFactoryBean with name 'batchMapper' and 'com.bob.identification.identification.mapper.BatchMapper' mapperInterface. Bean already defined with the same name!
2021-02-17 10:09:53.677 [main] WARN  org.mybatis.spring.mapper.ClassPathMapperScanner - Skipping MapperFactoryBean with name 'brandMapper' and 'com.bob.identification.identification.mapper.BrandMapper' mapperInterface. Bean already defined with the same name!
2021-02-17 10:09:53.678 [main] WARN  org.mybatis.spring.mapper.ClassPathMapperScanner - Skipping MapperFactoryBean with name 'codePreMapper' and 'com.bob.identification.identification.mapper.CodePreMapper' mapperInterface. Bean already defined with the same name!
2021-02-17 10:09:53.678 [main] WARN  org.mybatis.spring.mapper.ClassPathMapperScanner - Skipping MapperFactoryBean with name 'configMapper' and 'com.bob.identification.identification.mapper.ConfigMapper' mapperInterface. Bean already defined with the same name!
2021-02-17 10:09:53.678 [main] WARN  org.mybatis.spring.mapper.ClassPathMapperScanner - Skipping MapperFactoryBean with name 'customCodeMapper' and 'com.bob.identification.identification.mapper.CustomCodeMapper' mapperInterface. Bean already defined with the same name!
2021-02-17 10:09:53.678 [main] WARN  org.mybatis.spring.mapper.ClassPathMapperScanner - Skipping MapperFactoryBean with name 'oldBatchMapper' and 'com.bob.identification.identification.mapper.OldBatchMapper' mapperInterface. Bean already defined with the same name!
2021-02-17 10:09:53.678 [main] WARN  org.mybatis.spring.mapper.ClassPathMapperScanner - Skipping MapperFactoryBean with name 'oldCodeMapper' and 'com.bob.identification.identification.mapper.OldCodeMapper' mapperInterface. Bean already defined with the same name!
2021-02-17 10:09:53.678 [main] WARN  org.mybatis.spring.mapper.ClassPathMapperScanner - Skipping MapperFactoryBean with name 'visitMapper' and 'com.bob.identification.identification.mapper.VisitMapper' mapperInterface. Bean already defined with the same name!
2021-02-17 10:09:53.678 [main] WARN  org.mybatis.spring.mapper.ClassPathMapperScanner - No MyBatis mapper was found in '[com.bob.identification.*.mapper]' package. Please check your configuration.
2021-02-17 10:09:53.682 [main] WARN  org.mybatis.spring.mapper.ClassPathMapperScanner - Skipping MapperFactoryBean with name 'umsAdminMapper' and 'com.bob.identification.authority.mapper.UmsAdminMapper' mapperInterface. Bean already defined with the same name!
2021-02-17 10:09:53.682 [main] WARN  org.mybatis.spring.mapper.ClassPathMapperScanner - Skipping MapperFactoryBean with name 'umsAdminRoleRelationMapper' and 'com.bob.identification.authority.mapper.UmsAdminRoleRelationMapper' mapperInterface. Bean already defined with the same name!
2021-02-17 10:09:53.682 [main] WARN  org.mybatis.spring.mapper.ClassPathMapperScanner - Skipping MapperFactoryBean with name 'umsMemberMapper' and 'com.bob.identification.authority.mapper.UmsMemberMapper' mapperInterface. Bean already defined with the same name!
2021-02-17 10:09:53.682 [main] WARN  org.mybatis.spring.mapper.ClassPathMapperScanner - Skipping MapperFactoryBean with name 'umsMenuMapper' and 'com.bob.identification.authority.mapper.UmsMenuMapper' mapperInterface. Bean already defined with the same name!
2021-02-17 10:09:53.682 [main] WARN  org.mybatis.spring.mapper.ClassPathMapperScanner - Skipping MapperFactoryBean with name 'umsResourceCategoryMapper' and 'com.bob.identification.authority.mapper.UmsResourceCategoryMapper' mapperInterface. Bean already defined with the same name!
2021-02-17 10:09:53.683 [main] WARN  org.mybatis.spring.mapper.ClassPathMapperScanner - Skipping MapperFactoryBean with name 'umsResourceMapper' and 'com.bob.identification.authority.mapper.UmsResourceMapper' mapperInterface. Bean already defined with the same name!
2021-02-17 10:09:53.683 [main] WARN  org.mybatis.spring.mapper.ClassPathMapperScanner - Skipping MapperFactoryBean with name 'umsRoleMapper' and 'com.bob.identification.authority.mapper.UmsRoleMapper' mapperInterface. Bean already defined with the same name!
2021-02-17 10:09:53.683 [main] WARN  org.mybatis.spring.mapper.ClassPathMapperScanner - Skipping MapperFactoryBean with name 'umsRoleMenuRelationMapper' and 'com.bob.identification.authority.mapper.UmsRoleMenuRelationMapper' mapperInterface. Bean already defined with the same name!
2021-02-17 10:09:53.683 [main] WARN  org.mybatis.spring.mapper.ClassPathMapperScanner - Skipping MapperFactoryBean with name 'umsRolePermissionRelationMapper' and 'com.bob.identification.authority.mapper.UmsRolePermissionRelationMapper' mapperInterface. Bean already defined with the same name!
2021-02-17 10:09:53.683 [main] WARN  org.mybatis.spring.mapper.ClassPathMapperScanner - Skipping MapperFactoryBean with name 'umsRoleResourceRelationMapper' and 'com.bob.identification.authority.mapper.UmsRoleResourceRelationMapper' mapperInterface. Bean already defined with the same name!
2021-02-17 10:09:53.683 [main] WARN  org.mybatis.spring.mapper.ClassPathMapperScanner - Skipping MapperFactoryBean with name 'batchMapper' and 'com.bob.identification.identification.mapper.BatchMapper' mapperInterface. Bean already defined with the same name!
2021-02-17 10:09:53.683 [main] WARN  org.mybatis.spring.mapper.ClassPathMapperScanner - Skipping MapperFactoryBean with name 'brandMapper' and 'com.bob.identification.identification.mapper.BrandMapper' mapperInterface. Bean already defined with the same name!
2021-02-17 10:09:53.683 [main] WARN  org.mybatis.spring.mapper.ClassPathMapperScanner - Skipping MapperFactoryBean with name 'codePreMapper' and 'com.bob.identification.identification.mapper.CodePreMapper' mapperInterface. Bean already defined with the same name!
2021-02-17 10:09:53.683 [main] WARN  org.mybatis.spring.mapper.ClassPathMapperScanner - Skipping MapperFactoryBean with name 'configMapper' and 'com.bob.identification.identification.mapper.ConfigMapper' mapperInterface. Bean already defined with the same name!
2021-02-17 10:09:53.683 [main] WARN  org.mybatis.spring.mapper.ClassPathMapperScanner - Skipping MapperFactoryBean with name 'customCodeMapper' and 'com.bob.identification.identification.mapper.CustomCodeMapper' mapperInterface. Bean already defined with the same name!
2021-02-17 10:09:53.683 [main] WARN  org.mybatis.spring.mapper.ClassPathMapperScanner - Skipping MapperFactoryBean with name 'oldBatchMapper' and 'com.bob.identification.identification.mapper.OldBatchMapper' mapperInterface. Bean already defined with the same name!
2021-02-17 10:09:53.683 [main] WARN  org.mybatis.spring.mapper.ClassPathMapperScanner - Skipping MapperFactoryBean with name 'oldCodeMapper' and 'com.bob.identification.identification.mapper.OldCodeMapper' mapperInterface. Bean already defined with the same name!
2021-02-17 10:09:53.683 [main] WARN  org.mybatis.spring.mapper.ClassPathMapperScanner - Skipping MapperFactoryBean with name 'visitMapper' and 'com.bob.identification.identification.mapper.VisitMapper' mapperInterface. Bean already defined with the same name!
2021-02-17 10:09:53.683 [main] WARN  org.mybatis.spring.mapper.ClassPathMapperScanner - No MyBatis mapper was found in '[com.bob.identification.*.mapper]' package. Please check your configuration.
2021-02-17 10:25:10.685 [main] WARN  org.mybatis.spring.mapper.ClassPathMapperScanner - Skipping MapperFactoryBean with name 'umsAdminMapper' and 'com.bob.identification.authority.mapper.UmsAdminMapper' mapperInterface. Bean already defined with the same name!
2021-02-17 10:25:10.686 [main] WARN  org.mybatis.spring.mapper.ClassPathMapperScanner - Skipping MapperFactoryBean with name 'umsAdminRoleRelationMapper' and 'com.bob.identification.authority.mapper.UmsAdminRoleRelationMapper' mapperInterface. Bean already defined with the same name!
2021-02-17 10:25:10.686 [main] WARN  org.mybatis.spring.mapper.ClassPathMapperScanner - Skipping MapperFactoryBean with name 'umsMemberMapper' and 'com.bob.identification.authority.mapper.UmsMemberMapper' mapperInterface. Bean already defined with the same name!
2021-02-17 10:25:10.686 [main] WARN  org.mybatis.spring.mapper.ClassPathMapperScanner - Skipping MapperFactoryBean with name 'umsMenuMapper' and 'com.bob.identification.authority.mapper.UmsMenuMapper' mapperInterface. Bean already defined with the same name!
2021-02-17 10:25:10.686 [main] WARN  org.mybatis.spring.mapper.ClassPathMapperScanner - Skipping MapperFactoryBean with name 'umsResourceCategoryMapper' and 'com.bob.identification.authority.mapper.UmsResourceCategoryMapper' mapperInterface. Bean already defined with the same name!
2021-02-17 10:25:10.686 [main] WARN  org.mybatis.spring.mapper.ClassPathMapperScanner - Skipping MapperFactoryBean with name 'umsResourceMapper' and 'com.bob.identification.authority.mapper.UmsResourceMapper' mapperInterface. Bean already defined with the same name!
2021-02-17 10:25:10.686 [main] WARN  org.mybatis.spring.mapper.ClassPathMapperScanner - Skipping MapperFactoryBean with name 'umsRoleMapper' and 'com.bob.identification.authority.mapper.UmsRoleMapper' mapperInterface. Bean already defined with the same name!
2021-02-17 10:25:10.686 [main] WARN  org.mybatis.spring.mapper.ClassPathMapperScanner - Skipping MapperFactoryBean with name 'umsRoleMenuRelationMapper' and 'com.bob.identification.authority.mapper.UmsRoleMenuRelationMapper' mapperInterface. Bean already defined with the same name!
2021-02-17 10:25:10.686 [main] WARN  org.mybatis.spring.mapper.ClassPathMapperScanner - Skipping MapperFactoryBean with name 'umsRolePermissionRelationMapper' and 'com.bob.identification.authority.mapper.UmsRolePermissionRelationMapper' mapperInterface. Bean already defined with the same name!
2021-02-17 10:25:10.686 [main] WARN  org.mybatis.spring.mapper.ClassPathMapperScanner - Skipping MapperFactoryBean with name 'umsRoleResourceRelationMapper' and 'com.bob.identification.authority.mapper.UmsRoleResourceRelationMapper' mapperInterface. Bean already defined with the same name!
2021-02-17 10:25:10.686 [main] WARN  org.mybatis.spring.mapper.ClassPathMapperScanner - Skipping MapperFactoryBean with name 'batchMapper' and 'com.bob.identification.identification.mapper.BatchMapper' mapperInterface. Bean already defined with the same name!
2021-02-17 10:25:10.686 [main] WARN  org.mybatis.spring.mapper.ClassPathMapperScanner - Skipping MapperFactoryBean with name 'brandMapper' and 'com.bob.identification.identification.mapper.BrandMapper' mapperInterface. Bean already defined with the same name!
2021-02-17 10:25:10.686 [main] WARN  org.mybatis.spring.mapper.ClassPathMapperScanner - Skipping MapperFactoryBean with name 'codePreMapper' and 'com.bob.identification.identification.mapper.CodePreMapper' mapperInterface. Bean already defined with the same name!
2021-02-17 10:25:10.687 [main] WARN  org.mybatis.spring.mapper.ClassPathMapperScanner - Skipping MapperFactoryBean with name 'configMapper' and 'com.bob.identification.identification.mapper.ConfigMapper' mapperInterface. Bean already defined with the same name!
2021-02-17 10:25:10.687 [main] WARN  org.mybatis.spring.mapper.ClassPathMapperScanner - Skipping MapperFactoryBean with name 'customCodeMapper' and 'com.bob.identification.identification.mapper.CustomCodeMapper' mapperInterface. Bean already defined with the same name!
2021-02-17 10:25:10.687 [main] WARN  org.mybatis.spring.mapper.ClassPathMapperScanner - Skipping MapperFactoryBean with name 'oldBatchMapper' and 'com.bob.identification.identification.mapper.OldBatchMapper' mapperInterface. Bean already defined with the same name!
2021-02-17 10:25:10.687 [main] WARN  org.mybatis.spring.mapper.ClassPathMapperScanner - Skipping MapperFactoryBean with name 'oldCodeMapper' and 'com.bob.identification.identification.mapper.OldCodeMapper' mapperInterface. Bean already defined with the same name!
2021-02-17 10:25:10.687 [main] WARN  org.mybatis.spring.mapper.ClassPathMapperScanner - Skipping MapperFactoryBean with name 'visitMapper' and 'com.bob.identification.identification.mapper.VisitMapper' mapperInterface. Bean already defined with the same name!
2021-02-17 10:25:10.687 [main] WARN  org.mybatis.spring.mapper.ClassPathMapperScanner - No MyBatis mapper was found in '[com.bob.identification.*.mapper]' package. Please check your configuration.
2021-02-17 10:25:10.691 [main] WARN  org.mybatis.spring.mapper.ClassPathMapperScanner - Skipping MapperFactoryBean with name 'umsAdminMapper' and 'com.bob.identification.authority.mapper.UmsAdminMapper' mapperInterface. Bean already defined with the same name!
2021-02-17 10:25:10.691 [main] WARN  org.mybatis.spring.mapper.ClassPathMapperScanner - Skipping MapperFactoryBean with name 'umsAdminRoleRelationMapper' and 'com.bob.identification.authority.mapper.UmsAdminRoleRelationMapper' mapperInterface. Bean already defined with the same name!
2021-02-17 10:25:10.691 [main] WARN  org.mybatis.spring.mapper.ClassPathMapperScanner - Skipping MapperFactoryBean with name 'umsMemberMapper' and 'com.bob.identification.authority.mapper.UmsMemberMapper' mapperInterface. Bean already defined with the same name!
2021-02-17 10:25:10.691 [main] WARN  org.mybatis.spring.mapper.ClassPathMapperScanner - Skipping MapperFactoryBean with name 'umsMenuMapper' and 'com.bob.identification.authority.mapper.UmsMenuMapper' mapperInterface. Bean already defined with the same name!
2021-02-17 10:25:10.691 [main] WARN  org.mybatis.spring.mapper.ClassPathMapperScanner - Skipping MapperFactoryBean with name 'umsResourceCategoryMapper' and 'com.bob.identification.authority.mapper.UmsResourceCategoryMapper' mapperInterface. Bean already defined with the same name!
2021-02-17 10:25:10.691 [main] WARN  org.mybatis.spring.mapper.ClassPathMapperScanner - Skipping MapperFactoryBean with name 'umsResourceMapper' and 'com.bob.identification.authority.mapper.UmsResourceMapper' mapperInterface. Bean already defined with the same name!
2021-02-17 10:25:10.691 [main] WARN  org.mybatis.spring.mapper.ClassPathMapperScanner - Skipping MapperFactoryBean with name 'umsRoleMapper' and 'com.bob.identification.authority.mapper.UmsRoleMapper' mapperInterface. Bean already defined with the same name!
2021-02-17 10:25:10.691 [main] WARN  org.mybatis.spring.mapper.ClassPathMapperScanner - Skipping MapperFactoryBean with name 'umsRoleMenuRelationMapper' and 'com.bob.identification.authority.mapper.UmsRoleMenuRelationMapper' mapperInterface. Bean already defined with the same name!
2021-02-17 10:25:10.691 [main] WARN  org.mybatis.spring.mapper.ClassPathMapperScanner - Skipping MapperFactoryBean with name 'umsRolePermissionRelationMapper' and 'com.bob.identification.authority.mapper.UmsRolePermissionRelationMapper' mapperInterface. Bean already defined with the same name!
2021-02-17 10:25:10.691 [main] WARN  org.mybatis.spring.mapper.ClassPathMapperScanner - Skipping MapperFactoryBean with name 'umsRoleResourceRelationMapper' and 'com.bob.identification.authority.mapper.UmsRoleResourceRelationMapper' mapperInterface. Bean already defined with the same name!
2021-02-17 10:25:10.691 [main] WARN  org.mybatis.spring.mapper.ClassPathMapperScanner - Skipping MapperFactoryBean with name 'batchMapper' and 'com.bob.identification.identification.mapper.BatchMapper' mapperInterface. Bean already defined with the same name!
2021-02-17 10:25:10.691 [main] WARN  org.mybatis.spring.mapper.ClassPathMapperScanner - Skipping MapperFactoryBean with name 'brandMapper' and 'com.bob.identification.identification.mapper.BrandMapper' mapperInterface. Bean already defined with the same name!
2021-02-17 10:25:10.691 [main] WARN  org.mybatis.spring.mapper.ClassPathMapperScanner - Skipping MapperFactoryBean with name 'codePreMapper' and 'com.bob.identification.identification.mapper.CodePreMapper' mapperInterface. Bean already defined with the same name!
2021-02-17 10:25:10.691 [main] WARN  org.mybatis.spring.mapper.ClassPathMapperScanner - Skipping MapperFactoryBean with name 'configMapper' and 'com.bob.identification.identification.mapper.ConfigMapper' mapperInterface. Bean already defined with the same name!
2021-02-17 10:25:10.692 [main] WARN  org.mybatis.spring.mapper.ClassPathMapperScanner - Skipping MapperFactoryBean with name 'customCodeMapper' and 'com.bob.identification.identification.mapper.CustomCodeMapper' mapperInterface. Bean already defined with the same name!
2021-02-17 10:25:10.692 [main] WARN  org.mybatis.spring.mapper.ClassPathMapperScanner - Skipping MapperFactoryBean with name 'oldBatchMapper' and 'com.bob.identification.identification.mapper.OldBatchMapper' mapperInterface. Bean already defined with the same name!
2021-02-17 10:25:10.692 [main] WARN  org.mybatis.spring.mapper.ClassPathMapperScanner - Skipping MapperFactoryBean with name 'oldCodeMapper' and 'com.bob.identification.identification.mapper.OldCodeMapper' mapperInterface. Bean already defined with the same name!
2021-02-17 10:25:10.692 [main] WARN  org.mybatis.spring.mapper.ClassPathMapperScanner - Skipping MapperFactoryBean with name 'visitMapper' and 'com.bob.identification.identification.mapper.VisitMapper' mapperInterface. Bean already defined with the same name!
2021-02-17 10:25:10.692 [main] WARN  org.mybatis.spring.mapper.ClassPathMapperScanner - No MyBatis mapper was found in '[com.bob.identification.*.mapper]' package. Please check your configuration.
2021-02-17 10:29:25.974 [main] WARN  org.mybatis.spring.mapper.ClassPathMapperScanner - Skipping MapperFactoryBean with name 'umsAdminMapper' and 'com.bob.identification.authority.mapper.UmsAdminMapper' mapperInterface. Bean already defined with the same name!
2021-02-17 10:29:25.975 [main] WARN  org.mybatis.spring.mapper.ClassPathMapperScanner - Skipping MapperFactoryBean with name 'umsAdminRoleRelationMapper' and 'com.bob.identification.authority.mapper.UmsAdminRoleRelationMapper' mapperInterface. Bean already defined with the same name!
2021-02-17 10:29:25.975 [main] WARN  org.mybatis.spring.mapper.ClassPathMapperScanner - Skipping MapperFactoryBean with name 'umsMemberMapper' and 'com.bob.identification.authority.mapper.UmsMemberMapper' mapperInterface. Bean already defined with the same name!
2021-02-17 10:29:25.975 [main] WARN  org.mybatis.spring.mapper.ClassPathMapperScanner - Skipping MapperFactoryBean with name 'umsMenuMapper' and 'com.bob.identification.authority.mapper.UmsMenuMapper' mapperInterface. Bean already defined with the same name!
2021-02-17 10:29:25.975 [main] WARN  org.mybatis.spring.mapper.ClassPathMapperScanner - Skipping MapperFactoryBean with name 'umsResourceCategoryMapper' and 'com.bob.identification.authority.mapper.UmsResourceCategoryMapper' mapperInterface. Bean already defined with the same name!
2021-02-17 10:29:25.975 [main] WARN  org.mybatis.spring.mapper.ClassPathMapperScanner - Skipping MapperFactoryBean with name 'umsResourceMapper' and 'com.bob.identification.authority.mapper.UmsResourceMapper' mapperInterface. Bean already defined with the same name!
2021-02-17 10:29:25.975 [main] WARN  org.mybatis.spring.mapper.ClassPathMapperScanner - Skipping MapperFactoryBean with name 'umsRoleMapper' and 'com.bob.identification.authority.mapper.UmsRoleMapper' mapperInterface. Bean already defined with the same name!
2021-02-17 10:29:25.975 [main] WARN  org.mybatis.spring.mapper.ClassPathMapperScanner - Skipping MapperFactoryBean with name 'umsRoleMenuRelationMapper' and 'com.bob.identification.authority.mapper.UmsRoleMenuRelationMapper' mapperInterface. Bean already defined with the same name!
2021-02-17 10:29:25.975 [main] WARN  org.mybatis.spring.mapper.ClassPathMapperScanner - Skipping MapperFactoryBean with name 'umsRolePermissionRelationMapper' and 'com.bob.identification.authority.mapper.UmsRolePermissionRelationMapper' mapperInterface. Bean already defined with the same name!
2021-02-17 10:29:25.975 [main] WARN  org.mybatis.spring.mapper.ClassPathMapperScanner - Skipping MapperFactoryBean with name 'umsRoleResourceRelationMapper' and 'com.bob.identification.authority.mapper.UmsRoleResourceRelationMapper' mapperInterface. Bean already defined with the same name!
2021-02-17 10:29:25.975 [main] WARN  org.mybatis.spring.mapper.ClassPathMapperScanner - Skipping MapperFactoryBean with name 'batchMapper' and 'com.bob.identification.identification.mapper.BatchMapper' mapperInterface. Bean already defined with the same name!
2021-02-17 10:29:25.975 [main] WARN  org.mybatis.spring.mapper.ClassPathMapperScanner - Skipping MapperFactoryBean with name 'brandMapper' and 'com.bob.identification.identification.mapper.BrandMapper' mapperInterface. Bean already defined with the same name!
2021-02-17 10:29:25.975 [main] WARN  org.mybatis.spring.mapper.ClassPathMapperScanner - Skipping MapperFactoryBean with name 'codePreMapper' and 'com.bob.identification.identification.mapper.CodePreMapper' mapperInterface. Bean already defined with the same name!
2021-02-17 10:29:25.976 [main] WARN  org.mybatis.spring.mapper.ClassPathMapperScanner - Skipping MapperFactoryBean with name 'configMapper' and 'com.bob.identification.identification.mapper.ConfigMapper' mapperInterface. Bean already defined with the same name!
2021-02-17 10:29:25.976 [main] WARN  org.mybatis.spring.mapper.ClassPathMapperScanner - Skipping MapperFactoryBean with name 'customCodeMapper' and 'com.bob.identification.identification.mapper.CustomCodeMapper' mapperInterface. Bean already defined with the same name!
2021-02-17 10:29:25.976 [main] WARN  org.mybatis.spring.mapper.ClassPathMapperScanner - Skipping MapperFactoryBean with name 'oldBatchMapper' and 'com.bob.identification.identification.mapper.OldBatchMapper' mapperInterface. Bean already defined with the same name!
2021-02-17 10:29:25.976 [main] WARN  org.mybatis.spring.mapper.ClassPathMapperScanner - Skipping MapperFactoryBean with name 'oldCodeMapper' and 'com.bob.identification.identification.mapper.OldCodeMapper' mapperInterface. Bean already defined with the same name!
2021-02-17 10:29:25.976 [main] WARN  org.mybatis.spring.mapper.ClassPathMapperScanner - Skipping MapperFactoryBean with name 'visitMapper' and 'com.bob.identification.identification.mapper.VisitMapper' mapperInterface. Bean already defined with the same name!
2021-02-17 10:29:25.976 [main] WARN  org.mybatis.spring.mapper.ClassPathMapperScanner - No MyBatis mapper was found in '[com.bob.identification.*.mapper]' package. Please check your configuration.
2021-02-17 10:29:25.979 [main] WARN  org.mybatis.spring.mapper.ClassPathMapperScanner - Skipping MapperFactoryBean with name 'umsAdminMapper' and 'com.bob.identification.authority.mapper.UmsAdminMapper' mapperInterface. Bean already defined with the same name!
2021-02-17 10:29:25.980 [main] WARN  org.mybatis.spring.mapper.ClassPathMapperScanner - Skipping MapperFactoryBean with name 'umsAdminRoleRelationMapper' and 'com.bob.identification.authority.mapper.UmsAdminRoleRelationMapper' mapperInterface. Bean already defined with the same name!
2021-02-17 10:29:25.980 [main] WARN  org.mybatis.spring.mapper.ClassPathMapperScanner - Skipping MapperFactoryBean with name 'umsMemberMapper' and 'com.bob.identification.authority.mapper.UmsMemberMapper' mapperInterface. Bean already defined with the same name!
2021-02-17 10:29:25.980 [main] WARN  org.mybatis.spring.mapper.ClassPathMapperScanner - Skipping MapperFactoryBean with name 'umsMenuMapper' and 'com.bob.identification.authority.mapper.UmsMenuMapper' mapperInterface. Bean already defined with the same name!
2021-02-17 10:29:25.980 [main] WARN  org.mybatis.spring.mapper.ClassPathMapperScanner - Skipping MapperFactoryBean with name 'umsResourceCategoryMapper' and 'com.bob.identification.authority.mapper.UmsResourceCategoryMapper' mapperInterface. Bean already defined with the same name!
2021-02-17 10:29:25.980 [main] WARN  org.mybatis.spring.mapper.ClassPathMapperScanner - Skipping MapperFactoryBean with name 'umsResourceMapper' and 'com.bob.identification.authority.mapper.UmsResourceMapper' mapperInterface. Bean already defined with the same name!
2021-02-17 10:29:25.980 [main] WARN  org.mybatis.spring.mapper.ClassPathMapperScanner - Skipping MapperFactoryBean with name 'umsRoleMapper' and 'com.bob.identification.authority.mapper.UmsRoleMapper' mapperInterface. Bean already defined with the same name!
2021-02-17 10:29:25.980 [main] WARN  org.mybatis.spring.mapper.ClassPathMapperScanner - Skipping MapperFactoryBean with name 'umsRoleMenuRelationMapper' and 'com.bob.identification.authority.mapper.UmsRoleMenuRelationMapper' mapperInterface. Bean already defined with the same name!
2021-02-17 10:29:25.980 [main] WARN  org.mybatis.spring.mapper.ClassPathMapperScanner - Skipping MapperFactoryBean with name 'umsRolePermissionRelationMapper' and 'com.bob.identification.authority.mapper.UmsRolePermissionRelationMapper' mapperInterface. Bean already defined with the same name!
2021-02-17 10:29:25.980 [main] WARN  org.mybatis.spring.mapper.ClassPathMapperScanner - Skipping MapperFactoryBean with name 'umsRoleResourceRelationMapper' and 'com.bob.identification.authority.mapper.UmsRoleResourceRelationMapper' mapperInterface. Bean already defined with the same name!
2021-02-17 10:29:25.980 [main] WARN  org.mybatis.spring.mapper.ClassPathMapperScanner - Skipping MapperFactoryBean with name 'batchMapper' and 'com.bob.identification.identification.mapper.BatchMapper' mapperInterface. Bean already defined with the same name!
2021-02-17 10:29:25.980 [main] WARN  org.mybatis.spring.mapper.ClassPathMapperScanner - Skipping MapperFactoryBean with name 'brandMapper' and 'com.bob.identification.identification.mapper.BrandMapper' mapperInterface. Bean already defined with the same name!
2021-02-17 10:29:25.980 [main] WARN  org.mybatis.spring.mapper.ClassPathMapperScanner - Skipping MapperFactoryBean with name 'codePreMapper' and 'com.bob.identification.identification.mapper.CodePreMapper' mapperInterface. Bean already defined with the same name!
2021-02-17 10:29:25.980 [main] WARN  org.mybatis.spring.mapper.ClassPathMapperScanner - Skipping MapperFactoryBean with name 'configMapper' and 'com.bob.identification.identification.mapper.ConfigMapper' mapperInterface. Bean already defined with the same name!
2021-02-17 10:29:25.980 [main] WARN  org.mybatis.spring.mapper.ClassPathMapperScanner - Skipping MapperFactoryBean with name 'customCodeMapper' and 'com.bob.identification.identification.mapper.CustomCodeMapper' mapperInterface. Bean already defined with the same name!
2021-02-17 10:29:25.980 [main] WARN  org.mybatis.spring.mapper.ClassPathMapperScanner - Skipping MapperFactoryBean with name 'oldBatchMapper' and 'com.bob.identification.identification.mapper.OldBatchMapper' mapperInterface. Bean already defined with the same name!
2021-02-17 10:29:25.981 [main] WARN  org.mybatis.spring.mapper.ClassPathMapperScanner - Skipping MapperFactoryBean with name 'oldCodeMapper' and 'com.bob.identification.identification.mapper.OldCodeMapper' mapperInterface. Bean already defined with the same name!
2021-02-17 10:29:25.981 [main] WARN  org.mybatis.spring.mapper.ClassPathMapperScanner - Skipping MapperFactoryBean with name 'visitMapper' and 'com.bob.identification.identification.mapper.VisitMapper' mapperInterface. Bean already defined with the same name!
2021-02-17 10:29:25.981 [main] WARN  org.mybatis.spring.mapper.ClassPathMapperScanner - No MyBatis mapper was found in '[com.bob.identification.*.mapper]' package. Please check your configuration.
2021-02-17 10:48:13.722 [main] WARN  org.mybatis.spring.mapper.ClassPathMapperScanner - Skipping MapperFactoryBean with name 'umsAdminMapper' and 'com.bob.identification.authority.mapper.UmsAdminMapper' mapperInterface. Bean already defined with the same name!
2021-02-17 10:48:13.722 [main] WARN  org.mybatis.spring.mapper.ClassPathMapperScanner - Skipping MapperFactoryBean with name 'umsAdminRoleRelationMapper' and 'com.bob.identification.authority.mapper.UmsAdminRoleRelationMapper' mapperInterface. Bean already defined with the same name!
2021-02-17 10:48:13.722 [main] WARN  org.mybatis.spring.mapper.ClassPathMapperScanner - Skipping MapperFactoryBean with name 'umsMemberMapper' and 'com.bob.identification.authority.mapper.UmsMemberMapper' mapperInterface. Bean already defined with the same name!
2021-02-17 10:48:13.722 [main] WARN  org.mybatis.spring.mapper.ClassPathMapperScanner - Skipping MapperFactoryBean with name 'umsMenuMapper' and 'com.bob.identification.authority.mapper.UmsMenuMapper' mapperInterface. Bean already defined with the same name!
2021-02-17 10:48:13.722 [main] WARN  org.mybatis.spring.mapper.ClassPathMapperScanner - Skipping MapperFactoryBean with name 'umsResourceCategoryMapper' and 'com.bob.identification.authority.mapper.UmsResourceCategoryMapper' mapperInterface. Bean already defined with the same name!
2021-02-17 10:48:13.722 [main] WARN  org.mybatis.spring.mapper.ClassPathMapperScanner - Skipping MapperFactoryBean with name 'umsResourceMapper' and 'com.bob.identification.authority.mapper.UmsResourceMapper' mapperInterface. Bean already defined with the same name!
2021-02-17 10:48:13.722 [main] WARN  org.mybatis.spring.mapper.ClassPathMapperScanner - Skipping MapperFactoryBean with name 'umsRoleMapper' and 'com.bob.identification.authority.mapper.UmsRoleMapper' mapperInterface. Bean already defined with the same name!
2021-02-17 10:48:13.723 [main] WARN  org.mybatis.spring.mapper.ClassPathMapperScanner - Skipping MapperFactoryBean with name 'umsRoleMenuRelationMapper' and 'com.bob.identification.authority.mapper.UmsRoleMenuRelationMapper' mapperInterface. Bean already defined with the same name!
2021-02-17 10:48:13.723 [main] WARN  org.mybatis.spring.mapper.ClassPathMapperScanner - Skipping MapperFactoryBean with name 'umsRolePermissionRelationMapper' and 'com.bob.identification.authority.mapper.UmsRolePermissionRelationMapper' mapperInterface. Bean already defined with the same name!
2021-02-17 10:48:13.723 [main] WARN  org.mybatis.spring.mapper.ClassPathMapperScanner - Skipping MapperFactoryBean with name 'umsRoleResourceRelationMapper' and 'com.bob.identification.authority.mapper.UmsRoleResourceRelationMapper' mapperInterface. Bean already defined with the same name!
2021-02-17 10:48:13.723 [main] WARN  org.mybatis.spring.mapper.ClassPathMapperScanner - Skipping MapperFactoryBean with name 'batchMapper' and 'com.bob.identification.identification.mapper.BatchMapper' mapperInterface. Bean already defined with the same name!
2021-02-17 10:48:13.723 [main] WARN  org.mybatis.spring.mapper.ClassPathMapperScanner - Skipping MapperFactoryBean with name 'brandMapper' and 'com.bob.identification.identification.mapper.BrandMapper' mapperInterface. Bean already defined with the same name!
2021-02-17 10:48:13.723 [main] WARN  org.mybatis.spring.mapper.ClassPathMapperScanner - Skipping MapperFactoryBean with name 'codePreMapper' and 'com.bob.identification.identification.mapper.CodePreMapper' mapperInterface. Bean already defined with the same name!
2021-02-17 10:48:13.723 [main] WARN  org.mybatis.spring.mapper.ClassPathMapperScanner - Skipping MapperFactoryBean with name 'configMapper' and 'com.bob.identification.identification.mapper.ConfigMapper' mapperInterface. Bean already defined with the same name!
2021-02-17 10:48:13.723 [main] WARN  org.mybatis.spring.mapper.ClassPathMapperScanner - Skipping MapperFactoryBean with name 'customCodeMapper' and 'com.bob.identification.identification.mapper.CustomCodeMapper' mapperInterface. Bean already defined with the same name!
2021-02-17 10:48:13.723 [main] WARN  org.mybatis.spring.mapper.ClassPathMapperScanner - Skipping MapperFactoryBean with name 'oldBatchMapper' and 'com.bob.identification.identification.mapper.OldBatchMapper' mapperInterface. Bean already defined with the same name!
2021-02-17 10:48:13.723 [main] WARN  org.mybatis.spring.mapper.ClassPathMapperScanner - Skipping MapperFactoryBean with name 'oldCodeMapper' and 'com.bob.identification.identification.mapper.OldCodeMapper' mapperInterface. Bean already defined with the same name!
2021-02-17 10:48:13.723 [main] WARN  org.mybatis.spring.mapper.ClassPathMapperScanner - Skipping MapperFactoryBean with name 'visitMapper' and 'com.bob.identification.identification.mapper.VisitMapper' mapperInterface. Bean already defined with the same name!
2021-02-17 10:48:13.724 [main] WARN  org.mybatis.spring.mapper.ClassPathMapperScanner - No MyBatis mapper was found in '[com.bob.identification.*.mapper]' package. Please check your configuration.
2021-02-17 10:48:13.727 [main] WARN  org.mybatis.spring.mapper.ClassPathMapperScanner - Skipping MapperFactoryBean with name 'umsAdminMapper' and 'com.bob.identification.authority.mapper.UmsAdminMapper' mapperInterface. Bean already defined with the same name!
2021-02-17 10:48:13.727 [main] WARN  org.mybatis.spring.mapper.ClassPathMapperScanner - Skipping MapperFactoryBean with name 'umsAdminRoleRelationMapper' and 'com.bob.identification.authority.mapper.UmsAdminRoleRelationMapper' mapperInterface. Bean already defined with the same name!
2021-02-17 10:48:13.727 [main] WARN  org.mybatis.spring.mapper.ClassPathMapperScanner - Skipping MapperFactoryBean with name 'umsMemberMapper' and 'com.bob.identification.authority.mapper.UmsMemberMapper' mapperInterface. Bean already defined with the same name!
2021-02-17 10:48:13.727 [main] WARN  org.mybatis.spring.mapper.ClassPathMapperScanner - Skipping MapperFactoryBean with name 'umsMenuMapper' and 'com.bob.identification.authority.mapper.UmsMenuMapper' mapperInterface. Bean already defined with the same name!
2021-02-17 10:48:13.727 [main] WARN  org.mybatis.spring.mapper.ClassPathMapperScanner - Skipping MapperFactoryBean with name 'umsResourceCategoryMapper' and 'com.bob.identification.authority.mapper.UmsResourceCategoryMapper' mapperInterface. Bean already defined with the same name!
2021-02-17 10:48:13.728 [main] WARN  org.mybatis.spring.mapper.ClassPathMapperScanner - Skipping MapperFactoryBean with name 'umsResourceMapper' and 'com.bob.identification.authority.mapper.UmsResourceMapper' mapperInterface. Bean already defined with the same name!
2021-02-17 10:48:13.728 [main] WARN  org.mybatis.spring.mapper.ClassPathMapperScanner - Skipping MapperFactoryBean with name 'umsRoleMapper' and 'com.bob.identification.authority.mapper.UmsRoleMapper' mapperInterface. Bean already defined with the same name!
2021-02-17 10:48:13.728 [main] WARN  org.mybatis.spring.mapper.ClassPathMapperScanner - Skipping MapperFactoryBean with name 'umsRoleMenuRelationMapper' and 'com.bob.identification.authority.mapper.UmsRoleMenuRelationMapper' mapperInterface. Bean already defined with the same name!
2021-02-17 10:48:13.728 [main] WARN  org.mybatis.spring.mapper.ClassPathMapperScanner - Skipping MapperFactoryBean with name 'umsRolePermissionRelationMapper' and 'com.bob.identification.authority.mapper.UmsRolePermissionRelationMapper' mapperInterface. Bean already defined with the same name!
2021-02-17 10:48:13.728 [main] WARN  org.mybatis.spring.mapper.ClassPathMapperScanner - Skipping MapperFactoryBean with name 'umsRoleResourceRelationMapper' and 'com.bob.identification.authority.mapper.UmsRoleResourceRelationMapper' mapperInterface. Bean already defined with the same name!
2021-02-17 10:48:13.728 [main] WARN  org.mybatis.spring.mapper.ClassPathMapperScanner - Skipping MapperFactoryBean with name 'batchMapper' and 'com.bob.identification.identification.mapper.BatchMapper' mapperInterface. Bean already defined with the same name!
2021-02-17 10:48:13.728 [main] WARN  org.mybatis.spring.mapper.ClassPathMapperScanner - Skipping MapperFactoryBean with name 'brandMapper' and 'com.bob.identification.identification.mapper.BrandMapper' mapperInterface. Bean already defined with the same name!
2021-02-17 10:48:13.728 [main] WARN  org.mybatis.spring.mapper.ClassPathMapperScanner - Skipping MapperFactoryBean with name 'codePreMapper' and 'com.bob.identification.identification.mapper.CodePreMapper' mapperInterface. Bean already defined with the same name!
2021-02-17 10:48:13.728 [main] WARN  org.mybatis.spring.mapper.ClassPathMapperScanner - Skipping MapperFactoryBean with name 'configMapper' and 'com.bob.identification.identification.mapper.ConfigMapper' mapperInterface. Bean already defined with the same name!
2021-02-17 10:48:13.728 [main] WARN  org.mybatis.spring.mapper.ClassPathMapperScanner - Skipping MapperFactoryBean with name 'customCodeMapper' and 'com.bob.identification.identification.mapper.CustomCodeMapper' mapperInterface. Bean already defined with the same name!
2021-02-17 10:48:13.728 [main] WARN  org.mybatis.spring.mapper.ClassPathMapperScanner - Skipping MapperFactoryBean with name 'oldBatchMapper' and 'com.bob.identification.identification.mapper.OldBatchMapper' mapperInterface. Bean already defined with the same name!
2021-02-17 10:48:13.728 [main] WARN  org.mybatis.spring.mapper.ClassPathMapperScanner - Skipping MapperFactoryBean with name 'oldCodeMapper' and 'com.bob.identification.identification.mapper.OldCodeMapper' mapperInterface. Bean already defined with the same name!
2021-02-17 10:48:13.728 [main] WARN  org.mybatis.spring.mapper.ClassPathMapperScanner - Skipping MapperFactoryBean with name 'visitMapper' and 'com.bob.identification.identification.mapper.VisitMapper' mapperInterface. Bean already defined with the same name!
2021-02-17 10:48:13.728 [main] WARN  org.mybatis.spring.mapper.ClassPathMapperScanner - No MyBatis mapper was found in '[com.bob.identification.*.mapper]' package. Please check your configuration.
2021-02-17 17:58:21.404 [lettuce-nioEventLoop-4-2] WARN  io.lettuce.core.protocol.ConnectionWatchdog - Cannot reconnect to [localhost:6379]: java.nio.channels.ClosedChannelException
java.nio.channels.ClosedChannelException: null
	at io.netty.channel.nio.AbstractNioChannel.doClose(AbstractNioChannel.java:502)
	at io.netty.channel.socket.nio.NioSocketChannel.doClose(NioSocketChannel.java:342)
	at io.netty.channel.AbstractChannel$AbstractUnsafe.doClose0(AbstractChannel.java:760)
	at io.netty.channel.AbstractChannel$AbstractUnsafe.close(AbstractChannel.java:737)
	at io.netty.channel.AbstractChannel$AbstractUnsafe.close(AbstractChannel.java:608)
	at io.netty.channel.DefaultChannelPipeline$HeadContext.close(DefaultChannelPipeline.java:1352)
	at io.netty.channel.AbstractChannelHandlerContext.invokeClose(AbstractChannelHandlerContext.java:622)
	at io.netty.channel.AbstractChannelHandlerContext.access$1200(AbstractChannelHandlerContext.java:61)
	at io.netty.channel.AbstractChannelHandlerContext$11.run(AbstractChannelHandlerContext.java:611)
	at io.netty.util.concurrent.AbstractEventExecutor.safeExecute$$$capture(AbstractEventExecutor.java:164)
	at io.netty.util.concurrent.AbstractEventExecutor.safeExecute(AbstractEventExecutor.java)
	at io.netty.util.concurrent.SingleThreadEventExecutor.runAllTasks(SingleThreadEventExecutor.java:472)
	at io.netty.channel.nio.NioEventLoop.run(NioEventLoop.java:500)
	at io.netty.util.concurrent.SingleThreadEventExecutor$4.run(SingleThreadEventExecutor.java:989)
	at io.netty.util.internal.ThreadExecutorMap$2.run(ThreadExecutorMap.java:74)
	at io.netty.util.concurrent.FastThreadLocalRunnable.run(FastThreadLocalRunnable.java:30)
	at java.lang.Thread.run(Thread.java:748)
2021-02-17 17:58:26.702 [lettuce-nioEventLoop-4-5] WARN  io.lettuce.core.protocol.ConnectionWatchdog - Cannot reconnect to [localhost:6379]: java.nio.channels.ClosedChannelException
java.nio.channels.ClosedChannelException: null
	at io.netty.channel.nio.AbstractNioChannel.doClose(AbstractNioChannel.java:502)
	at io.netty.channel.socket.nio.NioSocketChannel.doClose(NioSocketChannel.java:342)
	at io.netty.channel.AbstractChannel$AbstractUnsafe.doClose0(AbstractChannel.java:760)
	at io.netty.channel.AbstractChannel$AbstractUnsafe.close(AbstractChannel.java:737)
	at io.netty.channel.AbstractChannel$AbstractUnsafe.close(AbstractChannel.java:608)
	at io.netty.channel.DefaultChannelPipeline$HeadContext.close(DefaultChannelPipeline.java:1352)
	at io.netty.channel.AbstractChannelHandlerContext.invokeClose(AbstractChannelHandlerContext.java:622)
	at io.netty.channel.AbstractChannelHandlerContext.access$1200(AbstractChannelHandlerContext.java:61)
	at io.netty.channel.AbstractChannelHandlerContext$11.run(AbstractChannelHandlerContext.java:611)
	at io.netty.util.concurrent.AbstractEventExecutor.safeExecute$$$capture(AbstractEventExecutor.java:164)
	at io.netty.util.concurrent.AbstractEventExecutor.safeExecute(AbstractEventExecutor.java)
	at io.netty.util.concurrent.SingleThreadEventExecutor.runAllTasks(SingleThreadEventExecutor.java:472)
	at io.netty.channel.nio.NioEventLoop.run(NioEventLoop.java:500)
	at io.netty.util.concurrent.SingleThreadEventExecutor$4.run(SingleThreadEventExecutor.java:989)
	at io.netty.util.internal.ThreadExecutorMap$2.run(ThreadExecutorMap.java:74)
	at io.netty.util.concurrent.FastThreadLocalRunnable.run(FastThreadLocalRunnable.java:30)
	at java.lang.Thread.run(Thread.java:748)
2021-02-17 17:58:35.201 [lettuce-nioEventLoop-4-2] WARN  io.lettuce.core.protocol.ConnectionWatchdog - Cannot reconnect to [localhost:6379]: java.nio.channels.ClosedChannelException
java.nio.channels.ClosedChannelException: null
	at io.netty.channel.nio.AbstractNioChannel.doClose(AbstractNioChannel.java:502)
	at io.netty.channel.socket.nio.NioSocketChannel.doClose(NioSocketChannel.java:342)
	at io.netty.channel.AbstractChannel$AbstractUnsafe.doClose0(AbstractChannel.java:760)
	at io.netty.channel.AbstractChannel$AbstractUnsafe.close(AbstractChannel.java:737)
	at io.netty.channel.AbstractChannel$AbstractUnsafe.close(AbstractChannel.java:608)
	at io.netty.channel.DefaultChannelPipeline$HeadContext.close(DefaultChannelPipeline.java:1352)
	at io.netty.channel.AbstractChannelHandlerContext.invokeClose(AbstractChannelHandlerContext.java:622)
	at io.netty.channel.AbstractChannelHandlerContext.access$1200(AbstractChannelHandlerContext.java:61)
	at io.netty.channel.AbstractChannelHandlerContext$11.run(AbstractChannelHandlerContext.java:611)
	at io.netty.util.concurrent.AbstractEventExecutor.safeExecute$$$capture(AbstractEventExecutor.java:164)
	at io.netty.util.concurrent.AbstractEventExecutor.safeExecute(AbstractEventExecutor.java)
	at io.netty.util.concurrent.SingleThreadEventExecutor.runAllTasks(SingleThreadEventExecutor.java:472)
	at io.netty.channel.nio.NioEventLoop.run(NioEventLoop.java:500)
	at io.netty.util.concurrent.SingleThreadEventExecutor$4.run(SingleThreadEventExecutor.java:989)
	at io.netty.util.internal.ThreadExecutorMap$2.run(ThreadExecutorMap.java:74)
	at io.netty.util.concurrent.FastThreadLocalRunnable.run(FastThreadLocalRunnable.java:30)
	at java.lang.Thread.run(Thread.java:748)
2021-02-17 17:58:43.801 [lettuce-nioEventLoop-4-3] WARN  io.lettuce.core.protocol.ConnectionWatchdog - Cannot reconnect to [localhost:6379]: java.nio.channels.ClosedChannelException
java.nio.channels.ClosedChannelException: null
	at io.netty.channel.nio.AbstractNioChannel.doClose(AbstractNioChannel.java:502)
	at io.netty.channel.socket.nio.NioSocketChannel.doClose(NioSocketChannel.java:342)
	at io.netty.channel.AbstractChannel$AbstractUnsafe.doClose0(AbstractChannel.java:760)
	at io.netty.channel.AbstractChannel$AbstractUnsafe.close(AbstractChannel.java:737)
	at io.netty.channel.AbstractChannel$AbstractUnsafe.close(AbstractChannel.java:608)
	at io.netty.channel.DefaultChannelPipeline$HeadContext.close(DefaultChannelPipeline.java:1352)
	at io.netty.channel.AbstractChannelHandlerContext.invokeClose(AbstractChannelHandlerContext.java:622)
	at io.netty.channel.AbstractChannelHandlerContext.access$1200(AbstractChannelHandlerContext.java:61)
	at io.netty.channel.AbstractChannelHandlerContext$11.run(AbstractChannelHandlerContext.java:611)
	at io.netty.util.concurrent.AbstractEventExecutor.safeExecute$$$capture(AbstractEventExecutor.java:164)
	at io.netty.util.concurrent.AbstractEventExecutor.safeExecute(AbstractEventExecutor.java)
	at io.netty.util.concurrent.SingleThreadEventExecutor.runAllTasks(SingleThreadEventExecutor.java:472)
	at io.netty.channel.nio.NioEventLoop.run(NioEventLoop.java:500)
	at io.netty.util.concurrent.SingleThreadEventExecutor$4.run(SingleThreadEventExecutor.java:989)
	at io.netty.util.internal.ThreadExecutorMap$2.run(ThreadExecutorMap.java:74)
	at io.netty.util.concurrent.FastThreadLocalRunnable.run(FastThreadLocalRunnable.java:30)
	at java.lang.Thread.run(Thread.java:748)
2021-02-17 17:59:00.601 [lettuce-nioEventLoop-4-4] WARN  io.lettuce.core.protocol.ConnectionWatchdog - Cannot reconnect to [localhost:6379]: java.nio.channels.ClosedChannelException
java.nio.channels.ClosedChannelException: null
	at io.netty.channel.nio.AbstractNioChannel.doClose(AbstractNioChannel.java:502)
	at io.netty.channel.socket.nio.NioSocketChannel.doClose(NioSocketChannel.java:342)
	at io.netty.channel.AbstractChannel$AbstractUnsafe.doClose0(AbstractChannel.java:760)
	at io.netty.channel.AbstractChannel$AbstractUnsafe.close(AbstractChannel.java:737)
	at io.netty.channel.AbstractChannel$AbstractUnsafe.close(AbstractChannel.java:608)
	at io.netty.channel.DefaultChannelPipeline$HeadContext.close(DefaultChannelPipeline.java:1352)
	at io.netty.channel.AbstractChannelHandlerContext.invokeClose(AbstractChannelHandlerContext.java:622)
	at io.netty.channel.AbstractChannelHandlerContext.access$1200(AbstractChannelHandlerContext.java:61)
	at io.netty.channel.AbstractChannelHandlerContext$11.run(AbstractChannelHandlerContext.java:611)
	at io.netty.util.concurrent.AbstractEventExecutor.safeExecute$$$capture(AbstractEventExecutor.java:164)
	at io.netty.util.concurrent.AbstractEventExecutor.safeExecute(AbstractEventExecutor.java)
	at io.netty.util.concurrent.SingleThreadEventExecutor.runAllTasks(SingleThreadEventExecutor.java:472)
	at io.netty.channel.nio.NioEventLoop.run(NioEventLoop.java:500)
	at io.netty.util.concurrent.SingleThreadEventExecutor$4.run(SingleThreadEventExecutor.java:989)
	at io.netty.util.internal.ThreadExecutorMap$2.run(ThreadExecutorMap.java:74)
	at io.netty.util.concurrent.FastThreadLocalRunnable.run(FastThreadLocalRunnable.java:30)
	at java.lang.Thread.run(Thread.java:748)
