2021-01-18 14:24:05.002 [main] WARN  org.mybatis.spring.mapper.ClassPathMapperScanner - Skipping MapperFactoryBean with name 'umsAdminMapper' and 'com.bob.identification.authority.mapper.UmsAdminMapper' mapperInterface. Bean already defined with the same name!
2021-01-18 14:24:05.003 [main] WARN  org.mybatis.spring.mapper.ClassPathMapperScanner - Skipping MapperFactoryBean with name 'umsAdminRoleRelationMapper' and 'com.bob.identification.authority.mapper.UmsAdminRoleRelationMapper' mapperInterface. Bean already defined with the same name!
2021-01-18 14:24:05.003 [main] WARN  org.mybatis.spring.mapper.ClassPathMapperScanner - Skipping MapperFactoryBean with name 'umsMemberMapper' and 'com.bob.identification.authority.mapper.UmsMemberMapper' mapperInterface. Bean already defined with the same name!
2021-01-18 14:24:05.003 [main] WARN  org.mybatis.spring.mapper.ClassPathMapperScanner - Skipping MapperFactoryBean with name 'umsMenuMapper' and 'com.bob.identification.authority.mapper.UmsMenuMapper' mapperInterface. Bean already defined with the same name!
2021-01-18 14:24:05.003 [main] WARN  org.mybatis.spring.mapper.ClassPathMapperScanner - Skipping MapperFactoryBean with name 'umsResourceCategoryMapper' and 'com.bob.identification.authority.mapper.UmsResourceCategoryMapper' mapperInterface. Bean already defined with the same name!
2021-01-18 14:24:05.003 [main] WARN  org.mybatis.spring.mapper.ClassPathMapperScanner - Skipping MapperFactoryBean with name 'umsResourceMapper' and 'com.bob.identification.authority.mapper.UmsResourceMapper' mapperInterface. Bean already defined with the same name!
2021-01-18 14:24:05.003 [main] WARN  org.mybatis.spring.mapper.ClassPathMapperScanner - Skipping MapperFactoryBean with name 'umsRoleMapper' and 'com.bob.identification.authority.mapper.UmsRoleMapper' mapperInterface. Bean already defined with the same name!
2021-01-18 14:24:05.003 [main] WARN  org.mybatis.spring.mapper.ClassPathMapperScanner - Skipping MapperFactoryBean with name 'umsRoleMenuRelationMapper' and 'com.bob.identification.authority.mapper.UmsRoleMenuRelationMapper' mapperInterface. Bean already defined with the same name!
2021-01-18 14:24:05.004 [main] WARN  org.mybatis.spring.mapper.ClassPathMapperScanner - Skipping MapperFactoryBean with name 'umsRolePermissionRelationMapper' and 'com.bob.identification.authority.mapper.UmsRolePermissionRelationMapper' mapperInterface. Bean already defined with the same name!
2021-01-18 14:24:05.004 [main] WARN  org.mybatis.spring.mapper.ClassPathMapperScanner - Skipping MapperFactoryBean with name 'umsRoleResourceRelationMapper' and 'com.bob.identification.authority.mapper.UmsRoleResourceRelationMapper' mapperInterface. Bean already defined with the same name!
2021-01-18 14:24:05.004 [main] WARN  org.mybatis.spring.mapper.ClassPathMapperScanner - Skipping MapperFactoryBean with name 'batchMapper' and 'com.bob.identification.identification.mapper.BatchMapper' mapperInterface. Bean already defined with the same name!
2021-01-18 14:24:05.004 [main] WARN  org.mybatis.spring.mapper.ClassPathMapperScanner - Skipping MapperFactoryBean with name 'brandMapper' and 'com.bob.identification.identification.mapper.BrandMapper' mapperInterface. Bean already defined with the same name!
2021-01-18 14:24:05.004 [main] WARN  org.mybatis.spring.mapper.ClassPathMapperScanner - Skipping MapperFactoryBean with name 'codePreMapper' and 'com.bob.identification.identification.mapper.CodePreMapper' mapperInterface. Bean already defined with the same name!
2021-01-18 14:24:05.005 [main] WARN  org.mybatis.spring.mapper.ClassPathMapperScanner - Skipping MapperFactoryBean with name 'configMapper' and 'com.bob.identification.identification.mapper.ConfigMapper' mapperInterface. Bean already defined with the same name!
2021-01-18 14:24:05.005 [main] WARN  org.mybatis.spring.mapper.ClassPathMapperScanner - Skipping MapperFactoryBean with name 'customCodeMapper' and 'com.bob.identification.identification.mapper.CustomCodeMapper' mapperInterface. Bean already defined with the same name!
2021-01-18 14:24:05.005 [main] WARN  org.mybatis.spring.mapper.ClassPathMapperScanner - Skipping MapperFactoryBean with name 'oldBatchMapper' and 'com.bob.identification.identification.mapper.OldBatchMapper' mapperInterface. Bean already defined with the same name!
2021-01-18 14:24:05.005 [main] WARN  org.mybatis.spring.mapper.ClassPathMapperScanner - Skipping MapperFactoryBean with name 'oldCodeMapper' and 'com.bob.identification.identification.mapper.OldCodeMapper' mapperInterface. Bean already defined with the same name!
2021-01-18 14:24:05.005 [main] WARN  org.mybatis.spring.mapper.ClassPathMapperScanner - Skipping MapperFactoryBean with name 'visitMapper' and 'com.bob.identification.identification.mapper.VisitMapper' mapperInterface. Bean already defined with the same name!
2021-01-18 14:24:05.005 [main] WARN  org.mybatis.spring.mapper.ClassPathMapperScanner - No MyBatis mapper was found in '[com.bob.identification.*.mapper]' package. Please check your configuration.
2021-01-18 14:24:05.009 [main] WARN  org.mybatis.spring.mapper.ClassPathMapperScanner - Skipping MapperFactoryBean with name 'umsAdminMapper' and 'com.bob.identification.authority.mapper.UmsAdminMapper' mapperInterface. Bean already defined with the same name!
2021-01-18 14:24:05.009 [main] WARN  org.mybatis.spring.mapper.ClassPathMapperScanner - Skipping MapperFactoryBean with name 'umsAdminRoleRelationMapper' and 'com.bob.identification.authority.mapper.UmsAdminRoleRelationMapper' mapperInterface. Bean already defined with the same name!
2021-01-18 14:24:05.009 [main] WARN  org.mybatis.spring.mapper.ClassPathMapperScanner - Skipping MapperFactoryBean with name 'umsMemberMapper' and 'com.bob.identification.authority.mapper.UmsMemberMapper' mapperInterface. Bean already defined with the same name!
2021-01-18 14:24:05.009 [main] WARN  org.mybatis.spring.mapper.ClassPathMapperScanner - Skipping MapperFactoryBean with name 'umsMenuMapper' and 'com.bob.identification.authority.mapper.UmsMenuMapper' mapperInterface. Bean already defined with the same name!
2021-01-18 14:24:05.009 [main] WARN  org.mybatis.spring.mapper.ClassPathMapperScanner - Skipping MapperFactoryBean with name 'umsResourceCategoryMapper' and 'com.bob.identification.authority.mapper.UmsResourceCategoryMapper' mapperInterface. Bean already defined with the same name!
2021-01-18 14:24:05.009 [main] WARN  org.mybatis.spring.mapper.ClassPathMapperScanner - Skipping MapperFactoryBean with name 'umsResourceMapper' and 'com.bob.identification.authority.mapper.UmsResourceMapper' mapperInterface. Bean already defined with the same name!
2021-01-18 14:24:05.009 [main] WARN  org.mybatis.spring.mapper.ClassPathMapperScanner - Skipping MapperFactoryBean with name 'umsRoleMapper' and 'com.bob.identification.authority.mapper.UmsRoleMapper' mapperInterface. Bean already defined with the same name!
2021-01-18 14:24:05.009 [main] WARN  org.mybatis.spring.mapper.ClassPathMapperScanner - Skipping MapperFactoryBean with name 'umsRoleMenuRelationMapper' and 'com.bob.identification.authority.mapper.UmsRoleMenuRelationMapper' mapperInterface. Bean already defined with the same name!
2021-01-18 14:24:05.009 [main] WARN  org.mybatis.spring.mapper.ClassPathMapperScanner - Skipping MapperFactoryBean with name 'umsRolePermissionRelationMapper' and 'com.bob.identification.authority.mapper.UmsRolePermissionRelationMapper' mapperInterface. Bean already defined with the same name!
2021-01-18 14:24:05.009 [main] WARN  org.mybatis.spring.mapper.ClassPathMapperScanner - Skipping MapperFactoryBean with name 'umsRoleResourceRelationMapper' and 'com.bob.identification.authority.mapper.UmsRoleResourceRelationMapper' mapperInterface. Bean already defined with the same name!
2021-01-18 14:24:05.009 [main] WARN  org.mybatis.spring.mapper.ClassPathMapperScanner - Skipping MapperFactoryBean with name 'batchMapper' and 'com.bob.identification.identification.mapper.BatchMapper' mapperInterface. Bean already defined with the same name!
2021-01-18 14:24:05.009 [main] WARN  org.mybatis.spring.mapper.ClassPathMapperScanner - Skipping MapperFactoryBean with name 'brandMapper' and 'com.bob.identification.identification.mapper.BrandMapper' mapperInterface. Bean already defined with the same name!
2021-01-18 14:24:05.010 [main] WARN  org.mybatis.spring.mapper.ClassPathMapperScanner - Skipping MapperFactoryBean with name 'codePreMapper' and 'com.bob.identification.identification.mapper.CodePreMapper' mapperInterface. Bean already defined with the same name!
2021-01-18 14:24:05.010 [main] WARN  org.mybatis.spring.mapper.ClassPathMapperScanner - Skipping MapperFactoryBean with name 'configMapper' and 'com.bob.identification.identification.mapper.ConfigMapper' mapperInterface. Bean already defined with the same name!
2021-01-18 14:24:05.010 [main] WARN  org.mybatis.spring.mapper.ClassPathMapperScanner - Skipping MapperFactoryBean with name 'customCodeMapper' and 'com.bob.identification.identification.mapper.CustomCodeMapper' mapperInterface. Bean already defined with the same name!
2021-01-18 14:24:05.010 [main] WARN  org.mybatis.spring.mapper.ClassPathMapperScanner - Skipping MapperFactoryBean with name 'oldBatchMapper' and 'com.bob.identification.identification.mapper.OldBatchMapper' mapperInterface. Bean already defined with the same name!
2021-01-18 14:24:05.010 [main] WARN  org.mybatis.spring.mapper.ClassPathMapperScanner - Skipping MapperFactoryBean with name 'oldCodeMapper' and 'com.bob.identification.identification.mapper.OldCodeMapper' mapperInterface. Bean already defined with the same name!
2021-01-18 14:24:05.010 [main] WARN  org.mybatis.spring.mapper.ClassPathMapperScanner - Skipping MapperFactoryBean with name 'visitMapper' and 'com.bob.identification.identification.mapper.VisitMapper' mapperInterface. Bean already defined with the same name!
2021-01-18 14:24:05.010 [main] WARN  org.mybatis.spring.mapper.ClassPathMapperScanner - No MyBatis mapper was found in '[com.bob.identification.*.mapper]' package. Please check your configuration.
2021-01-18 14:42:42.046 [main] WARN  org.mybatis.spring.mapper.ClassPathMapperScanner - Skipping MapperFactoryBean with name 'umsAdminMapper' and 'com.bob.identification.authority.mapper.UmsAdminMapper' mapperInterface. Bean already defined with the same name!
2021-01-18 14:42:42.047 [main] WARN  org.mybatis.spring.mapper.ClassPathMapperScanner - Skipping MapperFactoryBean with name 'umsAdminRoleRelationMapper' and 'com.bob.identification.authority.mapper.UmsAdminRoleRelationMapper' mapperInterface. Bean already defined with the same name!
2021-01-18 14:42:42.047 [main] WARN  org.mybatis.spring.mapper.ClassPathMapperScanner - Skipping MapperFactoryBean with name 'umsMemberMapper' and 'com.bob.identification.authority.mapper.UmsMemberMapper' mapperInterface. Bean already defined with the same name!
2021-01-18 14:42:42.047 [main] WARN  org.mybatis.spring.mapper.ClassPathMapperScanner - Skipping MapperFactoryBean with name 'umsMenuMapper' and 'com.bob.identification.authority.mapper.UmsMenuMapper' mapperInterface. Bean already defined with the same name!
2021-01-18 14:42:42.047 [main] WARN  org.mybatis.spring.mapper.ClassPathMapperScanner - Skipping MapperFactoryBean with name 'umsResourceCategoryMapper' and 'com.bob.identification.authority.mapper.UmsResourceCategoryMapper' mapperInterface. Bean already defined with the same name!
2021-01-18 14:42:42.047 [main] WARN  org.mybatis.spring.mapper.ClassPathMapperScanner - Skipping MapperFactoryBean with name 'umsResourceMapper' and 'com.bob.identification.authority.mapper.UmsResourceMapper' mapperInterface. Bean already defined with the same name!
2021-01-18 14:42:42.047 [main] WARN  org.mybatis.spring.mapper.ClassPathMapperScanner - Skipping MapperFactoryBean with name 'umsRoleMapper' and 'com.bob.identification.authority.mapper.UmsRoleMapper' mapperInterface. Bean already defined with the same name!
2021-01-18 14:42:42.047 [main] WARN  org.mybatis.spring.mapper.ClassPathMapperScanner - Skipping MapperFactoryBean with name 'umsRoleMenuRelationMapper' and 'com.bob.identification.authority.mapper.UmsRoleMenuRelationMapper' mapperInterface. Bean already defined with the same name!
2021-01-18 14:42:42.047 [main] WARN  org.mybatis.spring.mapper.ClassPathMapperScanner - Skipping MapperFactoryBean with name 'umsRolePermissionRelationMapper' and 'com.bob.identification.authority.mapper.UmsRolePermissionRelationMapper' mapperInterface. Bean already defined with the same name!
2021-01-18 14:42:42.047 [main] WARN  org.mybatis.spring.mapper.ClassPathMapperScanner - Skipping MapperFactoryBean with name 'umsRoleResourceRelationMapper' and 'com.bob.identification.authority.mapper.UmsRoleResourceRelationMapper' mapperInterface. Bean already defined with the same name!
2021-01-18 14:42:42.047 [main] WARN  org.mybatis.spring.mapper.ClassPathMapperScanner - Skipping MapperFactoryBean with name 'batchMapper' and 'com.bob.identification.identification.mapper.BatchMapper' mapperInterface. Bean already defined with the same name!
2021-01-18 14:42:42.047 [main] WARN  org.mybatis.spring.mapper.ClassPathMapperScanner - Skipping MapperFactoryBean with name 'brandMapper' and 'com.bob.identification.identification.mapper.BrandMapper' mapperInterface. Bean already defined with the same name!
2021-01-18 14:42:42.047 [main] WARN  org.mybatis.spring.mapper.ClassPathMapperScanner - Skipping MapperFactoryBean with name 'codePreMapper' and 'com.bob.identification.identification.mapper.CodePreMapper' mapperInterface. Bean already defined with the same name!
2021-01-18 14:42:42.047 [main] WARN  org.mybatis.spring.mapper.ClassPathMapperScanner - Skipping MapperFactoryBean with name 'configMapper' and 'com.bob.identification.identification.mapper.ConfigMapper' mapperInterface. Bean already defined with the same name!
2021-01-18 14:42:42.047 [main] WARN  org.mybatis.spring.mapper.ClassPathMapperScanner - Skipping MapperFactoryBean with name 'customCodeMapper' and 'com.bob.identification.identification.mapper.CustomCodeMapper' mapperInterface. Bean already defined with the same name!
2021-01-18 14:42:42.047 [main] WARN  org.mybatis.spring.mapper.ClassPathMapperScanner - Skipping MapperFactoryBean with name 'oldBatchMapper' and 'com.bob.identification.identification.mapper.OldBatchMapper' mapperInterface. Bean already defined with the same name!
2021-01-18 14:42:42.047 [main] WARN  org.mybatis.spring.mapper.ClassPathMapperScanner - Skipping MapperFactoryBean with name 'oldCodeMapper' and 'com.bob.identification.identification.mapper.OldCodeMapper' mapperInterface. Bean already defined with the same name!
2021-01-18 14:42:42.047 [main] WARN  org.mybatis.spring.mapper.ClassPathMapperScanner - Skipping MapperFactoryBean with name 'visitMapper' and 'com.bob.identification.identification.mapper.VisitMapper' mapperInterface. Bean already defined with the same name!
2021-01-18 14:42:42.047 [main] WARN  org.mybatis.spring.mapper.ClassPathMapperScanner - No MyBatis mapper was found in '[com.bob.identification.*.mapper]' package. Please check your configuration.
2021-01-18 14:42:42.052 [main] WARN  org.mybatis.spring.mapper.ClassPathMapperScanner - Skipping MapperFactoryBean with name 'umsAdminMapper' and 'com.bob.identification.authority.mapper.UmsAdminMapper' mapperInterface. Bean already defined with the same name!
2021-01-18 14:42:42.052 [main] WARN  org.mybatis.spring.mapper.ClassPathMapperScanner - Skipping MapperFactoryBean with name 'umsAdminRoleRelationMapper' and 'com.bob.identification.authority.mapper.UmsAdminRoleRelationMapper' mapperInterface. Bean already defined with the same name!
2021-01-18 14:42:42.052 [main] WARN  org.mybatis.spring.mapper.ClassPathMapperScanner - Skipping MapperFactoryBean with name 'umsMemberMapper' and 'com.bob.identification.authority.mapper.UmsMemberMapper' mapperInterface. Bean already defined with the same name!
2021-01-18 14:42:42.052 [main] WARN  org.mybatis.spring.mapper.ClassPathMapperScanner - Skipping MapperFactoryBean with name 'umsMenuMapper' and 'com.bob.identification.authority.mapper.UmsMenuMapper' mapperInterface. Bean already defined with the same name!
2021-01-18 14:42:42.052 [main] WARN  org.mybatis.spring.mapper.ClassPathMapperScanner - Skipping MapperFactoryBean with name 'umsResourceCategoryMapper' and 'com.bob.identification.authority.mapper.UmsResourceCategoryMapper' mapperInterface. Bean already defined with the same name!
2021-01-18 14:42:42.052 [main] WARN  org.mybatis.spring.mapper.ClassPathMapperScanner - Skipping MapperFactoryBean with name 'umsResourceMapper' and 'com.bob.identification.authority.mapper.UmsResourceMapper' mapperInterface. Bean already defined with the same name!
2021-01-18 14:42:42.052 [main] WARN  org.mybatis.spring.mapper.ClassPathMapperScanner - Skipping MapperFactoryBean with name 'umsRoleMapper' and 'com.bob.identification.authority.mapper.UmsRoleMapper' mapperInterface. Bean already defined with the same name!
2021-01-18 14:42:42.052 [main] WARN  org.mybatis.spring.mapper.ClassPathMapperScanner - Skipping MapperFactoryBean with name 'umsRoleMenuRelationMapper' and 'com.bob.identification.authority.mapper.UmsRoleMenuRelationMapper' mapperInterface. Bean already defined with the same name!
2021-01-18 14:42:42.052 [main] WARN  org.mybatis.spring.mapper.ClassPathMapperScanner - Skipping MapperFactoryBean with name 'umsRolePermissionRelationMapper' and 'com.bob.identification.authority.mapper.UmsRolePermissionRelationMapper' mapperInterface. Bean already defined with the same name!
2021-01-18 14:42:42.052 [main] WARN  org.mybatis.spring.mapper.ClassPathMapperScanner - Skipping MapperFactoryBean with name 'umsRoleResourceRelationMapper' and 'com.bob.identification.authority.mapper.UmsRoleResourceRelationMapper' mapperInterface. Bean already defined with the same name!
2021-01-18 14:42:42.052 [main] WARN  org.mybatis.spring.mapper.ClassPathMapperScanner - Skipping MapperFactoryBean with name 'batchMapper' and 'com.bob.identification.identification.mapper.BatchMapper' mapperInterface. Bean already defined with the same name!
2021-01-18 14:42:42.052 [main] WARN  org.mybatis.spring.mapper.ClassPathMapperScanner - Skipping MapperFactoryBean with name 'brandMapper' and 'com.bob.identification.identification.mapper.BrandMapper' mapperInterface. Bean already defined with the same name!
2021-01-18 14:42:42.052 [main] WARN  org.mybatis.spring.mapper.ClassPathMapperScanner - Skipping MapperFactoryBean with name 'codePreMapper' and 'com.bob.identification.identification.mapper.CodePreMapper' mapperInterface. Bean already defined with the same name!
2021-01-18 14:42:42.052 [main] WARN  org.mybatis.spring.mapper.ClassPathMapperScanner - Skipping MapperFactoryBean with name 'configMapper' and 'com.bob.identification.identification.mapper.ConfigMapper' mapperInterface. Bean already defined with the same name!
2021-01-18 14:42:42.052 [main] WARN  org.mybatis.spring.mapper.ClassPathMapperScanner - Skipping MapperFactoryBean with name 'customCodeMapper' and 'com.bob.identification.identification.mapper.CustomCodeMapper' mapperInterface. Bean already defined with the same name!
2021-01-18 14:42:42.052 [main] WARN  org.mybatis.spring.mapper.ClassPathMapperScanner - Skipping MapperFactoryBean with name 'oldBatchMapper' and 'com.bob.identification.identification.mapper.OldBatchMapper' mapperInterface. Bean already defined with the same name!
2021-01-18 14:42:42.052 [main] WARN  org.mybatis.spring.mapper.ClassPathMapperScanner - Skipping MapperFactoryBean with name 'oldCodeMapper' and 'com.bob.identification.identification.mapper.OldCodeMapper' mapperInterface. Bean already defined with the same name!
2021-01-18 14:42:42.052 [main] WARN  org.mybatis.spring.mapper.ClassPathMapperScanner - Skipping MapperFactoryBean with name 'visitMapper' and 'com.bob.identification.identification.mapper.VisitMapper' mapperInterface. Bean already defined with the same name!
2021-01-18 14:42:42.052 [main] WARN  org.mybatis.spring.mapper.ClassPathMapperScanner - No MyBatis mapper was found in '[com.bob.identification.*.mapper]' package. Please check your configuration.
