2021-02-17 09:27:46.308 [background-preinit] INFO  org.hibernate.validator.internal.util.Version - HV000001: Hibernate Validator 6.1.6.Final
2021-02-17 09:27:46.316 [main] INFO  c.b.identification.IdentificationAdminApplication - Starting IdentificationAdminApplication using Java 1.8.0_221 on bob with PID 10592 (F:\my\springboot\identification\identification-admin\target\classes started by Administrator in F:\my\springboot\identification)
2021-02-17 09:27:46.319 [main] INFO  c.b.identification.IdentificationAdminApplication - The following profiles are active: dev
2021-02-17 09:27:47.464 [main] INFO  o.s.d.r.config.RepositoryConfigurationDelegate - Multiple Spring Data modules found, entering strict repository configuration mode!
2021-02-17 09:27:47.467 [main] INFO  o.s.d.r.config.RepositoryConfigurationDelegate - Bootstrapping Spring Data Redis repositories in DEFAULT mode.
2021-02-17 09:27:47.508 [main] INFO  o.s.d.r.config.RepositoryConfigurationDelegate - Finished Spring Data repository scanning in 25 ms. Found 0 Redis repository interfaces.
2021-02-17 09:27:48.032 [main] INFO  o.s.c.s.PostProcessorRegistrationDelegate$BeanPostProcessorChecker - Bean 'spring.datasource.dynamic-com.baomidou.dynamic.datasource.spring.boot.autoconfigure.DynamicDataSourceProperties' of type [com.baomidou.dynamic.datasource.spring.boot.autoconfigure.DynamicDataSourceProperties] is not eligible for getting processed by all BeanPostProcessors (for example: not eligible for auto-proxying)
2021-02-17 09:27:48.040 [main] INFO  o.s.c.s.PostProcessorRegistrationDelegate$BeanPostProcessorChecker - Bean 'com.baomidou.dynamic.datasource.spring.boot.autoconfigure.DynamicDataSourceAutoConfiguration' of type [com.baomidou.dynamic.datasource.spring.boot.autoconfigure.DynamicDataSourceAutoConfiguration$$EnhancerBySpringCGLIB$$ae3640b2] is not eligible for getting processed by all BeanPostProcessors (for example: not eligible for auto-proxying)
2021-02-17 09:27:48.054 [main] INFO  o.s.c.s.PostProcessorRegistrationDelegate$BeanPostProcessorChecker - Bean 'dsProcessor' of type [com.baomidou.dynamic.datasource.processor.DsHeaderProcessor] is not eligible for getting processed by all BeanPostProcessors (for example: not eligible for auto-proxying)
2021-02-17 09:27:48.143 [main] INFO  o.s.c.s.PostProcessorRegistrationDelegate$BeanPostProcessorChecker - Bean 'org.springframework.security.access.expression.method.DefaultMethodSecurityExpressionHandler@5fef0c19' of type [org.springframework.security.access.expression.method.DefaultMethodSecurityExpressionHandler] is not eligible for getting processed by all BeanPostProcessors (for example: not eligible for auto-proxying)
2021-02-17 09:27:48.150 [main] INFO  o.s.c.s.PostProcessorRegistrationDelegate$BeanPostProcessorChecker - Bean 'methodSecurityMetadataSource' of type [org.springframework.security.access.method.DelegatingMethodSecurityMetadataSource] is not eligible for getting processed by all BeanPostProcessors (for example: not eligible for auto-proxying)
2021-02-17 09:27:48.461 [main] INFO  o.s.boot.web.embedded.tomcat.TomcatWebServer - Tomcat initialized with port(s): 8666 (http)
2021-02-17 09:27:48.469 [main] INFO  org.apache.coyote.http11.Http11NioProtocol - Initializing ProtocolHandler ["http-nio-8666"]
2021-02-17 09:27:48.469 [main] INFO  org.apache.catalina.core.StandardService - Starting service [Tomcat]
2021-02-17 09:27:48.469 [main] INFO  org.apache.catalina.core.StandardEngine - Starting Servlet engine: [Apache Tomcat/9.0.41]
2021-02-17 09:27:48.558 [main] INFO  o.a.c.core.ContainerBase.[Tomcat].[localhost].[/] - Initializing Spring embedded WebApplicationContext
2021-02-17 09:27:48.558 [main] INFO  o.s.b.w.s.c.ServletWebServerApplicationContext - Root WebApplicationContext: initialization completed in 2192 ms
2021-02-17 09:27:48.836 [main] INFO  com.zaxxer.hikari.HikariDataSource - master - Starting...
2021-02-17 09:27:49.224 [main] INFO  com.zaxxer.hikari.HikariDataSource - master - Start completed.
2021-02-17 09:27:49.224 [main] INFO  com.zaxxer.hikari.HikariDataSource - slave_1 - Starting...
2021-02-17 09:27:49.250 [main] INFO  com.zaxxer.hikari.HikariDataSource - slave_1 - Start completed.
2021-02-17 09:27:49.250 [main] INFO  com.zaxxer.hikari.HikariDataSource - slave_2 - Starting...
2021-02-17 09:27:49.274 [main] INFO  com.zaxxer.hikari.HikariDataSource - slave_2 - Start completed.
2021-02-17 09:27:49.274 [main] INFO  com.zaxxer.hikari.HikariDataSource - slave_3 - Starting...
2021-02-17 09:27:49.297 [main] INFO  com.zaxxer.hikari.HikariDataSource - slave_3 - Start completed.
2021-02-17 09:27:49.297 [main] INFO  com.zaxxer.hikari.HikariDataSource - slave_4 - Starting...
2021-02-17 09:27:49.320 [main] INFO  com.zaxxer.hikari.HikariDataSource - slave_4 - Start completed.
2021-02-17 09:27:49.320 [main] INFO  com.zaxxer.hikari.HikariDataSource - slave_5 - Starting...
2021-02-17 09:27:49.343 [main] INFO  com.zaxxer.hikari.HikariDataSource - slave_5 - Start completed.
2021-02-17 09:27:49.344 [main] INFO  c.b.dynamic.datasource.DynamicRoutingDataSource - dynamic-datasource - load a datasource named [slave_4] success
2021-02-17 09:27:49.344 [main] INFO  c.b.dynamic.datasource.DynamicRoutingDataSource - dynamic-datasource - load a datasource named [slave_5] success
2021-02-17 09:27:49.345 [main] INFO  c.b.dynamic.datasource.DynamicRoutingDataSource - dynamic-datasource - load a datasource named [slave_2] success
2021-02-17 09:27:49.345 [main] INFO  c.b.dynamic.datasource.DynamicRoutingDataSource - dynamic-datasource - load a datasource named [slave_3] success
2021-02-17 09:27:49.345 [main] INFO  c.b.dynamic.datasource.DynamicRoutingDataSource - dynamic-datasource - load a datasource named [master] success
2021-02-17 09:27:49.345 [main] INFO  c.b.dynamic.datasource.DynamicRoutingDataSource - dynamic-datasource - load a datasource named [slave_1] success
2021-02-17 09:27:49.345 [main] INFO  c.b.dynamic.datasource.DynamicRoutingDataSource - dynamic-datasource initial loaded [6] datasource,primary datasource named [master]
2021-02-17 09:27:51.452 [main] INFO  o.s.security.web.DefaultSecurityFilterChain - Will secure any request with [org.springframework.security.web.context.request.async.WebAsyncManagerIntegrationFilter@72641613, org.springframework.security.web.context.SecurityContextPersistenceFilter@41d53813, org.springframework.security.web.header.HeaderWriterFilter@2c06e145, org.springframework.security.web.authentication.logout.LogoutFilter@758ebec4, com.bob.identification.security.component.JwtAuthenticationTokenFilter@467a2584, org.springframework.security.web.savedrequest.RequestCacheAwareFilter@31cd0efa, org.springframework.security.web.servletapi.SecurityContextHolderAwareRequestFilter@8dedec8, org.springframework.security.web.authentication.AnonymousAuthenticationFilter@4d71ec5b, org.springframework.security.web.session.SessionManagementFilter@6a013bdd, org.springframework.security.web.access.ExceptionTranslationFilter@f310675, com.bob.identification.security.component.DynamicSecurityFilter@504c415c, org.springframework.security.web.access.intercept.FilterSecurityInterceptor@6c25123e]
2021-02-17 09:27:51.478 [main] INFO  s.d.s.w.PropertySourcedRequestMappingHandlerMapping - Mapped URL path [/v2/api-docs] onto method [springfox.documentation.swagger2.web.Swagger2Controller#getDocumentation(String, HttpServletRequest)]
2021-02-17 09:27:51.695 [main] INFO  o.s.scheduling.concurrent.ThreadPoolTaskExecutor - Initializing ExecutorService 'applicationTaskExecutor'
2021-02-17 09:27:52.300 [main] INFO  org.apache.coyote.http11.Http11NioProtocol - Starting ProtocolHandler ["http-nio-8666"]
2021-02-17 09:27:52.317 [main] INFO  o.s.boot.web.embedded.tomcat.TomcatWebServer - Tomcat started on port(s): 8666 (http) with context path ''
2021-02-17 09:27:52.318 [main] INFO  s.d.s.web.plugins.DocumentationPluginsBootstrapper - Context refreshed
2021-02-17 09:27:52.332 [main] INFO  s.d.s.web.plugins.DocumentationPluginsBootstrapper - Found 1 custom documentation plugin(s)
2021-02-17 09:27:52.357 [main] INFO  s.d.spring.web.scanners.ApiListingReferenceScanner - Scanning for api listing references
2021-02-17 09:27:52.474 [main] INFO  s.d.s.w.r.operation.CachingOperationNameGenerator - Generating unique operation named: addUsingPOST_1
2021-02-17 09:27:52.475 [main] INFO  s.d.s.w.r.operation.CachingOperationNameGenerator - Generating unique operation named: deleteUsingPOST_1
2021-02-17 09:27:52.476 [main] INFO  s.d.s.w.r.operation.CachingOperationNameGenerator - Generating unique operation named: listUsingGET_1
2021-02-17 09:27:52.489 [main] INFO  s.d.s.w.r.operation.CachingOperationNameGenerator - Generating unique operation named: addUsingPOST_2
2021-02-17 09:27:52.491 [main] INFO  s.d.s.w.r.operation.CachingOperationNameGenerator - Generating unique operation named: deleteUsingPOST_2
2021-02-17 09:27:52.492 [main] INFO  s.d.s.w.r.operation.CachingOperationNameGenerator - Generating unique operation named: listUsingGET_2
2021-02-17 09:27:52.493 [main] INFO  s.d.s.w.r.operation.CachingOperationNameGenerator - Generating unique operation named: updateUsingPOST_1
2021-02-17 09:27:52.497 [main] INFO  s.d.s.w.r.operation.CachingOperationNameGenerator - Generating unique operation named: deleteUsingPOST_3
2021-02-17 09:27:52.525 [main] INFO  s.d.s.w.r.operation.CachingOperationNameGenerator - Generating unique operation named: listUsingGET_3
2021-02-17 09:27:52.545 [main] INFO  s.d.s.w.r.operation.CachingOperationNameGenerator - Generating unique operation named: updateStatusUsingPOST_1
2021-02-17 09:27:52.551 [main] INFO  s.d.s.w.r.operation.CachingOperationNameGenerator - Generating unique operation named: deleteUsingPOST_4
2021-02-17 09:27:52.554 [main] INFO  s.d.s.w.r.operation.CachingOperationNameGenerator - Generating unique operation named: getItemUsingGET_1
2021-02-17 09:27:52.562 [main] INFO  s.d.s.w.r.operation.CachingOperationNameGenerator - Generating unique operation named: listUsingGET_4
2021-02-17 09:27:52.569 [main] INFO  s.d.s.w.r.operation.CachingOperationNameGenerator - Generating unique operation named: updateUsingPOST_2
2021-02-17 09:27:52.573 [main] INFO  s.d.s.w.r.operation.CachingOperationNameGenerator - Generating unique operation named: createUsingPOST_1
2021-02-17 09:27:52.575 [main] INFO  s.d.s.w.r.operation.CachingOperationNameGenerator - Generating unique operation named: deleteUsingPOST_5
2021-02-17 09:27:52.578 [main] INFO  s.d.s.w.r.operation.CachingOperationNameGenerator - Generating unique operation named: listAllUsingGET_1
2021-02-17 09:27:52.580 [main] INFO  s.d.s.w.r.operation.CachingOperationNameGenerator - Generating unique operation named: updateUsingPOST_3
2021-02-17 09:27:52.583 [main] INFO  s.d.s.w.r.operation.CachingOperationNameGenerator - Generating unique operation named: createUsingPOST_2
2021-02-17 09:27:52.585 [main] INFO  s.d.s.w.r.operation.CachingOperationNameGenerator - Generating unique operation named: deleteUsingPOST_6
2021-02-17 09:27:52.589 [main] INFO  s.d.s.w.r.operation.CachingOperationNameGenerator - Generating unique operation named: getItemUsingGET_2
2021-02-17 09:27:52.593 [main] INFO  s.d.s.w.r.operation.CachingOperationNameGenerator - Generating unique operation named: listUsingGET_5
2021-02-17 09:27:52.596 [main] INFO  s.d.s.w.r.operation.CachingOperationNameGenerator - Generating unique operation named: listAllUsingGET_2
2021-02-17 09:27:52.598 [main] INFO  s.d.s.w.r.operation.CachingOperationNameGenerator - Generating unique operation named: updateUsingPOST_4
2021-02-17 09:27:52.603 [main] INFO  s.d.s.w.r.operation.CachingOperationNameGenerator - Generating unique operation named: createUsingPOST_3
2021-02-17 09:27:52.604 [main] INFO  s.d.s.w.r.operation.CachingOperationNameGenerator - Generating unique operation named: deleteUsingPOST_7
2021-02-17 09:27:52.609 [main] INFO  s.d.s.w.r.operation.CachingOperationNameGenerator - Generating unique operation named: listUsingGET_6
2021-02-17 09:27:52.610 [main] INFO  s.d.s.w.r.operation.CachingOperationNameGenerator - Generating unique operation named: listAllUsingGET_3
2021-02-17 09:27:52.616 [main] INFO  s.d.s.w.r.operation.CachingOperationNameGenerator - Generating unique operation named: updateUsingPOST_5
2021-02-17 09:27:52.617 [main] INFO  s.d.s.w.r.operation.CachingOperationNameGenerator - Generating unique operation named: updateStatusUsingPOST_2
2021-02-17 09:27:52.637 [main] INFO  c.b.identification.IdentificationAdminApplication - Started IdentificationAdminApplication in 6.894 seconds (JVM running for 8.362)
2021-02-17 10:25:03.122 [SpringContextShutdownHook] INFO  o.s.scheduling.concurrent.ThreadPoolTaskExecutor - Shutting down ExecutorService 'applicationTaskExecutor'
2021-02-17 10:25:03.142 [SpringContextShutdownHook] INFO  c.b.dynamic.datasource.DynamicRoutingDataSource - dynamic-datasource start closing ....
2021-02-17 10:25:03.142 [SpringContextShutdownHook] INFO  com.zaxxer.hikari.HikariDataSource - slave_4 - Shutdown initiated...
2021-02-17 10:25:03.146 [SpringContextShutdownHook] INFO  com.zaxxer.hikari.HikariDataSource - slave_4 - Shutdown completed.
2021-02-17 10:25:03.146 [SpringContextShutdownHook] INFO  com.zaxxer.hikari.HikariDataSource - slave_5 - Shutdown initiated...
2021-02-17 10:25:03.148 [SpringContextShutdownHook] INFO  com.zaxxer.hikari.HikariDataSource - slave_5 - Shutdown completed.
2021-02-17 10:25:03.148 [SpringContextShutdownHook] INFO  com.zaxxer.hikari.HikariDataSource - slave_2 - Shutdown initiated...
2021-02-17 10:25:03.150 [SpringContextShutdownHook] INFO  com.zaxxer.hikari.HikariDataSource - slave_2 - Shutdown completed.
2021-02-17 10:25:03.151 [SpringContextShutdownHook] INFO  com.zaxxer.hikari.HikariDataSource - slave_3 - Shutdown initiated...
2021-02-17 10:25:03.152 [SpringContextShutdownHook] INFO  com.zaxxer.hikari.HikariDataSource - slave_3 - Shutdown completed.
2021-02-17 10:25:03.152 [SpringContextShutdownHook] INFO  com.zaxxer.hikari.HikariDataSource - master - Shutdown initiated...
2021-02-17 10:25:03.154 [SpringContextShutdownHook] INFO  com.zaxxer.hikari.HikariDataSource - master - Shutdown completed.
2021-02-17 10:25:03.154 [SpringContextShutdownHook] INFO  com.zaxxer.hikari.HikariDataSource - slave_1 - Shutdown initiated...
2021-02-17 10:25:03.156 [SpringContextShutdownHook] INFO  com.zaxxer.hikari.HikariDataSource - slave_1 - Shutdown completed.
2021-02-17 10:25:03.156 [SpringContextShutdownHook] INFO  c.b.dynamic.datasource.DynamicRoutingDataSource - dynamic-datasource all closed success,bye
