2021-01-18 14:23:45.699 [background-preinit] INFO  org.hibernate.validator.internal.util.Version - HV000001: Hibernate Validator 6.1.6.Final
2021-01-18 14:23:45.709 [main] INFO  c.b.identification.IdentificationAdminApplication - Starting IdentificationAdminApplication using Java 1.8.0_221 on bob with PID 6568 (F:\my\springboot\identification\identification-admin\target\classes started by Administrator in F:\my\springboot\identification)
2021-01-18 14:23:45.710 [main] INFO  c.b.identification.IdentificationAdminApplication - The following profiles are active: dev
2021-01-18 14:23:46.783 [main] INFO  o.s.d.r.config.RepositoryConfigurationDelegate - Multiple Spring Data modules found, entering strict repository configuration mode!
2021-01-18 14:23:46.786 [main] INFO  o.s.d.r.config.RepositoryConfigurationDelegate - Bootstrapping Spring Data Redis repositories in DEFAULT mode.
2021-01-18 14:23:46.825 [main] INFO  o.s.d.r.config.RepositoryConfigurationDelegate - Finished Spring Data repository scanning in 23 ms. Found 0 Redis repository interfaces.
2021-01-18 14:23:47.334 [main] INFO  o.s.c.s.PostProcessorRegistrationDelegate$BeanPostProcessorChecker - Bean 'spring.datasource.dynamic-com.baomidou.dynamic.datasource.spring.boot.autoconfigure.DynamicDataSourceProperties' of type [com.baomidou.dynamic.datasource.spring.boot.autoconfigure.DynamicDataSourceProperties] is not eligible for getting processed by all BeanPostProcessors (for example: not eligible for auto-proxying)
2021-01-18 14:23:47.341 [main] INFO  o.s.c.s.PostProcessorRegistrationDelegate$BeanPostProcessorChecker - Bean 'com.baomidou.dynamic.datasource.spring.boot.autoconfigure.DynamicDataSourceAutoConfiguration' of type [com.baomidou.dynamic.datasource.spring.boot.autoconfigure.DynamicDataSourceAutoConfiguration$$EnhancerBySpringCGLIB$$902c712a] is not eligible for getting processed by all BeanPostProcessors (for example: not eligible for auto-proxying)
2021-01-18 14:23:47.356 [main] INFO  o.s.c.s.PostProcessorRegistrationDelegate$BeanPostProcessorChecker - Bean 'dsProcessor' of type [com.baomidou.dynamic.datasource.processor.DsHeaderProcessor] is not eligible for getting processed by all BeanPostProcessors (for example: not eligible for auto-proxying)
2021-01-18 14:23:47.448 [main] INFO  o.s.c.s.PostProcessorRegistrationDelegate$BeanPostProcessorChecker - Bean 'org.springframework.security.access.expression.method.DefaultMethodSecurityExpressionHandler@11c88cca' of type [org.springframework.security.access.expression.method.DefaultMethodSecurityExpressionHandler] is not eligible for getting processed by all BeanPostProcessors (for example: not eligible for auto-proxying)
2021-01-18 14:23:47.455 [main] INFO  o.s.c.s.PostProcessorRegistrationDelegate$BeanPostProcessorChecker - Bean 'methodSecurityMetadataSource' of type [org.springframework.security.access.method.DelegatingMethodSecurityMetadataSource] is not eligible for getting processed by all BeanPostProcessors (for example: not eligible for auto-proxying)
2021-01-18 14:23:47.785 [main] INFO  o.s.boot.web.embedded.tomcat.TomcatWebServer - Tomcat initialized with port(s): 8666 (http)
2021-01-18 14:23:47.794 [main] INFO  org.apache.coyote.http11.Http11NioProtocol - Initializing ProtocolHandler ["http-nio-8666"]
2021-01-18 14:23:47.795 [main] INFO  org.apache.catalina.core.StandardService - Starting service [Tomcat]
2021-01-18 14:23:47.795 [main] INFO  org.apache.catalina.core.StandardEngine - Starting Servlet engine: [Apache Tomcat/9.0.41]
2021-01-18 14:23:47.899 [main] INFO  o.a.c.core.ContainerBase.[Tomcat].[localhost].[/] - Initializing Spring embedded WebApplicationContext
2021-01-18 14:23:47.900 [main] INFO  o.s.b.w.s.c.ServletWebServerApplicationContext - Root WebApplicationContext: initialization completed in 2135 ms
2021-01-18 14:23:48.249 [main] INFO  com.zaxxer.hikari.HikariDataSource - master - Starting...
2021-01-18 14:23:48.627 [main] INFO  com.zaxxer.hikari.HikariDataSource - master - Start completed.
2021-01-18 14:23:48.628 [main] INFO  com.zaxxer.hikari.HikariDataSource - slave_1 - Starting...
2021-01-18 14:23:48.654 [main] INFO  com.zaxxer.hikari.HikariDataSource - slave_1 - Start completed.
2021-01-18 14:23:48.654 [main] INFO  com.zaxxer.hikari.HikariDataSource - slave_2 - Starting...
2021-01-18 14:23:48.677 [main] INFO  com.zaxxer.hikari.HikariDataSource - slave_2 - Start completed.
2021-01-18 14:23:48.677 [main] INFO  com.zaxxer.hikari.HikariDataSource - slave_3 - Starting...
2021-01-18 14:23:48.700 [main] INFO  com.zaxxer.hikari.HikariDataSource - slave_3 - Start completed.
2021-01-18 14:23:48.701 [main] INFO  com.zaxxer.hikari.HikariDataSource - slave_4 - Starting...
2021-01-18 14:23:48.724 [main] INFO  com.zaxxer.hikari.HikariDataSource - slave_4 - Start completed.
2021-01-18 14:23:48.724 [main] INFO  com.zaxxer.hikari.HikariDataSource - slave_5 - Starting...
2021-01-18 14:23:48.747 [main] INFO  com.zaxxer.hikari.HikariDataSource - slave_5 - Start completed.
2021-01-18 14:23:48.748 [main] INFO  c.b.dynamic.datasource.DynamicRoutingDataSource - dynamic-datasource - load a datasource named [slave_4] success
2021-01-18 14:23:48.748 [main] INFO  c.b.dynamic.datasource.DynamicRoutingDataSource - dynamic-datasource - load a datasource named [slave_5] success
2021-01-18 14:23:48.748 [main] INFO  c.b.dynamic.datasource.DynamicRoutingDataSource - dynamic-datasource - load a datasource named [slave_2] success
2021-01-18 14:23:48.748 [main] INFO  c.b.dynamic.datasource.DynamicRoutingDataSource - dynamic-datasource - load a datasource named [slave_3] success
2021-01-18 14:23:48.748 [main] INFO  c.b.dynamic.datasource.DynamicRoutingDataSource - dynamic-datasource - load a datasource named [master] success
2021-01-18 14:23:48.748 [main] INFO  c.b.dynamic.datasource.DynamicRoutingDataSource - dynamic-datasource - load a datasource named [slave_1] success
2021-01-18 14:23:48.748 [main] INFO  c.b.dynamic.datasource.DynamicRoutingDataSource - dynamic-datasource initial loaded [6] datasource,primary datasource named [master]
2021-01-18 14:23:50.890 [main] INFO  o.s.security.web.DefaultSecurityFilterChain - Will secure any request with [org.springframework.security.web.context.request.async.WebAsyncManagerIntegrationFilter@17ea3bc0, org.springframework.security.web.context.SecurityContextPersistenceFilter@198c0f1c, org.springframework.security.web.header.HeaderWriterFilter@6c2fea95, org.springframework.security.web.authentication.logout.LogoutFilter@5e66733b, com.bob.identification.security.component.JwtAuthenticationTokenFilter@1c2fb9e8, org.springframework.security.web.savedrequest.RequestCacheAwareFilter@77e5c765, org.springframework.security.web.servletapi.SecurityContextHolderAwareRequestFilter@2d758472, org.springframework.security.web.authentication.AnonymousAuthenticationFilter@4d93e5bf, org.springframework.security.web.session.SessionManagementFilter@51c4992e, org.springframework.security.web.access.ExceptionTranslationFilter@619854a3, com.bob.identification.security.component.DynamicSecurityFilter@776d8097, org.springframework.security.web.access.intercept.FilterSecurityInterceptor@70f76276]
2021-01-18 14:23:50.915 [main] INFO  s.d.s.w.PropertySourcedRequestMappingHandlerMapping - Mapped URL path [/v2/api-docs] onto method [springfox.documentation.swagger2.web.Swagger2Controller#getDocumentation(String, HttpServletRequest)]
2021-01-18 14:23:51.142 [main] INFO  o.s.scheduling.concurrent.ThreadPoolTaskExecutor - Initializing ExecutorService 'applicationTaskExecutor'
2021-01-18 14:23:51.803 [main] INFO  org.apache.coyote.http11.Http11NioProtocol - Starting ProtocolHandler ["http-nio-8666"]
2021-01-18 14:23:51.821 [main] INFO  o.s.boot.web.embedded.tomcat.TomcatWebServer - Tomcat started on port(s): 8666 (http) with context path ''
2021-01-18 14:23:51.821 [main] INFO  s.d.s.web.plugins.DocumentationPluginsBootstrapper - Context refreshed
2021-01-18 14:23:51.836 [main] INFO  s.d.s.web.plugins.DocumentationPluginsBootstrapper - Found 1 custom documentation plugin(s)
2021-01-18 14:23:51.863 [main] INFO  s.d.spring.web.scanners.ApiListingReferenceScanner - Scanning for api listing references
2021-01-18 14:23:51.982 [main] INFO  s.d.s.w.r.operation.CachingOperationNameGenerator - Generating unique operation named: addUsingPOST_1
2021-01-18 14:23:51.983 [main] INFO  s.d.s.w.r.operation.CachingOperationNameGenerator - Generating unique operation named: deleteUsingPOST_1
2021-01-18 14:23:51.984 [main] INFO  s.d.s.w.r.operation.CachingOperationNameGenerator - Generating unique operation named: listUsingGET_1
2021-01-18 14:23:51.997 [main] INFO  s.d.s.w.r.operation.CachingOperationNameGenerator - Generating unique operation named: addUsingPOST_2
2021-01-18 14:23:51.998 [main] INFO  s.d.s.w.r.operation.CachingOperationNameGenerator - Generating unique operation named: deleteUsingPOST_2
2021-01-18 14:23:51.999 [main] INFO  s.d.s.w.r.operation.CachingOperationNameGenerator - Generating unique operation named: listUsingGET_2
2021-01-18 14:23:52.000 [main] INFO  s.d.s.w.r.operation.CachingOperationNameGenerator - Generating unique operation named: updateUsingPOST_1
2021-01-18 14:23:52.004 [main] INFO  s.d.s.w.r.operation.CachingOperationNameGenerator - Generating unique operation named: deleteUsingPOST_3
2021-01-18 14:23:52.033 [main] INFO  s.d.s.w.r.operation.CachingOperationNameGenerator - Generating unique operation named: listUsingGET_3
2021-01-18 14:23:52.053 [main] INFO  s.d.s.w.r.operation.CachingOperationNameGenerator - Generating unique operation named: updateStatusUsingPOST_1
2021-01-18 14:23:52.059 [main] INFO  s.d.s.w.r.operation.CachingOperationNameGenerator - Generating unique operation named: deleteUsingPOST_4
2021-01-18 14:23:52.064 [main] INFO  s.d.s.w.r.operation.CachingOperationNameGenerator - Generating unique operation named: getItemUsingGET_1
2021-01-18 14:23:52.070 [main] INFO  s.d.s.w.r.operation.CachingOperationNameGenerator - Generating unique operation named: listUsingGET_4
2021-01-18 14:23:52.077 [main] INFO  s.d.s.w.r.operation.CachingOperationNameGenerator - Generating unique operation named: updateUsingPOST_2
2021-01-18 14:23:52.081 [main] INFO  s.d.s.w.r.operation.CachingOperationNameGenerator - Generating unique operation named: createUsingPOST_1
2021-01-18 14:23:52.082 [main] INFO  s.d.s.w.r.operation.CachingOperationNameGenerator - Generating unique operation named: deleteUsingPOST_5
2021-01-18 14:23:52.086 [main] INFO  s.d.s.w.r.operation.CachingOperationNameGenerator - Generating unique operation named: listAllUsingGET_1
2021-01-18 14:23:52.087 [main] INFO  s.d.s.w.r.operation.CachingOperationNameGenerator - Generating unique operation named: updateUsingPOST_3
2021-01-18 14:23:52.092 [main] INFO  s.d.s.w.r.operation.CachingOperationNameGenerator - Generating unique operation named: createUsingPOST_2
2021-01-18 14:23:52.093 [main] INFO  s.d.s.w.r.operation.CachingOperationNameGenerator - Generating unique operation named: deleteUsingPOST_6
2021-01-18 14:23:52.098 [main] INFO  s.d.s.w.r.operation.CachingOperationNameGenerator - Generating unique operation named: getItemUsingGET_2
2021-01-18 14:23:52.102 [main] INFO  s.d.s.w.r.operation.CachingOperationNameGenerator - Generating unique operation named: listUsingGET_5
2021-01-18 14:23:52.105 [main] INFO  s.d.s.w.r.operation.CachingOperationNameGenerator - Generating unique operation named: listAllUsingGET_2
2021-01-18 14:23:52.106 [main] INFO  s.d.s.w.r.operation.CachingOperationNameGenerator - Generating unique operation named: updateUsingPOST_4
2021-01-18 14:23:52.112 [main] INFO  s.d.s.w.r.operation.CachingOperationNameGenerator - Generating unique operation named: createUsingPOST_3
2021-01-18 14:23:52.113 [main] INFO  s.d.s.w.r.operation.CachingOperationNameGenerator - Generating unique operation named: deleteUsingPOST_7
2021-01-18 14:23:52.117 [main] INFO  s.d.s.w.r.operation.CachingOperationNameGenerator - Generating unique operation named: listUsingGET_6
2021-01-18 14:23:52.118 [main] INFO  s.d.s.w.r.operation.CachingOperationNameGenerator - Generating unique operation named: listAllUsingGET_3
2021-01-18 14:23:52.122 [main] INFO  s.d.s.w.r.operation.CachingOperationNameGenerator - Generating unique operation named: updateUsingPOST_5
2021-01-18 14:23:52.123 [main] INFO  s.d.s.w.r.operation.CachingOperationNameGenerator - Generating unique operation named: updateStatusUsingPOST_2
2021-01-18 14:23:52.147 [main] INFO  c.b.identification.IdentificationAdminApplication - Started IdentificationAdminApplication in 6.994 seconds (JVM running for 8.272)
2021-01-18 14:26:47.531 [http-nio-8666-exec-1] INFO  o.a.c.core.ContainerBase.[Tomcat].[localhost].[/] - Initializing Spring DispatcherServlet 'dispatcherServlet'
2021-01-18 14:26:47.531 [http-nio-8666-exec-1] INFO  org.springframework.web.servlet.DispatcherServlet - Initializing Servlet 'dispatcherServlet'
2021-01-18 14:26:47.533 [http-nio-8666-exec-1] INFO  org.springframework.web.servlet.DispatcherServlet - Completed initialization in 2 ms
2021-01-18 14:26:48.181 [http-nio-8666-exec-1] INFO  com.bob.identification.common.log.WebLogAspect - {"method":"POST","ip":"littlebob","description":"登录后返回token","uri":"/admin/login","url":"http://192.168.0.48:8666/admin/login","result":{"code":200,"data":{"token":"eyJhbGciOiJIUzUxMiJ9.eyJzdWIiOiJsaXR0bGVib2IiLCJjcmVhdGVkIjoxNjEwOTUxMjA4MTA3LCJleHAiOjE2MTE1NTYwMDh9.OHjlqqsRKJlGyQcYKgdVenKymtfM-Ws-IAXIRpD1tohdecFDM1pqI57nOVkbQSy6zaTCQogPd2-dIS66VAsRXw","tokenHead":"Bearer "},"message":"操作成功"},"basePath":"http://192.168.0.48:8666","parameter":{"password":"wsd2586","username":"littlebob"},"startTime":1610951207658,"spendTime":491}
2021-01-18 14:26:48.261 [http-nio-8666-exec-2] INFO  c.b.i.s.component.JwtAuthenticationTokenFilter - checking username:littlebob
2021-01-18 14:26:48.284 [http-nio-8666-exec-2] INFO  c.b.i.s.component.JwtAuthenticationTokenFilter - authenticated user:littlebob
2021-01-18 14:26:48.320 [http-nio-8666-exec-2] INFO  com.bob.identification.common.log.WebLogAspect - {"method":"GET","ip":"littlebob","description":"获取当前登录用户信息","uri":"/admin/info","url":"http://192.168.0.48:8666/admin/info","result":{"code":200,"data":{"roles":["超级管理员"],"avatar":"","phone":"13422142586","nickname":"摇滚小白呀","name":"littlebob","menus":[{"hidden":0,"level":0,"icon":"ums","updateTime":1598686735000,"sort":0,"title":"权限管理","parentId":0,"createTime":1598686735000,"name":"ums","id":10},{"hidden":0,"level":0,"icon":"ums-admin","updateTime":1598686841000,"sort":0,"title":"用户管理","parentId":10,"createTime":1598686841000,"name":"admin","id":11},{"hidden":0,"level":0,"icon":"ums-role","updateTime":1598687248000,"sort":0,"title":"角色管理","parentId":10,"createTime":1598687248000,"name":"role","id":12},{"hidden":0,"level":0,"icon":"ums-menu","updateTime":1598687271000,"sort":0,"title":"菜单管理","parentId":10,"createTime":1598687271000,"name":"menu","id":13},{"hidden":0,"level":1,"icon":"ums-resource","updateTime":1598687596000,"sort":0,"title":"资源管理","parentId":10,"createTime":1598687294000,"name":"resource","id":14},{"hidden":0,"level":0,"icon":"antifake","updateTime":1598693852000,"sort":0,"title":"防伪管理","parentId":0,"createTime":1598693852000,"name":"antifake","id":15},{"hidden":0,"level":1,"icon":"antifake-brand","updateTime":1598693877000,"sort":0,"title":"品牌管理","parentId":15,"createTime":1598693877000,"name":"brand","id":16},{"hidden":0,"level":1,"icon":"antifake-code","updateTime":1599615658000,"sort":0,"title":"防伪码管理","parentId":15,"createTime":1599615658000,"name":"code","id":17},{"hidden":0,"level":1,"icon":"antifake-config","updateTime":1601950698000,"sort":0,"title":"提示管理","parentId":15,"createTime":1601950698000,"name":"config","id":18},{"hidden":0,"level":1,"icon":"antifake-batch","updateTime":1609209431000,"sort":0,"title":"批次管理","parentId":15,"createTime":1609209431000,"name":"batch","id":19}],"email":"869674151@qq.com","introduction":"默认介绍：xxxx"},"message":"操作成功"},"basePath":"http://192.168.0.48:8666","startTime":1610951208286,"spendTime":27}
2021-01-18 14:26:48.846 [http-nio-8666-exec-3] INFO  c.b.i.s.component.JwtAuthenticationTokenFilter - checking username:littlebob
2021-01-18 14:26:48.853 [http-nio-8666-exec-3] INFO  c.b.i.s.component.JwtAuthenticationTokenFilter - authenticated user:littlebob
2021-01-18 14:26:48.900 [http-nio-8666-exec-3] INFO  com.bob.identification.common.log.WebLogAspect - {"method":"GET","ip":"littlebob","description":"访问人数","uri":"/visit/visitNumber","url":"http://192.168.0.48:8666/visit/visitNumber","result":{"code":200,"data":1,"message":"操作成功"},"basePath":"http://192.168.0.48:8666","startTime":1610951208857,"spendTime":40}
2021-01-18 14:26:52.523 [http-nio-8666-exec-4] INFO  c.b.i.s.component.JwtAuthenticationTokenFilter - checking username:littlebob
2021-01-18 14:26:52.537 [http-nio-8666-exec-4] INFO  c.b.i.s.component.JwtAuthenticationTokenFilter - authenticated user:littlebob
2021-01-18 14:26:52.552 [http-nio-8666-exec-4] INFO  com.bob.identification.common.log.WebLogAspect - {"method":"GET","ip":"littlebob","description":"获取当前登录用户信息","uri":"/admin/info","url":"http://192.168.0.48:8666/admin/info","result":{"code":200,"data":{"roles":["超级管理员"],"avatar":"","phone":"13422142586","nickname":"摇滚小白呀","name":"littlebob","menus":[{"hidden":0,"level":0,"icon":"ums","updateTime":1598686735000,"sort":0,"title":"权限管理","parentId":0,"createTime":1598686735000,"name":"ums","id":10},{"hidden":0,"level":0,"icon":"ums-admin","updateTime":1598686841000,"sort":0,"title":"用户管理","parentId":10,"createTime":1598686841000,"name":"admin","id":11},{"hidden":0,"level":0,"icon":"ums-role","updateTime":1598687248000,"sort":0,"title":"角色管理","parentId":10,"createTime":1598687248000,"name":"role","id":12},{"hidden":0,"level":0,"icon":"ums-menu","updateTime":1598687271000,"sort":0,"title":"菜单管理","parentId":10,"createTime":1598687271000,"name":"menu","id":13},{"hidden":0,"level":1,"icon":"ums-resource","updateTime":1598687596000,"sort":0,"title":"资源管理","parentId":10,"createTime":1598687294000,"name":"resource","id":14},{"hidden":0,"level":0,"icon":"antifake","updateTime":1598693852000,"sort":0,"title":"防伪管理","parentId":0,"createTime":1598693852000,"name":"antifake","id":15},{"hidden":0,"level":1,"icon":"antifake-brand","updateTime":1598693877000,"sort":0,"title":"品牌管理","parentId":15,"createTime":1598693877000,"name":"brand","id":16},{"hidden":0,"level":1,"icon":"antifake-code","updateTime":1599615658000,"sort":0,"title":"防伪码管理","parentId":15,"createTime":1599615658000,"name":"code","id":17},{"hidden":0,"level":1,"icon":"antifake-config","updateTime":1601950698000,"sort":0,"title":"提示管理","parentId":15,"createTime":1601950698000,"name":"config","id":18},{"hidden":0,"level":1,"icon":"antifake-batch","updateTime":1609209431000,"sort":0,"title":"批次管理","parentId":15,"createTime":1609209431000,"name":"batch","id":19}],"email":"869674151@qq.com","introduction":"默认介绍：xxxx"},"message":"操作成功"},"basePath":"http://192.168.0.48:8666","startTime":1610951212538,"spendTime":12}
2021-01-18 14:26:52.776 [http-nio-8666-exec-5] INFO  c.b.i.s.component.JwtAuthenticationTokenFilter - checking username:littlebob
2021-01-18 14:26:52.784 [http-nio-8666-exec-5] INFO  c.b.i.s.component.JwtAuthenticationTokenFilter - authenticated user:littlebob
2021-01-18 14:26:52.789 [http-nio-8666-exec-5] INFO  com.bob.identification.common.log.WebLogAspect - {"method":"GET","ip":"littlebob","description":"访问人数","uri":"/visit/visitNumber","url":"http://192.168.0.48:8666/visit/visitNumber","result":{"code":200,"data":1,"message":"操作成功"},"basePath":"http://192.168.0.48:8666","startTime":1610951212786,"spendTime":2}
2021-01-18 14:27:20.471 [http-nio-8666-exec-6] INFO  c.b.i.s.component.JwtAuthenticationTokenFilter - checking username:littlebob
2021-01-18 14:27:20.479 [http-nio-8666-exec-6] INFO  c.b.i.s.component.JwtAuthenticationTokenFilter - authenticated user:littlebob
2021-01-18 14:27:20.551 [http-nio-8666-exec-6] INFO  com.bob.identification.common.log.WebLogAspect - {"method":"GET","ip":"littlebob","description":"查询","uri":"/code/query","url":"http://192.168.0.48:8666/code/query","result":{"code":200,"data":{"totalPage":1,"pageSize":1,"list":[{"isReal":"真","serialNumber":"501694024308868","result":"The anti-counterfeiting code 501694024308868 has been verified , the first inquiry time was （0）. Please beware of counterfeiting.","status":"有效"}],"pageNum":1,"total":1},"message":"操作成功"},"basePath":"http://192.168.0.48:8666","parameter":{"":"501694024308868"},"startTime":1610951240486,"spendTime":65}
2021-01-18 14:32:26.697 [http-nio-8666-exec-7] INFO  c.b.i.s.component.JwtAuthenticationTokenFilter - checking username:littlebob
2021-01-18 14:32:26.704 [http-nio-8666-exec-7] INFO  c.b.i.s.component.JwtAuthenticationTokenFilter - authenticated user:littlebob
2021-01-18 14:34:30.438 [http-nio-8666-exec-7] INFO  com.bob.identification.common.log.WebLogAspect - {"method":"GET","ip":"littlebob","description":"查询","uri":"/code/query","url":"http://192.168.0.48:8666/code/query","result":{"code":200,"data":{"totalPage":1,"pageSize":1,"list":[{"isReal":"真","serialNumber":"501694024308868","result":"Dear customer, the anti-counterfeiting code is 501694024308868, belongs to LAIKOU products, you can feel free to use it. Thank you for your inquiry.","status":"有效"}],"pageNum":1,"total":1},"message":"操作成功"},"basePath":"http://192.168.0.48:8666","parameter":{"":"501694024308868"},"startTime":1610951546705,"spendTime":123733}
2021-01-18 14:34:49.640 [http-nio-8666-exec-8] INFO  c.b.i.s.component.JwtAuthenticationTokenFilter - checking username:littlebob
2021-01-18 14:34:49.646 [http-nio-8666-exec-8] INFO  c.b.i.s.component.JwtAuthenticationTokenFilter - authenticated user:littlebob
2021-01-18 14:34:53.861 [http-nio-8666-exec-8] INFO  com.bob.identification.common.log.WebLogAspect - {"method":"GET","ip":"littlebob","description":"查询","uri":"/code/query","url":"http://192.168.0.48:8666/code/query","result":{"code":200,"data":{"totalPage":1,"pageSize":1,"list":[{"isReal":"真","serialNumber":"501694024308868","result":"The anti-counterfeiting code 501694024308868 has been verified , the first inquiry time was （2）. Please beware of counterfeiting.","status":"有效"}],"pageNum":1,"total":1},"message":"操作成功"},"basePath":"http://192.168.0.48:8666","parameter":{"":"501694024308868"},"startTime":1610951689647,"spendTime":4214}
2021-01-18 14:35:12.618 [http-nio-8666-exec-9] INFO  c.b.i.s.component.JwtAuthenticationTokenFilter - checking username:littlebob
2021-01-18 14:35:12.626 [http-nio-8666-exec-9] INFO  c.b.i.s.component.JwtAuthenticationTokenFilter - authenticated user:littlebob
2021-01-18 14:35:22.913 [http-nio-8666-exec-9] INFO  com.bob.identification.common.log.WebLogAspect - {"method":"GET","ip":"littlebob","description":"查询","uri":"/code/query","url":"http://192.168.0.48:8666/code/query","result":{"code":200,"data":{"totalPage":1,"pageSize":1,"list":[{"isReal":"真","serialNumber":"501399911836877","result":"The anti-counterfeiting code 501399911836877 has been verified , the first inquiry time was （0）. Please beware of counterfeiting.","status":"有效"}],"pageNum":1,"total":1},"message":"操作成功"},"basePath":"http://192.168.0.48:8666","parameter":{"":"501399911836877"},"startTime":1610951712627,"spendTime":10286}
2021-01-18 14:36:56.313 [http-nio-8666-exec-10] INFO  c.b.i.s.component.JwtAuthenticationTokenFilter - checking username:littlebob
2021-01-18 14:36:56.319 [http-nio-8666-exec-10] INFO  c.b.i.s.component.JwtAuthenticationTokenFilter - authenticated user:littlebob
2021-01-18 14:37:02.856 [http-nio-8666-exec-10] INFO  com.bob.identification.common.log.WebLogAspect - {"method":"GET","ip":"littlebob","description":"查询","uri":"/code/query","url":"http://192.168.0.48:8666/code/query","result":{"code":200,"data":{"totalPage":1,"pageSize":1,"list":[{"isReal":"真","serialNumber":"501399911836877","result":"Dear customer, the anti-counterfeiting code is 501399911836877, belongs to LAIKOU products, you can feel free to use it. Thank you for your inquiry.","status":"有效"}],"pageNum":1,"total":1},"message":"操作成功"},"basePath":"http://192.168.0.48:8666","parameter":{"":"501399911836877"},"startTime":1610951816320,"spendTime":6536}
2021-01-18 14:37:18.099 [http-nio-8666-exec-1] INFO  c.b.i.s.component.JwtAuthenticationTokenFilter - checking username:littlebob
2021-01-18 14:37:18.107 [http-nio-8666-exec-1] INFO  c.b.i.s.component.JwtAuthenticationTokenFilter - authenticated user:littlebob
2021-01-18 14:40:37.880 [http-nio-8666-exec-2] INFO  c.b.i.s.component.JwtAuthenticationTokenFilter - checking username:littlebob
2021-01-18 14:40:38.744 [http-nio-8666-exec-2] INFO  c.b.i.s.component.JwtAuthenticationTokenFilter - authenticated user:littlebob
2021-01-18 14:40:38.746 [http-nio-8666-exec-1] INFO  com.bob.identification.common.log.WebLogAspect - {"method":"GET","ip":"littlebob","description":"查询","uri":"/code/query","url":"http://192.168.0.48:8666/code/query","result":{"code":200,"data":{"totalPage":1,"pageSize":1,"list":[{"isReal":"真","serialNumber":"501568322993291","result":"The anti-counterfeiting code 501568322993291 has been verified , the first inquiry time was （0）. Please beware of counterfeiting.","status":"有效"}],"pageNum":1,"total":1},"message":"操作成功"},"basePath":"http://192.168.0.48:8666","parameter":{"":"501568322993291"},"startTime":1610951838108,"spendTime":200637}
2021-01-18 14:40:39.359 [http-nio-8666-exec-2] INFO  com.bob.identification.common.log.WebLogAspect - {"method":"GET","ip":"littlebob","description":"查询","uri":"/code/query","url":"http://192.168.0.48:8666/code/query","result":{"code":200,"data":{"totalPage":1,"pageSize":1,"list":[{"isReal":"真","serialNumber":"501568322993291","result":"Dear customer, the anti-counterfeiting code is 501568322993291, belongs to LAIKOU products, you can feel free to use it. Thank you for your inquiry.","status":"有效"}],"pageNum":1,"total":1},"message":"操作成功"},"basePath":"http://192.168.0.48:8666","parameter":{"":"501568322993291"},"startTime":1610952038746,"spendTime":613}
2021-01-18 14:42:29.491 [SpringContextShutdownHook] INFO  o.s.scheduling.concurrent.ThreadPoolTaskExecutor - Shutting down ExecutorService 'applicationTaskExecutor'
2021-01-18 14:42:29.708 [SpringContextShutdownHook] INFO  c.b.dynamic.datasource.DynamicRoutingDataSource - dynamic-datasource start closing ....
2021-01-18 14:42:29.708 [SpringContextShutdownHook] INFO  com.zaxxer.hikari.HikariDataSource - slave_4 - Shutdown initiated...
2021-01-18 14:42:29.712 [SpringContextShutdownHook] INFO  com.zaxxer.hikari.HikariDataSource - slave_4 - Shutdown completed.
2021-01-18 14:42:29.712 [SpringContextShutdownHook] INFO  com.zaxxer.hikari.HikariDataSource - slave_5 - Shutdown initiated...
2021-01-18 14:42:29.716 [SpringContextShutdownHook] INFO  com.zaxxer.hikari.HikariDataSource - slave_5 - Shutdown completed.
2021-01-18 14:42:29.716 [SpringContextShutdownHook] INFO  com.zaxxer.hikari.HikariDataSource - slave_2 - Shutdown initiated...
2021-01-18 14:42:29.718 [SpringContextShutdownHook] INFO  com.zaxxer.hikari.HikariDataSource - slave_2 - Shutdown completed.
2021-01-18 14:42:29.718 [SpringContextShutdownHook] INFO  com.zaxxer.hikari.HikariDataSource - slave_3 - Shutdown initiated...
2021-01-18 14:42:29.721 [SpringContextShutdownHook] INFO  com.zaxxer.hikari.HikariDataSource - slave_3 - Shutdown completed.
2021-01-18 14:42:29.721 [SpringContextShutdownHook] INFO  com.zaxxer.hikari.HikariDataSource - master - Shutdown initiated...
2021-01-18 14:42:29.723 [SpringContextShutdownHook] INFO  com.zaxxer.hikari.HikariDataSource - master - Shutdown completed.
2021-01-18 14:42:29.723 [SpringContextShutdownHook] INFO  com.zaxxer.hikari.HikariDataSource - slave_1 - Shutdown initiated...
2021-01-18 14:42:29.725 [SpringContextShutdownHook] INFO  com.zaxxer.hikari.HikariDataSource - slave_1 - Shutdown completed.
2021-01-18 14:42:29.725 [SpringContextShutdownHook] INFO  c.b.dynamic.datasource.DynamicRoutingDataSource - dynamic-datasource all closed success,bye
2021-01-18 14:42:33.908 [background-preinit] INFO  org.hibernate.validator.internal.util.Version - HV000001: Hibernate Validator 6.1.6.Final
2021-01-18 14:42:33.912 [main] INFO  c.b.identification.IdentificationAdminApplication - Starting IdentificationAdminApplication using Java 1.8.0_221 on bob with PID 19360 (F:\my\springboot\identification\identification-admin\target\classes started by Administrator in F:\my\springboot\identification)
2021-01-18 14:42:33.914 [main] INFO  c.b.identification.IdentificationAdminApplication - The following profiles are active: dev
2021-01-18 14:42:34.929 [main] INFO  o.s.d.r.config.RepositoryConfigurationDelegate - Multiple Spring Data modules found, entering strict repository configuration mode!
2021-01-18 14:42:34.931 [main] INFO  o.s.d.r.config.RepositoryConfigurationDelegate - Bootstrapping Spring Data Redis repositories in DEFAULT mode.
2021-01-18 14:42:34.963 [main] INFO  o.s.d.r.config.RepositoryConfigurationDelegate - Finished Spring Data repository scanning in 20 ms. Found 0 Redis repository interfaces.
2021-01-18 14:42:35.397 [main] INFO  o.s.c.s.PostProcessorRegistrationDelegate$BeanPostProcessorChecker - Bean 'spring.datasource.dynamic-com.baomidou.dynamic.datasource.spring.boot.autoconfigure.DynamicDataSourceProperties' of type [com.baomidou.dynamic.datasource.spring.boot.autoconfigure.DynamicDataSourceProperties] is not eligible for getting processed by all BeanPostProcessors (for example: not eligible for auto-proxying)
2021-01-18 14:42:35.404 [main] INFO  o.s.c.s.PostProcessorRegistrationDelegate$BeanPostProcessorChecker - Bean 'com.baomidou.dynamic.datasource.spring.boot.autoconfigure.DynamicDataSourceAutoConfiguration' of type [com.baomidou.dynamic.datasource.spring.boot.autoconfigure.DynamicDataSourceAutoConfiguration$$EnhancerBySpringCGLIB$$dc5c1740] is not eligible for getting processed by all BeanPostProcessors (for example: not eligible for auto-proxying)
2021-01-18 14:42:35.417 [main] INFO  o.s.c.s.PostProcessorRegistrationDelegate$BeanPostProcessorChecker - Bean 'dsProcessor' of type [com.baomidou.dynamic.datasource.processor.DsHeaderProcessor] is not eligible for getting processed by all BeanPostProcessors (for example: not eligible for auto-proxying)
2021-01-18 14:42:35.498 [main] INFO  o.s.c.s.PostProcessorRegistrationDelegate$BeanPostProcessorChecker - Bean 'org.springframework.security.access.expression.method.DefaultMethodSecurityExpressionHandler@20440c6c' of type [org.springframework.security.access.expression.method.DefaultMethodSecurityExpressionHandler] is not eligible for getting processed by all BeanPostProcessors (for example: not eligible for auto-proxying)
2021-01-18 14:42:35.506 [main] INFO  o.s.c.s.PostProcessorRegistrationDelegate$BeanPostProcessorChecker - Bean 'methodSecurityMetadataSource' of type [org.springframework.security.access.method.DelegatingMethodSecurityMetadataSource] is not eligible for getting processed by all BeanPostProcessors (for example: not eligible for auto-proxying)
2021-01-18 14:42:35.815 [main] INFO  o.s.boot.web.embedded.tomcat.TomcatWebServer - Tomcat initialized with port(s): 8666 (http)
2021-01-18 14:42:35.825 [main] INFO  org.apache.coyote.http11.Http11NioProtocol - Initializing ProtocolHandler ["http-nio-8666"]
2021-01-18 14:42:35.826 [main] INFO  org.apache.catalina.core.StandardService - Starting service [Tomcat]
2021-01-18 14:42:35.826 [main] INFO  org.apache.catalina.core.StandardEngine - Starting Servlet engine: [Apache Tomcat/9.0.41]
2021-01-18 14:42:35.938 [main] INFO  o.a.c.core.ContainerBase.[Tomcat].[localhost].[/] - Initializing Spring embedded WebApplicationContext
2021-01-18 14:42:35.939 [main] INFO  o.s.b.w.s.c.ServletWebServerApplicationContext - Root WebApplicationContext: initialization completed in 1964 ms
2021-01-18 14:42:36.249 [main] INFO  com.zaxxer.hikari.HikariDataSource - master - Starting...
2021-01-18 14:42:36.572 [main] INFO  com.zaxxer.hikari.HikariDataSource - master - Start completed.
2021-01-18 14:42:36.573 [main] INFO  com.zaxxer.hikari.HikariDataSource - slave_1 - Starting...
2021-01-18 14:42:36.597 [main] INFO  com.zaxxer.hikari.HikariDataSource - slave_1 - Start completed.
2021-01-18 14:42:36.597 [main] INFO  com.zaxxer.hikari.HikariDataSource - slave_2 - Starting...
2021-01-18 14:42:36.621 [main] INFO  com.zaxxer.hikari.HikariDataSource - slave_2 - Start completed.
2021-01-18 14:42:36.621 [main] INFO  com.zaxxer.hikari.HikariDataSource - slave_3 - Starting...
2021-01-18 14:42:36.643 [main] INFO  com.zaxxer.hikari.HikariDataSource - slave_3 - Start completed.
2021-01-18 14:42:36.644 [main] INFO  com.zaxxer.hikari.HikariDataSource - slave_4 - Starting...
2021-01-18 14:42:36.667 [main] INFO  com.zaxxer.hikari.HikariDataSource - slave_4 - Start completed.
2021-01-18 14:42:36.667 [main] INFO  com.zaxxer.hikari.HikariDataSource - slave_5 - Starting...
2021-01-18 14:42:36.689 [main] INFO  com.zaxxer.hikari.HikariDataSource - slave_5 - Start completed.
2021-01-18 14:42:36.690 [main] INFO  c.b.dynamic.datasource.DynamicRoutingDataSource - dynamic-datasource - load a datasource named [slave_4] success
2021-01-18 14:42:36.691 [main] INFO  c.b.dynamic.datasource.DynamicRoutingDataSource - dynamic-datasource - load a datasource named [slave_5] success
2021-01-18 14:42:36.691 [main] INFO  c.b.dynamic.datasource.DynamicRoutingDataSource - dynamic-datasource - load a datasource named [slave_2] success
2021-01-18 14:42:36.691 [main] INFO  c.b.dynamic.datasource.DynamicRoutingDataSource - dynamic-datasource - load a datasource named [slave_3] success
2021-01-18 14:42:36.691 [main] INFO  c.b.dynamic.datasource.DynamicRoutingDataSource - dynamic-datasource - load a datasource named [master] success
2021-01-18 14:42:36.691 [main] INFO  c.b.dynamic.datasource.DynamicRoutingDataSource - dynamic-datasource - load a datasource named [slave_1] success
2021-01-18 14:42:36.691 [main] INFO  c.b.dynamic.datasource.DynamicRoutingDataSource - dynamic-datasource initial loaded [6] datasource,primary datasource named [master]
2021-01-18 14:42:39.348 [main] INFO  o.s.security.web.DefaultSecurityFilterChain - Will secure any request with [org.springframework.security.web.context.request.async.WebAsyncManagerIntegrationFilter@1add3e03, org.springframework.security.web.context.SecurityContextPersistenceFilter@5c7a06ec, org.springframework.security.web.header.HeaderWriterFilter@5f5c0eda, org.springframework.security.web.authentication.logout.LogoutFilter@41bbdd8a, com.bob.identification.security.component.JwtAuthenticationTokenFilter@49153009, org.springframework.security.web.savedrequest.RequestCacheAwareFilter@137d04d8, org.springframework.security.web.servletapi.SecurityContextHolderAwareRequestFilter@33563147, org.springframework.security.web.authentication.AnonymousAuthenticationFilter@d28a235, org.springframework.security.web.session.SessionManagementFilter@7491cdae, org.springframework.security.web.access.ExceptionTranslationFilter@2e38d44e, com.bob.identification.security.component.DynamicSecurityFilter@2de7fe0e, org.springframework.security.web.access.intercept.FilterSecurityInterceptor@2d41bb5a]
2021-01-18 14:42:39.398 [main] INFO  s.d.s.w.PropertySourcedRequestMappingHandlerMapping - Mapped URL path [/v2/api-docs] onto method [springfox.documentation.swagger2.web.Swagger2Controller#getDocumentation(String, HttpServletRequest)]
2021-01-18 14:42:39.723 [main] INFO  o.s.scheduling.concurrent.ThreadPoolTaskExecutor - Initializing ExecutorService 'applicationTaskExecutor'
2021-01-18 14:42:40.732 [main] INFO  org.apache.coyote.http11.Http11NioProtocol - Starting ProtocolHandler ["http-nio-8666"]
2021-01-18 14:42:40.753 [main] INFO  o.s.boot.web.embedded.tomcat.TomcatWebServer - Tomcat started on port(s): 8666 (http) with context path ''
2021-01-18 14:42:40.755 [main] INFO  s.d.s.web.plugins.DocumentationPluginsBootstrapper - Context refreshed
2021-01-18 14:42:40.770 [main] INFO  s.d.s.web.plugins.DocumentationPluginsBootstrapper - Found 1 custom documentation plugin(s)
2021-01-18 14:42:40.800 [main] INFO  s.d.spring.web.scanners.ApiListingReferenceScanner - Scanning for api listing references
2021-01-18 14:42:40.970 [main] INFO  s.d.s.w.r.operation.CachingOperationNameGenerator - Generating unique operation named: addUsingPOST_1
2021-01-18 14:42:40.972 [main] INFO  s.d.s.w.r.operation.CachingOperationNameGenerator - Generating unique operation named: deleteUsingPOST_1
2021-01-18 14:42:40.975 [main] INFO  s.d.s.w.r.operation.CachingOperationNameGenerator - Generating unique operation named: listUsingGET_1
2021-01-18 14:42:40.993 [main] INFO  s.d.s.w.r.operation.CachingOperationNameGenerator - Generating unique operation named: addUsingPOST_2
2021-01-18 14:42:40.999 [main] INFO  s.d.s.w.r.operation.CachingOperationNameGenerator - Generating unique operation named: deleteUsingPOST_2
2021-01-18 14:42:41.005 [main] INFO  s.d.s.w.r.operation.CachingOperationNameGenerator - Generating unique operation named: listUsingGET_2
2021-01-18 14:42:41.008 [main] INFO  s.d.s.w.r.operation.CachingOperationNameGenerator - Generating unique operation named: updateUsingPOST_1
2021-01-18 14:42:41.015 [main] INFO  s.d.s.w.r.operation.CachingOperationNameGenerator - Generating unique operation named: deleteUsingPOST_3
2021-01-18 14:42:41.087 [main] INFO  s.d.s.w.r.operation.CachingOperationNameGenerator - Generating unique operation named: listUsingGET_3
2021-01-18 14:42:41.129 [main] INFO  s.d.s.w.r.operation.CachingOperationNameGenerator - Generating unique operation named: updateStatusUsingPOST_1
2021-01-18 14:42:41.135 [main] INFO  s.d.s.w.r.operation.CachingOperationNameGenerator - Generating unique operation named: deleteUsingPOST_4
2021-01-18 14:42:41.140 [main] INFO  s.d.s.w.r.operation.CachingOperationNameGenerator - Generating unique operation named: getItemUsingGET_1
2021-01-18 14:42:41.151 [main] INFO  s.d.s.w.r.operation.CachingOperationNameGenerator - Generating unique operation named: listUsingGET_4
2021-01-18 14:42:41.171 [main] INFO  s.d.s.w.r.operation.CachingOperationNameGenerator - Generating unique operation named: updateUsingPOST_2
2021-01-18 14:42:41.182 [main] INFO  s.d.s.w.r.operation.CachingOperationNameGenerator - Generating unique operation named: createUsingPOST_1
2021-01-18 14:42:41.184 [main] INFO  s.d.s.w.r.operation.CachingOperationNameGenerator - Generating unique operation named: deleteUsingPOST_5
2021-01-18 14:42:41.188 [main] INFO  s.d.s.w.r.operation.CachingOperationNameGenerator - Generating unique operation named: listAllUsingGET_1
2021-01-18 14:42:41.190 [main] INFO  s.d.s.w.r.operation.CachingOperationNameGenerator - Generating unique operation named: updateUsingPOST_3
2021-01-18 14:42:41.196 [main] INFO  s.d.s.w.r.operation.CachingOperationNameGenerator - Generating unique operation named: createUsingPOST_2
2021-01-18 14:42:41.198 [main] INFO  s.d.s.w.r.operation.CachingOperationNameGenerator - Generating unique operation named: deleteUsingPOST_6
2021-01-18 14:42:41.203 [main] INFO  s.d.s.w.r.operation.CachingOperationNameGenerator - Generating unique operation named: getItemUsingGET_2
2021-01-18 14:42:41.246 [main] INFO  s.d.s.w.r.operation.CachingOperationNameGenerator - Generating unique operation named: listUsingGET_5
2021-01-18 14:42:41.256 [main] INFO  s.d.s.w.r.operation.CachingOperationNameGenerator - Generating unique operation named: listAllUsingGET_2
2021-01-18 14:42:41.257 [main] INFO  s.d.s.w.r.operation.CachingOperationNameGenerator - Generating unique operation named: updateUsingPOST_4
2021-01-18 14:42:41.271 [main] INFO  s.d.s.w.r.operation.CachingOperationNameGenerator - Generating unique operation named: createUsingPOST_3
2021-01-18 14:42:41.273 [main] INFO  s.d.s.w.r.operation.CachingOperationNameGenerator - Generating unique operation named: deleteUsingPOST_7
2021-01-18 14:42:41.278 [main] INFO  s.d.s.w.r.operation.CachingOperationNameGenerator - Generating unique operation named: listUsingGET_6
2021-01-18 14:42:41.281 [main] INFO  s.d.s.w.r.operation.CachingOperationNameGenerator - Generating unique operation named: listAllUsingGET_3
2021-01-18 14:42:41.288 [main] INFO  s.d.s.w.r.operation.CachingOperationNameGenerator - Generating unique operation named: updateUsingPOST_5
2021-01-18 14:42:41.290 [main] INFO  s.d.s.w.r.operation.CachingOperationNameGenerator - Generating unique operation named: updateStatusUsingPOST_2
2021-01-18 14:42:41.320 [main] INFO  c.b.identification.IdentificationAdminApplication - Started IdentificationAdminApplication in 7.99 seconds (JVM running for 8.654)
2021-01-18 14:46:00.754 [http-nio-8666-exec-2] INFO  o.a.c.core.ContainerBase.[Tomcat].[localhost].[/] - Initializing Spring DispatcherServlet 'dispatcherServlet'
2021-01-18 14:46:00.754 [http-nio-8666-exec-2] INFO  org.springframework.web.servlet.DispatcherServlet - Initializing Servlet 'dispatcherServlet'
2021-01-18 14:46:00.756 [http-nio-8666-exec-2] INFO  org.springframework.web.servlet.DispatcherServlet - Completed initialization in 2 ms
2021-01-18 14:46:00.834 [http-nio-8666-exec-2] INFO  c.b.i.s.component.JwtAuthenticationTokenFilter - checking username:littlebob
2021-01-18 14:46:01.405 [http-nio-8666-exec-2] INFO  c.b.i.s.component.JwtAuthenticationTokenFilter - authenticated user:littlebob
2021-01-18 14:46:01.499 [http-nio-8666-exec-2] INFO  com.bob.identification.common.log.WebLogAspect - {"method":"GET","ip":"littlebob","description":"获取当前登录用户信息","uri":"/admin/info","url":"http://192.168.0.48:8666/admin/info","result":{"code":200,"data":{"roles":["超级管理员"],"avatar":"","phone":"13422142586","nickname":"摇滚小白呀","name":"littlebob","menus":[{"hidden":0,"level":0,"icon":"ums","updateTime":1598686735000,"sort":0,"title":"权限管理","parentId":0,"createTime":1598686735000,"name":"ums","id":10},{"hidden":0,"level":0,"icon":"ums-admin","updateTime":1598686841000,"sort":0,"title":"用户管理","parentId":10,"createTime":1598686841000,"name":"admin","id":11},{"hidden":0,"level":0,"icon":"ums-role","updateTime":1598687248000,"sort":0,"title":"角色管理","parentId":10,"createTime":1598687248000,"name":"role","id":12},{"hidden":0,"level":0,"icon":"ums-menu","updateTime":1598687271000,"sort":0,"title":"菜单管理","parentId":10,"createTime":1598687271000,"name":"menu","id":13},{"hidden":0,"level":1,"icon":"ums-resource","updateTime":1598687596000,"sort":0,"title":"资源管理","parentId":10,"createTime":1598687294000,"name":"resource","id":14},{"hidden":0,"level":0,"icon":"antifake","updateTime":1598693852000,"sort":0,"title":"防伪管理","parentId":0,"createTime":1598693852000,"name":"antifake","id":15},{"hidden":0,"level":1,"icon":"antifake-brand","updateTime":1598693877000,"sort":0,"title":"品牌管理","parentId":15,"createTime":1598693877000,"name":"brand","id":16},{"hidden":0,"level":1,"icon":"antifake-code","updateTime":1599615658000,"sort":0,"title":"防伪码管理","parentId":15,"createTime":1599615658000,"name":"code","id":17},{"hidden":0,"level":1,"icon":"antifake-config","updateTime":1601950698000,"sort":0,"title":"提示管理","parentId":15,"createTime":1601950698000,"name":"config","id":18},{"hidden":0,"level":1,"icon":"antifake-batch","updateTime":1609209431000,"sort":0,"title":"批次管理","parentId":15,"createTime":1609209431000,"name":"batch","id":19}],"email":"869674151@qq.com","introduction":"默认介绍：xxxx"},"message":"操作成功"},"basePath":"http://192.168.0.48:8666","startTime":1610952361429,"spendTime":22}
2021-01-18 14:46:10.761 [http-nio-8666-exec-1] INFO  c.b.i.s.component.JwtAuthenticationTokenFilter - checking username:littlebob
2021-01-18 14:46:10.770 [http-nio-8666-exec-1] INFO  c.b.i.s.component.JwtAuthenticationTokenFilter - authenticated user:littlebob
2021-01-18 14:46:15.485 [http-nio-8666-exec-1] INFO  com.bob.identification.common.log.WebLogAspect - {"method":"GET","ip":"littlebob","description":"查询","uri":"/code/query","url":"http://192.168.0.48:8666/code/query","result":{"code":200,"data":{"totalPage":1,"pageSize":1,"list":[{"isReal":"真","serialNumber":"501630863099895","result":"Dear customer, the anti-counterfeiting code is 501630863099895, belongs to LAIKOU products, you can feel free to use it. Thank you for your inquiry.","status":"有效"}],"pageNum":1,"total":1},"message":"操作成功"},"basePath":"http://192.168.0.48:8666","parameter":{"":"501630863099895"},"startTime":1610952370781,"spendTime":4703}
2021-01-18 14:46:45.313 [http-nio-8666-exec-4] INFO  c.b.i.s.component.JwtAuthenticationTokenFilter - checking username:littlebob
2021-01-18 14:46:45.319 [http-nio-8666-exec-4] INFO  c.b.i.s.component.JwtAuthenticationTokenFilter - authenticated user:littlebob
2021-01-18 14:46:45.335 [http-nio-8666-exec-4] INFO  com.bob.identification.common.log.WebLogAspect - {"method":"GET","ip":"littlebob","description":"查询","uri":"/code/query","url":"http://192.168.0.48:8666/code/query","result":{"code":200,"data":{"totalPage":1,"pageSize":1,"list":[{"isReal":"真","serialNumber":"501568322993291","result":"The anti-counterfeiting code 501568322993291 has been verified , the first inquiry time was （2）. Please beware of counterfeiting.","status":"有效"}],"pageNum":1,"total":1},"message":"操作成功"},"basePath":"http://192.168.0.48:8666","parameter":{"":"501568322993291"},"startTime":1610952405320,"spendTime":15}
2021-01-18 14:46:54.436 [http-nio-8666-exec-3] INFO  c.b.i.s.component.JwtAuthenticationTokenFilter - checking username:littlebob
2021-01-18 14:46:54.447 [http-nio-8666-exec-3] INFO  c.b.i.s.component.JwtAuthenticationTokenFilter - authenticated user:littlebob
2021-01-18 14:46:54.488 [http-nio-8666-exec-3] INFO  com.bob.identification.common.log.WebLogAspect - {"method":"GET","ip":"littlebob","description":"查询","uri":"/code/query","url":"http://192.168.0.48:8666/code/query","result":{"code":200,"data":{"totalPage":1,"pageSize":1,"list":[{"isReal":"真","serialNumber":"501818481109969","result":"Dear customer, the anti-counterfeiting code is 501818481109969, belongs to LAIKOU products, you can feel free to use it. Thank you for your inquiry.","status":"有效"}],"pageNum":1,"total":1},"message":"操作成功"},"basePath":"http://192.168.0.48:8666","parameter":{"":"501818481109969"},"startTime":1610952414449,"spendTime":37}
2021-01-18 14:55:23.832 [SpringContextShutdownHook] INFO  o.s.scheduling.concurrent.ThreadPoolTaskExecutor - Shutting down ExecutorService 'applicationTaskExecutor'
2021-01-18 14:55:24.049 [SpringContextShutdownHook] INFO  c.b.dynamic.datasource.DynamicRoutingDataSource - dynamic-datasource start closing ....
2021-01-18 14:55:24.049 [SpringContextShutdownHook] INFO  com.zaxxer.hikari.HikariDataSource - slave_4 - Shutdown initiated...
2021-01-18 14:55:24.105 [SpringContextShutdownHook] INFO  com.zaxxer.hikari.HikariDataSource - slave_4 - Shutdown completed.
2021-01-18 14:55:24.131 [SpringContextShutdownHook] INFO  com.zaxxer.hikari.HikariDataSource - slave_5 - Shutdown initiated...
2021-01-18 14:55:24.220 [SpringContextShutdownHook] INFO  com.zaxxer.hikari.HikariDataSource - slave_5 - Shutdown completed.
2021-01-18 14:55:24.220 [SpringContextShutdownHook] INFO  com.zaxxer.hikari.HikariDataSource - slave_2 - Shutdown initiated...
2021-01-18 14:55:24.260 [SpringContextShutdownHook] INFO  com.zaxxer.hikari.HikariDataSource - slave_2 - Shutdown completed.
2021-01-18 14:55:24.260 [SpringContextShutdownHook] INFO  com.zaxxer.hikari.HikariDataSource - slave_3 - Shutdown initiated...
2021-01-18 14:55:24.310 [SpringContextShutdownHook] INFO  com.zaxxer.hikari.HikariDataSource - slave_3 - Shutdown completed.
2021-01-18 14:55:24.310 [SpringContextShutdownHook] INFO  com.zaxxer.hikari.HikariDataSource - master - Shutdown initiated...
2021-01-18 14:55:24.315 [SpringContextShutdownHook] INFO  com.zaxxer.hikari.HikariDataSource - master - Shutdown completed.
2021-01-18 14:55:24.319 [SpringContextShutdownHook] INFO  com.zaxxer.hikari.HikariDataSource - slave_1 - Shutdown initiated...
2021-01-18 14:55:24.325 [SpringContextShutdownHook] INFO  com.zaxxer.hikari.HikariDataSource - slave_1 - Shutdown completed.
2021-01-18 14:55:24.325 [SpringContextShutdownHook] INFO  c.b.dynamic.datasource.DynamicRoutingDataSource - dynamic-datasource all closed success,bye
