2021-02-18 11:21:20.298 [main] WARN  org.mybatis.spring.mapper.ClassPathMapperScanner - Skipping MapperFactoryBean with name 'umsAdminMapper' and 'com.bob.identification.authority.mapper.UmsAdminMapper' mapperInterface. Bean already defined with the same name!
2021-02-18 11:21:20.300 [main] WARN  org.mybatis.spring.mapper.ClassPathMapperScanner - Skipping MapperFactoryBean with name 'umsAdminRoleRelationMapper' and 'com.bob.identification.authority.mapper.UmsAdminRoleRelationMapper' mapperInterface. Bean already defined with the same name!
2021-02-18 11:21:20.300 [main] WARN  org.mybatis.spring.mapper.ClassPathMapperScanner - Skipping MapperFactoryBean with name 'umsMemberMapper' and 'com.bob.identification.authority.mapper.UmsMemberMapper' mapperInterface. Bean already defined with the same name!
2021-02-18 11:21:20.300 [main] WARN  org.mybatis.spring.mapper.ClassPathMapperScanner - Skipping MapperFactoryBean with name 'umsMenuMapper' and 'com.bob.identification.authority.mapper.UmsMenuMapper' mapperInterface. Bean already defined with the same name!
2021-02-18 11:21:20.300 [main] WARN  org.mybatis.spring.mapper.ClassPathMapperScanner - Skipping MapperFactoryBean with name 'umsResourceCategoryMapper' and 'com.bob.identification.authority.mapper.UmsResourceCategoryMapper' mapperInterface. Bean already defined with the same name!
2021-02-18 11:21:20.300 [main] WARN  org.mybatis.spring.mapper.ClassPathMapperScanner - Skipping MapperFactoryBean with name 'umsResourceMapper' and 'com.bob.identification.authority.mapper.UmsResourceMapper' mapperInterface. Bean already defined with the same name!
2021-02-18 11:21:20.300 [main] WARN  org.mybatis.spring.mapper.ClassPathMapperScanner - Skipping MapperFactoryBean with name 'umsRoleMapper' and 'com.bob.identification.authority.mapper.UmsRoleMapper' mapperInterface. Bean already defined with the same name!
2021-02-18 11:21:20.300 [main] WARN  org.mybatis.spring.mapper.ClassPathMapperScanner - Skipping MapperFactoryBean with name 'umsRoleMenuRelationMapper' and 'com.bob.identification.authority.mapper.UmsRoleMenuRelationMapper' mapperInterface. Bean already defined with the same name!
2021-02-18 11:21:20.300 [main] WARN  org.mybatis.spring.mapper.ClassPathMapperScanner - Skipping MapperFactoryBean with name 'umsRolePermissionRelationMapper' and 'com.bob.identification.authority.mapper.UmsRolePermissionRelationMapper' mapperInterface. Bean already defined with the same name!
2021-02-18 11:21:20.300 [main] WARN  org.mybatis.spring.mapper.ClassPathMapperScanner - Skipping MapperFactoryBean with name 'umsRoleResourceRelationMapper' and 'com.bob.identification.authority.mapper.UmsRoleResourceRelationMapper' mapperInterface. Bean already defined with the same name!
2021-02-18 11:21:20.300 [main] WARN  org.mybatis.spring.mapper.ClassPathMapperScanner - Skipping MapperFactoryBean with name 'batchMapper' and 'com.bob.identification.identification.mapper.BatchMapper' mapperInterface. Bean already defined with the same name!
2021-02-18 11:21:20.301 [main] WARN  org.mybatis.spring.mapper.ClassPathMapperScanner - Skipping MapperFactoryBean with name 'brandMapper' and 'com.bob.identification.identification.mapper.BrandMapper' mapperInterface. Bean already defined with the same name!
2021-02-18 11:21:20.301 [main] WARN  org.mybatis.spring.mapper.ClassPathMapperScanner - Skipping MapperFactoryBean with name 'codePreMapper' and 'com.bob.identification.identification.mapper.CodePreMapper' mapperInterface. Bean already defined with the same name!
2021-02-18 11:21:20.301 [main] WARN  org.mybatis.spring.mapper.ClassPathMapperScanner - Skipping MapperFactoryBean with name 'configMapper' and 'com.bob.identification.identification.mapper.ConfigMapper' mapperInterface. Bean already defined with the same name!
2021-02-18 11:21:20.301 [main] WARN  org.mybatis.spring.mapper.ClassPathMapperScanner - Skipping MapperFactoryBean with name 'customCodeMapper' and 'com.bob.identification.identification.mapper.CustomCodeMapper' mapperInterface. Bean already defined with the same name!
2021-02-18 11:21:20.301 [main] WARN  org.mybatis.spring.mapper.ClassPathMapperScanner - Skipping MapperFactoryBean with name 'oldBatchMapper' and 'com.bob.identification.identification.mapper.OldBatchMapper' mapperInterface. Bean already defined with the same name!
2021-02-18 11:21:20.301 [main] WARN  org.mybatis.spring.mapper.ClassPathMapperScanner - Skipping MapperFactoryBean with name 'oldCodeMapper' and 'com.bob.identification.identification.mapper.OldCodeMapper' mapperInterface. Bean already defined with the same name!
2021-02-18 11:21:20.301 [main] WARN  org.mybatis.spring.mapper.ClassPathMapperScanner - Skipping MapperFactoryBean with name 'visitMapper' and 'com.bob.identification.identification.mapper.VisitMapper' mapperInterface. Bean already defined with the same name!
2021-02-18 11:21:20.301 [main] WARN  org.mybatis.spring.mapper.ClassPathMapperScanner - No MyBatis mapper was found in '[com.bob.identification.*.mapper]' package. Please check your configuration.
2021-02-18 11:21:20.305 [main] WARN  org.mybatis.spring.mapper.ClassPathMapperScanner - Skipping MapperFactoryBean with name 'umsAdminMapper' and 'com.bob.identification.authority.mapper.UmsAdminMapper' mapperInterface. Bean already defined with the same name!
2021-02-18 11:21:20.305 [main] WARN  org.mybatis.spring.mapper.ClassPathMapperScanner - Skipping MapperFactoryBean with name 'umsAdminRoleRelationMapper' and 'com.bob.identification.authority.mapper.UmsAdminRoleRelationMapper' mapperInterface. Bean already defined with the same name!
2021-02-18 11:21:20.305 [main] WARN  org.mybatis.spring.mapper.ClassPathMapperScanner - Skipping MapperFactoryBean with name 'umsMemberMapper' and 'com.bob.identification.authority.mapper.UmsMemberMapper' mapperInterface. Bean already defined with the same name!
2021-02-18 11:21:20.306 [main] WARN  org.mybatis.spring.mapper.ClassPathMapperScanner - Skipping MapperFactoryBean with name 'umsMenuMapper' and 'com.bob.identification.authority.mapper.UmsMenuMapper' mapperInterface. Bean already defined with the same name!
2021-02-18 11:21:20.306 [main] WARN  org.mybatis.spring.mapper.ClassPathMapperScanner - Skipping MapperFactoryBean with name 'umsResourceCategoryMapper' and 'com.bob.identification.authority.mapper.UmsResourceCategoryMapper' mapperInterface. Bean already defined with the same name!
2021-02-18 11:21:20.306 [main] WARN  org.mybatis.spring.mapper.ClassPathMapperScanner - Skipping MapperFactoryBean with name 'umsResourceMapper' and 'com.bob.identification.authority.mapper.UmsResourceMapper' mapperInterface. Bean already defined with the same name!
2021-02-18 11:21:20.306 [main] WARN  org.mybatis.spring.mapper.ClassPathMapperScanner - Skipping MapperFactoryBean with name 'umsRoleMapper' and 'com.bob.identification.authority.mapper.UmsRoleMapper' mapperInterface. Bean already defined with the same name!
2021-02-18 11:21:20.306 [main] WARN  org.mybatis.spring.mapper.ClassPathMapperScanner - Skipping MapperFactoryBean with name 'umsRoleMenuRelationMapper' and 'com.bob.identification.authority.mapper.UmsRoleMenuRelationMapper' mapperInterface. Bean already defined with the same name!
2021-02-18 11:21:20.306 [main] WARN  org.mybatis.spring.mapper.ClassPathMapperScanner - Skipping MapperFactoryBean with name 'umsRolePermissionRelationMapper' and 'com.bob.identification.authority.mapper.UmsRolePermissionRelationMapper' mapperInterface. Bean already defined with the same name!
2021-02-18 11:21:20.306 [main] WARN  org.mybatis.spring.mapper.ClassPathMapperScanner - Skipping MapperFactoryBean with name 'umsRoleResourceRelationMapper' and 'com.bob.identification.authority.mapper.UmsRoleResourceRelationMapper' mapperInterface. Bean already defined with the same name!
2021-02-18 11:21:20.306 [main] WARN  org.mybatis.spring.mapper.ClassPathMapperScanner - Skipping MapperFactoryBean with name 'batchMapper' and 'com.bob.identification.identification.mapper.BatchMapper' mapperInterface. Bean already defined with the same name!
2021-02-18 11:21:20.306 [main] WARN  org.mybatis.spring.mapper.ClassPathMapperScanner - Skipping MapperFactoryBean with name 'brandMapper' and 'com.bob.identification.identification.mapper.BrandMapper' mapperInterface. Bean already defined with the same name!
2021-02-18 11:21:20.306 [main] WARN  org.mybatis.spring.mapper.ClassPathMapperScanner - Skipping MapperFactoryBean with name 'codePreMapper' and 'com.bob.identification.identification.mapper.CodePreMapper' mapperInterface. Bean already defined with the same name!
2021-02-18 11:21:20.306 [main] WARN  org.mybatis.spring.mapper.ClassPathMapperScanner - Skipping MapperFactoryBean with name 'configMapper' and 'com.bob.identification.identification.mapper.ConfigMapper' mapperInterface. Bean already defined with the same name!
2021-02-18 11:21:20.306 [main] WARN  org.mybatis.spring.mapper.ClassPathMapperScanner - Skipping MapperFactoryBean with name 'customCodeMapper' and 'com.bob.identification.identification.mapper.CustomCodeMapper' mapperInterface. Bean already defined with the same name!
2021-02-18 11:21:20.306 [main] WARN  org.mybatis.spring.mapper.ClassPathMapperScanner - Skipping MapperFactoryBean with name 'oldBatchMapper' and 'com.bob.identification.identification.mapper.OldBatchMapper' mapperInterface. Bean already defined with the same name!
2021-02-18 11:21:20.306 [main] WARN  org.mybatis.spring.mapper.ClassPathMapperScanner - Skipping MapperFactoryBean with name 'oldCodeMapper' and 'com.bob.identification.identification.mapper.OldCodeMapper' mapperInterface. Bean already defined with the same name!
2021-02-18 11:21:20.307 [main] WARN  org.mybatis.spring.mapper.ClassPathMapperScanner - Skipping MapperFactoryBean with name 'visitMapper' and 'com.bob.identification.identification.mapper.VisitMapper' mapperInterface. Bean already defined with the same name!
2021-02-18 11:21:20.307 [main] WARN  org.mybatis.spring.mapper.ClassPathMapperScanner - No MyBatis mapper was found in '[com.bob.identification.*.mapper]' package. Please check your configuration.
2021-02-18 11:36:32.744 [main] WARN  org.mybatis.spring.mapper.ClassPathMapperScanner - Skipping MapperFactoryBean with name 'umsAdminMapper' and 'com.bob.identification.authority.mapper.UmsAdminMapper' mapperInterface. Bean already defined with the same name!
2021-02-18 11:36:32.745 [main] WARN  org.mybatis.spring.mapper.ClassPathMapperScanner - Skipping MapperFactoryBean with name 'umsAdminRoleRelationMapper' and 'com.bob.identification.authority.mapper.UmsAdminRoleRelationMapper' mapperInterface. Bean already defined with the same name!
2021-02-18 11:36:32.745 [main] WARN  org.mybatis.spring.mapper.ClassPathMapperScanner - Skipping MapperFactoryBean with name 'umsMemberMapper' and 'com.bob.identification.authority.mapper.UmsMemberMapper' mapperInterface. Bean already defined with the same name!
2021-02-18 11:36:32.745 [main] WARN  org.mybatis.spring.mapper.ClassPathMapperScanner - Skipping MapperFactoryBean with name 'umsMenuMapper' and 'com.bob.identification.authority.mapper.UmsMenuMapper' mapperInterface. Bean already defined with the same name!
2021-02-18 11:36:32.745 [main] WARN  org.mybatis.spring.mapper.ClassPathMapperScanner - Skipping MapperFactoryBean with name 'umsResourceCategoryMapper' and 'com.bob.identification.authority.mapper.UmsResourceCategoryMapper' mapperInterface. Bean already defined with the same name!
2021-02-18 11:36:32.745 [main] WARN  org.mybatis.spring.mapper.ClassPathMapperScanner - Skipping MapperFactoryBean with name 'umsResourceMapper' and 'com.bob.identification.authority.mapper.UmsResourceMapper' mapperInterface. Bean already defined with the same name!
2021-02-18 11:36:32.745 [main] WARN  org.mybatis.spring.mapper.ClassPathMapperScanner - Skipping MapperFactoryBean with name 'umsRoleMapper' and 'com.bob.identification.authority.mapper.UmsRoleMapper' mapperInterface. Bean already defined with the same name!
2021-02-18 11:36:32.745 [main] WARN  org.mybatis.spring.mapper.ClassPathMapperScanner - Skipping MapperFactoryBean with name 'umsRoleMenuRelationMapper' and 'com.bob.identification.authority.mapper.UmsRoleMenuRelationMapper' mapperInterface. Bean already defined with the same name!
2021-02-18 11:36:32.745 [main] WARN  org.mybatis.spring.mapper.ClassPathMapperScanner - Skipping MapperFactoryBean with name 'umsRolePermissionRelationMapper' and 'com.bob.identification.authority.mapper.UmsRolePermissionRelationMapper' mapperInterface. Bean already defined with the same name!
2021-02-18 11:36:32.745 [main] WARN  org.mybatis.spring.mapper.ClassPathMapperScanner - Skipping MapperFactoryBean with name 'umsRoleResourceRelationMapper' and 'com.bob.identification.authority.mapper.UmsRoleResourceRelationMapper' mapperInterface. Bean already defined with the same name!
2021-02-18 11:36:32.746 [main] WARN  org.mybatis.spring.mapper.ClassPathMapperScanner - Skipping MapperFactoryBean with name 'batchMapper' and 'com.bob.identification.identification.mapper.BatchMapper' mapperInterface. Bean already defined with the same name!
2021-02-18 11:36:32.746 [main] WARN  org.mybatis.spring.mapper.ClassPathMapperScanner - Skipping MapperFactoryBean with name 'brandMapper' and 'com.bob.identification.identification.mapper.BrandMapper' mapperInterface. Bean already defined with the same name!
2021-02-18 11:36:32.746 [main] WARN  org.mybatis.spring.mapper.ClassPathMapperScanner - Skipping MapperFactoryBean with name 'codePreMapper' and 'com.bob.identification.identification.mapper.CodePreMapper' mapperInterface. Bean already defined with the same name!
2021-02-18 11:36:32.746 [main] WARN  org.mybatis.spring.mapper.ClassPathMapperScanner - Skipping MapperFactoryBean with name 'configMapper' and 'com.bob.identification.identification.mapper.ConfigMapper' mapperInterface. Bean already defined with the same name!
2021-02-18 11:36:32.746 [main] WARN  org.mybatis.spring.mapper.ClassPathMapperScanner - Skipping MapperFactoryBean with name 'customCodeMapper' and 'com.bob.identification.identification.mapper.CustomCodeMapper' mapperInterface. Bean already defined with the same name!
2021-02-18 11:36:32.746 [main] WARN  org.mybatis.spring.mapper.ClassPathMapperScanner - Skipping MapperFactoryBean with name 'oldBatchMapper' and 'com.bob.identification.identification.mapper.OldBatchMapper' mapperInterface. Bean already defined with the same name!
2021-02-18 11:36:32.746 [main] WARN  org.mybatis.spring.mapper.ClassPathMapperScanner - Skipping MapperFactoryBean with name 'oldCodeMapper' and 'com.bob.identification.identification.mapper.OldCodeMapper' mapperInterface. Bean already defined with the same name!
2021-02-18 11:36:32.746 [main] WARN  org.mybatis.spring.mapper.ClassPathMapperScanner - Skipping MapperFactoryBean with name 'visitMapper' and 'com.bob.identification.identification.mapper.VisitMapper' mapperInterface. Bean already defined with the same name!
2021-02-18 11:36:32.746 [main] WARN  org.mybatis.spring.mapper.ClassPathMapperScanner - No MyBatis mapper was found in '[com.bob.identification.*.mapper]' package. Please check your configuration.
2021-02-18 11:36:32.750 [main] WARN  org.mybatis.spring.mapper.ClassPathMapperScanner - Skipping MapperFactoryBean with name 'umsAdminMapper' and 'com.bob.identification.authority.mapper.UmsAdminMapper' mapperInterface. Bean already defined with the same name!
2021-02-18 11:36:32.750 [main] WARN  org.mybatis.spring.mapper.ClassPathMapperScanner - Skipping MapperFactoryBean with name 'umsAdminRoleRelationMapper' and 'com.bob.identification.authority.mapper.UmsAdminRoleRelationMapper' mapperInterface. Bean already defined with the same name!
2021-02-18 11:36:32.750 [main] WARN  org.mybatis.spring.mapper.ClassPathMapperScanner - Skipping MapperFactoryBean with name 'umsMemberMapper' and 'com.bob.identification.authority.mapper.UmsMemberMapper' mapperInterface. Bean already defined with the same name!
2021-02-18 11:36:32.750 [main] WARN  org.mybatis.spring.mapper.ClassPathMapperScanner - Skipping MapperFactoryBean with name 'umsMenuMapper' and 'com.bob.identification.authority.mapper.UmsMenuMapper' mapperInterface. Bean already defined with the same name!
2021-02-18 11:36:32.750 [main] WARN  org.mybatis.spring.mapper.ClassPathMapperScanner - Skipping MapperFactoryBean with name 'umsResourceCategoryMapper' and 'com.bob.identification.authority.mapper.UmsResourceCategoryMapper' mapperInterface. Bean already defined with the same name!
2021-02-18 11:36:32.750 [main] WARN  org.mybatis.spring.mapper.ClassPathMapperScanner - Skipping MapperFactoryBean with name 'umsResourceMapper' and 'com.bob.identification.authority.mapper.UmsResourceMapper' mapperInterface. Bean already defined with the same name!
2021-02-18 11:36:32.750 [main] WARN  org.mybatis.spring.mapper.ClassPathMapperScanner - Skipping MapperFactoryBean with name 'umsRoleMapper' and 'com.bob.identification.authority.mapper.UmsRoleMapper' mapperInterface. Bean already defined with the same name!
2021-02-18 11:36:32.750 [main] WARN  org.mybatis.spring.mapper.ClassPathMapperScanner - Skipping MapperFactoryBean with name 'umsRoleMenuRelationMapper' and 'com.bob.identification.authority.mapper.UmsRoleMenuRelationMapper' mapperInterface. Bean already defined with the same name!
2021-02-18 11:36:32.750 [main] WARN  org.mybatis.spring.mapper.ClassPathMapperScanner - Skipping MapperFactoryBean with name 'umsRolePermissionRelationMapper' and 'com.bob.identification.authority.mapper.UmsRolePermissionRelationMapper' mapperInterface. Bean already defined with the same name!
2021-02-18 11:36:32.750 [main] WARN  org.mybatis.spring.mapper.ClassPathMapperScanner - Skipping MapperFactoryBean with name 'umsRoleResourceRelationMapper' and 'com.bob.identification.authority.mapper.UmsRoleResourceRelationMapper' mapperInterface. Bean already defined with the same name!
2021-02-18 11:36:32.750 [main] WARN  org.mybatis.spring.mapper.ClassPathMapperScanner - Skipping MapperFactoryBean with name 'batchMapper' and 'com.bob.identification.identification.mapper.BatchMapper' mapperInterface. Bean already defined with the same name!
2021-02-18 11:36:32.750 [main] WARN  org.mybatis.spring.mapper.ClassPathMapperScanner - Skipping MapperFactoryBean with name 'brandMapper' and 'com.bob.identification.identification.mapper.BrandMapper' mapperInterface. Bean already defined with the same name!
2021-02-18 11:36:32.750 [main] WARN  org.mybatis.spring.mapper.ClassPathMapperScanner - Skipping MapperFactoryBean with name 'codePreMapper' and 'com.bob.identification.identification.mapper.CodePreMapper' mapperInterface. Bean already defined with the same name!
2021-02-18 11:36:32.750 [main] WARN  org.mybatis.spring.mapper.ClassPathMapperScanner - Skipping MapperFactoryBean with name 'configMapper' and 'com.bob.identification.identification.mapper.ConfigMapper' mapperInterface. Bean already defined with the same name!
2021-02-18 11:36:32.750 [main] WARN  org.mybatis.spring.mapper.ClassPathMapperScanner - Skipping MapperFactoryBean with name 'customCodeMapper' and 'com.bob.identification.identification.mapper.CustomCodeMapper' mapperInterface. Bean already defined with the same name!
2021-02-18 11:36:32.750 [main] WARN  org.mybatis.spring.mapper.ClassPathMapperScanner - Skipping MapperFactoryBean with name 'oldBatchMapper' and 'com.bob.identification.identification.mapper.OldBatchMapper' mapperInterface. Bean already defined with the same name!
2021-02-18 11:36:32.750 [main] WARN  org.mybatis.spring.mapper.ClassPathMapperScanner - Skipping MapperFactoryBean with name 'oldCodeMapper' and 'com.bob.identification.identification.mapper.OldCodeMapper' mapperInterface. Bean already defined with the same name!
2021-02-18 11:36:32.750 [main] WARN  org.mybatis.spring.mapper.ClassPathMapperScanner - Skipping MapperFactoryBean with name 'visitMapper' and 'com.bob.identification.identification.mapper.VisitMapper' mapperInterface. Bean already defined with the same name!
2021-02-18 11:36:32.750 [main] WARN  org.mybatis.spring.mapper.ClassPathMapperScanner - No MyBatis mapper was found in '[com.bob.identification.*.mapper]' package. Please check your configuration.
2021-02-18 11:38:33.115 [slave_3 housekeeper] WARN  com.zaxxer.hikari.pool.HikariPool - slave_3 - Thread starvation or clock leap detected (housekeeper delta=58s727ms774µs855ns).
2021-02-18 11:38:33.116 [slave_4 housekeeper] WARN  com.zaxxer.hikari.pool.HikariPool - slave_4 - Thread starvation or clock leap detected (housekeeper delta=58s701ms738µs970ns).
2021-02-18 11:38:33.116 [slave_5 housekeeper] WARN  com.zaxxer.hikari.pool.HikariPool - slave_5 - Thread starvation or clock leap detected (housekeeper delta=58s679ms970µs817ns).
2021-02-18 11:38:33.116 [master housekeeper] WARN  com.zaxxer.hikari.pool.HikariPool - master - Thread starvation or clock leap detected (housekeeper delta=58s794ms974µs985ns).
2021-02-18 11:38:33.116 [slave_1 housekeeper] WARN  com.zaxxer.hikari.pool.HikariPool - slave_1 - Thread starvation or clock leap detected (housekeeper delta=58s772ms585µs521ns).
2021-02-18 11:38:33.116 [slave_2 housekeeper] WARN  com.zaxxer.hikari.pool.HikariPool - slave_2 - Thread starvation or clock leap detected (housekeeper delta=58s749ms834µs975ns).
2021-02-18 11:39:47.400 [main] WARN  org.mybatis.spring.mapper.ClassPathMapperScanner - Skipping MapperFactoryBean with name 'umsAdminMapper' and 'com.bob.identification.authority.mapper.UmsAdminMapper' mapperInterface. Bean already defined with the same name!
2021-02-18 11:39:47.401 [main] WARN  org.mybatis.spring.mapper.ClassPathMapperScanner - Skipping MapperFactoryBean with name 'umsAdminRoleRelationMapper' and 'com.bob.identification.authority.mapper.UmsAdminRoleRelationMapper' mapperInterface. Bean already defined with the same name!
2021-02-18 11:39:47.401 [main] WARN  org.mybatis.spring.mapper.ClassPathMapperScanner - Skipping MapperFactoryBean with name 'umsMemberMapper' and 'com.bob.identification.authority.mapper.UmsMemberMapper' mapperInterface. Bean already defined with the same name!
2021-02-18 11:39:47.401 [main] WARN  org.mybatis.spring.mapper.ClassPathMapperScanner - Skipping MapperFactoryBean with name 'umsMenuMapper' and 'com.bob.identification.authority.mapper.UmsMenuMapper' mapperInterface. Bean already defined with the same name!
2021-02-18 11:39:47.401 [main] WARN  org.mybatis.spring.mapper.ClassPathMapperScanner - Skipping MapperFactoryBean with name 'umsResourceCategoryMapper' and 'com.bob.identification.authority.mapper.UmsResourceCategoryMapper' mapperInterface. Bean already defined with the same name!
2021-02-18 11:39:47.401 [main] WARN  org.mybatis.spring.mapper.ClassPathMapperScanner - Skipping MapperFactoryBean with name 'umsResourceMapper' and 'com.bob.identification.authority.mapper.UmsResourceMapper' mapperInterface. Bean already defined with the same name!
2021-02-18 11:39:47.401 [main] WARN  org.mybatis.spring.mapper.ClassPathMapperScanner - Skipping MapperFactoryBean with name 'umsRoleMapper' and 'com.bob.identification.authority.mapper.UmsRoleMapper' mapperInterface. Bean already defined with the same name!
2021-02-18 11:39:47.401 [main] WARN  org.mybatis.spring.mapper.ClassPathMapperScanner - Skipping MapperFactoryBean with name 'umsRoleMenuRelationMapper' and 'com.bob.identification.authority.mapper.UmsRoleMenuRelationMapper' mapperInterface. Bean already defined with the same name!
2021-02-18 11:39:47.401 [main] WARN  org.mybatis.spring.mapper.ClassPathMapperScanner - Skipping MapperFactoryBean with name 'umsRolePermissionRelationMapper' and 'com.bob.identification.authority.mapper.UmsRolePermissionRelationMapper' mapperInterface. Bean already defined with the same name!
2021-02-18 11:39:47.401 [main] WARN  org.mybatis.spring.mapper.ClassPathMapperScanner - Skipping MapperFactoryBean with name 'umsRoleResourceRelationMapper' and 'com.bob.identification.authority.mapper.UmsRoleResourceRelationMapper' mapperInterface. Bean already defined with the same name!
2021-02-18 11:39:47.401 [main] WARN  org.mybatis.spring.mapper.ClassPathMapperScanner - Skipping MapperFactoryBean with name 'batchMapper' and 'com.bob.identification.identification.mapper.BatchMapper' mapperInterface. Bean already defined with the same name!
2021-02-18 11:39:47.401 [main] WARN  org.mybatis.spring.mapper.ClassPathMapperScanner - Skipping MapperFactoryBean with name 'brandMapper' and 'com.bob.identification.identification.mapper.BrandMapper' mapperInterface. Bean already defined with the same name!
2021-02-18 11:39:47.402 [main] WARN  org.mybatis.spring.mapper.ClassPathMapperScanner - Skipping MapperFactoryBean with name 'codePreMapper' and 'com.bob.identification.identification.mapper.CodePreMapper' mapperInterface. Bean already defined with the same name!
2021-02-18 11:39:47.402 [main] WARN  org.mybatis.spring.mapper.ClassPathMapperScanner - Skipping MapperFactoryBean with name 'configMapper' and 'com.bob.identification.identification.mapper.ConfigMapper' mapperInterface. Bean already defined with the same name!
2021-02-18 11:39:47.402 [main] WARN  org.mybatis.spring.mapper.ClassPathMapperScanner - Skipping MapperFactoryBean with name 'customCodeMapper' and 'com.bob.identification.identification.mapper.CustomCodeMapper' mapperInterface. Bean already defined with the same name!
2021-02-18 11:39:47.402 [main] WARN  org.mybatis.spring.mapper.ClassPathMapperScanner - Skipping MapperFactoryBean with name 'oldBatchMapper' and 'com.bob.identification.identification.mapper.OldBatchMapper' mapperInterface. Bean already defined with the same name!
2021-02-18 11:39:47.402 [main] WARN  org.mybatis.spring.mapper.ClassPathMapperScanner - Skipping MapperFactoryBean with name 'oldCodeMapper' and 'com.bob.identification.identification.mapper.OldCodeMapper' mapperInterface. Bean already defined with the same name!
2021-02-18 11:39:47.402 [main] WARN  org.mybatis.spring.mapper.ClassPathMapperScanner - Skipping MapperFactoryBean with name 'visitMapper' and 'com.bob.identification.identification.mapper.VisitMapper' mapperInterface. Bean already defined with the same name!
2021-02-18 11:39:47.402 [main] WARN  org.mybatis.spring.mapper.ClassPathMapperScanner - No MyBatis mapper was found in '[com.bob.identification.*.mapper]' package. Please check your configuration.
2021-02-18 11:39:47.406 [main] WARN  org.mybatis.spring.mapper.ClassPathMapperScanner - Skipping MapperFactoryBean with name 'umsAdminMapper' and 'com.bob.identification.authority.mapper.UmsAdminMapper' mapperInterface. Bean already defined with the same name!
2021-02-18 11:39:47.406 [main] WARN  org.mybatis.spring.mapper.ClassPathMapperScanner - Skipping MapperFactoryBean with name 'umsAdminRoleRelationMapper' and 'com.bob.identification.authority.mapper.UmsAdminRoleRelationMapper' mapperInterface. Bean already defined with the same name!
2021-02-18 11:39:47.406 [main] WARN  org.mybatis.spring.mapper.ClassPathMapperScanner - Skipping MapperFactoryBean with name 'umsMemberMapper' and 'com.bob.identification.authority.mapper.UmsMemberMapper' mapperInterface. Bean already defined with the same name!
2021-02-18 11:39:47.406 [main] WARN  org.mybatis.spring.mapper.ClassPathMapperScanner - Skipping MapperFactoryBean with name 'umsMenuMapper' and 'com.bob.identification.authority.mapper.UmsMenuMapper' mapperInterface. Bean already defined with the same name!
2021-02-18 11:39:47.406 [main] WARN  org.mybatis.spring.mapper.ClassPathMapperScanner - Skipping MapperFactoryBean with name 'umsResourceCategoryMapper' and 'com.bob.identification.authority.mapper.UmsResourceCategoryMapper' mapperInterface. Bean already defined with the same name!
2021-02-18 11:39:47.406 [main] WARN  org.mybatis.spring.mapper.ClassPathMapperScanner - Skipping MapperFactoryBean with name 'umsResourceMapper' and 'com.bob.identification.authority.mapper.UmsResourceMapper' mapperInterface. Bean already defined with the same name!
2021-02-18 11:39:47.406 [main] WARN  org.mybatis.spring.mapper.ClassPathMapperScanner - Skipping MapperFactoryBean with name 'umsRoleMapper' and 'com.bob.identification.authority.mapper.UmsRoleMapper' mapperInterface. Bean already defined with the same name!
2021-02-18 11:39:47.406 [main] WARN  org.mybatis.spring.mapper.ClassPathMapperScanner - Skipping MapperFactoryBean with name 'umsRoleMenuRelationMapper' and 'com.bob.identification.authority.mapper.UmsRoleMenuRelationMapper' mapperInterface. Bean already defined with the same name!
2021-02-18 11:39:47.406 [main] WARN  org.mybatis.spring.mapper.ClassPathMapperScanner - Skipping MapperFactoryBean with name 'umsRolePermissionRelationMapper' and 'com.bob.identification.authority.mapper.UmsRolePermissionRelationMapper' mapperInterface. Bean already defined with the same name!
2021-02-18 11:39:47.406 [main] WARN  org.mybatis.spring.mapper.ClassPathMapperScanner - Skipping MapperFactoryBean with name 'umsRoleResourceRelationMapper' and 'com.bob.identification.authority.mapper.UmsRoleResourceRelationMapper' mapperInterface. Bean already defined with the same name!
2021-02-18 11:39:47.406 [main] WARN  org.mybatis.spring.mapper.ClassPathMapperScanner - Skipping MapperFactoryBean with name 'batchMapper' and 'com.bob.identification.identification.mapper.BatchMapper' mapperInterface. Bean already defined with the same name!
2021-02-18 11:39:47.406 [main] WARN  org.mybatis.spring.mapper.ClassPathMapperScanner - Skipping MapperFactoryBean with name 'brandMapper' and 'com.bob.identification.identification.mapper.BrandMapper' mapperInterface. Bean already defined with the same name!
2021-02-18 11:39:47.406 [main] WARN  org.mybatis.spring.mapper.ClassPathMapperScanner - Skipping MapperFactoryBean with name 'codePreMapper' and 'com.bob.identification.identification.mapper.CodePreMapper' mapperInterface. Bean already defined with the same name!
2021-02-18 11:39:47.406 [main] WARN  org.mybatis.spring.mapper.ClassPathMapperScanner - Skipping MapperFactoryBean with name 'configMapper' and 'com.bob.identification.identification.mapper.ConfigMapper' mapperInterface. Bean already defined with the same name!
2021-02-18 11:39:47.406 [main] WARN  org.mybatis.spring.mapper.ClassPathMapperScanner - Skipping MapperFactoryBean with name 'customCodeMapper' and 'com.bob.identification.identification.mapper.CustomCodeMapper' mapperInterface. Bean already defined with the same name!
2021-02-18 11:39:47.407 [main] WARN  org.mybatis.spring.mapper.ClassPathMapperScanner - Skipping MapperFactoryBean with name 'oldBatchMapper' and 'com.bob.identification.identification.mapper.OldBatchMapper' mapperInterface. Bean already defined with the same name!
2021-02-18 11:39:47.407 [main] WARN  org.mybatis.spring.mapper.ClassPathMapperScanner - Skipping MapperFactoryBean with name 'oldCodeMapper' and 'com.bob.identification.identification.mapper.OldCodeMapper' mapperInterface. Bean already defined with the same name!
2021-02-18 11:39:47.407 [main] WARN  org.mybatis.spring.mapper.ClassPathMapperScanner - Skipping MapperFactoryBean with name 'visitMapper' and 'com.bob.identification.identification.mapper.VisitMapper' mapperInterface. Bean already defined with the same name!
2021-02-18 11:39:47.407 [main] WARN  org.mybatis.spring.mapper.ClassPathMapperScanner - No MyBatis mapper was found in '[com.bob.identification.*.mapper]' package. Please check your configuration.
2021-02-18 11:46:06.567 [slave_4 housekeeper] WARN  com.zaxxer.hikari.pool.HikariPool - slave_4 - Thread starvation or clock leap detected (housekeeper delta=6m17s476ms350µs280ns).
2021-02-18 11:46:06.567 [master housekeeper] WARN  com.zaxxer.hikari.pool.HikariPool - master - Thread starvation or clock leap detected (housekeeper delta=6m17s566ms779µs105ns).
2021-02-18 11:46:06.567 [slave_3 housekeeper] WARN  com.zaxxer.hikari.pool.HikariPool - slave_3 - Thread starvation or clock leap detected (housekeeper delta=6m17s498ms231µs974ns).
2021-02-18 11:46:08.904 [slave_5 housekeeper] WARN  com.zaxxer.hikari.pool.HikariPool - slave_5 - Thread starvation or clock leap detected (housekeeper delta=6m19s786ms488µs886ns).
2021-02-18 11:46:08.905 [slave_1 housekeeper] WARN  com.zaxxer.hikari.pool.HikariPool - slave_1 - Thread starvation or clock leap detected (housekeeper delta=6m19s880ms542µs623ns).
2021-02-18 11:46:08.905 [slave_2 housekeeper] WARN  com.zaxxer.hikari.pool.HikariPool - slave_2 - Thread starvation or clock leap detected (housekeeper delta=6m19s857ms946µs876ns).
