2021-01-20 09:38:06.464 [main] DEBUG c.b.identification.IdentificationAdminApplication - Running with Spring Boot v2.4.1, Spring v5.3.2
2021-01-20 09:38:10.690 [main] DEBUG c.b.i.s.component.JwtAuthenticationTokenFilter - Filter 'jwtAuthenticationTokenFilter' configured for use
2021-01-20 09:38:31.618 [http-nio-8666-exec-2] DEBUG c.b.i.security.component.DynamicSecurityFilter - Authorized public object filter invocation [GET /visit/visitNumber]
2021-01-20 09:38:31.620 [http-nio-8666-exec-2] DEBUG c.b.i.security.component.DynamicSecurityFilter - Authorized public object filter invocation [GET /visit/visitNumber]
2021-01-20 09:38:38.784 [http-nio-8666-exec-4] DEBUG c.b.i.security.component.DynamicSecurityFilter - Authorized filter invocation [GET /batch/list?pageNum=1&pageSize=10] with attributes [17:防伪批次管理]
2021-01-20 09:38:38.784 [http-nio-8666-exec-5] DEBUG c.b.i.security.component.DynamicSecurityFilter - Authorized filter invocation [GET /brand/list] with attributes [16:防伪品牌管理]
2021-01-20 09:38:38.784 [http-nio-8666-exec-4] DEBUG c.b.i.security.component.DynamicSecurityFilter - Authorized filter invocation [GET /batch/list?pageNum=1&pageSize=10] with attributes [17:防伪批次管理]
2021-01-20 09:38:38.784 [http-nio-8666-exec-5] DEBUG c.b.i.security.component.DynamicSecurityFilter - Authorized filter invocation [GET /brand/list] with attributes [16:防伪品牌管理]
2021-01-20 09:38:52.579 [http-nio-8666-exec-7] DEBUG c.b.i.security.component.DynamicSecurityFilter - Authorized filter invocation [GET /batch/list?pageNum=2&pageSize=10] with attributes [17:防伪批次管理]
2021-01-20 09:38:52.579 [http-nio-8666-exec-7] DEBUG c.b.i.security.component.DynamicSecurityFilter - Authorized filter invocation [GET /batch/list?pageNum=2&pageSize=10] with attributes [17:防伪批次管理]
2021-01-20 09:38:54.401 [http-nio-8666-exec-6] DEBUG c.b.i.security.component.DynamicSecurityFilter - Authorized filter invocation [GET /batch/list?pageNum=3&pageSize=10] with attributes [17:防伪批次管理]
2021-01-20 09:38:54.402 [http-nio-8666-exec-6] DEBUG c.b.i.security.component.DynamicSecurityFilter - Authorized filter invocation [GET /batch/list?pageNum=3&pageSize=10] with attributes [17:防伪批次管理]
2021-01-20 09:38:56.541 [http-nio-8666-exec-8] DEBUG c.b.i.security.component.DynamicSecurityFilter - Authorized filter invocation [POST /batch/createFile?batchId=5] with attributes [17:防伪批次管理]
2021-01-20 09:38:56.542 [http-nio-8666-exec-8] DEBUG c.b.i.security.component.DynamicSecurityFilter - Authorized filter invocation [POST /batch/createFile?batchId=5] with attributes [17:防伪批次管理]
2021-01-20 09:38:56.621 [http-nio-8666-exec-8] DEBUG c.b.i.security.component.DynamicSecurityFilter - Authorized public object filter invocation [POST /error?batchId=5]
2021-01-20 09:40:17.015 [http-nio-8666-exec-1] DEBUG c.b.i.security.component.DynamicSecurityFilter - Authorized filter invocation [GET /brand/list] with attributes [16:防伪品牌管理]
2021-01-20 09:40:17.015 [http-nio-8666-exec-10] DEBUG c.b.i.security.component.DynamicSecurityFilter - Authorized filter invocation [GET /batch/list?pageNum=1&pageSize=10] with attributes [17:防伪批次管理]
2021-01-20 09:40:17.016 [http-nio-8666-exec-1] DEBUG c.b.i.security.component.DynamicSecurityFilter - Authorized filter invocation [GET /brand/list] with attributes [16:防伪品牌管理]
2021-01-20 09:40:17.016 [http-nio-8666-exec-10] DEBUG c.b.i.security.component.DynamicSecurityFilter - Authorized filter invocation [GET /batch/list?pageNum=1&pageSize=10] with attributes [17:防伪批次管理]
2021-01-20 09:40:20.058 [http-nio-8666-exec-3] DEBUG c.b.i.security.component.DynamicSecurityFilter - Authorized filter invocation [GET /batch/list?pageNum=3&pageSize=10] with attributes [17:防伪批次管理]
2021-01-20 09:40:20.059 [http-nio-8666-exec-3] DEBUG c.b.i.security.component.DynamicSecurityFilter - Authorized filter invocation [GET /batch/list?pageNum=3&pageSize=10] with attributes [17:防伪批次管理]
2021-01-20 09:40:21.585 [http-nio-8666-exec-2] DEBUG c.b.i.security.component.DynamicSecurityFilter - Authorized filter invocation [POST /batch/createFile?batchId=5] with attributes [17:防伪批次管理]
2021-01-20 09:40:21.586 [http-nio-8666-exec-2] DEBUG c.b.i.security.component.DynamicSecurityFilter - Authorized filter invocation [POST /batch/createFile?batchId=5] with attributes [17:防伪批次管理]
2021-01-20 09:41:47.386 [http-nio-8666-exec-2] DEBUG c.b.i.security.component.DynamicSecurityFilter - Authorized public object filter invocation [POST /error?batchId=5]
2021-01-20 09:41:59.983 [http-nio-8666-exec-4] DEBUG c.b.i.security.component.DynamicSecurityFilter - Authorized filter invocation [GET /batch/list?pageNum=1&pageSize=10] with attributes [17:防伪批次管理]
2021-01-20 09:41:59.983 [http-nio-8666-exec-4] DEBUG c.b.i.security.component.DynamicSecurityFilter - Authorized filter invocation [GET /batch/list?pageNum=1&pageSize=10] with attributes [17:防伪批次管理]
2021-01-20 09:41:59.993 [http-nio-8666-exec-7] DEBUG c.b.i.security.component.DynamicSecurityFilter - Authorized filter invocation [GET /brand/list] with attributes [16:防伪品牌管理]
2021-01-20 09:41:59.994 [http-nio-8666-exec-7] DEBUG c.b.i.security.component.DynamicSecurityFilter - Authorized filter invocation [GET /brand/list] with attributes [16:防伪品牌管理]
2021-01-20 09:42:02.220 [http-nio-8666-exec-6] DEBUG c.b.i.security.component.DynamicSecurityFilter - Authorized filter invocation [GET /batch/list?pageNum=3&pageSize=10] with attributes [17:防伪批次管理]
2021-01-20 09:42:02.220 [http-nio-8666-exec-6] DEBUG c.b.i.security.component.DynamicSecurityFilter - Authorized filter invocation [GET /batch/list?pageNum=3&pageSize=10] with attributes [17:防伪批次管理]
2021-01-20 09:42:03.342 [http-nio-8666-exec-8] DEBUG c.b.i.security.component.DynamicSecurityFilter - Authorized filter invocation [POST /batch/createFile?batchId=5] with attributes [17:防伪批次管理]
2021-01-20 09:42:03.343 [http-nio-8666-exec-8] DEBUG c.b.i.security.component.DynamicSecurityFilter - Authorized filter invocation [POST /batch/createFile?batchId=5] with attributes [17:防伪批次管理]
2021-01-20 09:42:22.790 [http-nio-8666-exec-8] DEBUG c.b.i.security.component.DynamicSecurityFilter - Authorized public object filter invocation [POST /error?batchId=5]
2021-01-20 09:45:05.829 [main] DEBUG c.b.identification.IdentificationAdminApplication - Running with Spring Boot v2.4.1, Spring v5.3.2
2021-01-20 09:45:09.550 [main] DEBUG c.b.i.s.component.JwtAuthenticationTokenFilter - Filter 'jwtAuthenticationTokenFilter' configured for use
2021-01-20 09:46:09.654 [http-nio-8666-exec-3] DEBUG c.b.i.security.component.DynamicSecurityFilter - Authorized filter invocation [GET /brand/list] with attributes [16:防伪品牌管理]
2021-01-20 09:46:09.654 [http-nio-8666-exec-4] DEBUG c.b.i.security.component.DynamicSecurityFilter - Authorized filter invocation [GET /batch/list?pageNum=1&pageSize=10] with attributes [17:防伪批次管理]
2021-01-20 09:46:09.655 [http-nio-8666-exec-4] DEBUG c.b.i.security.component.DynamicSecurityFilter - Authorized filter invocation [GET /batch/list?pageNum=1&pageSize=10] with attributes [17:防伪批次管理]
2021-01-20 09:46:09.655 [http-nio-8666-exec-3] DEBUG c.b.i.security.component.DynamicSecurityFilter - Authorized filter invocation [GET /brand/list] with attributes [16:防伪品牌管理]
2021-01-20 09:46:11.938 [http-nio-8666-exec-2] DEBUG c.b.i.security.component.DynamicSecurityFilter - Authorized filter invocation [GET /batch/list?pageNum=3&pageSize=10] with attributes [17:防伪批次管理]
2021-01-20 09:46:11.939 [http-nio-8666-exec-2] DEBUG c.b.i.security.component.DynamicSecurityFilter - Authorized filter invocation [GET /batch/list?pageNum=3&pageSize=10] with attributes [17:防伪批次管理]
2021-01-20 09:46:13.685 [http-nio-8666-exec-5] DEBUG c.b.i.security.component.DynamicSecurityFilter - Authorized filter invocation [POST /batch/createFile?batchId=5] with attributes [17:防伪批次管理]
2021-01-20 09:46:13.689 [http-nio-8666-exec-5] DEBUG c.b.i.security.component.DynamicSecurityFilter - Authorized filter invocation [POST /batch/createFile?batchId=5] with attributes [17:防伪批次管理]
2021-01-20 09:52:50.043 [http-nio-8666-exec-5] DEBUG c.b.i.security.component.DynamicSecurityFilter - Authorized public object filter invocation [POST /error?batchId=5]
2021-01-20 09:52:50.045 [http-nio-8666-exec-6] DEBUG c.b.i.security.component.DynamicSecurityFilter - Authorized filter invocation [POST /batch/createFile?batchId=5] with attributes [17:防伪批次管理]
2021-01-20 09:52:50.045 [http-nio-8666-exec-6] DEBUG c.b.i.security.component.DynamicSecurityFilter - Authorized filter invocation [POST /batch/createFile?batchId=5] with attributes [17:防伪批次管理]
2021-01-20 09:52:50.077 [http-nio-8666-exec-6] DEBUG c.b.i.security.component.DynamicSecurityFilter - Authorized public object filter invocation [POST /error?batchId=5]
2021-01-20 09:52:50.504 [http-nio-8666-exec-3] DEBUG c.b.i.security.component.DynamicSecurityFilter - Authorized public object filter invocation [GET /visit/visitNumber]
2021-01-20 09:52:50.504 [http-nio-8666-exec-3] DEBUG c.b.i.security.component.DynamicSecurityFilter - Authorized public object filter invocation [GET /visit/visitNumber]
2021-01-20 09:53:01.364 [http-nio-8666-exec-4] DEBUG c.b.i.security.component.DynamicSecurityFilter - Authorized filter invocation [GET /batch/list?pageNum=1&pageSize=10] with attributes [17:防伪批次管理]
2021-01-20 09:53:01.364 [http-nio-8666-exec-2] DEBUG c.b.i.security.component.DynamicSecurityFilter - Authorized filter invocation [GET /brand/list] with attributes [16:防伪品牌管理]
2021-01-20 09:53:01.364 [http-nio-8666-exec-4] DEBUG c.b.i.security.component.DynamicSecurityFilter - Authorized filter invocation [GET /batch/list?pageNum=1&pageSize=10] with attributes [17:防伪批次管理]
2021-01-20 09:53:01.365 [http-nio-8666-exec-2] DEBUG c.b.i.security.component.DynamicSecurityFilter - Authorized filter invocation [GET /brand/list] with attributes [16:防伪品牌管理]
2021-01-20 09:53:04.124 [http-nio-8666-exec-5] DEBUG c.b.i.security.component.DynamicSecurityFilter - Authorized filter invocation [POST /batch/createFile?batchId=65] with attributes [17:防伪批次管理]
2021-01-20 09:53:04.125 [http-nio-8666-exec-5] DEBUG c.b.i.security.component.DynamicSecurityFilter - Authorized filter invocation [POST /batch/createFile?batchId=65] with attributes [17:防伪批次管理]
2021-01-20 09:53:04.138 [http-nio-8666-exec-5] DEBUG c.b.i.security.component.DynamicSecurityFilter - Authorized public object filter invocation [POST /error?batchId=65]
2021-01-20 09:53:49.595 [http-nio-8666-exec-9] DEBUG c.b.i.security.component.DynamicSecurityFilter - Authorized filter invocation [GET /batch/list?pageNum=1&pageSize=10] with attributes [17:防伪批次管理]
2021-01-20 09:53:49.596 [http-nio-8666-exec-9] DEBUG c.b.i.security.component.DynamicSecurityFilter - Authorized filter invocation [GET /batch/list?pageNum=1&pageSize=10] with attributes [17:防伪批次管理]
2021-01-20 09:53:49.897 [http-nio-8666-exec-7] DEBUG c.b.i.security.component.DynamicSecurityFilter - Authorized filter invocation [GET /brand/list] with attributes [16:防伪品牌管理]
2021-01-20 09:53:49.897 [http-nio-8666-exec-7] DEBUG c.b.i.security.component.DynamicSecurityFilter - Authorized filter invocation [GET /brand/list] with attributes [16:防伪品牌管理]
2021-01-20 09:53:53.728 [http-nio-8666-exec-6] DEBUG c.b.i.security.component.DynamicSecurityFilter - Authorized filter invocation [POST /batch/createFile?batchId=64] with attributes [17:防伪批次管理]
2021-01-20 09:53:53.729 [http-nio-8666-exec-6] DEBUG c.b.i.security.component.DynamicSecurityFilter - Authorized filter invocation [POST /batch/createFile?batchId=64] with attributes [17:防伪批次管理]
2021-01-20 09:53:53.743 [http-nio-8666-exec-6] DEBUG c.b.i.security.component.DynamicSecurityFilter - Authorized public object filter invocation [POST /error?batchId=64]
2021-01-20 09:55:57.374 [http-nio-8666-exec-1] DEBUG c.b.i.security.component.DynamicSecurityFilter - Authorized filter invocation [GET /batch/list?pageNum=1&pageSize=10] with attributes [17:防伪批次管理]
2021-01-20 09:55:57.374 [http-nio-8666-exec-1] DEBUG c.b.i.security.component.DynamicSecurityFilter - Authorized filter invocation [GET /batch/list?pageNum=1&pageSize=10] with attributes [17:防伪批次管理]
2021-01-20 09:55:57.376 [http-nio-8666-exec-3] DEBUG c.b.i.security.component.DynamicSecurityFilter - Authorized filter invocation [GET /brand/list] with attributes [16:防伪品牌管理]
2021-01-20 09:55:57.376 [http-nio-8666-exec-3] DEBUG c.b.i.security.component.DynamicSecurityFilter - Authorized filter invocation [GET /brand/list] with attributes [16:防伪品牌管理]
2021-01-20 09:55:58.930 [http-nio-8666-exec-2] DEBUG c.b.i.security.component.DynamicSecurityFilter - Authorized filter invocation [POST /batch/createFile?batchId=65] with attributes [17:防伪批次管理]
2021-01-20 09:55:58.931 [http-nio-8666-exec-2] DEBUG c.b.i.security.component.DynamicSecurityFilter - Authorized filter invocation [POST /batch/createFile?batchId=65] with attributes [17:防伪批次管理]
2021-01-20 09:55:58.959 [http-nio-8666-exec-2] DEBUG c.b.i.security.component.DynamicSecurityFilter - Authorized public object filter invocation [POST /error?batchId=65]
2021-01-20 10:05:07.186 [http-nio-8666-exec-5] DEBUG c.b.i.security.component.DynamicSecurityFilter - Authorized filter invocation [GET /batch/list?pageNum=1&pageSize=10] with attributes [17:防伪批次管理]
2021-01-20 10:05:07.186 [http-nio-8666-exec-10] DEBUG c.b.i.security.component.DynamicSecurityFilter - Authorized filter invocation [GET /brand/list] with attributes [16:防伪品牌管理]
2021-01-20 10:05:07.186 [http-nio-8666-exec-5] DEBUG c.b.i.security.component.DynamicSecurityFilter - Authorized filter invocation [GET /batch/list?pageNum=1&pageSize=10] with attributes [17:防伪批次管理]
2021-01-20 10:05:07.197 [http-nio-8666-exec-10] DEBUG c.b.i.security.component.DynamicSecurityFilter - Authorized filter invocation [GET /brand/list] with attributes [16:防伪品牌管理]
2021-01-20 10:05:33.519 [http-nio-8666-exec-9] DEBUG c.b.i.security.component.DynamicSecurityFilter - Authorized public object filter invocation [GET /code/query?code=510460318911029]
2021-01-20 10:05:33.520 [http-nio-8666-exec-9] DEBUG c.b.i.security.component.DynamicSecurityFilter - Authorized public object filter invocation [GET /code/query?code=510460318911029]
2021-01-20 10:09:56.293 [main] DEBUG c.b.identification.IdentificationAdminApplication - Running with Spring Boot v2.4.1, Spring v5.3.2
2021-01-20 10:10:00.103 [main] DEBUG c.b.i.s.component.JwtAuthenticationTokenFilter - Filter 'jwtAuthenticationTokenFilter' configured for use
2021-01-20 10:10:11.915 [http-nio-8666-exec-3] DEBUG c.b.i.security.component.DynamicSecurityFilter - Authorized filter invocation [GET /batch/list?pageNum=1&pageSize=10] with attributes [17:防伪批次管理]
2021-01-20 10:10:11.915 [http-nio-8666-exec-2] DEBUG c.b.i.security.component.DynamicSecurityFilter - Authorized filter invocation [GET /brand/list] with attributes [16:防伪品牌管理]
2021-01-20 10:10:11.916 [http-nio-8666-exec-2] DEBUG c.b.i.security.component.DynamicSecurityFilter - Authorized filter invocation [GET /brand/list] with attributes [16:防伪品牌管理]
2021-01-20 10:10:11.916 [http-nio-8666-exec-3] DEBUG c.b.i.security.component.DynamicSecurityFilter - Authorized filter invocation [GET /batch/list?pageNum=1&pageSize=10] with attributes [17:防伪批次管理]
2021-01-20 10:10:14.277 [http-nio-8666-exec-4] DEBUG c.b.i.security.component.DynamicSecurityFilter - Authorized filter invocation [POST /batch/createFile?batchId=65] with attributes [17:防伪批次管理]
2021-01-20 10:10:14.279 [http-nio-8666-exec-4] DEBUG c.b.i.security.component.DynamicSecurityFilter - Authorized filter invocation [POST /batch/createFile?batchId=65] with attributes [17:防伪批次管理]
2021-01-20 10:10:14.352 [http-nio-8666-exec-4] DEBUG c.b.i.security.component.DynamicSecurityFilter - Authorized public object filter invocation [POST /error?batchId=65]
2021-01-20 10:10:58.882 [main] DEBUG c.b.identification.IdentificationAdminApplication - Running with Spring Boot v2.4.1, Spring v5.3.2
2021-01-20 10:11:02.776 [main] DEBUG c.b.i.s.component.JwtAuthenticationTokenFilter - Filter 'jwtAuthenticationTokenFilter' configured for use
2021-01-20 10:11:11.900 [http-nio-8666-exec-3] DEBUG c.b.i.security.component.DynamicSecurityFilter - Authorized filter invocation [GET /batch/list?pageNum=1&pageSize=10] with attributes [17:防伪批次管理]
2021-01-20 10:11:11.901 [http-nio-8666-exec-3] DEBUG c.b.i.security.component.DynamicSecurityFilter - Authorized filter invocation [GET /batch/list?pageNum=1&pageSize=10] with attributes [17:防伪批次管理]
2021-01-20 10:11:12.202 [http-nio-8666-exec-4] DEBUG c.b.i.security.component.DynamicSecurityFilter - Authorized filter invocation [GET /brand/list] with attributes [16:防伪品牌管理]
2021-01-20 10:11:12.203 [http-nio-8666-exec-4] DEBUG c.b.i.security.component.DynamicSecurityFilter - Authorized filter invocation [GET /brand/list] with attributes [16:防伪品牌管理]
2021-01-20 10:11:14.074 [http-nio-8666-exec-2] DEBUG c.b.i.security.component.DynamicSecurityFilter - Authorized filter invocation [POST /batch/createFile?batchId=65] with attributes [17:防伪批次管理]
2021-01-20 10:11:14.077 [http-nio-8666-exec-2] DEBUG c.b.i.security.component.DynamicSecurityFilter - Authorized filter invocation [POST /batch/createFile?batchId=65] with attributes [17:防伪批次管理]
2021-01-20 10:11:14.151 [http-nio-8666-exec-2] DEBUG c.b.i.security.component.DynamicSecurityFilter - Authorized public object filter invocation [POST /error?batchId=65]
2021-01-20 10:11:41.602 [http-nio-8666-exec-9] DEBUG c.b.i.security.component.DynamicSecurityFilter - Authorized filter invocation [GET /brand/list] with attributes [16:防伪品牌管理]
2021-01-20 10:11:41.602 [http-nio-8666-exec-6] DEBUG c.b.i.security.component.DynamicSecurityFilter - Authorized filter invocation [GET /batch/list?pageNum=1&pageSize=10] with attributes [17:防伪批次管理]
2021-01-20 10:11:41.603 [http-nio-8666-exec-9] DEBUG c.b.i.security.component.DynamicSecurityFilter - Authorized filter invocation [GET /brand/list] with attributes [16:防伪品牌管理]
2021-01-20 10:11:41.603 [http-nio-8666-exec-6] DEBUG c.b.i.security.component.DynamicSecurityFilter - Authorized filter invocation [GET /batch/list?pageNum=1&pageSize=10] with attributes [17:防伪批次管理]
2021-01-20 10:11:42.745 [http-nio-8666-exec-8] DEBUG c.b.i.security.component.DynamicSecurityFilter - Authorized filter invocation [POST /batch/createFile?batchId=65] with attributes [17:防伪批次管理]
2021-01-20 10:11:42.746 [http-nio-8666-exec-8] DEBUG c.b.i.security.component.DynamicSecurityFilter - Authorized filter invocation [POST /batch/createFile?batchId=65] with attributes [17:防伪批次管理]
2021-01-20 10:12:35.885 [http-nio-8666-exec-8] DEBUG c.b.i.security.component.DynamicSecurityFilter - Authorized public object filter invocation [POST /error?batchId=65]
2021-01-20 10:25:53.327 [main] DEBUG c.b.identification.IdentificationAdminApplication - Running with Spring Boot v2.4.1, Spring v5.3.2
2021-01-20 10:25:57.292 [main] DEBUG c.b.i.s.component.JwtAuthenticationTokenFilter - Filter 'jwtAuthenticationTokenFilter' configured for use
2021-01-20 10:26:29.800 [http-nio-8666-exec-3] DEBUG c.b.i.security.component.DynamicSecurityFilter - Authorized filter invocation [GET /brand/list] with attributes [16:防伪品牌管理]
2021-01-20 10:26:29.800 [http-nio-8666-exec-2] DEBUG c.b.i.security.component.DynamicSecurityFilter - Authorized filter invocation [GET /batch/list?pageNum=1&pageSize=10] with attributes [17:防伪批次管理]
2021-01-20 10:26:29.801 [http-nio-8666-exec-3] DEBUG c.b.i.security.component.DynamicSecurityFilter - Authorized filter invocation [GET /brand/list] with attributes [16:防伪品牌管理]
2021-01-20 10:26:29.801 [http-nio-8666-exec-2] DEBUG c.b.i.security.component.DynamicSecurityFilter - Authorized filter invocation [GET /batch/list?pageNum=1&pageSize=10] with attributes [17:防伪批次管理]
2021-01-20 10:26:39.142 [http-nio-8666-exec-4] DEBUG c.b.i.security.component.DynamicSecurityFilter - Authorized filter invocation [POST /batch/createFile?batchId=65] with attributes [17:防伪批次管理]
2021-01-20 10:26:39.147 [http-nio-8666-exec-4] DEBUG c.b.i.security.component.DynamicSecurityFilter - Authorized filter invocation [POST /batch/createFile?batchId=65] with attributes [17:防伪批次管理]
2021-01-20 10:26:42.939 [http-nio-8666-exec-4] DEBUG c.b.i.security.component.DynamicSecurityFilter - Authorized public object filter invocation [POST /error?batchId=65]
2021-01-20 10:27:26.555 [main] DEBUG c.b.identification.IdentificationAdminApplication - Running with Spring Boot v2.4.1, Spring v5.3.2
2021-01-20 10:27:30.373 [main] DEBUG c.b.i.s.component.JwtAuthenticationTokenFilter - Filter 'jwtAuthenticationTokenFilter' configured for use
2021-01-20 10:27:57.528 [http-nio-8666-exec-3] DEBUG c.b.i.security.component.DynamicSecurityFilter - Authorized filter invocation [GET /brand/list] with attributes [16:防伪品牌管理]
2021-01-20 10:27:57.528 [http-nio-8666-exec-2] DEBUG c.b.i.security.component.DynamicSecurityFilter - Authorized filter invocation [GET /batch/list?pageNum=1&pageSize=10] with attributes [17:防伪批次管理]
2021-01-20 10:27:57.528 [http-nio-8666-exec-2] DEBUG c.b.i.security.component.DynamicSecurityFilter - Authorized filter invocation [GET /batch/list?pageNum=1&pageSize=10] with attributes [17:防伪批次管理]
2021-01-20 10:27:57.528 [http-nio-8666-exec-3] DEBUG c.b.i.security.component.DynamicSecurityFilter - Authorized filter invocation [GET /brand/list] with attributes [16:防伪品牌管理]
2021-01-20 10:38:24.777 [http-nio-8666-exec-4] DEBUG c.b.i.security.component.DynamicSecurityFilter - Authorized public object filter invocation [GET /code/query?code=510123509051594]
2021-01-20 10:38:24.778 [http-nio-8666-exec-4] DEBUG c.b.i.security.component.DynamicSecurityFilter - Authorized public object filter invocation [GET /code/query?code=510123509051594]
2021-01-20 10:38:24.881 [http-nio-8666-exec-4] DEBUG c.b.i.security.component.DynamicSecurityFilter - Authorized public object filter invocation [GET /error?code=510123509051594]
2021-01-20 10:38:56.352 [main] DEBUG c.b.identification.IdentificationAdminApplication - Running with Spring Boot v2.4.1, Spring v5.3.2
2021-01-20 10:39:11.132 [main] DEBUG c.b.i.s.component.JwtAuthenticationTokenFilter - Filter 'jwtAuthenticationTokenFilter' configured for use
2021-01-20 10:39:18.610 [http-nio-8666-exec-1] DEBUG c.b.i.security.component.DynamicSecurityFilter - Authorized public object filter invocation [GET /code/query?code=510123509051594]
2021-01-20 10:39:18.618 [http-nio-8666-exec-1] DEBUG c.b.i.security.component.DynamicSecurityFilter - Authorized public object filter invocation [GET /code/query?code=510123509051594]
2021-01-20 10:39:25.736 [http-nio-8666-exec-2] DEBUG c.b.i.security.component.DynamicSecurityFilter - Authorized filter invocation [GET /batch/list?pageNum=1&pageSize=10] with attributes [17:防伪批次管理]
2021-01-20 10:39:25.736 [http-nio-8666-exec-4] DEBUG c.b.i.security.component.DynamicSecurityFilter - Authorized filter invocation [GET /brand/list] with attributes [16:防伪品牌管理]
2021-01-20 10:39:25.736 [http-nio-8666-exec-2] DEBUG c.b.i.security.component.DynamicSecurityFilter - Authorized filter invocation [GET /batch/list?pageNum=1&pageSize=10] with attributes [17:防伪批次管理]
2021-01-20 10:39:25.736 [http-nio-8666-exec-4] DEBUG c.b.i.security.component.DynamicSecurityFilter - Authorized filter invocation [GET /brand/list] with attributes [16:防伪品牌管理]
2021-01-20 10:39:27.392 [http-nio-8666-exec-3] DEBUG c.b.i.security.component.DynamicSecurityFilter - Authorized filter invocation [POST /batch/createFile?batchId=65] with attributes [17:防伪批次管理]
2021-01-20 10:39:27.395 [http-nio-8666-exec-3] DEBUG c.b.i.security.component.DynamicSecurityFilter - Authorized filter invocation [POST /batch/createFile?batchId=65] with attributes [17:防伪批次管理]
2021-01-20 10:39:27.468 [http-nio-8666-exec-3] DEBUG c.b.i.security.component.DynamicSecurityFilter - Authorized public object filter invocation [POST /error?batchId=65]
2021-01-20 10:54:22.019 [main] DEBUG c.b.identification.IdentificationAdminApplication - Running with Spring Boot v2.4.1, Spring v5.3.2
2021-01-20 10:54:34.520 [main] DEBUG c.b.i.s.component.JwtAuthenticationTokenFilter - Filter 'jwtAuthenticationTokenFilter' configured for use
2021-01-20 10:54:49.163 [http-nio-8666-exec-4] DEBUG c.b.i.security.component.DynamicSecurityFilter - Authorized filter invocation [GET /brand/list] with attributes [16:防伪品牌管理]
2021-01-20 10:54:49.163 [http-nio-8666-exec-2] DEBUG c.b.i.security.component.DynamicSecurityFilter - Authorized filter invocation [GET /batch/list?pageNum=1&pageSize=10] with attributes [17:防伪批次管理]
2021-01-20 10:54:49.164 [http-nio-8666-exec-4] DEBUG c.b.i.security.component.DynamicSecurityFilter - Authorized filter invocation [GET /brand/list] with attributes [16:防伪品牌管理]
2021-01-20 10:54:49.164 [http-nio-8666-exec-2] DEBUG c.b.i.security.component.DynamicSecurityFilter - Authorized filter invocation [GET /batch/list?pageNum=1&pageSize=10] with attributes [17:防伪批次管理]
2021-01-20 10:54:52.445 [http-nio-8666-exec-5] DEBUG c.b.i.security.component.DynamicSecurityFilter - Authorized filter invocation [POST /batch/createFile?batchId=64] with attributes [17:防伪批次管理]
2021-01-20 10:54:52.448 [http-nio-8666-exec-5] DEBUG c.b.i.security.component.DynamicSecurityFilter - Authorized filter invocation [POST /batch/createFile?batchId=64] with attributes [17:防伪批次管理]
2021-01-20 10:55:15.867 [http-nio-8666-exec-5] DEBUG c.b.i.security.component.DynamicSecurityFilter - Authorized public object filter invocation [POST /error?batchId=64]
2021-01-20 10:57:40.331 [http-nio-8666-exec-8] DEBUG c.b.i.security.component.DynamicSecurityFilter - Authorized filter invocation [GET /brand/list] with attributes [16:防伪品牌管理]
2021-01-20 10:57:40.331 [http-nio-8666-exec-7] DEBUG c.b.i.security.component.DynamicSecurityFilter - Authorized filter invocation [GET /batch/list?pageNum=1&pageSize=10] with attributes [17:防伪批次管理]
2021-01-20 10:57:40.331 [http-nio-8666-exec-8] DEBUG c.b.i.security.component.DynamicSecurityFilter - Authorized filter invocation [GET /brand/list] with attributes [16:防伪品牌管理]
2021-01-20 10:57:40.331 [http-nio-8666-exec-7] DEBUG c.b.i.security.component.DynamicSecurityFilter - Authorized filter invocation [GET /batch/list?pageNum=1&pageSize=10] with attributes [17:防伪批次管理]
2021-01-20 11:12:17.327 [main] DEBUG c.b.identification.IdentificationAdminApplication - Running with Spring Boot v2.4.1, Spring v5.3.2
2021-01-20 11:12:23.569 [main] DEBUG c.b.i.s.component.JwtAuthenticationTokenFilter - Filter 'jwtAuthenticationTokenFilter' configured for use
2021-01-20 11:12:32.346 [http-nio-8666-exec-2] DEBUG c.b.i.security.component.DynamicSecurityFilter - Authorized filter invocation [GET /batch/list?pageNum=1&pageSize=10] with attributes [17:防伪批次管理]
2021-01-20 11:12:32.346 [http-nio-8666-exec-3] DEBUG c.b.i.security.component.DynamicSecurityFilter - Authorized filter invocation [GET /brand/list] with attributes [16:防伪品牌管理]
2021-01-20 11:12:32.347 [http-nio-8666-exec-3] DEBUG c.b.i.security.component.DynamicSecurityFilter - Authorized filter invocation [GET /brand/list] with attributes [16:防伪品牌管理]
2021-01-20 11:12:32.347 [http-nio-8666-exec-2] DEBUG c.b.i.security.component.DynamicSecurityFilter - Authorized filter invocation [GET /batch/list?pageNum=1&pageSize=10] with attributes [17:防伪批次管理]
2021-01-20 11:13:25.104 [http-nio-8666-exec-4] DEBUG c.b.i.security.component.DynamicSecurityFilter - Authorized filter invocation [POST /batch/createFile?batchId=64] with attributes [17:防伪批次管理]
2021-01-20 11:13:25.107 [http-nio-8666-exec-4] DEBUG c.b.i.security.component.DynamicSecurityFilter - Authorized filter invocation [POST /batch/createFile?batchId=64] with attributes [17:防伪批次管理]
2021-01-20 11:13:28.222 [http-nio-8666-exec-6] DEBUG c.b.i.security.component.DynamicSecurityFilter - Authorized filter invocation [GET /batch/list?pageNum=1&pageSize=10] with attributes [17:防伪批次管理]
2021-01-20 11:13:28.223 [http-nio-8666-exec-7] DEBUG c.b.i.security.component.DynamicSecurityFilter - Authorized filter invocation [GET /brand/list] with attributes [16:防伪品牌管理]
2021-01-20 11:13:28.223 [http-nio-8666-exec-7] DEBUG c.b.i.security.component.DynamicSecurityFilter - Authorized filter invocation [GET /brand/list] with attributes [16:防伪品牌管理]
2021-01-20 11:13:28.223 [http-nio-8666-exec-6] DEBUG c.b.i.security.component.DynamicSecurityFilter - Authorized filter invocation [GET /batch/list?pageNum=1&pageSize=10] with attributes [17:防伪批次管理]
2021-01-20 11:13:39.234 [http-nio-8666-exec-8] DEBUG c.b.i.security.component.DynamicSecurityFilter - Authorized filter invocation [GET /batch/list?pageNum=3&pageSize=10] with attributes [17:防伪批次管理]
2021-01-20 11:13:39.234 [http-nio-8666-exec-8] DEBUG c.b.i.security.component.DynamicSecurityFilter - Authorized filter invocation [GET /batch/list?pageNum=3&pageSize=10] with attributes [17:防伪批次管理]
2021-01-20 11:13:42.596 [http-nio-8666-exec-9] DEBUG c.b.i.security.component.DynamicSecurityFilter - Authorized filter invocation [POST /batch/createFile?batchId=5] with attributes [17:防伪批次管理]
2021-01-20 11:13:42.597 [http-nio-8666-exec-9] DEBUG c.b.i.security.component.DynamicSecurityFilter - Authorized filter invocation [POST /batch/createFile?batchId=5] with attributes [17:防伪批次管理]
2021-01-20 11:14:25.645 [http-nio-8666-exec-1] DEBUG c.b.i.security.component.DynamicSecurityFilter - Authorized filter invocation [GET /batch/list?pageNum=1&pageSize=10] with attributes [17:防伪批次管理]
2021-01-20 11:14:25.645 [http-nio-8666-exec-1] DEBUG c.b.i.security.component.DynamicSecurityFilter - Authorized filter invocation [GET /batch/list?pageNum=1&pageSize=10] with attributes [17:防伪批次管理]
2021-01-20 11:14:25.949 [http-nio-8666-exec-3] DEBUG c.b.i.security.component.DynamicSecurityFilter - Authorized filter invocation [GET /brand/list] with attributes [16:防伪品牌管理]
2021-01-20 11:14:25.950 [http-nio-8666-exec-3] DEBUG c.b.i.security.component.DynamicSecurityFilter - Authorized filter invocation [GET /brand/list] with attributes [16:防伪品牌管理]
2021-01-20 11:19:41.073 [http-nio-8666-exec-2] DEBUG c.b.i.security.component.DynamicSecurityFilter - Authorized filter invocation [GET /batch/list?pageNum=1&pageSize=10] with attributes [17:防伪批次管理]
2021-01-20 11:19:41.073 [http-nio-8666-exec-2] DEBUG c.b.i.security.component.DynamicSecurityFilter - Authorized filter invocation [GET /batch/list?pageNum=1&pageSize=10] with attributes [17:防伪批次管理]
2021-01-20 11:19:41.366 [http-nio-8666-exec-4] DEBUG c.b.i.security.component.DynamicSecurityFilter - Authorized filter invocation [GET /brand/list] with attributes [16:防伪品牌管理]
2021-01-20 11:19:41.367 [http-nio-8666-exec-4] DEBUG c.b.i.security.component.DynamicSecurityFilter - Authorized filter invocation [GET /brand/list] with attributes [16:防伪品牌管理]
2021-01-20 11:21:14.480 [http-nio-8666-exec-6] DEBUG c.b.i.security.component.DynamicSecurityFilter - Authorized filter invocation [GET /brand/list] with attributes [16:防伪品牌管理]
2021-01-20 11:21:14.481 [http-nio-8666-exec-6] DEBUG c.b.i.security.component.DynamicSecurityFilter - Authorized filter invocation [GET /brand/list] with attributes [16:防伪品牌管理]
2021-01-20 11:21:14.481 [http-nio-8666-exec-5] DEBUG c.b.i.security.component.DynamicSecurityFilter - Authorized filter invocation [GET /batch/list?pageNum=1&pageSize=10] with attributes [17:防伪批次管理]
2021-01-20 11:21:14.481 [http-nio-8666-exec-5] DEBUG c.b.i.security.component.DynamicSecurityFilter - Authorized filter invocation [GET /batch/list?pageNum=1&pageSize=10] with attributes [17:防伪批次管理]
2021-01-20 11:21:20.693 [http-nio-8666-exec-7] DEBUG c.b.i.security.component.DynamicSecurityFilter - Authorized filter invocation [GET /batch/list?pageNum=3&pageSize=10] with attributes [17:防伪批次管理]
2021-01-20 11:21:20.694 [http-nio-8666-exec-7] DEBUG c.b.i.security.component.DynamicSecurityFilter - Authorized filter invocation [GET /batch/list?pageNum=3&pageSize=10] with attributes [17:防伪批次管理]
2021-01-20 11:21:23.475 [http-nio-8666-exec-8] DEBUG c.b.i.security.component.DynamicSecurityFilter - Authorized filter invocation [POST /batch/createFile?batchId=4] with attributes [17:防伪批次管理]
2021-01-20 11:21:23.476 [http-nio-8666-exec-8] DEBUG c.b.i.security.component.DynamicSecurityFilter - Authorized filter invocation [POST /batch/createFile?batchId=4] with attributes [17:防伪批次管理]
2021-01-20 11:21:46.658 [http-nio-8666-exec-10] DEBUG c.b.i.security.component.DynamicSecurityFilter - Authorized filter invocation [GET /batch/list?pageNum=1&pageSize=10] with attributes [17:防伪批次管理]
2021-01-20 11:21:46.660 [http-nio-8666-exec-10] DEBUG c.b.i.security.component.DynamicSecurityFilter - Authorized filter invocation [GET /batch/list?pageNum=1&pageSize=10] with attributes [17:防伪批次管理]
2021-01-20 11:21:46.959 [http-nio-8666-exec-1] DEBUG c.b.i.security.component.DynamicSecurityFilter - Authorized filter invocation [GET /brand/list] with attributes [16:防伪品牌管理]
2021-01-20 11:21:46.968 [http-nio-8666-exec-1] DEBUG c.b.i.security.component.DynamicSecurityFilter - Authorized filter invocation [GET /brand/list] with attributes [16:防伪品牌管理]
2021-01-20 11:26:36.728 [http-nio-8666-exec-3] DEBUG c.b.i.security.component.DynamicSecurityFilter - Authorized filter invocation [GET /batch/list?pageNum=3&pageSize=10] with attributes [17:防伪批次管理]
2021-01-20 11:26:36.729 [http-nio-8666-exec-3] DEBUG c.b.i.security.component.DynamicSecurityFilter - Authorized filter invocation [GET /batch/list?pageNum=3&pageSize=10] with attributes [17:防伪批次管理]
2021-01-20 11:27:08.146 [http-nio-8666-exec-2] DEBUG c.b.i.security.component.DynamicSecurityFilter - Authorized filter invocation [POST /batch/deleteFile?batchId=5] with attributes [17:防伪批次管理]
2021-01-20 11:27:08.146 [http-nio-8666-exec-2] DEBUG c.b.i.security.component.DynamicSecurityFilter - Authorized filter invocation [POST /batch/deleteFile?batchId=5] with attributes [17:防伪批次管理]
2021-01-20 11:27:08.485 [http-nio-8666-exec-4] DEBUG c.b.i.security.component.DynamicSecurityFilter - Authorized filter invocation [GET /batch/list?pageNum=3&pageSize=10] with attributes [17:防伪批次管理]
2021-01-20 11:27:08.486 [http-nio-8666-exec-4] DEBUG c.b.i.security.component.DynamicSecurityFilter - Authorized filter invocation [GET /batch/list?pageNum=3&pageSize=10] with attributes [17:防伪批次管理]
2021-01-20 11:27:13.914 [http-nio-8666-exec-6] DEBUG c.b.i.security.component.DynamicSecurityFilter - Authorized filter invocation [POST /batch/deleteFile?batchId=4] with attributes [17:防伪批次管理]
2021-01-20 11:27:13.915 [http-nio-8666-exec-6] DEBUG c.b.i.security.component.DynamicSecurityFilter - Authorized filter invocation [POST /batch/deleteFile?batchId=4] with attributes [17:防伪批次管理]
2021-01-20 11:27:14.252 [http-nio-8666-exec-5] DEBUG c.b.i.security.component.DynamicSecurityFilter - Authorized filter invocation [GET /batch/list?pageNum=3&pageSize=10] with attributes [17:防伪批次管理]
2021-01-20 11:27:14.252 [http-nio-8666-exec-5] DEBUG c.b.i.security.component.DynamicSecurityFilter - Authorized filter invocation [GET /batch/list?pageNum=3&pageSize=10] with attributes [17:防伪批次管理]
2021-01-20 11:27:14.965 [http-nio-8666-exec-7] DEBUG c.b.i.security.component.DynamicSecurityFilter - Authorized filter invocation [GET /batch/list?pageNum=1&pageSize=10] with attributes [17:防伪批次管理]
2021-01-20 11:27:14.965 [http-nio-8666-exec-7] DEBUG c.b.i.security.component.DynamicSecurityFilter - Authorized filter invocation [GET /batch/list?pageNum=1&pageSize=10] with attributes [17:防伪批次管理]
2021-01-20 11:27:17.549 [http-nio-8666-exec-8] DEBUG c.b.i.security.component.DynamicSecurityFilter - Authorized filter invocation [POST /batch/deleteFile?batchId=66] with attributes [17:防伪批次管理]
2021-01-20 11:27:17.549 [http-nio-8666-exec-8] DEBUG c.b.i.security.component.DynamicSecurityFilter - Authorized filter invocation [POST /batch/deleteFile?batchId=66] with attributes [17:防伪批次管理]
2021-01-20 11:27:17.800 [http-nio-8666-exec-9] DEBUG c.b.i.security.component.DynamicSecurityFilter - Authorized filter invocation [GET /batch/list?pageNum=1&pageSize=10] with attributes [17:防伪批次管理]
2021-01-20 11:27:17.800 [http-nio-8666-exec-9] DEBUG c.b.i.security.component.DynamicSecurityFilter - Authorized filter invocation [GET /batch/list?pageNum=1&pageSize=10] with attributes [17:防伪批次管理]
2021-01-20 11:27:19.454 [http-nio-8666-exec-10] DEBUG c.b.i.security.component.DynamicSecurityFilter - Authorized filter invocation [POST /batch/deleteFile?batchId=64] with attributes [17:防伪批次管理]
2021-01-20 11:27:19.455 [http-nio-8666-exec-10] DEBUG c.b.i.security.component.DynamicSecurityFilter - Authorized filter invocation [POST /batch/deleteFile?batchId=64] with attributes [17:防伪批次管理]
2021-01-20 11:27:19.787 [http-nio-8666-exec-1] DEBUG c.b.i.security.component.DynamicSecurityFilter - Authorized filter invocation [GET /batch/list?pageNum=1&pageSize=10] with attributes [17:防伪批次管理]
2021-01-20 11:27:19.787 [http-nio-8666-exec-1] DEBUG c.b.i.security.component.DynamicSecurityFilter - Authorized filter invocation [GET /batch/list?pageNum=1&pageSize=10] with attributes [17:防伪批次管理]
2021-01-20 11:27:21.340 [http-nio-8666-exec-3] DEBUG c.b.i.security.component.DynamicSecurityFilter - Authorized filter invocation [GET /batch/list?pageNum=2&pageSize=10] with attributes [17:防伪批次管理]
2021-01-20 11:27:21.340 [http-nio-8666-exec-3] DEBUG c.b.i.security.component.DynamicSecurityFilter - Authorized filter invocation [GET /batch/list?pageNum=2&pageSize=10] with attributes [17:防伪批次管理]
2021-01-20 11:27:22.520 [http-nio-8666-exec-2] DEBUG c.b.i.security.component.DynamicSecurityFilter - Authorized filter invocation [GET /batch/list?pageNum=3&pageSize=10] with attributes [17:防伪批次管理]
2021-01-20 11:27:22.520 [http-nio-8666-exec-2] DEBUG c.b.i.security.component.DynamicSecurityFilter - Authorized filter invocation [GET /batch/list?pageNum=3&pageSize=10] with attributes [17:防伪批次管理]
2021-01-20 11:27:38.781 [http-nio-8666-exec-4] DEBUG c.b.i.security.component.DynamicSecurityFilter - Authorized filter invocation [POST /batch/createFile?batchId=4] with attributes [17:防伪批次管理]
2021-01-20 11:27:38.781 [http-nio-8666-exec-4] DEBUG c.b.i.security.component.DynamicSecurityFilter - Authorized filter invocation [POST /batch/createFile?batchId=4] with attributes [17:防伪批次管理]
2021-01-20 11:27:40.329 [http-nio-8666-exec-7] DEBUG c.b.i.security.component.DynamicSecurityFilter - Authorized filter invocation [GET /brand/list] with attributes [16:防伪品牌管理]
2021-01-20 11:27:40.329 [http-nio-8666-exec-5] DEBUG c.b.i.security.component.DynamicSecurityFilter - Authorized filter invocation [GET /batch/list?pageNum=1&pageSize=10] with attributes [17:防伪批次管理]
2021-01-20 11:27:40.329 [http-nio-8666-exec-7] DEBUG c.b.i.security.component.DynamicSecurityFilter - Authorized filter invocation [GET /brand/list] with attributes [16:防伪品牌管理]
2021-01-20 11:27:40.329 [http-nio-8666-exec-5] DEBUG c.b.i.security.component.DynamicSecurityFilter - Authorized filter invocation [GET /batch/list?pageNum=1&pageSize=10] with attributes [17:防伪批次管理]
2021-01-20 11:27:55.994 [http-nio-8666-exec-8] DEBUG c.b.i.security.component.DynamicSecurityFilter - Authorized filter invocation [GET /batch/list?pageNum=3&pageSize=10] with attributes [17:防伪批次管理]
2021-01-20 11:27:55.994 [http-nio-8666-exec-8] DEBUG c.b.i.security.component.DynamicSecurityFilter - Authorized filter invocation [GET /batch/list?pageNum=3&pageSize=10] with attributes [17:防伪批次管理]
2021-01-20 11:28:44.614 [http-nio-8666-exec-9] DEBUG c.b.i.security.component.DynamicSecurityFilter - Authorized filter invocation [GET /batch/list?pageNum=1&pageSize=10] with attributes [17:防伪批次管理]
2021-01-20 11:28:44.614 [http-nio-8666-exec-9] DEBUG c.b.i.security.component.DynamicSecurityFilter - Authorized filter invocation [GET /batch/list?pageNum=1&pageSize=10] with attributes [17:防伪批次管理]
2021-01-20 11:28:44.916 [http-nio-8666-exec-10] DEBUG c.b.i.security.component.DynamicSecurityFilter - Authorized filter invocation [GET /brand/list] with attributes [16:防伪品牌管理]
2021-01-20 11:28:44.916 [http-nio-8666-exec-10] DEBUG c.b.i.security.component.DynamicSecurityFilter - Authorized filter invocation [GET /brand/list] with attributes [16:防伪品牌管理]
2021-01-20 11:28:46.440 [http-nio-8666-exec-1] DEBUG c.b.i.security.component.DynamicSecurityFilter - Authorized filter invocation [GET /batch/list?pageNum=3&pageSize=10] with attributes [17:防伪批次管理]
2021-01-20 11:28:46.441 [http-nio-8666-exec-1] DEBUG c.b.i.security.component.DynamicSecurityFilter - Authorized filter invocation [GET /batch/list?pageNum=3&pageSize=10] with attributes [17:防伪批次管理]
2021-01-20 11:28:48.751 [http-nio-8666-exec-3] DEBUG c.b.i.security.component.DynamicSecurityFilter - Authorized filter invocation [POST /batch/deleteFile?batchId=4] with attributes [17:防伪批次管理]
2021-01-20 11:28:48.752 [http-nio-8666-exec-3] DEBUG c.b.i.security.component.DynamicSecurityFilter - Authorized filter invocation [POST /batch/deleteFile?batchId=4] with attributes [17:防伪批次管理]
2021-01-20 11:28:49.088 [http-nio-8666-exec-2] DEBUG c.b.i.security.component.DynamicSecurityFilter - Authorized filter invocation [GET /batch/list?pageNum=3&pageSize=10] with attributes [17:防伪批次管理]
2021-01-20 11:28:49.088 [http-nio-8666-exec-2] DEBUG c.b.i.security.component.DynamicSecurityFilter - Authorized filter invocation [GET /batch/list?pageNum=3&pageSize=10] with attributes [17:防伪批次管理]
2021-01-20 11:28:50.154 [http-nio-8666-exec-4] DEBUG c.b.i.security.component.DynamicSecurityFilter - Authorized filter invocation [POST /batch/createFile?batchId=4] with attributes [17:防伪批次管理]
2021-01-20 11:28:50.155 [http-nio-8666-exec-4] DEBUG c.b.i.security.component.DynamicSecurityFilter - Authorized filter invocation [POST /batch/createFile?batchId=4] with attributes [17:防伪批次管理]
2021-01-20 11:28:51.727 [http-nio-8666-exec-5] DEBUG c.b.i.security.component.DynamicSecurityFilter - Authorized filter invocation [GET /brand/list] with attributes [16:防伪品牌管理]
2021-01-20 11:28:51.727 [http-nio-8666-exec-7] DEBUG c.b.i.security.component.DynamicSecurityFilter - Authorized filter invocation [GET /batch/list?pageNum=1&pageSize=10] with attributes [17:防伪批次管理]
2021-01-20 11:28:51.727 [http-nio-8666-exec-7] DEBUG c.b.i.security.component.DynamicSecurityFilter - Authorized filter invocation [GET /batch/list?pageNum=1&pageSize=10] with attributes [17:防伪批次管理]
2021-01-20 11:28:51.727 [http-nio-8666-exec-5] DEBUG c.b.i.security.component.DynamicSecurityFilter - Authorized filter invocation [GET /brand/list] with attributes [16:防伪品牌管理]
2021-01-20 11:28:53.300 [http-nio-8666-exec-8] DEBUG c.b.i.security.component.DynamicSecurityFilter - Authorized filter invocation [GET /batch/list?pageNum=3&pageSize=10] with attributes [17:防伪批次管理]
2021-01-20 11:28:53.300 [http-nio-8666-exec-8] DEBUG c.b.i.security.component.DynamicSecurityFilter - Authorized filter invocation [GET /batch/list?pageNum=3&pageSize=10] with attributes [17:防伪批次管理]
2021-01-20 11:29:50.167 [http-nio-8666-exec-9] DEBUG c.b.i.security.component.DynamicSecurityFilter - Authorized filter invocation [GET /batch/list?pageNum=1&pageSize=10] with attributes [17:防伪批次管理]
2021-01-20 11:29:50.167 [http-nio-8666-exec-9] DEBUG c.b.i.security.component.DynamicSecurityFilter - Authorized filter invocation [GET /batch/list?pageNum=1&pageSize=10] with attributes [17:防伪批次管理]
2021-01-20 11:29:50.468 [http-nio-8666-exec-10] DEBUG c.b.i.security.component.DynamicSecurityFilter - Authorized filter invocation [GET /brand/list] with attributes [16:防伪品牌管理]
2021-01-20 11:29:50.468 [http-nio-8666-exec-10] DEBUG c.b.i.security.component.DynamicSecurityFilter - Authorized filter invocation [GET /brand/list] with attributes [16:防伪品牌管理]
2021-01-20 11:29:52.802 [http-nio-8666-exec-1] DEBUG c.b.i.security.component.DynamicSecurityFilter - Authorized filter invocation [POST /batch/createFile?batchId=61] with attributes [17:防伪批次管理]
2021-01-20 11:29:52.803 [http-nio-8666-exec-1] DEBUG c.b.i.security.component.DynamicSecurityFilter - Authorized filter invocation [POST /batch/createFile?batchId=61] with attributes [17:防伪批次管理]
2021-01-20 11:29:55.197 [http-nio-8666-exec-2] DEBUG c.b.i.security.component.DynamicSecurityFilter - Authorized filter invocation [GET /batch/list?pageNum=1&pageSize=10] with attributes [17:防伪批次管理]
2021-01-20 11:29:55.197 [http-nio-8666-exec-2] DEBUG c.b.i.security.component.DynamicSecurityFilter - Authorized filter invocation [GET /batch/list?pageNum=1&pageSize=10] with attributes [17:防伪批次管理]
2021-01-20 11:29:55.499 [http-nio-8666-exec-4] DEBUG c.b.i.security.component.DynamicSecurityFilter - Authorized filter invocation [GET /brand/list] with attributes [16:防伪品牌管理]
2021-01-20 11:29:55.499 [http-nio-8666-exec-4] DEBUG c.b.i.security.component.DynamicSecurityFilter - Authorized filter invocation [GET /brand/list] with attributes [16:防伪品牌管理]
2021-01-20 11:30:02.132 [http-nio-8666-exec-6] DEBUG c.b.i.security.component.DynamicSecurityFilter - Authorized filter invocation [GET /batch/list?pageNum=3&pageSize=10] with attributes [17:防伪批次管理]
2021-01-20 11:30:02.132 [http-nio-8666-exec-6] DEBUG c.b.i.security.component.DynamicSecurityFilter - Authorized filter invocation [GET /batch/list?pageNum=3&pageSize=10] with attributes [17:防伪批次管理]
2021-01-20 11:30:04.173 [http-nio-8666-exec-5] DEBUG c.b.i.security.component.DynamicSecurityFilter - Authorized filter invocation [GET /batch/ip] with attributes [17:防伪批次管理]
2021-01-20 11:30:04.174 [http-nio-8666-exec-5] DEBUG c.b.i.security.component.DynamicSecurityFilter - Authorized filter invocation [GET /batch/ip] with attributes [17:防伪批次管理]
2021-01-20 11:54:21.642 [main] DEBUG c.b.identification.IdentificationAdminApplication - Running with Spring Boot v2.4.1, Spring v5.3.2
2021-01-20 11:55:09.107 [main] DEBUG c.b.identification.IdentificationAdminApplication - Running with Spring Boot v2.4.1, Spring v5.3.2
2021-01-20 11:55:29.619 [main] DEBUG c.b.identification.IdentificationAdminApplication - Running with Spring Boot v2.4.1, Spring v5.3.2
2021-01-20 11:55:33.434 [main] DEBUG c.b.i.s.component.JwtAuthenticationTokenFilter - Filter 'jwtAuthenticationTokenFilter' configured for use
2021-01-20 11:55:49.500 [http-nio-8666-exec-2] DEBUG c.b.i.security.component.DynamicSecurityFilter - Authorized filter invocation [GET /brand/list?pageNum=1&pageSize=10] with attributes [16:防伪品牌管理]
2021-01-20 11:55:49.501 [http-nio-8666-exec-2] DEBUG c.b.i.security.component.DynamicSecurityFilter - Authorized filter invocation [GET /brand/list?pageNum=1&pageSize=10] with attributes [16:防伪品牌管理]
2021-01-20 11:56:47.499 [http-nio-8666-exec-3] DEBUG c.b.i.security.component.DynamicSecurityFilter - Authorized filter invocation [POST /brand/add] with attributes [16:防伪品牌管理]
2021-01-20 11:56:47.503 [http-nio-8666-exec-3] DEBUG c.b.i.security.component.DynamicSecurityFilter - Authorized filter invocation [POST /brand/add] with attributes [16:防伪品牌管理]
2021-01-20 11:56:47.919 [http-nio-8666-exec-4] DEBUG c.b.i.security.component.DynamicSecurityFilter - Authorized filter invocation [GET /brand/list?pageNum=1&pageSize=10] with attributes [16:防伪品牌管理]
2021-01-20 11:56:47.919 [http-nio-8666-exec-4] DEBUG c.b.i.security.component.DynamicSecurityFilter - Authorized filter invocation [GET /brand/list?pageNum=1&pageSize=10] with attributes [16:防伪品牌管理]
