2021-02-07 10:30:26.526 [main] DEBUG c.b.identification.IdentificationAdminApplication - Running with Spring Boot v2.4.1, Spring v5.3.2
2021-02-07 10:30:30.496 [main] DEBUG c.b.i.s.component.JwtAuthenticationTokenFilter - Filter 'jwtAuthenticationTokenFilter' configured for use
2021-02-07 10:30:35.943 [http-nio-8666-exec-3] DEBUG c.b.i.security.component.DynamicSecurityFilter - Authorized public object filter invocation [GET /visit/visitNumber]
2021-02-07 10:30:35.945 [http-nio-8666-exec-3] DEBUG c.b.i.security.component.DynamicSecurityFilter - Authorized public object filter invocation [GET /visit/visitNumber]
2021-02-07 10:30:41.271 [http-nio-8666-exec-4] DEBUG c.b.i.security.component.DynamicSecurityFilter - Authorized filter invocation [GET /batch/list?pageNum=1&pageSize=10] with attributes [17:防伪批次管理]
2021-02-07 10:30:41.271 [http-nio-8666-exec-4] DEBUG c.b.i.security.component.DynamicSecurityFilter - Authorized filter invocation [GET /batch/list?pageNum=1&pageSize=10] with attributes [17:防伪批次管理]
2021-02-07 10:30:41.572 [http-nio-8666-exec-5] DEBUG c.b.i.security.component.DynamicSecurityFilter - Authorized filter invocation [GET /brand/list] with attributes [16:防伪品牌管理]
2021-02-07 10:30:41.573 [http-nio-8666-exec-5] DEBUG c.b.i.security.component.DynamicSecurityFilter - Authorized filter invocation [GET /brand/list] with attributes [16:防伪品牌管理]
2021-02-07 10:30:43.337 [http-nio-8666-exec-6] DEBUG c.b.i.security.component.DynamicSecurityFilter - Authorized filter invocation [POST /batch/createFile?batchId=65] with attributes [17:防伪批次管理]
2021-02-07 10:30:43.338 [http-nio-8666-exec-6] DEBUG c.b.i.security.component.DynamicSecurityFilter - Authorized filter invocation [POST /batch/createFile?batchId=65] with attributes [17:防伪批次管理]
2021-02-07 10:30:44.385 [http-nio-8666-exec-8] DEBUG c.b.i.security.component.DynamicSecurityFilter - Authorized filter invocation [GET /batch/list?pageNum=1&pageSize=10] with attributes [17:防伪批次管理]
2021-02-07 10:30:44.386 [http-nio-8666-exec-8] DEBUG c.b.i.security.component.DynamicSecurityFilter - Authorized filter invocation [GET /batch/list?pageNum=1&pageSize=10] with attributes [17:防伪批次管理]
2021-02-07 10:30:44.668 [http-nio-8666-exec-9] DEBUG c.b.i.security.component.DynamicSecurityFilter - Authorized filter invocation [GET /brand/list] with attributes [16:防伪品牌管理]
2021-02-07 10:30:44.668 [http-nio-8666-exec-9] DEBUG c.b.i.security.component.DynamicSecurityFilter - Authorized filter invocation [GET /brand/list] with attributes [16:防伪品牌管理]
2021-02-07 10:30:48.364 [http-nio-8666-exec-1] DEBUG c.b.i.security.component.DynamicSecurityFilter - Authorized filter invocation [GET /batch/list?pageNum=1&pageSize=10] with attributes [17:防伪批次管理]
2021-02-07 10:30:48.365 [http-nio-8666-exec-1] DEBUG c.b.i.security.component.DynamicSecurityFilter - Authorized filter invocation [GET /batch/list?pageNum=1&pageSize=10] with attributes [17:防伪批次管理]
2021-02-07 10:30:48.661 [http-nio-8666-exec-2] DEBUG c.b.i.security.component.DynamicSecurityFilter - Authorized filter invocation [GET /brand/list] with attributes [16:防伪品牌管理]
2021-02-07 10:30:48.661 [http-nio-8666-exec-2] DEBUG c.b.i.security.component.DynamicSecurityFilter - Authorized filter invocation [GET /brand/list] with attributes [16:防伪品牌管理]
2021-02-07 10:30:49.549 [http-nio-8666-exec-3] DEBUG c.b.i.security.component.DynamicSecurityFilter - Authorized filter invocation [GET /batch/ip] with attributes [17:防伪批次管理]
2021-02-07 10:30:49.549 [http-nio-8666-exec-3] DEBUG c.b.i.security.component.DynamicSecurityFilter - Authorized filter invocation [GET /batch/ip] with attributes [17:防伪批次管理]
2021-02-07 10:39:35.004 [http-nio-8666-exec-8] DEBUG c.b.i.security.component.DynamicSecurityFilter - Authorized filter invocation [GET /brand/list] with attributes [16:防伪品牌管理]
2021-02-07 10:39:35.004 [http-nio-8666-exec-7] DEBUG c.b.i.security.component.DynamicSecurityFilter - Authorized filter invocation [GET /batch/list?pageNum=1&pageSize=10] with attributes [17:防伪批次管理]
2021-02-07 10:39:35.004 [http-nio-8666-exec-8] DEBUG c.b.i.security.component.DynamicSecurityFilter - Authorized filter invocation [GET /brand/list] with attributes [16:防伪品牌管理]
2021-02-07 10:39:35.004 [http-nio-8666-exec-7] DEBUG c.b.i.security.component.DynamicSecurityFilter - Authorized filter invocation [GET /batch/list?pageNum=1&pageSize=10] with attributes [17:防伪批次管理]
2021-02-07 10:39:36.838 [http-nio-8666-exec-9] DEBUG c.b.i.security.component.DynamicSecurityFilter - Authorized filter invocation [GET /batch/ip] with attributes [17:防伪批次管理]
2021-02-07 10:39:36.839 [http-nio-8666-exec-9] DEBUG c.b.i.security.component.DynamicSecurityFilter - Authorized filter invocation [GET /batch/ip] with attributes [17:防伪批次管理]
2021-02-07 10:39:51.034 [http-nio-8666-exec-2] DEBUG c.b.i.security.component.DynamicSecurityFilter - Authorized filter invocation [GET /brand/list] with attributes [16:防伪品牌管理]
2021-02-07 10:39:51.034 [http-nio-8666-exec-1] DEBUG c.b.i.security.component.DynamicSecurityFilter - Authorized filter invocation [GET /batch/list?pageNum=1&pageSize=10] with attributes [17:防伪批次管理]
2021-02-07 10:39:51.034 [http-nio-8666-exec-2] DEBUG c.b.i.security.component.DynamicSecurityFilter - Authorized filter invocation [GET /brand/list] with attributes [16:防伪品牌管理]
2021-02-07 10:39:51.034 [http-nio-8666-exec-1] DEBUG c.b.i.security.component.DynamicSecurityFilter - Authorized filter invocation [GET /batch/list?pageNum=1&pageSize=10] with attributes [17:防伪批次管理]
2021-02-07 10:44:37.872 [http-nio-8666-exec-6] DEBUG c.b.i.security.component.DynamicSecurityFilter - Authorized filter invocation [GET /batch/list?pageNum=1&pageSize=10] with attributes [17:防伪批次管理]
2021-02-07 10:44:37.872 [http-nio-8666-exec-5] DEBUG c.b.i.security.component.DynamicSecurityFilter - Authorized filter invocation [GET /brand/list] with attributes [16:防伪品牌管理]
2021-02-07 10:44:37.873 [http-nio-8666-exec-6] DEBUG c.b.i.security.component.DynamicSecurityFilter - Authorized filter invocation [GET /batch/list?pageNum=1&pageSize=10] with attributes [17:防伪批次管理]
2021-02-07 10:44:37.873 [http-nio-8666-exec-5] DEBUG c.b.i.security.component.DynamicSecurityFilter - Authorized filter invocation [GET /brand/list] with attributes [16:防伪品牌管理]
2021-02-07 10:44:40.094 [http-nio-8666-exec-7] DEBUG c.b.i.security.component.DynamicSecurityFilter - Authorized filter invocation [GET /batch/list?pageNum=1&pageSize=10] with attributes [17:防伪批次管理]
2021-02-07 10:44:40.094 [http-nio-8666-exec-9] DEBUG c.b.i.security.component.DynamicSecurityFilter - Authorized filter invocation [GET /brand/list] with attributes [16:防伪品牌管理]
2021-02-07 10:44:40.095 [http-nio-8666-exec-9] DEBUG c.b.i.security.component.DynamicSecurityFilter - Authorized filter invocation [GET /brand/list] with attributes [16:防伪品牌管理]
2021-02-07 10:44:40.095 [http-nio-8666-exec-7] DEBUG c.b.i.security.component.DynamicSecurityFilter - Authorized filter invocation [GET /batch/list?pageNum=1&pageSize=10] with attributes [17:防伪批次管理]
2021-02-07 10:44:46.064 [http-nio-8666-exec-10] DEBUG c.b.i.security.component.DynamicSecurityFilter - Authorized filter invocation [GET /batch/ip] with attributes [17:防伪批次管理]
2021-02-07 10:44:46.065 [http-nio-8666-exec-10] DEBUG c.b.i.security.component.DynamicSecurityFilter - Authorized filter invocation [GET /batch/ip] with attributes [17:防伪批次管理]
2021-02-07 10:52:57.400 [http-nio-8666-exec-6] DEBUG c.b.i.security.component.DynamicSecurityFilter - Authorized public object filter invocation [GET /visit/visitNumber]
2021-02-07 10:52:57.400 [http-nio-8666-exec-6] DEBUG c.b.i.security.component.DynamicSecurityFilter - Authorized public object filter invocation [GET /visit/visitNumber]
2021-02-07 10:53:00.599 [http-nio-8666-exec-9] DEBUG c.b.i.security.component.DynamicSecurityFilter - Authorized filter invocation [GET /brand/list] with attributes [16:防伪品牌管理]
2021-02-07 10:53:00.599 [http-nio-8666-exec-8] DEBUG c.b.i.security.component.DynamicSecurityFilter - Authorized filter invocation [GET /batch/list?pageNum=1&pageSize=10] with attributes [17:防伪批次管理]
2021-02-07 10:53:00.600 [http-nio-8666-exec-8] DEBUG c.b.i.security.component.DynamicSecurityFilter - Authorized filter invocation [GET /batch/list?pageNum=1&pageSize=10] with attributes [17:防伪批次管理]
2021-02-07 10:53:00.600 [http-nio-8666-exec-9] DEBUG c.b.i.security.component.DynamicSecurityFilter - Authorized filter invocation [GET /brand/list] with attributes [16:防伪品牌管理]
2021-02-07 10:53:02.193 [http-nio-8666-exec-7] DEBUG c.b.i.security.component.DynamicSecurityFilter - Authorized filter invocation [GET /batch/ip] with attributes [17:防伪批次管理]
2021-02-07 10:53:02.194 [http-nio-8666-exec-7] DEBUG c.b.i.security.component.DynamicSecurityFilter - Authorized filter invocation [GET /batch/ip] with attributes [17:防伪批次管理]
2021-02-07 10:53:33.450 [http-nio-8666-exec-3] DEBUG c.b.i.security.component.DynamicSecurityFilter - Authorized public object filter invocation [GET /visit/visitNumber]
2021-02-07 10:53:33.451 [http-nio-8666-exec-3] DEBUG c.b.i.security.component.DynamicSecurityFilter - Authorized public object filter invocation [GET /visit/visitNumber]
2021-02-07 11:05:04.732 [http-nio-8666-exec-9] DEBUG c.b.i.security.component.DynamicSecurityFilter - Authorized public object filter invocation [GET /visit/visitNumber]
2021-02-07 11:05:04.733 [http-nio-8666-exec-9] DEBUG c.b.i.security.component.DynamicSecurityFilter - Authorized public object filter invocation [GET /visit/visitNumber]
2021-02-07 11:05:08.125 [http-nio-8666-exec-8] DEBUG c.b.i.security.component.DynamicSecurityFilter - Authorized filter invocation [GET /batch/list?pageNum=1&pageSize=10] with attributes [17:防伪批次管理]
2021-02-07 11:05:08.126 [http-nio-8666-exec-8] DEBUG c.b.i.security.component.DynamicSecurityFilter - Authorized filter invocation [GET /batch/list?pageNum=1&pageSize=10] with attributes [17:防伪批次管理]
2021-02-07 11:05:08.129 [http-nio-8666-exec-7] DEBUG c.b.i.security.component.DynamicSecurityFilter - Authorized filter invocation [GET /brand/list] with attributes [16:防伪品牌管理]
2021-02-07 11:05:08.129 [http-nio-8666-exec-7] DEBUG c.b.i.security.component.DynamicSecurityFilter - Authorized filter invocation [GET /brand/list] with attributes [16:防伪品牌管理]
2021-02-07 11:05:12.946 [http-nio-8666-exec-10] DEBUG c.b.i.security.component.DynamicSecurityFilter - Authorized filter invocation [GET /batch/ip] with attributes [17:防伪批次管理]
2021-02-07 11:05:12.947 [http-nio-8666-exec-10] DEBUG c.b.i.security.component.DynamicSecurityFilter - Authorized filter invocation [GET /batch/ip] with attributes [17:防伪批次管理]
