2021-01-18 14:24:04.062 [background-preinit] INFO  org.hibernate.validator.internal.util.Version - HV000001: Hibernate Validator 6.1.6.Final
2021-01-18 14:24:04.067 [main] INFO  c.b.identification.IdentificationPortalApplication - Starting IdentificationPortalApplication using Java 1.8.0_221 on bob with PID 16540 (F:\my\springboot\identification\identification-portal\target\classes started by Administrator in F:\my\springboot\identification)
2021-01-18 14:24:04.068 [main] INFO  c.b.identification.IdentificationPortalApplication - The following profiles are active: dev
2021-01-18 14:24:04.864 [main] INFO  o.s.d.r.config.RepositoryConfigurationDelegate - Multiple Spring Data modules found, entering strict repository configuration mode!
2021-01-18 14:24:04.866 [main] INFO  o.s.d.r.config.RepositoryConfigurationDelegate - Bootstrapping Spring Data Redis repositories in DEFAULT mode.
2021-01-18 14:24:04.899 [main] INFO  o.s.d.r.config.RepositoryConfigurationDelegate - Finished Spring Data repository scanning in 20 ms. Found 0 Redis repository interfaces.
2021-01-18 14:24:05.290 [main] INFO  o.s.c.s.PostProcessorRegistrationDelegate$BeanPostProcessorChecker - Bean 'spring.datasource.dynamic-com.baomidou.dynamic.datasource.spring.boot.autoconfigure.DynamicDataSourceProperties' of type [com.baomidou.dynamic.datasource.spring.boot.autoconfigure.DynamicDataSourceProperties] is not eligible for getting processed by all BeanPostProcessors (for example: not eligible for auto-proxying)
2021-01-18 14:24:05.298 [main] INFO  o.s.c.s.PostProcessorRegistrationDelegate$BeanPostProcessorChecker - Bean 'com.baomidou.dynamic.datasource.spring.boot.autoconfigure.DynamicDataSourceAutoConfiguration' of type [com.baomidou.dynamic.datasource.spring.boot.autoconfigure.DynamicDataSourceAutoConfiguration$$EnhancerBySpringCGLIB$$77f2e5fb] is not eligible for getting processed by all BeanPostProcessors (for example: not eligible for auto-proxying)
2021-01-18 14:24:05.312 [main] INFO  o.s.c.s.PostProcessorRegistrationDelegate$BeanPostProcessorChecker - Bean 'dsProcessor' of type [com.baomidou.dynamic.datasource.processor.DsHeaderProcessor] is not eligible for getting processed by all BeanPostProcessors (for example: not eligible for auto-proxying)
2021-01-18 14:24:05.396 [main] INFO  o.s.c.s.PostProcessorRegistrationDelegate$BeanPostProcessorChecker - Bean 'org.springframework.security.access.expression.method.DefaultMethodSecurityExpressionHandler@78d9f51b' of type [org.springframework.security.access.expression.method.DefaultMethodSecurityExpressionHandler] is not eligible for getting processed by all BeanPostProcessors (for example: not eligible for auto-proxying)
2021-01-18 14:24:05.403 [main] INFO  o.s.c.s.PostProcessorRegistrationDelegate$BeanPostProcessorChecker - Bean 'methodSecurityMetadataSource' of type [org.springframework.security.access.method.DelegatingMethodSecurityMetadataSource] is not eligible for getting processed by all BeanPostProcessors (for example: not eligible for auto-proxying)
2021-01-18 14:24:05.685 [main] INFO  o.s.boot.web.embedded.tomcat.TomcatWebServer - Tomcat initialized with port(s): 8085 (http)
2021-01-18 14:24:05.692 [main] INFO  org.apache.coyote.http11.Http11NioProtocol - Initializing ProtocolHandler ["http-nio-8085"]
2021-01-18 14:24:05.693 [main] INFO  org.apache.catalina.core.StandardService - Starting service [Tomcat]
2021-01-18 14:24:05.693 [main] INFO  org.apache.catalina.core.StandardEngine - Starting Servlet engine: [Apache Tomcat/9.0.41]
2021-01-18 14:24:05.778 [main] INFO  o.a.c.core.ContainerBase.[Tomcat].[localhost].[/] - Initializing Spring embedded WebApplicationContext
2021-01-18 14:24:05.779 [main] INFO  o.s.b.w.s.c.ServletWebServerApplicationContext - Root WebApplicationContext: initialization completed in 1669 ms
2021-01-18 14:24:06.058 [main] INFO  com.zaxxer.hikari.HikariDataSource - master - Starting...
2021-01-18 14:24:06.357 [main] INFO  com.zaxxer.hikari.HikariDataSource - master - Start completed.
2021-01-18 14:24:06.357 [main] INFO  com.zaxxer.hikari.HikariDataSource - slave_1 - Starting...
2021-01-18 14:24:06.380 [main] INFO  com.zaxxer.hikari.HikariDataSource - slave_1 - Start completed.
2021-01-18 14:24:06.381 [main] INFO  com.zaxxer.hikari.HikariDataSource - slave_2 - Starting...
2021-01-18 14:24:06.403 [main] INFO  com.zaxxer.hikari.HikariDataSource - slave_2 - Start completed.
2021-01-18 14:24:06.403 [main] INFO  com.zaxxer.hikari.HikariDataSource - slave_3 - Starting...
2021-01-18 14:24:06.426 [main] INFO  com.zaxxer.hikari.HikariDataSource - slave_3 - Start completed.
2021-01-18 14:24:06.426 [main] INFO  com.zaxxer.hikari.HikariDataSource - slave_4 - Starting...
2021-01-18 14:24:06.448 [main] INFO  com.zaxxer.hikari.HikariDataSource - slave_4 - Start completed.
2021-01-18 14:24:06.449 [main] INFO  com.zaxxer.hikari.HikariDataSource - slave_5 - Starting...
2021-01-18 14:24:06.472 [main] INFO  com.zaxxer.hikari.HikariDataSource - slave_5 - Start completed.
2021-01-18 14:24:06.473 [main] INFO  c.b.dynamic.datasource.DynamicRoutingDataSource - dynamic-datasource - load a datasource named [slave_4] success
2021-01-18 14:24:06.473 [main] INFO  c.b.dynamic.datasource.DynamicRoutingDataSource - dynamic-datasource - load a datasource named [slave_5] success
2021-01-18 14:24:06.473 [main] INFO  c.b.dynamic.datasource.DynamicRoutingDataSource - dynamic-datasource - load a datasource named [slave_2] success
2021-01-18 14:24:06.473 [main] INFO  c.b.dynamic.datasource.DynamicRoutingDataSource - dynamic-datasource - load a datasource named [slave_3] success
2021-01-18 14:24:06.473 [main] INFO  c.b.dynamic.datasource.DynamicRoutingDataSource - dynamic-datasource - load a datasource named [master] success
2021-01-18 14:24:06.473 [main] INFO  c.b.dynamic.datasource.DynamicRoutingDataSource - dynamic-datasource - load a datasource named [slave_1] success
2021-01-18 14:24:06.474 [main] INFO  c.b.dynamic.datasource.DynamicRoutingDataSource - dynamic-datasource initial loaded [6] datasource,primary datasource named [master]
2021-01-18 14:24:07.723 [main] INFO  o.s.security.web.DefaultSecurityFilterChain - Will secure any request with [org.springframework.security.web.context.request.async.WebAsyncManagerIntegrationFilter@7b8cb283, org.springframework.security.web.context.SecurityContextPersistenceFilter@7a34c1f6, org.springframework.security.web.header.HeaderWriterFilter@2842c098, org.springframework.security.web.authentication.logout.LogoutFilter@1280bae3, com.bob.identification.security.component.JwtAuthenticationTokenFilter@66d25ba9, org.springframework.security.web.savedrequest.RequestCacheAwareFilter@3e998033, org.springframework.security.web.servletapi.SecurityContextHolderAwareRequestFilter@7612116b, org.springframework.security.web.authentication.AnonymousAuthenticationFilter@38b54694, org.springframework.security.web.session.SessionManagementFilter@70840a5a, org.springframework.security.web.access.ExceptionTranslationFilter@85cd413, org.springframework.security.web.access.intercept.FilterSecurityInterceptor@d3d5094]
2021-01-18 14:24:07.940 [main] INFO  o.s.scheduling.concurrent.ThreadPoolTaskExecutor - Initializing ExecutorService 'applicationTaskExecutor'
2021-01-18 14:24:08.421 [main] INFO  o.s.scheduling.concurrent.ThreadPoolTaskScheduler - Initializing ExecutorService 'taskScheduler'
2021-01-18 14:24:08.477 [main] INFO  org.apache.coyote.http11.Http11NioProtocol - Starting ProtocolHandler ["http-nio-8085"]
2021-01-18 14:24:08.493 [main] INFO  o.s.boot.web.embedded.tomcat.TomcatWebServer - Tomcat started on port(s): 8085 (http) with context path ''
2021-01-18 14:24:08.505 [main] INFO  c.b.identification.IdentificationPortalApplication - Started IdentificationPortalApplication in 4.983 seconds (JVM running for 5.637)
2021-01-18 14:25:40.270 [http-nio-8085-exec-1] INFO  o.a.c.core.ContainerBase.[Tomcat].[localhost].[/] - Initializing Spring DispatcherServlet 'dispatcherServlet'
2021-01-18 14:25:40.270 [http-nio-8085-exec-1] INFO  org.springframework.web.servlet.DispatcherServlet - Initializing Servlet 'dispatcherServlet'
2021-01-18 14:25:40.271 [http-nio-8085-exec-1] INFO  org.springframework.web.servlet.DispatcherServlet - Completed initialization in 1 ms
2021-01-18 14:25:40.330 [http-nio-8085-exec-1] INFO  com.bob.identification.component.VisitAspect - 访问用户IP地址：0:0:0:0:0:0:0:1
2021-01-18 14:25:41.085 [http-nio-8085-exec-1] INFO  com.bob.identification.common.log.WebLogAspect - {"method":"GET","description":"查询","uri":"/home/query","url":"http://localhost:8085/home/query","result":{"code":200,"data":"The anti-counterfeiting code 501748925192091 has been verified , the first inquiry time was （0）. Please beware of counterfeiting.","message":"操作成功"},"basePath":"http://localhost:8085","parameter":{"":"501748925192091"},"startTime":1610951140329,"spendTime":745}
2021-01-18 14:42:36.210 [SpringContextShutdownHook] INFO  o.s.scheduling.concurrent.ThreadPoolTaskScheduler - Shutting down ExecutorService 'taskScheduler'
2021-01-18 14:42:36.212 [SpringContextShutdownHook] INFO  o.s.scheduling.concurrent.ThreadPoolTaskExecutor - Shutting down ExecutorService 'applicationTaskExecutor'
2021-01-18 14:42:36.328 [SpringContextShutdownHook] INFO  c.b.dynamic.datasource.DynamicRoutingDataSource - dynamic-datasource start closing ....
2021-01-18 14:42:36.328 [SpringContextShutdownHook] INFO  com.zaxxer.hikari.HikariDataSource - slave_4 - Shutdown initiated...
2021-01-18 14:42:36.331 [SpringContextShutdownHook] INFO  com.zaxxer.hikari.HikariDataSource - slave_4 - Shutdown completed.
2021-01-18 14:42:36.331 [SpringContextShutdownHook] INFO  com.zaxxer.hikari.HikariDataSource - slave_5 - Shutdown initiated...
2021-01-18 14:42:36.333 [SpringContextShutdownHook] INFO  com.zaxxer.hikari.HikariDataSource - slave_5 - Shutdown completed.
2021-01-18 14:42:36.333 [SpringContextShutdownHook] INFO  com.zaxxer.hikari.HikariDataSource - slave_2 - Shutdown initiated...
2021-01-18 14:42:36.336 [SpringContextShutdownHook] INFO  com.zaxxer.hikari.HikariDataSource - slave_2 - Shutdown completed.
2021-01-18 14:42:36.337 [SpringContextShutdownHook] INFO  com.zaxxer.hikari.HikariDataSource - slave_3 - Shutdown initiated...
2021-01-18 14:42:36.339 [SpringContextShutdownHook] INFO  com.zaxxer.hikari.HikariDataSource - slave_3 - Shutdown completed.
2021-01-18 14:42:36.339 [SpringContextShutdownHook] INFO  com.zaxxer.hikari.HikariDataSource - master - Shutdown initiated...
2021-01-18 14:42:36.341 [SpringContextShutdownHook] INFO  com.zaxxer.hikari.HikariDataSource - master - Shutdown completed.
2021-01-18 14:42:36.342 [SpringContextShutdownHook] INFO  com.zaxxer.hikari.HikariDataSource - slave_1 - Shutdown initiated...
2021-01-18 14:42:36.344 [SpringContextShutdownHook] INFO  com.zaxxer.hikari.HikariDataSource - slave_1 - Shutdown completed.
2021-01-18 14:42:36.344 [SpringContextShutdownHook] INFO  c.b.dynamic.datasource.DynamicRoutingDataSource - dynamic-datasource all closed success,bye
2021-01-18 14:42:40.892 [main] INFO  c.b.identification.IdentificationPortalApplication - Starting IdentificationPortalApplication using Java 1.8.0_221 on bob with PID 15852 (F:\my\springboot\identification\identification-portal\target\classes started by Administrator in F:\my\springboot\identification)
2021-01-18 14:42:40.890 [background-preinit] INFO  org.hibernate.validator.internal.util.Version - HV000001: Hibernate Validator 6.1.6.Final
2021-01-18 14:42:40.894 [main] INFO  c.b.identification.IdentificationPortalApplication - The following profiles are active: dev
2021-01-18 14:42:41.915 [main] INFO  o.s.d.r.config.RepositoryConfigurationDelegate - Multiple Spring Data modules found, entering strict repository configuration mode!
2021-01-18 14:42:41.917 [main] INFO  o.s.d.r.config.RepositoryConfigurationDelegate - Bootstrapping Spring Data Redis repositories in DEFAULT mode.
2021-01-18 14:42:41.948 [main] INFO  o.s.d.r.config.RepositoryConfigurationDelegate - Finished Spring Data repository scanning in 19 ms. Found 0 Redis repository interfaces.
2021-01-18 14:42:42.341 [main] INFO  o.s.c.s.PostProcessorRegistrationDelegate$BeanPostProcessorChecker - Bean 'spring.datasource.dynamic-com.baomidou.dynamic.datasource.spring.boot.autoconfigure.DynamicDataSourceProperties' of type [com.baomidou.dynamic.datasource.spring.boot.autoconfigure.DynamicDataSourceProperties] is not eligible for getting processed by all BeanPostProcessors (for example: not eligible for auto-proxying)
2021-01-18 14:42:42.348 [main] INFO  o.s.c.s.PostProcessorRegistrationDelegate$BeanPostProcessorChecker - Bean 'com.baomidou.dynamic.datasource.spring.boot.autoconfigure.DynamicDataSourceAutoConfiguration' of type [com.baomidou.dynamic.datasource.spring.boot.autoconfigure.DynamicDataSourceAutoConfiguration$$EnhancerBySpringCGLIB$$ea9b40d] is not eligible for getting processed by all BeanPostProcessors (for example: not eligible for auto-proxying)
2021-01-18 14:42:42.361 [main] INFO  o.s.c.s.PostProcessorRegistrationDelegate$BeanPostProcessorChecker - Bean 'dsProcessor' of type [com.baomidou.dynamic.datasource.processor.DsHeaderProcessor] is not eligible for getting processed by all BeanPostProcessors (for example: not eligible for auto-proxying)
2021-01-18 14:42:42.443 [main] INFO  o.s.c.s.PostProcessorRegistrationDelegate$BeanPostProcessorChecker - Bean 'org.springframework.security.access.expression.method.DefaultMethodSecurityExpressionHandler@47c7a9e5' of type [org.springframework.security.access.expression.method.DefaultMethodSecurityExpressionHandler] is not eligible for getting processed by all BeanPostProcessors (for example: not eligible for auto-proxying)
2021-01-18 14:42:42.451 [main] INFO  o.s.c.s.PostProcessorRegistrationDelegate$BeanPostProcessorChecker - Bean 'methodSecurityMetadataSource' of type [org.springframework.security.access.method.DelegatingMethodSecurityMetadataSource] is not eligible for getting processed by all BeanPostProcessors (for example: not eligible for auto-proxying)
2021-01-18 14:42:42.739 [main] INFO  o.s.boot.web.embedded.tomcat.TomcatWebServer - Tomcat initialized with port(s): 8085 (http)
2021-01-18 14:42:42.747 [main] INFO  org.apache.coyote.http11.Http11NioProtocol - Initializing ProtocolHandler ["http-nio-8085"]
2021-01-18 14:42:42.747 [main] INFO  org.apache.catalina.core.StandardService - Starting service [Tomcat]
2021-01-18 14:42:42.748 [main] INFO  org.apache.catalina.core.StandardEngine - Starting Servlet engine: [Apache Tomcat/9.0.41]
2021-01-18 14:42:42.837 [main] INFO  o.a.c.core.ContainerBase.[Tomcat].[localhost].[/] - Initializing Spring embedded WebApplicationContext
2021-01-18 14:42:42.837 [main] INFO  o.s.b.w.s.c.ServletWebServerApplicationContext - Root WebApplicationContext: initialization completed in 1892 ms
2021-01-18 14:42:43.121 [main] INFO  com.zaxxer.hikari.HikariDataSource - master - Starting...
2021-01-18 14:42:43.430 [main] INFO  com.zaxxer.hikari.HikariDataSource - master - Start completed.
2021-01-18 14:42:43.431 [main] INFO  com.zaxxer.hikari.HikariDataSource - slave_1 - Starting...
2021-01-18 14:42:43.454 [main] INFO  com.zaxxer.hikari.HikariDataSource - slave_1 - Start completed.
2021-01-18 14:42:43.455 [main] INFO  com.zaxxer.hikari.HikariDataSource - slave_2 - Starting...
2021-01-18 14:42:43.478 [main] INFO  com.zaxxer.hikari.HikariDataSource - slave_2 - Start completed.
2021-01-18 14:42:43.478 [main] INFO  com.zaxxer.hikari.HikariDataSource - slave_3 - Starting...
2021-01-18 14:42:43.501 [main] INFO  com.zaxxer.hikari.HikariDataSource - slave_3 - Start completed.
2021-01-18 14:42:43.501 [main] INFO  com.zaxxer.hikari.HikariDataSource - slave_4 - Starting...
2021-01-18 14:42:43.523 [main] INFO  com.zaxxer.hikari.HikariDataSource - slave_4 - Start completed.
2021-01-18 14:42:43.523 [main] INFO  com.zaxxer.hikari.HikariDataSource - slave_5 - Starting...
2021-01-18 14:42:43.546 [main] INFO  com.zaxxer.hikari.HikariDataSource - slave_5 - Start completed.
2021-01-18 14:42:43.547 [main] INFO  c.b.dynamic.datasource.DynamicRoutingDataSource - dynamic-datasource - load a datasource named [slave_4] success
2021-01-18 14:42:43.547 [main] INFO  c.b.dynamic.datasource.DynamicRoutingDataSource - dynamic-datasource - load a datasource named [slave_5] success
2021-01-18 14:42:43.547 [main] INFO  c.b.dynamic.datasource.DynamicRoutingDataSource - dynamic-datasource - load a datasource named [slave_2] success
2021-01-18 14:42:43.547 [main] INFO  c.b.dynamic.datasource.DynamicRoutingDataSource - dynamic-datasource - load a datasource named [slave_3] success
2021-01-18 14:42:43.547 [main] INFO  c.b.dynamic.datasource.DynamicRoutingDataSource - dynamic-datasource - load a datasource named [master] success
2021-01-18 14:42:43.547 [main] INFO  c.b.dynamic.datasource.DynamicRoutingDataSource - dynamic-datasource - load a datasource named [slave_1] success
2021-01-18 14:42:43.547 [main] INFO  c.b.dynamic.datasource.DynamicRoutingDataSource - dynamic-datasource initial loaded [6] datasource,primary datasource named [master]
2021-01-18 14:42:44.809 [main] INFO  o.s.security.web.DefaultSecurityFilterChain - Will secure any request with [org.springframework.security.web.context.request.async.WebAsyncManagerIntegrationFilter@3e0855b0, org.springframework.security.web.context.SecurityContextPersistenceFilter@688d2a5d, org.springframework.security.web.header.HeaderWriterFilter@615c4ea4, org.springframework.security.web.authentication.logout.LogoutFilter@40a7974, com.bob.identification.security.component.JwtAuthenticationTokenFilter@7fbf26fc, org.springframework.security.web.savedrequest.RequestCacheAwareFilter@2820b369, org.springframework.security.web.servletapi.SecurityContextHolderAwareRequestFilter@1c62d2ad, org.springframework.security.web.authentication.AnonymousAuthenticationFilter@484b5a21, org.springframework.security.web.session.SessionManagementFilter@f01fc6d, org.springframework.security.web.access.ExceptionTranslationFilter@7747cc1b, org.springframework.security.web.access.intercept.FilterSecurityInterceptor@6c2dd88b]
2021-01-18 14:42:45.037 [main] INFO  o.s.scheduling.concurrent.ThreadPoolTaskExecutor - Initializing ExecutorService 'applicationTaskExecutor'
2021-01-18 14:42:45.539 [main] INFO  o.s.scheduling.concurrent.ThreadPoolTaskScheduler - Initializing ExecutorService 'taskScheduler'
2021-01-18 14:42:45.598 [main] INFO  org.apache.coyote.http11.Http11NioProtocol - Starting ProtocolHandler ["http-nio-8085"]
2021-01-18 14:42:45.614 [main] INFO  o.s.boot.web.embedded.tomcat.TomcatWebServer - Tomcat started on port(s): 8085 (http) with context path ''
2021-01-18 14:42:45.627 [main] INFO  c.b.identification.IdentificationPortalApplication - Started IdentificationPortalApplication in 5.579 seconds (JVM running for 6.295)
2021-01-18 14:47:06.406 [http-nio-8085-exec-1] INFO  o.a.c.core.ContainerBase.[Tomcat].[localhost].[/] - Initializing Spring DispatcherServlet 'dispatcherServlet'
2021-01-18 14:47:06.406 [http-nio-8085-exec-1] INFO  org.springframework.web.servlet.DispatcherServlet - Initializing Servlet 'dispatcherServlet'
2021-01-18 14:47:06.407 [http-nio-8085-exec-1] INFO  org.springframework.web.servlet.DispatcherServlet - Completed initialization in 1 ms
2021-01-18 14:47:06.461 [http-nio-8085-exec-1] INFO  com.bob.identification.component.VisitAspect - 访问用户IP地址：0:0:0:0:0:0:0:1
2021-01-18 14:47:07.223 [http-nio-8085-exec-1] INFO  com.bob.identification.common.log.WebLogAspect - {"method":"GET","description":"查询","uri":"/home/query","url":"http://localhost:8085/home/query","result":{"code":200,"data":"Dear customer, the anti-counterfeiting code is 501001103947635, belongs to LAIKOU products, you can feel free to use it. Thank you for your inquiry.","message":"操作成功"},"basePath":"http://localhost:8085","parameter":{"":"501001103947635"},"startTime":1610952426460,"spendTime":754}
2021-01-18 14:55:25.586 [SpringContextShutdownHook] INFO  o.s.scheduling.concurrent.ThreadPoolTaskScheduler - Shutting down ExecutorService 'taskScheduler'
2021-01-18 14:55:25.587 [SpringContextShutdownHook] INFO  o.s.scheduling.concurrent.ThreadPoolTaskExecutor - Shutting down ExecutorService 'applicationTaskExecutor'
2021-01-18 14:55:25.801 [SpringContextShutdownHook] INFO  c.b.dynamic.datasource.DynamicRoutingDataSource - dynamic-datasource start closing ....
2021-01-18 14:55:25.801 [SpringContextShutdownHook] INFO  com.zaxxer.hikari.HikariDataSource - slave_4 - Shutdown initiated...
2021-01-18 14:55:25.804 [SpringContextShutdownHook] INFO  com.zaxxer.hikari.HikariDataSource - slave_4 - Shutdown completed.
2021-01-18 14:55:25.805 [SpringContextShutdownHook] INFO  com.zaxxer.hikari.HikariDataSource - slave_5 - Shutdown initiated...
2021-01-18 14:55:25.830 [SpringContextShutdownHook] INFO  com.zaxxer.hikari.HikariDataSource - slave_5 - Shutdown completed.
2021-01-18 14:55:25.838 [SpringContextShutdownHook] INFO  com.zaxxer.hikari.HikariDataSource - slave_2 - Shutdown initiated...
2021-01-18 14:55:25.904 [SpringContextShutdownHook] INFO  com.zaxxer.hikari.HikariDataSource - slave_2 - Shutdown completed.
2021-01-18 14:55:25.905 [SpringContextShutdownHook] INFO  com.zaxxer.hikari.HikariDataSource - slave_3 - Shutdown initiated...
2021-01-18 14:55:25.921 [SpringContextShutdownHook] INFO  com.zaxxer.hikari.HikariDataSource - slave_3 - Shutdown completed.
2021-01-18 14:55:25.922 [SpringContextShutdownHook] INFO  com.zaxxer.hikari.HikariDataSource - master - Shutdown initiated...
2021-01-18 14:55:25.931 [SpringContextShutdownHook] INFO  com.zaxxer.hikari.HikariDataSource - master - Shutdown completed.
2021-01-18 14:55:25.932 [SpringContextShutdownHook] INFO  com.zaxxer.hikari.HikariDataSource - slave_1 - Shutdown initiated...
2021-01-18 14:55:25.944 [SpringContextShutdownHook] INFO  com.zaxxer.hikari.HikariDataSource - slave_1 - Shutdown completed.
2021-01-18 14:55:25.945 [SpringContextShutdownHook] INFO  c.b.dynamic.datasource.DynamicRoutingDataSource - dynamic-datasource all closed success,bye
