2021-01-22 09:18:07.705 [background-preinit] INFO  org.hibernate.validator.internal.util.Version - HV000001: Hibernate Validator 6.1.6.Final
2021-01-22 09:18:07.709 [main] INFO  c.b.identification.IdentificationPortalApplication - Starting IdentificationPortalApplication using Java 1.8.0_221 on bob with PID 3372 (F:\my\springboot\identification\identification-portal\target\classes started by Administrator in F:\my\springboot\identification)
2021-01-22 09:18:07.712 [main] INFO  c.b.identification.IdentificationPortalApplication - The following profiles are active: prod
2021-01-22 09:18:08.567 [main] INFO  o.s.d.r.config.RepositoryConfigurationDelegate - Multiple Spring Data modules found, entering strict repository configuration mode!
2021-01-22 09:18:08.570 [main] INFO  o.s.d.r.config.RepositoryConfigurationDelegate - Bootstrapping Spring Data Redis repositories in DEFAULT mode.
2021-01-22 09:18:08.607 [main] INFO  o.s.d.r.config.RepositoryConfigurationDelegate - Finished Spring Data repository scanning in 22 ms. Found 0 Redis repository interfaces.
2021-01-22 09:18:09.074 [main] INFO  o.s.c.s.PostProcessorRegistrationDelegate$BeanPostProcessorChecker - Bean 'spring.datasource.dynamic-com.baomidou.dynamic.datasource.spring.boot.autoconfigure.DynamicDataSourceProperties' of type [com.baomidou.dynamic.datasource.spring.boot.autoconfigure.DynamicDataSourceProperties] is not eligible for getting processed by all BeanPostProcessors (for example: not eligible for auto-proxying)
2021-01-22 09:18:09.082 [main] INFO  o.s.c.s.PostProcessorRegistrationDelegate$BeanPostProcessorChecker - Bean 'com.baomidou.dynamic.datasource.spring.boot.autoconfigure.DynamicDataSourceAutoConfiguration' of type [com.baomidou.dynamic.datasource.spring.boot.autoconfigure.DynamicDataSourceAutoConfiguration$$EnhancerBySpringCGLIB$$66d9facf] is not eligible for getting processed by all BeanPostProcessors (for example: not eligible for auto-proxying)
2021-01-22 09:18:09.097 [main] INFO  o.s.c.s.PostProcessorRegistrationDelegate$BeanPostProcessorChecker - Bean 'dsProcessor' of type [com.baomidou.dynamic.datasource.processor.DsHeaderProcessor] is not eligible for getting processed by all BeanPostProcessors (for example: not eligible for auto-proxying)
2021-01-22 09:18:09.191 [main] INFO  o.s.c.s.PostProcessorRegistrationDelegate$BeanPostProcessorChecker - Bean 'org.springframework.security.access.expression.method.DefaultMethodSecurityExpressionHandler@f438904' of type [org.springframework.security.access.expression.method.DefaultMethodSecurityExpressionHandler] is not eligible for getting processed by all BeanPostProcessors (for example: not eligible for auto-proxying)
2021-01-22 09:18:09.199 [main] INFO  o.s.c.s.PostProcessorRegistrationDelegate$BeanPostProcessorChecker - Bean 'methodSecurityMetadataSource' of type [org.springframework.security.access.method.DelegatingMethodSecurityMetadataSource] is not eligible for getting processed by all BeanPostProcessors (for example: not eligible for auto-proxying)
2021-01-22 09:18:09.525 [main] INFO  o.s.boot.web.embedded.tomcat.TomcatWebServer - Tomcat initialized with port(s): 8085 (http)
2021-01-22 09:18:09.533 [main] INFO  org.apache.coyote.http11.Http11NioProtocol - Initializing ProtocolHandler ["http-nio-8085"]
2021-01-22 09:18:09.534 [main] INFO  org.apache.catalina.core.StandardService - Starting service [Tomcat]
2021-01-22 09:18:09.534 [main] INFO  org.apache.catalina.core.StandardEngine - Starting Servlet engine: [Apache Tomcat/9.0.41]
2021-01-22 09:18:09.651 [main] INFO  o.a.c.core.ContainerBase.[Tomcat].[localhost].[/] - Initializing Spring embedded WebApplicationContext
2021-01-22 09:18:09.651 [main] INFO  o.s.b.w.s.c.ServletWebServerApplicationContext - Root WebApplicationContext: initialization completed in 1893 ms
2021-01-22 09:18:09.974 [main] INFO  com.zaxxer.hikari.HikariDataSource - master - Starting...
2021-01-22 09:18:11.364 [main] INFO  org.apache.catalina.core.StandardService - Stopping service [Tomcat]
2021-01-22 09:18:11.375 [main] INFO  o.s.b.a.l.ConditionEvaluationReportLoggingListener - 

Error starting ApplicationContext. To display the conditions report re-run your application with 'debug' enabled.
2021-01-22 09:18:41.709 [background-preinit] INFO  org.hibernate.validator.internal.util.Version - HV000001: Hibernate Validator 6.1.6.Final
2021-01-22 09:18:41.714 [main] INFO  c.b.identification.IdentificationPortalApplication - Starting IdentificationPortalApplication using Java 1.8.0_221 on bob with PID 6824 (F:\my\springboot\identification\identification-portal\target\classes started by Administrator in F:\my\springboot\identification)
2021-01-22 09:18:41.716 [main] INFO  c.b.identification.IdentificationPortalApplication - The following profiles are active: dev
2021-01-22 09:18:42.459 [main] INFO  o.s.d.r.config.RepositoryConfigurationDelegate - Multiple Spring Data modules found, entering strict repository configuration mode!
2021-01-22 09:18:42.461 [main] INFO  o.s.d.r.config.RepositoryConfigurationDelegate - Bootstrapping Spring Data Redis repositories in DEFAULT mode.
2021-01-22 09:18:42.494 [main] INFO  o.s.d.r.config.RepositoryConfigurationDelegate - Finished Spring Data repository scanning in 20 ms. Found 0 Redis repository interfaces.
2021-01-22 09:18:42.881 [main] INFO  o.s.c.s.PostProcessorRegistrationDelegate$BeanPostProcessorChecker - Bean 'spring.datasource.dynamic-com.baomidou.dynamic.datasource.spring.boot.autoconfigure.DynamicDataSourceProperties' of type [com.baomidou.dynamic.datasource.spring.boot.autoconfigure.DynamicDataSourceProperties] is not eligible for getting processed by all BeanPostProcessors (for example: not eligible for auto-proxying)
2021-01-22 09:18:42.889 [main] INFO  o.s.c.s.PostProcessorRegistrationDelegate$BeanPostProcessorChecker - Bean 'com.baomidou.dynamic.datasource.spring.boot.autoconfigure.DynamicDataSourceAutoConfiguration' of type [com.baomidou.dynamic.datasource.spring.boot.autoconfigure.DynamicDataSourceAutoConfiguration$$EnhancerBySpringCGLIB$$77f2e5fb] is not eligible for getting processed by all BeanPostProcessors (for example: not eligible for auto-proxying)
2021-01-22 09:18:42.902 [main] INFO  o.s.c.s.PostProcessorRegistrationDelegate$BeanPostProcessorChecker - Bean 'dsProcessor' of type [com.baomidou.dynamic.datasource.processor.DsHeaderProcessor] is not eligible for getting processed by all BeanPostProcessors (for example: not eligible for auto-proxying)
2021-01-22 09:18:42.982 [main] INFO  o.s.c.s.PostProcessorRegistrationDelegate$BeanPostProcessorChecker - Bean 'org.springframework.security.access.expression.method.DefaultMethodSecurityExpressionHandler@23ed382c' of type [org.springframework.security.access.expression.method.DefaultMethodSecurityExpressionHandler] is not eligible for getting processed by all BeanPostProcessors (for example: not eligible for auto-proxying)
2021-01-22 09:18:42.989 [main] INFO  o.s.c.s.PostProcessorRegistrationDelegate$BeanPostProcessorChecker - Bean 'methodSecurityMetadataSource' of type [org.springframework.security.access.method.DelegatingMethodSecurityMetadataSource] is not eligible for getting processed by all BeanPostProcessors (for example: not eligible for auto-proxying)
2021-01-22 09:18:43.270 [main] INFO  o.s.boot.web.embedded.tomcat.TomcatWebServer - Tomcat initialized with port(s): 8085 (http)
2021-01-22 09:18:43.277 [main] INFO  org.apache.coyote.http11.Http11NioProtocol - Initializing ProtocolHandler ["http-nio-8085"]
2021-01-22 09:18:43.278 [main] INFO  org.apache.catalina.core.StandardService - Starting service [Tomcat]
2021-01-22 09:18:43.278 [main] INFO  org.apache.catalina.core.StandardEngine - Starting Servlet engine: [Apache Tomcat/9.0.41]
2021-01-22 09:18:43.361 [main] INFO  o.a.c.core.ContainerBase.[Tomcat].[localhost].[/] - Initializing Spring embedded WebApplicationContext
2021-01-22 09:18:43.362 [main] INFO  o.s.b.w.s.c.ServletWebServerApplicationContext - Root WebApplicationContext: initialization completed in 1602 ms
2021-01-22 09:18:43.636 [main] INFO  com.zaxxer.hikari.HikariDataSource - master - Starting...
2021-01-22 09:18:43.954 [main] INFO  com.zaxxer.hikari.HikariDataSource - master - Start completed.
2021-01-22 09:18:43.955 [main] INFO  com.zaxxer.hikari.HikariDataSource - slave_1 - Starting...
2021-01-22 09:18:43.980 [main] INFO  com.zaxxer.hikari.HikariDataSource - slave_1 - Start completed.
2021-01-22 09:18:43.980 [main] INFO  com.zaxxer.hikari.HikariDataSource - slave_2 - Starting...
2021-01-22 09:18:44.004 [main] INFO  com.zaxxer.hikari.HikariDataSource - slave_2 - Start completed.
2021-01-22 09:18:44.004 [main] INFO  com.zaxxer.hikari.HikariDataSource - slave_3 - Starting...
2021-01-22 09:18:44.027 [main] INFO  com.zaxxer.hikari.HikariDataSource - slave_3 - Start completed.
2021-01-22 09:18:44.027 [main] INFO  com.zaxxer.hikari.HikariDataSource - slave_4 - Starting...
2021-01-22 09:18:44.049 [main] INFO  com.zaxxer.hikari.HikariDataSource - slave_4 - Start completed.
2021-01-22 09:18:44.050 [main] INFO  com.zaxxer.hikari.HikariDataSource - slave_5 - Starting...
2021-01-22 09:18:44.072 [main] INFO  com.zaxxer.hikari.HikariDataSource - slave_5 - Start completed.
2021-01-22 09:18:44.073 [main] INFO  c.b.dynamic.datasource.DynamicRoutingDataSource - dynamic-datasource - load a datasource named [slave_4] success
2021-01-22 09:18:44.073 [main] INFO  c.b.dynamic.datasource.DynamicRoutingDataSource - dynamic-datasource - load a datasource named [slave_5] success
2021-01-22 09:18:44.073 [main] INFO  c.b.dynamic.datasource.DynamicRoutingDataSource - dynamic-datasource - load a datasource named [slave_2] success
2021-01-22 09:18:44.073 [main] INFO  c.b.dynamic.datasource.DynamicRoutingDataSource - dynamic-datasource - load a datasource named [slave_3] success
2021-01-22 09:18:44.073 [main] INFO  c.b.dynamic.datasource.DynamicRoutingDataSource - dynamic-datasource - load a datasource named [master] success
2021-01-22 09:18:44.073 [main] INFO  c.b.dynamic.datasource.DynamicRoutingDataSource - dynamic-datasource - load a datasource named [slave_1] success
2021-01-22 09:18:44.073 [main] INFO  c.b.dynamic.datasource.DynamicRoutingDataSource - dynamic-datasource initial loaded [6] datasource,primary datasource named [master]
2021-01-22 09:18:45.426 [main] INFO  o.s.security.web.DefaultSecurityFilterChain - Will secure any request with [org.springframework.security.web.context.request.async.WebAsyncManagerIntegrationFilter@7b8cb283, org.springframework.security.web.context.SecurityContextPersistenceFilter@46d69ca4, org.springframework.security.web.header.HeaderWriterFilter@78861d9e, org.springframework.security.web.authentication.logout.LogoutFilter@126af200, com.bob.identification.security.component.JwtAuthenticationTokenFilter@66d25ba9, org.springframework.security.web.savedrequest.RequestCacheAwareFilter@5c9b5e62, org.springframework.security.web.servletapi.SecurityContextHolderAwareRequestFilter@76ed7573, org.springframework.security.web.authentication.AnonymousAuthenticationFilter@38b54694, org.springframework.security.web.session.SessionManagementFilter@416b681c, org.springframework.security.web.access.ExceptionTranslationFilter@257b3561, org.springframework.security.web.access.intercept.FilterSecurityInterceptor@d3d5094]
2021-01-22 09:18:45.648 [main] INFO  o.s.scheduling.concurrent.ThreadPoolTaskExecutor - Initializing ExecutorService 'applicationTaskExecutor'
2021-01-22 09:18:46.160 [main] INFO  o.s.scheduling.concurrent.ThreadPoolTaskScheduler - Initializing ExecutorService 'taskScheduler'
2021-01-22 09:18:46.220 [main] INFO  org.apache.coyote.http11.Http11NioProtocol - Starting ProtocolHandler ["http-nio-8085"]
2021-01-22 09:18:46.239 [main] INFO  o.s.boot.web.embedded.tomcat.TomcatWebServer - Tomcat started on port(s): 8085 (http) with context path ''
2021-01-22 09:18:46.252 [main] INFO  c.b.identification.IdentificationPortalApplication - Started IdentificationPortalApplication in 5.18 seconds (JVM running for 5.813)
2021-01-22 09:38:36.998 [http-nio-8085-exec-1] INFO  o.a.c.core.ContainerBase.[Tomcat].[localhost].[/] - Initializing Spring DispatcherServlet 'dispatcherServlet'
2021-01-22 09:38:36.998 [http-nio-8085-exec-1] INFO  org.springframework.web.servlet.DispatcherServlet - Initializing Servlet 'dispatcherServlet'
2021-01-22 09:38:36.999 [http-nio-8085-exec-1] INFO  org.springframework.web.servlet.DispatcherServlet - Completed initialization in 1 ms
2021-01-22 09:38:37.061 [http-nio-8085-exec-1] INFO  com.bob.identification.component.VisitAspect - 访问用户IP地址：0:0:0:0:0:0:0:1
2021-01-22 09:39:13.702 [http-nio-8085-exec-2] INFO  com.bob.identification.component.VisitAspect - 访问用户IP地址：0:0:0:0:0:0:0:1
2021-01-22 09:40:49.793 [SpringContextShutdownHook] INFO  o.s.scheduling.concurrent.ThreadPoolTaskScheduler - Shutting down ExecutorService 'taskScheduler'
2021-01-22 09:40:49.794 [SpringContextShutdownHook] INFO  o.s.scheduling.concurrent.ThreadPoolTaskExecutor - Shutting down ExecutorService 'applicationTaskExecutor'
2021-01-22 09:40:49.911 [SpringContextShutdownHook] INFO  c.b.dynamic.datasource.DynamicRoutingDataSource - dynamic-datasource start closing ....
2021-01-22 09:40:49.911 [SpringContextShutdownHook] INFO  com.zaxxer.hikari.HikariDataSource - slave_4 - Shutdown initiated...
2021-01-22 09:40:49.914 [SpringContextShutdownHook] INFO  com.zaxxer.hikari.HikariDataSource - slave_4 - Shutdown completed.
2021-01-22 09:40:49.914 [SpringContextShutdownHook] INFO  com.zaxxer.hikari.HikariDataSource - slave_5 - Shutdown initiated...
2021-01-22 09:40:49.916 [SpringContextShutdownHook] INFO  com.zaxxer.hikari.HikariDataSource - slave_5 - Shutdown completed.
2021-01-22 09:40:49.916 [SpringContextShutdownHook] INFO  com.zaxxer.hikari.HikariDataSource - slave_2 - Shutdown initiated...
2021-01-22 09:40:49.918 [SpringContextShutdownHook] INFO  com.zaxxer.hikari.HikariDataSource - slave_2 - Shutdown completed.
2021-01-22 09:40:49.918 [SpringContextShutdownHook] INFO  com.zaxxer.hikari.HikariDataSource - slave_3 - Shutdown initiated...
2021-01-22 09:40:49.920 [SpringContextShutdownHook] INFO  com.zaxxer.hikari.HikariDataSource - slave_3 - Shutdown completed.
2021-01-22 09:40:49.920 [SpringContextShutdownHook] INFO  com.zaxxer.hikari.HikariDataSource - master - Shutdown initiated...
2021-01-22 09:40:49.922 [SpringContextShutdownHook] INFO  com.zaxxer.hikari.HikariDataSource - master - Shutdown completed.
2021-01-22 09:40:49.922 [SpringContextShutdownHook] INFO  com.zaxxer.hikari.HikariDataSource - slave_1 - Shutdown initiated...
2021-01-22 09:40:49.924 [SpringContextShutdownHook] INFO  com.zaxxer.hikari.HikariDataSource - slave_1 - Shutdown completed.
2021-01-22 09:40:49.925 [SpringContextShutdownHook] INFO  c.b.dynamic.datasource.DynamicRoutingDataSource - dynamic-datasource all closed success,bye
2021-01-22 09:40:54.139 [background-preinit] INFO  org.hibernate.validator.internal.util.Version - HV000001: Hibernate Validator 6.1.6.Final
2021-01-22 09:40:54.143 [main] INFO  c.b.identification.IdentificationPortalApplication - Starting IdentificationPortalApplication using Java 1.8.0_221 on bob with PID 14008 (F:\my\springboot\identification\identification-portal\target\classes started by Administrator in F:\my\springboot\identification)
2021-01-22 09:40:54.144 [main] INFO  c.b.identification.IdentificationPortalApplication - The following profiles are active: dev
2021-01-22 09:40:54.871 [main] INFO  o.s.d.r.config.RepositoryConfigurationDelegate - Multiple Spring Data modules found, entering strict repository configuration mode!
2021-01-22 09:40:54.880 [main] INFO  o.s.d.r.config.RepositoryConfigurationDelegate - Bootstrapping Spring Data Redis repositories in DEFAULT mode.
2021-01-22 09:40:54.910 [main] INFO  o.s.d.r.config.RepositoryConfigurationDelegate - Finished Spring Data repository scanning in 19 ms. Found 0 Redis repository interfaces.
2021-01-22 09:40:55.278 [main] INFO  o.s.c.s.PostProcessorRegistrationDelegate$BeanPostProcessorChecker - Bean 'spring.datasource.dynamic-com.baomidou.dynamic.datasource.spring.boot.autoconfigure.DynamicDataSourceProperties' of type [com.baomidou.dynamic.datasource.spring.boot.autoconfigure.DynamicDataSourceProperties] is not eligible for getting processed by all BeanPostProcessors (for example: not eligible for auto-proxying)
2021-01-22 09:40:55.286 [main] INFO  o.s.c.s.PostProcessorRegistrationDelegate$BeanPostProcessorChecker - Bean 'com.baomidou.dynamic.datasource.spring.boot.autoconfigure.DynamicDataSourceAutoConfiguration' of type [com.baomidou.dynamic.datasource.spring.boot.autoconfigure.DynamicDataSourceAutoConfiguration$$EnhancerBySpringCGLIB$$e5340dd0] is not eligible for getting processed by all BeanPostProcessors (for example: not eligible for auto-proxying)
2021-01-22 09:40:55.299 [main] INFO  o.s.c.s.PostProcessorRegistrationDelegate$BeanPostProcessorChecker - Bean 'dsProcessor' of type [com.baomidou.dynamic.datasource.processor.DsHeaderProcessor] is not eligible for getting processed by all BeanPostProcessors (for example: not eligible for auto-proxying)
2021-01-22 09:40:55.380 [main] INFO  o.s.c.s.PostProcessorRegistrationDelegate$BeanPostProcessorChecker - Bean 'org.springframework.security.access.expression.method.DefaultMethodSecurityExpressionHandler@101ca8da' of type [org.springframework.security.access.expression.method.DefaultMethodSecurityExpressionHandler] is not eligible for getting processed by all BeanPostProcessors (for example: not eligible for auto-proxying)
2021-01-22 09:40:55.388 [main] INFO  o.s.c.s.PostProcessorRegistrationDelegate$BeanPostProcessorChecker - Bean 'methodSecurityMetadataSource' of type [org.springframework.security.access.method.DelegatingMethodSecurityMetadataSource] is not eligible for getting processed by all BeanPostProcessors (for example: not eligible for auto-proxying)
2021-01-22 09:40:55.677 [main] INFO  o.s.boot.web.embedded.tomcat.TomcatWebServer - Tomcat initialized with port(s): 8085 (http)
2021-01-22 09:40:55.684 [main] INFO  org.apache.coyote.http11.Http11NioProtocol - Initializing ProtocolHandler ["http-nio-8085"]
2021-01-22 09:40:55.685 [main] INFO  org.apache.catalina.core.StandardService - Starting service [Tomcat]
2021-01-22 09:40:55.685 [main] INFO  org.apache.catalina.core.StandardEngine - Starting Servlet engine: [Apache Tomcat/9.0.41]
2021-01-22 09:40:55.770 [main] INFO  o.a.c.core.ContainerBase.[Tomcat].[localhost].[/] - Initializing Spring embedded WebApplicationContext
2021-01-22 09:40:55.770 [main] INFO  o.s.b.w.s.c.ServletWebServerApplicationContext - Root WebApplicationContext: initialization completed in 1584 ms
2021-01-22 09:40:56.053 [main] INFO  com.zaxxer.hikari.HikariDataSource - master - Starting...
2021-01-22 09:40:56.364 [main] INFO  com.zaxxer.hikari.HikariDataSource - master - Start completed.
2021-01-22 09:40:56.365 [main] INFO  com.zaxxer.hikari.HikariDataSource - slave_1 - Starting...
2021-01-22 09:40:56.388 [main] INFO  com.zaxxer.hikari.HikariDataSource - slave_1 - Start completed.
2021-01-22 09:40:56.388 [main] INFO  com.zaxxer.hikari.HikariDataSource - slave_2 - Starting...
2021-01-22 09:40:56.411 [main] INFO  com.zaxxer.hikari.HikariDataSource - slave_2 - Start completed.
2021-01-22 09:40:56.411 [main] INFO  com.zaxxer.hikari.HikariDataSource - slave_3 - Starting...
2021-01-22 09:40:56.433 [main] INFO  com.zaxxer.hikari.HikariDataSource - slave_3 - Start completed.
2021-01-22 09:40:56.434 [main] INFO  com.zaxxer.hikari.HikariDataSource - slave_4 - Starting...
2021-01-22 09:40:56.456 [main] INFO  com.zaxxer.hikari.HikariDataSource - slave_4 - Start completed.
2021-01-22 09:40:56.456 [main] INFO  com.zaxxer.hikari.HikariDataSource - slave_5 - Starting...
2021-01-22 09:40:56.480 [main] INFO  com.zaxxer.hikari.HikariDataSource - slave_5 - Start completed.
2021-01-22 09:40:56.481 [main] INFO  c.b.dynamic.datasource.DynamicRoutingDataSource - dynamic-datasource - load a datasource named [slave_4] success
2021-01-22 09:40:56.481 [main] INFO  c.b.dynamic.datasource.DynamicRoutingDataSource - dynamic-datasource - load a datasource named [slave_5] success
2021-01-22 09:40:56.481 [main] INFO  c.b.dynamic.datasource.DynamicRoutingDataSource - dynamic-datasource - load a datasource named [slave_2] success
2021-01-22 09:40:56.482 [main] INFO  c.b.dynamic.datasource.DynamicRoutingDataSource - dynamic-datasource - load a datasource named [slave_3] success
2021-01-22 09:40:56.482 [main] INFO  c.b.dynamic.datasource.DynamicRoutingDataSource - dynamic-datasource - load a datasource named [master] success
2021-01-22 09:40:56.482 [main] INFO  c.b.dynamic.datasource.DynamicRoutingDataSource - dynamic-datasource - load a datasource named [slave_1] success
2021-01-22 09:40:56.482 [main] INFO  c.b.dynamic.datasource.DynamicRoutingDataSource - dynamic-datasource initial loaded [6] datasource,primary datasource named [master]
2021-01-22 09:40:57.800 [main] INFO  o.s.security.web.DefaultSecurityFilterChain - Will secure any request with [org.springframework.security.web.context.request.async.WebAsyncManagerIntegrationFilter@990b86b, org.springframework.security.web.context.SecurityContextPersistenceFilter@78743dd8, org.springframework.security.web.header.HeaderWriterFilter@6ef4297d, org.springframework.security.web.authentication.logout.LogoutFilter@2d172c7, com.bob.identification.security.component.JwtAuthenticationTokenFilter@70ede57d, org.springframework.security.web.savedrequest.RequestCacheAwareFilter@2986427e, org.springframework.security.web.servletapi.SecurityContextHolderAwareRequestFilter@a7ae340, org.springframework.security.web.authentication.AnonymousAuthenticationFilter@3dea1ecc, org.springframework.security.web.session.SessionManagementFilter@58b3eb1, org.springframework.security.web.access.ExceptionTranslationFilter@27a0e6ce, org.springframework.security.web.access.intercept.FilterSecurityInterceptor@4ea48b2e]
2021-01-22 09:40:58.023 [main] INFO  o.s.scheduling.concurrent.ThreadPoolTaskExecutor - Initializing ExecutorService 'applicationTaskExecutor'
2021-01-22 09:40:58.509 [main] INFO  o.s.scheduling.concurrent.ThreadPoolTaskScheduler - Initializing ExecutorService 'taskScheduler'
2021-01-22 09:40:58.566 [main] INFO  org.apache.coyote.http11.Http11NioProtocol - Starting ProtocolHandler ["http-nio-8085"]
2021-01-22 09:40:58.582 [main] INFO  o.s.boot.web.embedded.tomcat.TomcatWebServer - Tomcat started on port(s): 8085 (http) with context path ''
2021-01-22 09:40:58.595 [main] INFO  c.b.identification.IdentificationPortalApplication - Started IdentificationPortalApplication in 4.996 seconds (JVM running for 5.753)
2021-01-22 09:41:05.422 [http-nio-8085-exec-1] INFO  o.a.c.core.ContainerBase.[Tomcat].[localhost].[/] - Initializing Spring DispatcherServlet 'dispatcherServlet'
2021-01-22 09:41:05.422 [http-nio-8085-exec-1] INFO  org.springframework.web.servlet.DispatcherServlet - Initializing Servlet 'dispatcherServlet'
2021-01-22 09:41:05.423 [http-nio-8085-exec-1] INFO  org.springframework.web.servlet.DispatcherServlet - Completed initialization in 1 ms
2021-01-22 09:41:05.476 [http-nio-8085-exec-1] INFO  com.bob.identification.component.VisitAspect - 访问用户IP地址：0:0:0:0:0:0:0:1
2021-01-22 09:41:08.791 [http-nio-8085-exec-1] INFO  com.bob.identification.common.log.WebLogAspect - {"method":"GET","description":"查询","uri":"/home/query","url":"http://localhost:8085/home/query","result":{"code":200,"data":"Due to system problem, this code 123456789123456 cannot be verified at the moment, please contact us via weisheda-laikou@foxmail.com for further assistance, thank you.","message":"操作成功"},"basePath":"http://localhost:8085","parameter":{"":"123456789123456"},"startTime":1611279665475,"spendTime":3281}
2021-01-22 09:41:16.197 [http-nio-8085-exec-2] INFO  com.bob.identification.component.VisitAspect - 访问用户IP地址：0:0:0:0:0:0:0:1
2021-01-22 09:41:51.668 [http-nio-8085-exec-3] INFO  com.bob.identification.component.VisitAspect - 访问用户IP地址：0:0:0:0:0:0:0:1
2021-01-22 09:49:08.683 [SpringContextShutdownHook] INFO  o.s.scheduling.concurrent.ThreadPoolTaskScheduler - Shutting down ExecutorService 'taskScheduler'
2021-01-22 09:49:08.684 [SpringContextShutdownHook] INFO  o.s.scheduling.concurrent.ThreadPoolTaskExecutor - Shutting down ExecutorService 'applicationTaskExecutor'
2021-01-22 09:49:08.898 [SpringContextShutdownHook] INFO  c.b.dynamic.datasource.DynamicRoutingDataSource - dynamic-datasource start closing ....
2021-01-22 09:49:08.898 [SpringContextShutdownHook] INFO  com.zaxxer.hikari.HikariDataSource - slave_4 - Shutdown initiated...
2021-01-22 09:49:08.900 [SpringContextShutdownHook] INFO  com.zaxxer.hikari.HikariDataSource - slave_4 - Shutdown completed.
2021-01-22 09:49:08.900 [SpringContextShutdownHook] INFO  com.zaxxer.hikari.HikariDataSource - slave_5 - Shutdown initiated...
2021-01-22 09:49:08.902 [SpringContextShutdownHook] INFO  com.zaxxer.hikari.HikariDataSource - slave_5 - Shutdown completed.
2021-01-22 09:49:08.902 [SpringContextShutdownHook] INFO  com.zaxxer.hikari.HikariDataSource - slave_2 - Shutdown initiated...
2021-01-22 09:49:08.929 [SpringContextShutdownHook] INFO  com.zaxxer.hikari.HikariDataSource - slave_2 - Shutdown completed.
2021-01-22 09:49:08.931 [SpringContextShutdownHook] INFO  com.zaxxer.hikari.HikariDataSource - slave_3 - Shutdown initiated...
2021-01-22 09:49:08.942 [SpringContextShutdownHook] INFO  com.zaxxer.hikari.HikariDataSource - slave_3 - Shutdown completed.
2021-01-22 09:49:08.942 [SpringContextShutdownHook] INFO  com.zaxxer.hikari.HikariDataSource - master - Shutdown initiated...
2021-01-22 09:49:08.944 [SpringContextShutdownHook] INFO  com.zaxxer.hikari.HikariDataSource - master - Shutdown completed.
2021-01-22 09:49:08.944 [SpringContextShutdownHook] INFO  com.zaxxer.hikari.HikariDataSource - slave_1 - Shutdown initiated...
2021-01-22 09:49:08.947 [SpringContextShutdownHook] INFO  com.zaxxer.hikari.HikariDataSource - slave_1 - Shutdown completed.
2021-01-22 09:49:08.948 [SpringContextShutdownHook] INFO  c.b.dynamic.datasource.DynamicRoutingDataSource - dynamic-datasource all closed success,bye
2021-01-22 09:49:12.793 [background-preinit] INFO  org.hibernate.validator.internal.util.Version - HV000001: Hibernate Validator 6.1.6.Final
2021-01-22 09:49:12.798 [main] INFO  c.b.identification.IdentificationPortalApplication - Starting IdentificationPortalApplication using Java 1.8.0_221 on bob with PID 14896 (F:\my\springboot\identification\identification-portal\target\classes started by Administrator in F:\my\springboot\identification)
2021-01-22 09:49:12.798 [main] INFO  c.b.identification.IdentificationPortalApplication - The following profiles are active: dev
2021-01-22 09:49:13.624 [main] INFO  o.s.d.r.config.RepositoryConfigurationDelegate - Multiple Spring Data modules found, entering strict repository configuration mode!
2021-01-22 09:49:13.626 [main] INFO  o.s.d.r.config.RepositoryConfigurationDelegate - Bootstrapping Spring Data Redis repositories in DEFAULT mode.
2021-01-22 09:49:13.657 [main] INFO  o.s.d.r.config.RepositoryConfigurationDelegate - Finished Spring Data repository scanning in 19 ms. Found 0 Redis repository interfaces.
2021-01-22 09:49:14.038 [main] INFO  o.s.c.s.PostProcessorRegistrationDelegate$BeanPostProcessorChecker - Bean 'spring.datasource.dynamic-com.baomidou.dynamic.datasource.spring.boot.autoconfigure.DynamicDataSourceProperties' of type [com.baomidou.dynamic.datasource.spring.boot.autoconfigure.DynamicDataSourceProperties] is not eligible for getting processed by all BeanPostProcessors (for example: not eligible for auto-proxying)
2021-01-22 09:49:14.046 [main] INFO  o.s.c.s.PostProcessorRegistrationDelegate$BeanPostProcessorChecker - Bean 'com.baomidou.dynamic.datasource.spring.boot.autoconfigure.DynamicDataSourceAutoConfiguration' of type [com.baomidou.dynamic.datasource.spring.boot.autoconfigure.DynamicDataSourceAutoConfiguration$$EnhancerBySpringCGLIB$$3d85314f] is not eligible for getting processed by all BeanPostProcessors (for example: not eligible for auto-proxying)
2021-01-22 09:49:14.058 [main] INFO  o.s.c.s.PostProcessorRegistrationDelegate$BeanPostProcessorChecker - Bean 'dsProcessor' of type [com.baomidou.dynamic.datasource.processor.DsHeaderProcessor] is not eligible for getting processed by all BeanPostProcessors (for example: not eligible for auto-proxying)
2021-01-22 09:49:14.142 [main] INFO  o.s.c.s.PostProcessorRegistrationDelegate$BeanPostProcessorChecker - Bean 'org.springframework.security.access.expression.method.DefaultMethodSecurityExpressionHandler@3878be7b' of type [org.springframework.security.access.expression.method.DefaultMethodSecurityExpressionHandler] is not eligible for getting processed by all BeanPostProcessors (for example: not eligible for auto-proxying)
2021-01-22 09:49:14.149 [main] INFO  o.s.c.s.PostProcessorRegistrationDelegate$BeanPostProcessorChecker - Bean 'methodSecurityMetadataSource' of type [org.springframework.security.access.method.DelegatingMethodSecurityMetadataSource] is not eligible for getting processed by all BeanPostProcessors (for example: not eligible for auto-proxying)
2021-01-22 09:49:14.429 [main] INFO  o.s.boot.web.embedded.tomcat.TomcatWebServer - Tomcat initialized with port(s): 8085 (http)
2021-01-22 09:49:14.437 [main] INFO  org.apache.coyote.http11.Http11NioProtocol - Initializing ProtocolHandler ["http-nio-8085"]
2021-01-22 09:49:14.437 [main] INFO  org.apache.catalina.core.StandardService - Starting service [Tomcat]
2021-01-22 09:49:14.437 [main] INFO  org.apache.catalina.core.StandardEngine - Starting Servlet engine: [Apache Tomcat/9.0.41]
2021-01-22 09:49:14.523 [main] INFO  o.a.c.core.ContainerBase.[Tomcat].[localhost].[/] - Initializing Spring embedded WebApplicationContext
2021-01-22 09:49:14.523 [main] INFO  o.s.b.w.s.c.ServletWebServerApplicationContext - Root WebApplicationContext: initialization completed in 1680 ms
2021-01-22 09:49:14.802 [main] INFO  com.zaxxer.hikari.HikariDataSource - master - Starting...
2021-01-22 09:49:15.107 [main] INFO  com.zaxxer.hikari.HikariDataSource - master - Start completed.
2021-01-22 09:49:15.108 [main] INFO  com.zaxxer.hikari.HikariDataSource - slave_1 - Starting...
2021-01-22 09:49:15.131 [main] INFO  com.zaxxer.hikari.HikariDataSource - slave_1 - Start completed.
2021-01-22 09:49:15.131 [main] INFO  com.zaxxer.hikari.HikariDataSource - slave_2 - Starting...
2021-01-22 09:49:15.154 [main] INFO  com.zaxxer.hikari.HikariDataSource - slave_2 - Start completed.
2021-01-22 09:49:15.154 [main] INFO  com.zaxxer.hikari.HikariDataSource - slave_3 - Starting...
2021-01-22 09:49:15.177 [main] INFO  com.zaxxer.hikari.HikariDataSource - slave_3 - Start completed.
2021-01-22 09:49:15.177 [main] INFO  com.zaxxer.hikari.HikariDataSource - slave_4 - Starting...
2021-01-22 09:49:15.199 [main] INFO  com.zaxxer.hikari.HikariDataSource - slave_4 - Start completed.
2021-01-22 09:49:15.199 [main] INFO  com.zaxxer.hikari.HikariDataSource - slave_5 - Starting...
2021-01-22 09:49:15.222 [main] INFO  com.zaxxer.hikari.HikariDataSource - slave_5 - Start completed.
2021-01-22 09:49:15.223 [main] INFO  c.b.dynamic.datasource.DynamicRoutingDataSource - dynamic-datasource - load a datasource named [slave_4] success
2021-01-22 09:49:15.223 [main] INFO  c.b.dynamic.datasource.DynamicRoutingDataSource - dynamic-datasource - load a datasource named [slave_5] success
2021-01-22 09:49:15.223 [main] INFO  c.b.dynamic.datasource.DynamicRoutingDataSource - dynamic-datasource - load a datasource named [slave_2] success
2021-01-22 09:49:15.223 [main] INFO  c.b.dynamic.datasource.DynamicRoutingDataSource - dynamic-datasource - load a datasource named [slave_3] success
2021-01-22 09:49:15.223 [main] INFO  c.b.dynamic.datasource.DynamicRoutingDataSource - dynamic-datasource - load a datasource named [master] success
2021-01-22 09:49:15.223 [main] INFO  c.b.dynamic.datasource.DynamicRoutingDataSource - dynamic-datasource - load a datasource named [slave_1] success
2021-01-22 09:49:15.223 [main] INFO  c.b.dynamic.datasource.DynamicRoutingDataSource - dynamic-datasource initial loaded [6] datasource,primary datasource named [master]
2021-01-22 09:49:16.434 [main] INFO  o.s.security.web.DefaultSecurityFilterChain - Will secure any request with [org.springframework.security.web.context.request.async.WebAsyncManagerIntegrationFilter@3909a854, org.springframework.security.web.context.SecurityContextPersistenceFilter@990b86b, org.springframework.security.web.header.HeaderWriterFilter@7a34c1f6, org.springframework.security.web.authentication.logout.LogoutFilter@7981963f, com.bob.identification.security.component.JwtAuthenticationTokenFilter@38a4e2b0, org.springframework.security.web.savedrequest.RequestCacheAwareFilter@105c6c9e, org.springframework.security.web.servletapi.SecurityContextHolderAwareRequestFilter@6edd4fe2, org.springframework.security.web.authentication.AnonymousAuthenticationFilter@7b795db7, org.springframework.security.web.session.SessionManagementFilter@562f6681, org.springframework.security.web.access.ExceptionTranslationFilter@70840a5a, org.springframework.security.web.access.intercept.FilterSecurityInterceptor@7296fe0b]
2021-01-22 09:49:16.674 [main] INFO  o.s.scheduling.concurrent.ThreadPoolTaskExecutor - Initializing ExecutorService 'applicationTaskExecutor'
2021-01-22 09:49:17.150 [main] INFO  o.s.scheduling.concurrent.ThreadPoolTaskScheduler - Initializing ExecutorService 'taskScheduler'
2021-01-22 09:49:17.205 [main] INFO  org.apache.coyote.http11.Http11NioProtocol - Starting ProtocolHandler ["http-nio-8085"]
2021-01-22 09:49:17.221 [main] INFO  o.s.boot.web.embedded.tomcat.TomcatWebServer - Tomcat started on port(s): 8085 (http) with context path ''
2021-01-22 09:49:17.233 [main] INFO  c.b.identification.IdentificationPortalApplication - Started IdentificationPortalApplication in 5.0 seconds (JVM running for 5.659)
2021-01-22 09:54:27.048 [http-nio-8085-exec-1] INFO  o.a.c.core.ContainerBase.[Tomcat].[localhost].[/] - Initializing Spring DispatcherServlet 'dispatcherServlet'
2021-01-22 09:54:27.048 [http-nio-8085-exec-1] INFO  org.springframework.web.servlet.DispatcherServlet - Initializing Servlet 'dispatcherServlet'
2021-01-22 09:54:27.049 [http-nio-8085-exec-1] INFO  org.springframework.web.servlet.DispatcherServlet - Completed initialization in 1 ms
2021-01-22 09:54:27.104 [http-nio-8085-exec-1] INFO  com.bob.identification.component.VisitAspect - 访问用户IP地址：0:0:0:0:0:0:0:1
2021-01-22 09:59:20.097 [http-nio-8085-exec-2] INFO  com.bob.identification.component.VisitAspect - 访问用户IP地址：0:0:0:0:0:0:0:1
2021-01-22 09:59:20.255 [http-nio-8085-exec-2] INFO  com.bob.identification.common.log.WebLogAspect - {"method":"GET","description":"查询","uri":"/home/query","url":"http://localhost:8085/home/query","result":{"code":200,"data":"Due to system problem, this code 123456789123456 cannot be verified at the moment, please contact us via weisheda-laikou@foxmail.com for further assistance, thank you.","message":"操作成功"},"basePath":"http://localhost:8085","parameter":{"":"123456789123456"},"startTime":1611280760097,"spendTime":130}
2021-01-22 10:04:43.988 [SpringContextShutdownHook] INFO  o.s.scheduling.concurrent.ThreadPoolTaskScheduler - Shutting down ExecutorService 'taskScheduler'
2021-01-22 10:04:43.989 [SpringContextShutdownHook] INFO  o.s.scheduling.concurrent.ThreadPoolTaskExecutor - Shutting down ExecutorService 'applicationTaskExecutor'
2021-01-22 10:04:44.202 [SpringContextShutdownHook] INFO  c.b.dynamic.datasource.DynamicRoutingDataSource - dynamic-datasource start closing ....
2021-01-22 10:04:44.203 [SpringContextShutdownHook] INFO  com.zaxxer.hikari.HikariDataSource - slave_4 - Shutdown initiated...
2021-01-22 10:04:44.205 [SpringContextShutdownHook] INFO  com.zaxxer.hikari.HikariDataSource - slave_4 - Shutdown completed.
2021-01-22 10:04:44.205 [SpringContextShutdownHook] INFO  com.zaxxer.hikari.HikariDataSource - slave_5 - Shutdown initiated...
2021-01-22 10:04:44.208 [SpringContextShutdownHook] INFO  com.zaxxer.hikari.HikariDataSource - slave_5 - Shutdown completed.
2021-01-22 10:04:44.209 [SpringContextShutdownHook] INFO  com.zaxxer.hikari.HikariDataSource - slave_2 - Shutdown initiated...
2021-01-22 10:04:44.210 [SpringContextShutdownHook] INFO  com.zaxxer.hikari.HikariDataSource - slave_2 - Shutdown completed.
2021-01-22 10:04:44.210 [SpringContextShutdownHook] INFO  com.zaxxer.hikari.HikariDataSource - slave_3 - Shutdown initiated...
2021-01-22 10:04:44.212 [SpringContextShutdownHook] INFO  com.zaxxer.hikari.HikariDataSource - slave_3 - Shutdown completed.
2021-01-22 10:04:44.212 [SpringContextShutdownHook] INFO  com.zaxxer.hikari.HikariDataSource - master - Shutdown initiated...
2021-01-22 10:04:44.214 [SpringContextShutdownHook] INFO  com.zaxxer.hikari.HikariDataSource - master - Shutdown completed.
2021-01-22 10:04:44.214 [SpringContextShutdownHook] INFO  com.zaxxer.hikari.HikariDataSource - slave_1 - Shutdown initiated...
2021-01-22 10:04:44.216 [SpringContextShutdownHook] INFO  com.zaxxer.hikari.HikariDataSource - slave_1 - Shutdown completed.
2021-01-22 10:04:44.216 [SpringContextShutdownHook] INFO  c.b.dynamic.datasource.DynamicRoutingDataSource - dynamic-datasource all closed success,bye
