2021-01-20 09:37:25.379 [background-preinit] INFO  org.hibernate.validator.internal.util.Version - HV000001: Hibernate Validator 6.1.6.Final
2021-01-20 09:37:25.386 [main] INFO  c.b.identification.IdentificationPortalApplication - Starting IdentificationPortalApplication using Java 1.8.0_221 on bob with PID 16188 (F:\my\springboot\identification\identification-portal\target\classes started by Administrator in F:\my\springboot\identification)
2021-01-20 09:37:25.389 [main] INFO  c.b.identification.IdentificationPortalApplication - The following profiles are active: prod
2021-01-20 09:37:26.272 [main] INFO  o.s.d.r.config.RepositoryConfigurationDelegate - Multiple Spring Data modules found, entering strict repository configuration mode!
2021-01-20 09:37:26.275 [main] INFO  o.s.d.r.config.RepositoryConfigurationDelegate - Bootstrapping Spring Data Redis repositories in DEFAULT mode.
2021-01-20 09:37:26.315 [main] INFO  o.s.d.r.config.RepositoryConfigurationDelegate - Finished Spring Data repository scanning in 22 ms. Found 0 Redis repository interfaces.
2021-01-20 09:37:26.789 [main] INFO  o.s.c.s.PostProcessorRegistrationDelegate$BeanPostProcessorChecker - Bean 'spring.datasource.dynamic-com.baomidou.dynamic.datasource.spring.boot.autoconfigure.DynamicDataSourceProperties' of type [com.baomidou.dynamic.datasource.spring.boot.autoconfigure.DynamicDataSourceProperties] is not eligible for getting processed by all BeanPostProcessors (for example: not eligible for auto-proxying)
2021-01-20 09:37:26.797 [main] INFO  o.s.c.s.PostProcessorRegistrationDelegate$BeanPostProcessorChecker - Bean 'com.baomidou.dynamic.datasource.spring.boot.autoconfigure.DynamicDataSourceAutoConfiguration' of type [com.baomidou.dynamic.datasource.spring.boot.autoconfigure.DynamicDataSourceAutoConfiguration$$EnhancerBySpringCGLIB$$4cf86f1] is not eligible for getting processed by all BeanPostProcessors (for example: not eligible for auto-proxying)
2021-01-20 09:37:26.822 [main] INFO  o.s.c.s.PostProcessorRegistrationDelegate$BeanPostProcessorChecker - Bean 'dsProcessor' of type [com.baomidou.dynamic.datasource.processor.DsHeaderProcessor] is not eligible for getting processed by all BeanPostProcessors (for example: not eligible for auto-proxying)
2021-01-20 09:37:26.926 [main] INFO  o.s.c.s.PostProcessorRegistrationDelegate$BeanPostProcessorChecker - Bean 'org.springframework.security.access.expression.method.DefaultMethodSecurityExpressionHandler@1b482cbf' of type [org.springframework.security.access.expression.method.DefaultMethodSecurityExpressionHandler] is not eligible for getting processed by all BeanPostProcessors (for example: not eligible for auto-proxying)
2021-01-20 09:37:26.935 [main] INFO  o.s.c.s.PostProcessorRegistrationDelegate$BeanPostProcessorChecker - Bean 'methodSecurityMetadataSource' of type [org.springframework.security.access.method.DelegatingMethodSecurityMetadataSource] is not eligible for getting processed by all BeanPostProcessors (for example: not eligible for auto-proxying)
2021-01-20 09:37:27.278 [main] INFO  o.s.boot.web.embedded.tomcat.TomcatWebServer - Tomcat initialized with port(s): 8085 (http)
2021-01-20 09:37:27.288 [main] INFO  org.apache.coyote.http11.Http11NioProtocol - Initializing ProtocolHandler ["http-nio-8085"]
2021-01-20 09:37:27.288 [main] INFO  org.apache.catalina.core.StandardService - Starting service [Tomcat]
2021-01-20 09:37:27.288 [main] INFO  org.apache.catalina.core.StandardEngine - Starting Servlet engine: [Apache Tomcat/9.0.41]
2021-01-20 09:37:27.389 [main] INFO  o.a.c.core.ContainerBase.[Tomcat].[localhost].[/] - Initializing Spring embedded WebApplicationContext
2021-01-20 09:37:27.389 [main] INFO  o.s.b.w.s.c.ServletWebServerApplicationContext - Root WebApplicationContext: initialization completed in 1950 ms
2021-01-20 09:37:27.738 [main] INFO  com.zaxxer.hikari.HikariDataSource - master - Starting...
2021-01-20 09:37:29.139 [main] INFO  org.apache.catalina.core.StandardService - Stopping service [Tomcat]
2021-01-20 09:37:29.152 [main] INFO  o.s.b.a.l.ConditionEvaluationReportLoggingListener - 

Error starting ApplicationContext. To display the conditions report re-run your application with 'debug' enabled.
2021-01-20 09:37:57.238 [background-preinit] INFO  org.hibernate.validator.internal.util.Version - HV000001: Hibernate Validator 6.1.6.Final
2021-01-20 09:37:57.244 [main] INFO  c.b.identification.IdentificationPortalApplication - Starting IdentificationPortalApplication using Java 1.8.0_221 on bob with PID 15508 (F:\my\springboot\identification\identification-portal\target\classes started by Administrator in F:\my\springboot\identification)
2021-01-20 09:37:57.245 [main] INFO  c.b.identification.IdentificationPortalApplication - The following profiles are active: dev
2021-01-20 09:37:57.989 [main] INFO  o.s.d.r.config.RepositoryConfigurationDelegate - Multiple Spring Data modules found, entering strict repository configuration mode!
2021-01-20 09:37:57.991 [main] INFO  o.s.d.r.config.RepositoryConfigurationDelegate - Bootstrapping Spring Data Redis repositories in DEFAULT mode.
2021-01-20 09:37:58.023 [main] INFO  o.s.d.r.config.RepositoryConfigurationDelegate - Finished Spring Data repository scanning in 19 ms. Found 0 Redis repository interfaces.
2021-01-20 09:37:58.436 [main] INFO  o.s.c.s.PostProcessorRegistrationDelegate$BeanPostProcessorChecker - Bean 'spring.datasource.dynamic-com.baomidou.dynamic.datasource.spring.boot.autoconfigure.DynamicDataSourceProperties' of type [com.baomidou.dynamic.datasource.spring.boot.autoconfigure.DynamicDataSourceProperties] is not eligible for getting processed by all BeanPostProcessors (for example: not eligible for auto-proxying)
2021-01-20 09:37:58.444 [main] INFO  o.s.c.s.PostProcessorRegistrationDelegate$BeanPostProcessorChecker - Bean 'com.baomidou.dynamic.datasource.spring.boot.autoconfigure.DynamicDataSourceAutoConfiguration' of type [com.baomidou.dynamic.datasource.spring.boot.autoconfigure.DynamicDataSourceAutoConfiguration$$EnhancerBySpringCGLIB$$af3cbb2c] is not eligible for getting processed by all BeanPostProcessors (for example: not eligible for auto-proxying)
2021-01-20 09:37:58.457 [main] INFO  o.s.c.s.PostProcessorRegistrationDelegate$BeanPostProcessorChecker - Bean 'dsProcessor' of type [com.baomidou.dynamic.datasource.processor.DsHeaderProcessor] is not eligible for getting processed by all BeanPostProcessors (for example: not eligible for auto-proxying)
2021-01-20 09:37:58.549 [main] INFO  o.s.c.s.PostProcessorRegistrationDelegate$BeanPostProcessorChecker - Bean 'org.springframework.security.access.expression.method.DefaultMethodSecurityExpressionHandler@3610f277' of type [org.springframework.security.access.expression.method.DefaultMethodSecurityExpressionHandler] is not eligible for getting processed by all BeanPostProcessors (for example: not eligible for auto-proxying)
2021-01-20 09:37:58.567 [main] INFO  o.s.c.s.PostProcessorRegistrationDelegate$BeanPostProcessorChecker - Bean 'methodSecurityMetadataSource' of type [org.springframework.security.access.method.DelegatingMethodSecurityMetadataSource] is not eligible for getting processed by all BeanPostProcessors (for example: not eligible for auto-proxying)
2021-01-20 09:37:58.852 [main] INFO  o.s.boot.web.embedded.tomcat.TomcatWebServer - Tomcat initialized with port(s): 8085 (http)
2021-01-20 09:37:58.860 [main] INFO  org.apache.coyote.http11.Http11NioProtocol - Initializing ProtocolHandler ["http-nio-8085"]
2021-01-20 09:37:58.860 [main] INFO  org.apache.catalina.core.StandardService - Starting service [Tomcat]
2021-01-20 09:37:58.860 [main] INFO  org.apache.catalina.core.StandardEngine - Starting Servlet engine: [Apache Tomcat/9.0.41]
2021-01-20 09:37:58.948 [main] INFO  o.a.c.core.ContainerBase.[Tomcat].[localhost].[/] - Initializing Spring embedded WebApplicationContext
2021-01-20 09:37:58.948 [main] INFO  o.s.b.w.s.c.ServletWebServerApplicationContext - Root WebApplicationContext: initialization completed in 1654 ms
2021-01-20 09:37:59.341 [main] INFO  com.zaxxer.hikari.HikariDataSource - master - Starting...
2021-01-20 09:37:59.657 [main] INFO  com.zaxxer.hikari.HikariDataSource - master - Start completed.
2021-01-20 09:37:59.658 [main] INFO  com.zaxxer.hikari.HikariDataSource - slave_1 - Starting...
2021-01-20 09:37:59.683 [main] INFO  com.zaxxer.hikari.HikariDataSource - slave_1 - Start completed.
2021-01-20 09:37:59.683 [main] INFO  com.zaxxer.hikari.HikariDataSource - slave_2 - Starting...
2021-01-20 09:37:59.706 [main] INFO  com.zaxxer.hikari.HikariDataSource - slave_2 - Start completed.
2021-01-20 09:37:59.706 [main] INFO  com.zaxxer.hikari.HikariDataSource - slave_3 - Starting...
2021-01-20 09:37:59.730 [main] INFO  com.zaxxer.hikari.HikariDataSource - slave_3 - Start completed.
2021-01-20 09:37:59.731 [main] INFO  com.zaxxer.hikari.HikariDataSource - slave_4 - Starting...
2021-01-20 09:37:59.753 [main] INFO  com.zaxxer.hikari.HikariDataSource - slave_4 - Start completed.
2021-01-20 09:37:59.753 [main] INFO  com.zaxxer.hikari.HikariDataSource - slave_5 - Starting...
2021-01-20 09:37:59.775 [main] INFO  com.zaxxer.hikari.HikariDataSource - slave_5 - Start completed.
2021-01-20 09:37:59.776 [main] INFO  c.b.dynamic.datasource.DynamicRoutingDataSource - dynamic-datasource - load a datasource named [slave_4] success
2021-01-20 09:37:59.776 [main] INFO  c.b.dynamic.datasource.DynamicRoutingDataSource - dynamic-datasource - load a datasource named [slave_5] success
2021-01-20 09:37:59.776 [main] INFO  c.b.dynamic.datasource.DynamicRoutingDataSource - dynamic-datasource - load a datasource named [slave_2] success
2021-01-20 09:37:59.776 [main] INFO  c.b.dynamic.datasource.DynamicRoutingDataSource - dynamic-datasource - load a datasource named [slave_3] success
2021-01-20 09:37:59.776 [main] INFO  c.b.dynamic.datasource.DynamicRoutingDataSource - dynamic-datasource - load a datasource named [master] success
2021-01-20 09:37:59.776 [main] INFO  c.b.dynamic.datasource.DynamicRoutingDataSource - dynamic-datasource - load a datasource named [slave_1] success
2021-01-20 09:37:59.776 [main] INFO  c.b.dynamic.datasource.DynamicRoutingDataSource - dynamic-datasource initial loaded [6] datasource,primary datasource named [master]
2021-01-20 09:38:01.159 [main] INFO  o.s.security.web.DefaultSecurityFilterChain - Will secure any request with [org.springframework.security.web.context.request.async.WebAsyncManagerIntegrationFilter@7a274521, org.springframework.security.web.context.SecurityContextPersistenceFilter@1d0dad12, org.springframework.security.web.header.HeaderWriterFilter@11978f52, org.springframework.security.web.authentication.logout.LogoutFilter@66a8751a, com.bob.identification.security.component.JwtAuthenticationTokenFilter@58feb6b0, org.springframework.security.web.savedrequest.RequestCacheAwareFilter@58a8ea6f, org.springframework.security.web.servletapi.SecurityContextHolderAwareRequestFilter@4a5066f5, org.springframework.security.web.authentication.AnonymousAuthenticationFilter@2fa47368, org.springframework.security.web.session.SessionManagementFilter@3d7b3b18, org.springframework.security.web.access.ExceptionTranslationFilter@249a45fd, org.springframework.security.web.access.intercept.FilterSecurityInterceptor@6dde1bf5]
2021-01-20 09:38:01.393 [main] INFO  o.s.scheduling.concurrent.ThreadPoolTaskExecutor - Initializing ExecutorService 'applicationTaskExecutor'
2021-01-20 09:38:01.943 [main] INFO  o.s.scheduling.concurrent.ThreadPoolTaskScheduler - Initializing ExecutorService 'taskScheduler'
2021-01-20 09:38:02.021 [main] INFO  o.s.boot.web.embedded.tomcat.TomcatWebServer - Tomcat started on port(s): 8085 (http) with context path ''
2021-01-20 09:38:02.034 [main] INFO  c.b.identification.IdentificationPortalApplication - Started IdentificationPortalApplication in 5.448 seconds (JVM running for 6.096)
2021-01-20 09:38:02.083 [SpringContextShutdownHook] INFO  o.s.scheduling.concurrent.ThreadPoolTaskScheduler - Shutting down ExecutorService 'taskScheduler'
2021-01-20 09:38:02.084 [SpringContextShutdownHook] INFO  o.s.scheduling.concurrent.ThreadPoolTaskExecutor - Shutting down ExecutorService 'applicationTaskExecutor'
2021-01-20 09:38:02.103 [SpringContextShutdownHook] INFO  c.b.dynamic.datasource.DynamicRoutingDataSource - dynamic-datasource start closing ....
2021-01-20 09:38:02.103 [SpringContextShutdownHook] INFO  com.zaxxer.hikari.HikariDataSource - slave_4 - Shutdown initiated...
2021-01-20 09:38:02.106 [SpringContextShutdownHook] INFO  com.zaxxer.hikari.HikariDataSource - slave_4 - Shutdown completed.
2021-01-20 09:38:02.106 [SpringContextShutdownHook] INFO  com.zaxxer.hikari.HikariDataSource - slave_5 - Shutdown initiated...
2021-01-20 09:38:02.107 [SpringContextShutdownHook] INFO  com.zaxxer.hikari.HikariDataSource - slave_5 - Shutdown completed.
2021-01-20 09:38:02.108 [SpringContextShutdownHook] INFO  com.zaxxer.hikari.HikariDataSource - slave_2 - Shutdown initiated...
2021-01-20 09:38:02.110 [SpringContextShutdownHook] INFO  com.zaxxer.hikari.HikariDataSource - slave_2 - Shutdown completed.
2021-01-20 09:38:02.110 [SpringContextShutdownHook] INFO  com.zaxxer.hikari.HikariDataSource - slave_3 - Shutdown initiated...
2021-01-20 09:38:02.112 [SpringContextShutdownHook] INFO  com.zaxxer.hikari.HikariDataSource - slave_3 - Shutdown completed.
2021-01-20 09:38:02.112 [SpringContextShutdownHook] INFO  com.zaxxer.hikari.HikariDataSource - master - Shutdown initiated...
2021-01-20 09:38:02.113 [SpringContextShutdownHook] INFO  com.zaxxer.hikari.HikariDataSource - master - Shutdown completed.
2021-01-20 09:38:02.114 [SpringContextShutdownHook] INFO  com.zaxxer.hikari.HikariDataSource - slave_1 - Shutdown initiated...
2021-01-20 09:38:02.115 [SpringContextShutdownHook] INFO  com.zaxxer.hikari.HikariDataSource - slave_1 - Shutdown completed.
2021-01-20 09:38:02.115 [SpringContextShutdownHook] INFO  c.b.dynamic.datasource.DynamicRoutingDataSource - dynamic-datasource all closed success,bye
