2021-02-17 09:42:00.592 [background-preinit] INFO  org.hibernate.validator.internal.util.Version - HV000001: Hibernate Validator 6.1.6.Final
2021-02-17 09:42:00.595 [main] INFO  c.b.identification.IdentificationPortalApplication - Starting IdentificationPortalApplication using Java 1.8.0_221 on bob with PID 11580 (F:\my\springboot\identification\identification-portal\target\classes started by Administrator in F:\my\springboot\identification)
2021-02-17 09:42:00.598 [main] INFO  c.b.identification.IdentificationPortalApplication - The following profiles are active: dev
2021-02-17 09:42:01.348 [main] INFO  o.s.d.r.config.RepositoryConfigurationDelegate - Multiple Spring Data modules found, entering strict repository configuration mode!
2021-02-17 09:42:01.350 [main] INFO  o.s.d.r.config.RepositoryConfigurationDelegate - Bootstrapping Spring Data Redis repositories in DEFAULT mode.
2021-02-17 09:42:01.382 [main] INFO  o.s.d.r.config.RepositoryConfigurationDelegate - Finished Spring Data repository scanning in 20 ms. Found 0 Redis repository interfaces.
2021-02-17 09:42:01.807 [main] INFO  o.s.c.s.PostProcessorRegistrationDelegate$BeanPostProcessorChecker - Bean 'spring.datasource.dynamic-com.baomidou.dynamic.datasource.spring.boot.autoconfigure.DynamicDataSourceProperties' of type [com.baomidou.dynamic.datasource.spring.boot.autoconfigure.DynamicDataSourceProperties] is not eligible for getting processed by all BeanPostProcessors (for example: not eligible for auto-proxying)
2021-02-17 09:42:01.815 [main] INFO  o.s.c.s.PostProcessorRegistrationDelegate$BeanPostProcessorChecker - Bean 'com.baomidou.dynamic.datasource.spring.boot.autoconfigure.DynamicDataSourceAutoConfiguration' of type [com.baomidou.dynamic.datasource.spring.boot.autoconfigure.DynamicDataSourceAutoConfiguration$$EnhancerBySpringCGLIB$$296c5ade] is not eligible for getting processed by all BeanPostProcessors (for example: not eligible for auto-proxying)
2021-02-17 09:42:01.829 [main] INFO  o.s.c.s.PostProcessorRegistrationDelegate$BeanPostProcessorChecker - Bean 'dsProcessor' of type [com.baomidou.dynamic.datasource.processor.DsHeaderProcessor] is not eligible for getting processed by all BeanPostProcessors (for example: not eligible for auto-proxying)
2021-02-17 09:42:01.918 [main] INFO  o.s.c.s.PostProcessorRegistrationDelegate$BeanPostProcessorChecker - Bean 'org.springframework.security.access.expression.method.DefaultMethodSecurityExpressionHandler@5d878b25' of type [org.springframework.security.access.expression.method.DefaultMethodSecurityExpressionHandler] is not eligible for getting processed by all BeanPostProcessors (for example: not eligible for auto-proxying)
2021-02-17 09:42:01.926 [main] INFO  o.s.c.s.PostProcessorRegistrationDelegate$BeanPostProcessorChecker - Bean 'methodSecurityMetadataSource' of type [org.springframework.security.access.method.DelegatingMethodSecurityMetadataSource] is not eligible for getting processed by all BeanPostProcessors (for example: not eligible for auto-proxying)
2021-02-17 09:42:01.989 [main] INFO  o.s.c.s.PostProcessorRegistrationDelegate$BeanPostProcessorChecker - Bean 'spring.cloud.sentinel-com.alibaba.cloud.sentinel.SentinelProperties' of type [com.alibaba.cloud.sentinel.SentinelProperties] is not eligible for getting processed by all BeanPostProcessors (for example: not eligible for auto-proxying)
2021-02-17 09:42:01.994 [main] INFO  o.s.c.s.PostProcessorRegistrationDelegate$BeanPostProcessorChecker - Bean 'com.alibaba.cloud.sentinel.custom.SentinelAutoConfiguration' of type [com.alibaba.cloud.sentinel.custom.SentinelAutoConfiguration] is not eligible for getting processed by all BeanPostProcessors (for example: not eligible for auto-proxying)
2021-02-17 09:42:02.268 [main] INFO  o.s.boot.web.embedded.tomcat.TomcatWebServer - Tomcat initialized with port(s): 8085 (http)
2021-02-17 09:42:02.276 [main] INFO  org.apache.coyote.http11.Http11NioProtocol - Initializing ProtocolHandler ["http-nio-8085"]
2021-02-17 09:42:02.276 [main] INFO  org.apache.catalina.core.StandardService - Starting service [Tomcat]
2021-02-17 09:42:02.277 [main] INFO  org.apache.catalina.core.StandardEngine - Starting Servlet engine: [Apache Tomcat/9.0.41]
2021-02-17 09:42:02.365 [main] INFO  o.a.c.core.ContainerBase.[Tomcat].[localhost].[/] - Initializing Spring embedded WebApplicationContext
2021-02-17 09:42:02.366 [main] INFO  o.s.b.w.s.c.ServletWebServerApplicationContext - Root WebApplicationContext: initialization completed in 1730 ms
2021-02-17 09:42:02.668 [main] INFO  com.zaxxer.hikari.HikariDataSource - master - Starting...
2021-02-17 09:42:02.965 [main] INFO  com.zaxxer.hikari.HikariDataSource - master - Start completed.
2021-02-17 09:42:02.966 [main] INFO  com.zaxxer.hikari.HikariDataSource - slave_1 - Starting...
2021-02-17 09:42:02.989 [main] INFO  com.zaxxer.hikari.HikariDataSource - slave_1 - Start completed.
2021-02-17 09:42:02.989 [main] INFO  com.zaxxer.hikari.HikariDataSource - slave_2 - Starting...
2021-02-17 09:42:03.011 [main] INFO  com.zaxxer.hikari.HikariDataSource - slave_2 - Start completed.
2021-02-17 09:42:03.011 [main] INFO  com.zaxxer.hikari.HikariDataSource - slave_3 - Starting...
2021-02-17 09:42:03.034 [main] INFO  com.zaxxer.hikari.HikariDataSource - slave_3 - Start completed.
2021-02-17 09:42:03.034 [main] INFO  com.zaxxer.hikari.HikariDataSource - slave_4 - Starting...
2021-02-17 09:42:03.056 [main] INFO  com.zaxxer.hikari.HikariDataSource - slave_4 - Start completed.
2021-02-17 09:42:03.056 [main] INFO  com.zaxxer.hikari.HikariDataSource - slave_5 - Starting...
2021-02-17 09:42:03.080 [main] INFO  com.zaxxer.hikari.HikariDataSource - slave_5 - Start completed.
2021-02-17 09:42:03.081 [main] INFO  c.b.dynamic.datasource.DynamicRoutingDataSource - dynamic-datasource - load a datasource named [slave_4] success
2021-02-17 09:42:03.081 [main] INFO  c.b.dynamic.datasource.DynamicRoutingDataSource - dynamic-datasource - load a datasource named [slave_5] success
2021-02-17 09:42:03.081 [main] INFO  c.b.dynamic.datasource.DynamicRoutingDataSource - dynamic-datasource - load a datasource named [slave_2] success
2021-02-17 09:42:03.081 [main] INFO  c.b.dynamic.datasource.DynamicRoutingDataSource - dynamic-datasource - load a datasource named [slave_3] success
2021-02-17 09:42:03.081 [main] INFO  c.b.dynamic.datasource.DynamicRoutingDataSource - dynamic-datasource - load a datasource named [master] success
2021-02-17 09:42:03.081 [main] INFO  c.b.dynamic.datasource.DynamicRoutingDataSource - dynamic-datasource - load a datasource named [slave_1] success
2021-02-17 09:42:03.081 [main] INFO  c.b.dynamic.datasource.DynamicRoutingDataSource - dynamic-datasource initial loaded [6] datasource,primary datasource named [master]
2021-02-17 09:42:04.324 [main] INFO  o.s.security.web.DefaultSecurityFilterChain - Will secure any request with [org.springframework.security.web.context.request.async.WebAsyncManagerIntegrationFilter@30b1c5d5, org.springframework.security.web.context.SecurityContextPersistenceFilter@be083e1, org.springframework.security.web.header.HeaderWriterFilter@121dce2, org.springframework.security.web.authentication.logout.LogoutFilter@16a499d1, com.bob.identification.security.component.JwtAuthenticationTokenFilter@6842c101, org.springframework.security.web.savedrequest.RequestCacheAwareFilter@4e3ffd0, org.springframework.security.web.servletapi.SecurityContextHolderAwareRequestFilter@ef85567, org.springframework.security.web.authentication.AnonymousAuthenticationFilter@3e2d65e1, org.springframework.security.web.session.SessionManagementFilter@3340ce58, org.springframework.security.web.access.ExceptionTranslationFilter@5b4d9bda, org.springframework.security.web.access.intercept.FilterSecurityInterceptor@5f9ebd5a]
2021-02-17 09:42:04.584 [main] INFO  o.s.scheduling.concurrent.ThreadPoolTaskExecutor - Initializing ExecutorService 'applicationTaskExecutor'
2021-02-17 09:42:04.642 [main] INFO  c.a.cloud.sentinel.SentinelWebAutoConfiguration - [Sentinel Starter] register SentinelWebInterceptor with urlPatterns: [/**].
2021-02-17 09:42:05.128 [main] INFO  o.s.scheduling.concurrent.ThreadPoolTaskScheduler - Initializing ExecutorService 'taskScheduler'
2021-02-17 09:42:05.266 [main] INFO  org.apache.coyote.http11.Http11NioProtocol - Starting ProtocolHandler ["http-nio-8085"]
2021-02-17 09:42:05.283 [main] INFO  o.s.boot.web.embedded.tomcat.TomcatWebServer - Tomcat started on port(s): 8085 (http) with context path ''
2021-02-17 09:42:05.359 [main] INFO  c.b.identification.IdentificationPortalApplication - Started IdentificationPortalApplication in 5.378 seconds (JVM running for 6.012)
2021-02-17 09:45:33.721 [SpringContextShutdownHook] INFO  o.s.scheduling.concurrent.ThreadPoolTaskScheduler - Shutting down ExecutorService 'taskScheduler'
2021-02-17 09:45:33.722 [SpringContextShutdownHook] INFO  o.s.scheduling.concurrent.ThreadPoolTaskExecutor - Shutting down ExecutorService 'applicationTaskExecutor'
2021-02-17 09:45:33.739 [SpringContextShutdownHook] INFO  c.b.dynamic.datasource.DynamicRoutingDataSource - dynamic-datasource start closing ....
2021-02-17 09:45:33.739 [SpringContextShutdownHook] INFO  com.zaxxer.hikari.HikariDataSource - slave_4 - Shutdown initiated...
2021-02-17 09:45:33.741 [SpringContextShutdownHook] INFO  com.zaxxer.hikari.HikariDataSource - slave_4 - Shutdown completed.
2021-02-17 09:45:33.741 [SpringContextShutdownHook] INFO  com.zaxxer.hikari.HikariDataSource - slave_5 - Shutdown initiated...
2021-02-17 09:45:33.743 [SpringContextShutdownHook] INFO  com.zaxxer.hikari.HikariDataSource - slave_5 - Shutdown completed.
2021-02-17 09:45:33.743 [SpringContextShutdownHook] INFO  com.zaxxer.hikari.HikariDataSource - slave_2 - Shutdown initiated...
2021-02-17 09:45:33.745 [SpringContextShutdownHook] INFO  com.zaxxer.hikari.HikariDataSource - slave_2 - Shutdown completed.
2021-02-17 09:45:33.745 [SpringContextShutdownHook] INFO  com.zaxxer.hikari.HikariDataSource - slave_3 - Shutdown initiated...
2021-02-17 09:45:33.747 [SpringContextShutdownHook] INFO  com.zaxxer.hikari.HikariDataSource - slave_3 - Shutdown completed.
2021-02-17 09:45:33.747 [SpringContextShutdownHook] INFO  com.zaxxer.hikari.HikariDataSource - master - Shutdown initiated...
2021-02-17 09:45:33.749 [SpringContextShutdownHook] INFO  com.zaxxer.hikari.HikariDataSource - master - Shutdown completed.
2021-02-17 09:45:33.749 [SpringContextShutdownHook] INFO  com.zaxxer.hikari.HikariDataSource - slave_1 - Shutdown initiated...
2021-02-17 09:45:33.750 [SpringContextShutdownHook] INFO  com.zaxxer.hikari.HikariDataSource - slave_1 - Shutdown completed.
2021-02-17 09:45:33.751 [SpringContextShutdownHook] INFO  c.b.dynamic.datasource.DynamicRoutingDataSource - dynamic-datasource all closed success,bye
2021-02-17 09:45:38.938 [background-preinit] INFO  org.hibernate.validator.internal.util.Version - HV000001: Hibernate Validator 6.1.6.Final
2021-02-17 09:45:38.941 [main] INFO  c.b.identification.IdentificationPortalApplication - Starting IdentificationPortalApplication using Java 1.8.0_221 on bob with PID 16168 (F:\my\springboot\identification\identification-portal\target\classes started by Administrator in F:\my\springboot\identification)
2021-02-17 09:45:38.941 [main] INFO  c.b.identification.IdentificationPortalApplication - The following profiles are active: dev
2021-02-17 09:45:39.654 [main] INFO  o.s.d.r.config.RepositoryConfigurationDelegate - Multiple Spring Data modules found, entering strict repository configuration mode!
2021-02-17 09:45:39.656 [main] INFO  o.s.d.r.config.RepositoryConfigurationDelegate - Bootstrapping Spring Data Redis repositories in DEFAULT mode.
2021-02-17 09:45:39.685 [main] INFO  o.s.d.r.config.RepositoryConfigurationDelegate - Finished Spring Data repository scanning in 18 ms. Found 0 Redis repository interfaces.
2021-02-17 09:45:40.100 [main] INFO  o.s.c.s.PostProcessorRegistrationDelegate$BeanPostProcessorChecker - Bean 'spring.datasource.dynamic-com.baomidou.dynamic.datasource.spring.boot.autoconfigure.DynamicDataSourceProperties' of type [com.baomidou.dynamic.datasource.spring.boot.autoconfigure.DynamicDataSourceProperties] is not eligible for getting processed by all BeanPostProcessors (for example: not eligible for auto-proxying)
2021-02-17 09:45:40.108 [main] INFO  o.s.c.s.PostProcessorRegistrationDelegate$BeanPostProcessorChecker - Bean 'com.baomidou.dynamic.datasource.spring.boot.autoconfigure.DynamicDataSourceAutoConfiguration' of type [com.baomidou.dynamic.datasource.spring.boot.autoconfigure.DynamicDataSourceAutoConfiguration$$EnhancerBySpringCGLIB$$ba78dcc6] is not eligible for getting processed by all BeanPostProcessors (for example: not eligible for auto-proxying)
2021-02-17 09:45:40.122 [main] INFO  o.s.c.s.PostProcessorRegistrationDelegate$BeanPostProcessorChecker - Bean 'dsProcessor' of type [com.baomidou.dynamic.datasource.processor.DsHeaderProcessor] is not eligible for getting processed by all BeanPostProcessors (for example: not eligible for auto-proxying)
2021-02-17 09:45:40.221 [main] INFO  o.s.c.s.PostProcessorRegistrationDelegate$BeanPostProcessorChecker - Bean 'org.springframework.security.access.expression.method.DefaultMethodSecurityExpressionHandler@159424e2' of type [org.springframework.security.access.expression.method.DefaultMethodSecurityExpressionHandler] is not eligible for getting processed by all BeanPostProcessors (for example: not eligible for auto-proxying)
2021-02-17 09:45:40.230 [main] INFO  o.s.c.s.PostProcessorRegistrationDelegate$BeanPostProcessorChecker - Bean 'methodSecurityMetadataSource' of type [org.springframework.security.access.method.DelegatingMethodSecurityMetadataSource] is not eligible for getting processed by all BeanPostProcessors (for example: not eligible for auto-proxying)
2021-02-17 09:45:40.333 [main] INFO  o.s.c.s.PostProcessorRegistrationDelegate$BeanPostProcessorChecker - Bean 'spring.cloud.sentinel-com.alibaba.cloud.sentinel.SentinelProperties' of type [com.alibaba.cloud.sentinel.SentinelProperties] is not eligible for getting processed by all BeanPostProcessors (for example: not eligible for auto-proxying)
2021-02-17 09:45:40.339 [main] INFO  o.s.c.s.PostProcessorRegistrationDelegate$BeanPostProcessorChecker - Bean 'com.alibaba.cloud.sentinel.custom.SentinelAutoConfiguration' of type [com.alibaba.cloud.sentinel.custom.SentinelAutoConfiguration] is not eligible for getting processed by all BeanPostProcessors (for example: not eligible for auto-proxying)
2021-02-17 09:45:40.573 [main] INFO  o.s.boot.web.embedded.tomcat.TomcatWebServer - Tomcat initialized with port(s): 8085 (http)
2021-02-17 09:45:40.581 [main] INFO  org.apache.coyote.http11.Http11NioProtocol - Initializing ProtocolHandler ["http-nio-8085"]
2021-02-17 09:45:40.581 [main] INFO  org.apache.catalina.core.StandardService - Starting service [Tomcat]
2021-02-17 09:45:40.581 [main] INFO  org.apache.catalina.core.StandardEngine - Starting Servlet engine: [Apache Tomcat/9.0.41]
2021-02-17 09:45:40.676 [main] INFO  o.a.c.core.ContainerBase.[Tomcat].[localhost].[/] - Initializing Spring embedded WebApplicationContext
2021-02-17 09:45:40.676 [main] INFO  o.s.b.w.s.c.ServletWebServerApplicationContext - Root WebApplicationContext: initialization completed in 1691 ms
2021-02-17 09:45:40.992 [main] INFO  com.zaxxer.hikari.HikariDataSource - master - Starting...
2021-02-17 09:45:41.298 [main] INFO  com.zaxxer.hikari.HikariDataSource - master - Start completed.
2021-02-17 09:45:41.299 [main] INFO  com.zaxxer.hikari.HikariDataSource - slave_1 - Starting...
2021-02-17 09:45:41.323 [main] INFO  com.zaxxer.hikari.HikariDataSource - slave_1 - Start completed.
2021-02-17 09:45:41.323 [main] INFO  com.zaxxer.hikari.HikariDataSource - slave_2 - Starting...
2021-02-17 09:45:41.346 [main] INFO  com.zaxxer.hikari.HikariDataSource - slave_2 - Start completed.
2021-02-17 09:45:41.347 [main] INFO  com.zaxxer.hikari.HikariDataSource - slave_3 - Starting...
2021-02-17 09:45:41.370 [main] INFO  com.zaxxer.hikari.HikariDataSource - slave_3 - Start completed.
2021-02-17 09:45:41.370 [main] INFO  com.zaxxer.hikari.HikariDataSource - slave_4 - Starting...
2021-02-17 09:45:41.392 [main] INFO  com.zaxxer.hikari.HikariDataSource - slave_4 - Start completed.
2021-02-17 09:45:41.392 [main] INFO  com.zaxxer.hikari.HikariDataSource - slave_5 - Starting...
2021-02-17 09:45:41.415 [main] INFO  com.zaxxer.hikari.HikariDataSource - slave_5 - Start completed.
2021-02-17 09:45:41.415 [main] INFO  c.b.dynamic.datasource.DynamicRoutingDataSource - dynamic-datasource - load a datasource named [slave_4] success
2021-02-17 09:45:41.415 [main] INFO  c.b.dynamic.datasource.DynamicRoutingDataSource - dynamic-datasource - load a datasource named [slave_5] success
2021-02-17 09:45:41.415 [main] INFO  c.b.dynamic.datasource.DynamicRoutingDataSource - dynamic-datasource - load a datasource named [slave_2] success
2021-02-17 09:45:41.416 [main] INFO  c.b.dynamic.datasource.DynamicRoutingDataSource - dynamic-datasource - load a datasource named [slave_3] success
2021-02-17 09:45:41.416 [main] INFO  c.b.dynamic.datasource.DynamicRoutingDataSource - dynamic-datasource - load a datasource named [master] success
2021-02-17 09:45:41.416 [main] INFO  c.b.dynamic.datasource.DynamicRoutingDataSource - dynamic-datasource - load a datasource named [slave_1] success
2021-02-17 09:45:41.416 [main] INFO  c.b.dynamic.datasource.DynamicRoutingDataSource - dynamic-datasource initial loaded [6] datasource,primary datasource named [master]
2021-02-17 09:45:42.699 [main] INFO  o.s.security.web.DefaultSecurityFilterChain - Will secure any request with [org.springframework.security.web.context.request.async.WebAsyncManagerIntegrationFilter@2ba318c2, org.springframework.security.web.context.SecurityContextPersistenceFilter@787a0fd6, org.springframework.security.web.header.HeaderWriterFilter@16c0be3b, org.springframework.security.web.authentication.logout.LogoutFilter@3bc6c10f, com.bob.identification.security.component.JwtAuthenticationTokenFilter@69a5c6be, org.springframework.security.web.savedrequest.RequestCacheAwareFilter@48b09105, org.springframework.security.web.servletapi.SecurityContextHolderAwareRequestFilter@1f521c69, org.springframework.security.web.authentication.AnonymousAuthenticationFilter@231d3ce, org.springframework.security.web.session.SessionManagementFilter@5b715ea, org.springframework.security.web.access.ExceptionTranslationFilter@74a1d60e, org.springframework.security.web.access.intercept.FilterSecurityInterceptor@d5e3f55]
2021-02-17 09:45:42.919 [main] INFO  o.s.scheduling.concurrent.ThreadPoolTaskExecutor - Initializing ExecutorService 'applicationTaskExecutor'
2021-02-17 09:45:42.972 [main] INFO  c.a.cloud.sentinel.SentinelWebAutoConfiguration - [Sentinel Starter] register SentinelWebInterceptor with urlPatterns: [/**].
2021-02-17 09:45:43.429 [main] INFO  o.s.scheduling.concurrent.ThreadPoolTaskScheduler - Initializing ExecutorService 'taskScheduler'
2021-02-17 09:45:43.587 [main] INFO  org.apache.coyote.http11.Http11NioProtocol - Starting ProtocolHandler ["http-nio-8085"]
2021-02-17 09:45:43.603 [main] INFO  o.s.boot.web.embedded.tomcat.TomcatWebServer - Tomcat started on port(s): 8085 (http) with context path ''
2021-02-17 09:45:43.670 [main] INFO  c.b.identification.IdentificationPortalApplication - Started IdentificationPortalApplication in 5.323 seconds (JVM running for 5.977)
2021-02-17 09:46:04.338 [http-nio-8085-exec-1] INFO  o.a.c.core.ContainerBase.[Tomcat].[localhost].[/] - Initializing Spring DispatcherServlet 'dispatcherServlet'
2021-02-17 09:46:04.338 [http-nio-8085-exec-1] INFO  org.springframework.web.servlet.DispatcherServlet - Initializing Servlet 'dispatcherServlet'
2021-02-17 09:46:04.339 [http-nio-8085-exec-1] INFO  org.springframework.web.servlet.DispatcherServlet - Completed initialization in 1 ms
2021-02-17 09:48:04.813 [http-nio-8085-exec-3] INFO  com.bob.identification.component.VisitAspect - 访问用户IP地址：0:0:0:0:0:0:0:1
2021-02-17 09:48:05.196 [http-nio-8085-exec-3] INFO  com.bob.identification.controller.HomeController - 访问用户IP地址：183.4.43.78
2021-02-17 09:48:05.413 [http-nio-8085-exec-3] INFO  com.bob.identification.common.log.WebLogAspect - {"method":"GET","description":"查询","uri":"/home/query","url":"http://localhost:8085/home/query","result":{"code":200,"data":"Due to system problem, this code 123456789123456 cannot be verified at the moment, please contact us via weisheda-laikou@foxmail.com for further assistance, thank you.","message":"操作成功"},"basePath":"http://localhost:8085","parameter":[{"":"123456789123456"},{"":"183.4.43.78"}],"startTime":1613526484812,"spendTime":566}
2021-02-17 09:51:00.852 [SpringContextShutdownHook] INFO  o.s.scheduling.concurrent.ThreadPoolTaskScheduler - Shutting down ExecutorService 'taskScheduler'
2021-02-17 09:51:00.853 [SpringContextShutdownHook] INFO  o.s.scheduling.concurrent.ThreadPoolTaskExecutor - Shutting down ExecutorService 'applicationTaskExecutor'
2021-02-17 09:51:00.969 [SpringContextShutdownHook] INFO  c.b.dynamic.datasource.DynamicRoutingDataSource - dynamic-datasource start closing ....
2021-02-17 09:51:00.969 [SpringContextShutdownHook] INFO  com.zaxxer.hikari.HikariDataSource - slave_4 - Shutdown initiated...
2021-02-17 09:51:00.972 [SpringContextShutdownHook] INFO  com.zaxxer.hikari.HikariDataSource - slave_4 - Shutdown completed.
2021-02-17 09:51:00.972 [SpringContextShutdownHook] INFO  com.zaxxer.hikari.HikariDataSource - slave_5 - Shutdown initiated...
2021-02-17 09:51:00.974 [SpringContextShutdownHook] INFO  com.zaxxer.hikari.HikariDataSource - slave_5 - Shutdown completed.
2021-02-17 09:51:00.974 [SpringContextShutdownHook] INFO  com.zaxxer.hikari.HikariDataSource - slave_2 - Shutdown initiated...
2021-02-17 09:51:00.976 [SpringContextShutdownHook] INFO  com.zaxxer.hikari.HikariDataSource - slave_2 - Shutdown completed.
2021-02-17 09:51:00.976 [SpringContextShutdownHook] INFO  com.zaxxer.hikari.HikariDataSource - slave_3 - Shutdown initiated...
2021-02-17 09:51:00.978 [SpringContextShutdownHook] INFO  com.zaxxer.hikari.HikariDataSource - slave_3 - Shutdown completed.
2021-02-17 09:51:00.978 [SpringContextShutdownHook] INFO  com.zaxxer.hikari.HikariDataSource - master - Shutdown initiated...
2021-02-17 09:51:00.979 [SpringContextShutdownHook] INFO  com.zaxxer.hikari.HikariDataSource - master - Shutdown completed.
2021-02-17 09:51:00.980 [SpringContextShutdownHook] INFO  com.zaxxer.hikari.HikariDataSource - slave_1 - Shutdown initiated...
2021-02-17 09:51:00.982 [SpringContextShutdownHook] INFO  com.zaxxer.hikari.HikariDataSource - slave_1 - Shutdown completed.
2021-02-17 09:51:00.982 [SpringContextShutdownHook] INFO  c.b.dynamic.datasource.DynamicRoutingDataSource - dynamic-datasource all closed success,bye
2021-02-17 09:52:05.286 [background-preinit] INFO  org.hibernate.validator.internal.util.Version - HV000001: Hibernate Validator 6.1.6.Final
2021-02-17 09:52:05.289 [main] INFO  c.b.identification.IdentificationPortalApplication - Starting IdentificationPortalApplication using Java 1.8.0_221 on bob with PID 15264 (F:\my\springboot\identification\identification-portal\target\classes started by Administrator in F:\my\springboot\identification)
2021-02-17 09:52:05.290 [main] INFO  c.b.identification.IdentificationPortalApplication - The following profiles are active: dev
2021-02-17 09:52:06.006 [main] INFO  o.s.d.r.config.RepositoryConfigurationDelegate - Multiple Spring Data modules found, entering strict repository configuration mode!
2021-02-17 09:52:06.008 [main] INFO  o.s.d.r.config.RepositoryConfigurationDelegate - Bootstrapping Spring Data Redis repositories in DEFAULT mode.
2021-02-17 09:52:06.039 [main] INFO  o.s.d.r.config.RepositoryConfigurationDelegate - Finished Spring Data repository scanning in 20 ms. Found 0 Redis repository interfaces.
2021-02-17 09:52:06.454 [main] INFO  o.s.c.s.PostProcessorRegistrationDelegate$BeanPostProcessorChecker - Bean 'spring.datasource.dynamic-com.baomidou.dynamic.datasource.spring.boot.autoconfigure.DynamicDataSourceProperties' of type [com.baomidou.dynamic.datasource.spring.boot.autoconfigure.DynamicDataSourceProperties] is not eligible for getting processed by all BeanPostProcessors (for example: not eligible for auto-proxying)
2021-02-17 09:52:06.462 [main] INFO  o.s.c.s.PostProcessorRegistrationDelegate$BeanPostProcessorChecker - Bean 'com.baomidou.dynamic.datasource.spring.boot.autoconfigure.DynamicDataSourceAutoConfiguration' of type [com.baomidou.dynamic.datasource.spring.boot.autoconfigure.DynamicDataSourceAutoConfiguration$$EnhancerBySpringCGLIB$$5eb038a8] is not eligible for getting processed by all BeanPostProcessors (for example: not eligible for auto-proxying)
2021-02-17 09:52:06.475 [main] INFO  o.s.c.s.PostProcessorRegistrationDelegate$BeanPostProcessorChecker - Bean 'dsProcessor' of type [com.baomidou.dynamic.datasource.processor.DsHeaderProcessor] is not eligible for getting processed by all BeanPostProcessors (for example: not eligible for auto-proxying)
2021-02-17 09:52:06.559 [main] INFO  o.s.c.s.PostProcessorRegistrationDelegate$BeanPostProcessorChecker - Bean 'org.springframework.security.access.expression.method.DefaultMethodSecurityExpressionHandler@6002e944' of type [org.springframework.security.access.expression.method.DefaultMethodSecurityExpressionHandler] is not eligible for getting processed by all BeanPostProcessors (for example: not eligible for auto-proxying)
2021-02-17 09:52:06.567 [main] INFO  o.s.c.s.PostProcessorRegistrationDelegate$BeanPostProcessorChecker - Bean 'methodSecurityMetadataSource' of type [org.springframework.security.access.method.DelegatingMethodSecurityMetadataSource] is not eligible for getting processed by all BeanPostProcessors (for example: not eligible for auto-proxying)
2021-02-17 09:52:06.624 [main] INFO  o.s.c.s.PostProcessorRegistrationDelegate$BeanPostProcessorChecker - Bean 'spring.cloud.sentinel-com.alibaba.cloud.sentinel.SentinelProperties' of type [com.alibaba.cloud.sentinel.SentinelProperties] is not eligible for getting processed by all BeanPostProcessors (for example: not eligible for auto-proxying)
2021-02-17 09:52:06.629 [main] INFO  o.s.c.s.PostProcessorRegistrationDelegate$BeanPostProcessorChecker - Bean 'com.alibaba.cloud.sentinel.custom.SentinelAutoConfiguration' of type [com.alibaba.cloud.sentinel.custom.SentinelAutoConfiguration] is not eligible for getting processed by all BeanPostProcessors (for example: not eligible for auto-proxying)
2021-02-17 09:52:06.899 [main] INFO  o.s.boot.web.embedded.tomcat.TomcatWebServer - Tomcat initialized with port(s): 8085 (http)
2021-02-17 09:52:06.906 [main] INFO  org.apache.coyote.http11.Http11NioProtocol - Initializing ProtocolHandler ["http-nio-8085"]
2021-02-17 09:52:06.906 [main] INFO  org.apache.catalina.core.StandardService - Starting service [Tomcat]
2021-02-17 09:52:06.906 [main] INFO  org.apache.catalina.core.StandardEngine - Starting Servlet engine: [Apache Tomcat/9.0.41]
2021-02-17 09:52:06.992 [main] INFO  o.a.c.core.ContainerBase.[Tomcat].[localhost].[/] - Initializing Spring embedded WebApplicationContext
2021-02-17 09:52:06.993 [main] INFO  o.s.b.w.s.c.ServletWebServerApplicationContext - Root WebApplicationContext: initialization completed in 1658 ms
2021-02-17 09:52:07.294 [main] INFO  com.zaxxer.hikari.HikariDataSource - master - Starting...
2021-02-17 09:52:07.579 [main] INFO  com.zaxxer.hikari.HikariDataSource - master - Start completed.
2021-02-17 09:52:07.580 [main] INFO  com.zaxxer.hikari.HikariDataSource - slave_1 - Starting...
2021-02-17 09:52:07.603 [main] INFO  com.zaxxer.hikari.HikariDataSource - slave_1 - Start completed.
2021-02-17 09:52:07.603 [main] INFO  com.zaxxer.hikari.HikariDataSource - slave_2 - Starting...
2021-02-17 09:52:07.625 [main] INFO  com.zaxxer.hikari.HikariDataSource - slave_2 - Start completed.
2021-02-17 09:52:07.626 [main] INFO  com.zaxxer.hikari.HikariDataSource - slave_3 - Starting...
2021-02-17 09:52:07.648 [main] INFO  com.zaxxer.hikari.HikariDataSource - slave_3 - Start completed.
2021-02-17 09:52:07.648 [main] INFO  com.zaxxer.hikari.HikariDataSource - slave_4 - Starting...
2021-02-17 09:52:07.670 [main] INFO  com.zaxxer.hikari.HikariDataSource - slave_4 - Start completed.
2021-02-17 09:52:07.670 [main] INFO  com.zaxxer.hikari.HikariDataSource - slave_5 - Starting...
2021-02-17 09:52:07.691 [main] INFO  com.zaxxer.hikari.HikariDataSource - slave_5 - Start completed.
2021-02-17 09:52:07.692 [main] INFO  c.b.dynamic.datasource.DynamicRoutingDataSource - dynamic-datasource - load a datasource named [slave_4] success
2021-02-17 09:52:07.692 [main] INFO  c.b.dynamic.datasource.DynamicRoutingDataSource - dynamic-datasource - load a datasource named [slave_5] success
2021-02-17 09:52:07.692 [main] INFO  c.b.dynamic.datasource.DynamicRoutingDataSource - dynamic-datasource - load a datasource named [slave_2] success
2021-02-17 09:52:07.692 [main] INFO  c.b.dynamic.datasource.DynamicRoutingDataSource - dynamic-datasource - load a datasource named [slave_3] success
2021-02-17 09:52:07.692 [main] INFO  c.b.dynamic.datasource.DynamicRoutingDataSource - dynamic-datasource - load a datasource named [master] success
2021-02-17 09:52:07.692 [main] INFO  c.b.dynamic.datasource.DynamicRoutingDataSource - dynamic-datasource - load a datasource named [slave_1] success
2021-02-17 09:52:07.692 [main] INFO  c.b.dynamic.datasource.DynamicRoutingDataSource - dynamic-datasource initial loaded [6] datasource,primary datasource named [master]
2021-02-17 09:52:08.919 [main] INFO  o.s.security.web.DefaultSecurityFilterChain - Will secure any request with [org.springframework.security.web.context.request.async.WebAsyncManagerIntegrationFilter@3991fe6d, org.springframework.security.web.context.SecurityContextPersistenceFilter@58068b40, org.springframework.security.web.header.HeaderWriterFilter@571db8b4, org.springframework.security.web.authentication.logout.LogoutFilter@2b3abeeb, com.bob.identification.security.component.JwtAuthenticationTokenFilter@451e2fa9, org.springframework.security.web.savedrequest.RequestCacheAwareFilter@dd060be, org.springframework.security.web.servletapi.SecurityContextHolderAwareRequestFilter@62f37bfd, org.springframework.security.web.authentication.AnonymousAuthenticationFilter@3a0e7f89, org.springframework.security.web.session.SessionManagementFilter@32c6d164, org.springframework.security.web.access.ExceptionTranslationFilter@77f7352a, org.springframework.security.web.access.intercept.FilterSecurityInterceptor@338270ea]
2021-02-17 09:52:09.144 [main] INFO  o.s.scheduling.concurrent.ThreadPoolTaskExecutor - Initializing ExecutorService 'applicationTaskExecutor'
2021-02-17 09:52:09.198 [main] INFO  c.a.cloud.sentinel.SentinelWebAutoConfiguration - [Sentinel Starter] register SentinelWebInterceptor with urlPatterns: [/**].
2021-02-17 09:52:09.654 [main] INFO  o.s.scheduling.concurrent.ThreadPoolTaskScheduler - Initializing ExecutorService 'taskScheduler'
2021-02-17 09:52:09.813 [main] INFO  org.apache.coyote.http11.Http11NioProtocol - Starting ProtocolHandler ["http-nio-8085"]
2021-02-17 09:52:09.830 [main] INFO  o.s.boot.web.embedded.tomcat.TomcatWebServer - Tomcat started on port(s): 8085 (http) with context path ''
2021-02-17 09:52:09.918 [main] INFO  c.b.identification.IdentificationPortalApplication - Started IdentificationPortalApplication in 5.256 seconds (JVM running for 5.919)
2021-02-17 09:52:10.918 [SpringContextShutdownHook] INFO  o.s.scheduling.concurrent.ThreadPoolTaskScheduler - Shutting down ExecutorService 'taskScheduler'
2021-02-17 09:52:10.919 [SpringContextShutdownHook] INFO  o.s.scheduling.concurrent.ThreadPoolTaskExecutor - Shutting down ExecutorService 'applicationTaskExecutor'
2021-02-17 09:52:10.933 [SpringContextShutdownHook] INFO  c.b.dynamic.datasource.DynamicRoutingDataSource - dynamic-datasource start closing ....
2021-02-17 09:52:10.933 [SpringContextShutdownHook] INFO  com.zaxxer.hikari.HikariDataSource - slave_4 - Shutdown initiated...
2021-02-17 09:52:10.935 [SpringContextShutdownHook] INFO  com.zaxxer.hikari.HikariDataSource - slave_4 - Shutdown completed.
2021-02-17 09:52:10.936 [SpringContextShutdownHook] INFO  com.zaxxer.hikari.HikariDataSource - slave_5 - Shutdown initiated...
2021-02-17 09:52:10.937 [SpringContextShutdownHook] INFO  com.zaxxer.hikari.HikariDataSource - slave_5 - Shutdown completed.
2021-02-17 09:52:10.938 [SpringContextShutdownHook] INFO  com.zaxxer.hikari.HikariDataSource - slave_2 - Shutdown initiated...
2021-02-17 09:52:10.939 [SpringContextShutdownHook] INFO  com.zaxxer.hikari.HikariDataSource - slave_2 - Shutdown completed.
2021-02-17 09:52:10.940 [SpringContextShutdownHook] INFO  com.zaxxer.hikari.HikariDataSource - slave_3 - Shutdown initiated...
2021-02-17 09:52:10.941 [SpringContextShutdownHook] INFO  com.zaxxer.hikari.HikariDataSource - slave_3 - Shutdown completed.
2021-02-17 09:52:10.941 [SpringContextShutdownHook] INFO  com.zaxxer.hikari.HikariDataSource - master - Shutdown initiated...
2021-02-17 09:52:10.943 [SpringContextShutdownHook] INFO  com.zaxxer.hikari.HikariDataSource - master - Shutdown completed.
2021-02-17 09:52:10.943 [SpringContextShutdownHook] INFO  com.zaxxer.hikari.HikariDataSource - slave_1 - Shutdown initiated...
2021-02-17 09:52:10.944 [SpringContextShutdownHook] INFO  com.zaxxer.hikari.HikariDataSource - slave_1 - Shutdown completed.
2021-02-17 09:52:10.944 [SpringContextShutdownHook] INFO  c.b.dynamic.datasource.DynamicRoutingDataSource - dynamic-datasource all closed success,bye
2021-02-17 10:05:55.117 [background-preinit] INFO  org.hibernate.validator.internal.util.Version - HV000001: Hibernate Validator 6.1.6.Final
2021-02-17 10:05:55.120 [main] INFO  c.b.identification.IdentificationPortalApplication - Starting IdentificationPortalApplication using Java 1.8.0_221 on bob with PID 9308 (F:\my\springboot\identification\identification-portal\target\classes started by Administrator in F:\my\springboot\identification)
2021-02-17 10:05:55.120 [main] INFO  c.b.identification.IdentificationPortalApplication - The following profiles are active: dev
2021-02-17 10:05:55.821 [main] INFO  o.s.d.r.config.RepositoryConfigurationDelegate - Multiple Spring Data modules found, entering strict repository configuration mode!
2021-02-17 10:05:55.823 [main] INFO  o.s.d.r.config.RepositoryConfigurationDelegate - Bootstrapping Spring Data Redis repositories in DEFAULT mode.
2021-02-17 10:05:55.854 [main] INFO  o.s.d.r.config.RepositoryConfigurationDelegate - Finished Spring Data repository scanning in 19 ms. Found 0 Redis repository interfaces.
2021-02-17 10:05:56.247 [main] INFO  o.s.c.s.PostProcessorRegistrationDelegate$BeanPostProcessorChecker - Bean 'spring.datasource.dynamic-com.baomidou.dynamic.datasource.spring.boot.autoconfigure.DynamicDataSourceProperties' of type [com.baomidou.dynamic.datasource.spring.boot.autoconfigure.DynamicDataSourceProperties] is not eligible for getting processed by all BeanPostProcessors (for example: not eligible for auto-proxying)
2021-02-17 10:05:56.255 [main] INFO  o.s.c.s.PostProcessorRegistrationDelegate$BeanPostProcessorChecker - Bean 'com.baomidou.dynamic.datasource.spring.boot.autoconfigure.DynamicDataSourceAutoConfiguration' of type [com.baomidou.dynamic.datasource.spring.boot.autoconfigure.DynamicDataSourceAutoConfiguration$$EnhancerBySpringCGLIB$$6b99715f] is not eligible for getting processed by all BeanPostProcessors (for example: not eligible for auto-proxying)
2021-02-17 10:05:56.268 [main] INFO  o.s.c.s.PostProcessorRegistrationDelegate$BeanPostProcessorChecker - Bean 'dsProcessor' of type [com.baomidou.dynamic.datasource.processor.DsHeaderProcessor] is not eligible for getting processed by all BeanPostProcessors (for example: not eligible for auto-proxying)
2021-02-17 10:05:56.357 [main] INFO  o.s.c.s.PostProcessorRegistrationDelegate$BeanPostProcessorChecker - Bean 'org.springframework.security.access.expression.method.DefaultMethodSecurityExpressionHandler@3663d0ba' of type [org.springframework.security.access.expression.method.DefaultMethodSecurityExpressionHandler] is not eligible for getting processed by all BeanPostProcessors (for example: not eligible for auto-proxying)
2021-02-17 10:05:56.365 [main] INFO  o.s.c.s.PostProcessorRegistrationDelegate$BeanPostProcessorChecker - Bean 'methodSecurityMetadataSource' of type [org.springframework.security.access.method.DelegatingMethodSecurityMetadataSource] is not eligible for getting processed by all BeanPostProcessors (for example: not eligible for auto-proxying)
2021-02-17 10:05:56.425 [main] INFO  o.s.c.s.PostProcessorRegistrationDelegate$BeanPostProcessorChecker - Bean 'spring.cloud.sentinel-com.alibaba.cloud.sentinel.SentinelProperties' of type [com.alibaba.cloud.sentinel.SentinelProperties] is not eligible for getting processed by all BeanPostProcessors (for example: not eligible for auto-proxying)
2021-02-17 10:05:56.430 [main] INFO  o.s.c.s.PostProcessorRegistrationDelegate$BeanPostProcessorChecker - Bean 'com.alibaba.cloud.sentinel.custom.SentinelAutoConfiguration' of type [com.alibaba.cloud.sentinel.custom.SentinelAutoConfiguration] is not eligible for getting processed by all BeanPostProcessors (for example: not eligible for auto-proxying)
2021-02-17 10:05:56.700 [main] INFO  o.s.boot.web.embedded.tomcat.TomcatWebServer - Tomcat initialized with port(s): 8085 (http)
2021-02-17 10:05:56.708 [main] INFO  org.apache.coyote.http11.Http11NioProtocol - Initializing ProtocolHandler ["http-nio-8085"]
2021-02-17 10:05:56.708 [main] INFO  org.apache.catalina.core.StandardService - Starting service [Tomcat]
2021-02-17 10:05:56.709 [main] INFO  org.apache.catalina.core.StandardEngine - Starting Servlet engine: [Apache Tomcat/9.0.41]
2021-02-17 10:05:56.798 [main] INFO  o.a.c.core.ContainerBase.[Tomcat].[localhost].[/] - Initializing Spring embedded WebApplicationContext
2021-02-17 10:05:56.798 [main] INFO  o.s.b.w.s.c.ServletWebServerApplicationContext - Root WebApplicationContext: initialization completed in 1639 ms
2021-02-17 10:05:57.090 [main] INFO  com.zaxxer.hikari.HikariDataSource - master - Starting...
2021-02-17 10:05:57.387 [main] INFO  com.zaxxer.hikari.HikariDataSource - master - Start completed.
2021-02-17 10:05:57.388 [main] INFO  com.zaxxer.hikari.HikariDataSource - slave_1 - Starting...
2021-02-17 10:05:57.412 [main] INFO  com.zaxxer.hikari.HikariDataSource - slave_1 - Start completed.
2021-02-17 10:05:57.412 [main] INFO  com.zaxxer.hikari.HikariDataSource - slave_2 - Starting...
2021-02-17 10:05:57.436 [main] INFO  com.zaxxer.hikari.HikariDataSource - slave_2 - Start completed.
2021-02-17 10:05:57.436 [main] INFO  com.zaxxer.hikari.HikariDataSource - slave_3 - Starting...
2021-02-17 10:05:57.471 [main] INFO  com.zaxxer.hikari.HikariDataSource - slave_3 - Start completed.
2021-02-17 10:05:57.471 [main] INFO  com.zaxxer.hikari.HikariDataSource - slave_4 - Starting...
2021-02-17 10:05:57.495 [main] INFO  com.zaxxer.hikari.HikariDataSource - slave_4 - Start completed.
2021-02-17 10:05:57.495 [main] INFO  com.zaxxer.hikari.HikariDataSource - slave_5 - Starting...
2021-02-17 10:05:57.520 [main] INFO  com.zaxxer.hikari.HikariDataSource - slave_5 - Start completed.
2021-02-17 10:05:57.521 [main] INFO  c.b.dynamic.datasource.DynamicRoutingDataSource - dynamic-datasource - load a datasource named [slave_4] success
2021-02-17 10:05:57.521 [main] INFO  c.b.dynamic.datasource.DynamicRoutingDataSource - dynamic-datasource - load a datasource named [slave_5] success
2021-02-17 10:05:57.521 [main] INFO  c.b.dynamic.datasource.DynamicRoutingDataSource - dynamic-datasource - load a datasource named [slave_2] success
2021-02-17 10:05:57.521 [main] INFO  c.b.dynamic.datasource.DynamicRoutingDataSource - dynamic-datasource - load a datasource named [slave_3] success
2021-02-17 10:05:57.521 [main] INFO  c.b.dynamic.datasource.DynamicRoutingDataSource - dynamic-datasource - load a datasource named [master] success
2021-02-17 10:05:57.521 [main] INFO  c.b.dynamic.datasource.DynamicRoutingDataSource - dynamic-datasource - load a datasource named [slave_1] success
2021-02-17 10:05:57.522 [main] INFO  c.b.dynamic.datasource.DynamicRoutingDataSource - dynamic-datasource initial loaded [6] datasource,primary datasource named [master]
2021-02-17 10:05:58.797 [main] INFO  o.s.security.web.DefaultSecurityFilterChain - Will secure any request with [org.springframework.security.web.context.request.async.WebAsyncManagerIntegrationFilter@e18d2a2, org.springframework.security.web.context.SecurityContextPersistenceFilter@53432aef, org.springframework.security.web.header.HeaderWriterFilter@5d6b5d3d, org.springframework.security.web.authentication.logout.LogoutFilter@1c2b65cc, com.bob.identification.security.component.JwtAuthenticationTokenFilter@7a64cb0c, org.springframework.security.web.savedrequest.RequestCacheAwareFilter@14d1032a, org.springframework.security.web.servletapi.SecurityContextHolderAwareRequestFilter@4e3ffd0, org.springframework.security.web.authentication.AnonymousAuthenticationFilter@1a77eb6, org.springframework.security.web.session.SessionManagementFilter@425f94d7, org.springframework.security.web.access.ExceptionTranslationFilter@7f41d979, org.springframework.security.web.access.intercept.FilterSecurityInterceptor@705d914f]
2021-02-17 10:05:59.041 [main] INFO  o.s.scheduling.concurrent.ThreadPoolTaskExecutor - Initializing ExecutorService 'applicationTaskExecutor'
2021-02-17 10:05:59.096 [main] INFO  c.a.cloud.sentinel.SentinelWebAutoConfiguration - [Sentinel Starter] register SentinelWebInterceptor with urlPatterns: [/**].
2021-02-17 10:05:59.549 [main] INFO  o.s.scheduling.concurrent.ThreadPoolTaskScheduler - Initializing ExecutorService 'taskScheduler'
2021-02-17 10:05:59.684 [main] INFO  org.apache.coyote.http11.Http11NioProtocol - Starting ProtocolHandler ["http-nio-8085"]
2021-02-17 10:05:59.699 [main] INFO  o.s.boot.web.embedded.tomcat.TomcatWebServer - Tomcat started on port(s): 8085 (http) with context path ''
2021-02-17 10:05:59.764 [main] INFO  c.b.identification.IdentificationPortalApplication - Started IdentificationPortalApplication in 5.432 seconds (JVM running for 6.073)
2021-02-17 10:09:50.297 [SpringContextShutdownHook] INFO  o.s.scheduling.concurrent.ThreadPoolTaskScheduler - Shutting down ExecutorService 'taskScheduler'
2021-02-17 10:09:50.298 [SpringContextShutdownHook] INFO  o.s.scheduling.concurrent.ThreadPoolTaskExecutor - Shutting down ExecutorService 'applicationTaskExecutor'
2021-02-17 10:09:50.313 [SpringContextShutdownHook] INFO  c.b.dynamic.datasource.DynamicRoutingDataSource - dynamic-datasource start closing ....
2021-02-17 10:09:50.313 [SpringContextShutdownHook] INFO  com.zaxxer.hikari.HikariDataSource - slave_4 - Shutdown initiated...
2021-02-17 10:09:50.315 [SpringContextShutdownHook] INFO  com.zaxxer.hikari.HikariDataSource - slave_4 - Shutdown completed.
2021-02-17 10:09:50.315 [SpringContextShutdownHook] INFO  com.zaxxer.hikari.HikariDataSource - slave_5 - Shutdown initiated...
2021-02-17 10:09:50.317 [SpringContextShutdownHook] INFO  com.zaxxer.hikari.HikariDataSource - slave_5 - Shutdown completed.
2021-02-17 10:09:50.317 [SpringContextShutdownHook] INFO  com.zaxxer.hikari.HikariDataSource - slave_2 - Shutdown initiated...
2021-02-17 10:09:50.319 [SpringContextShutdownHook] INFO  com.zaxxer.hikari.HikariDataSource - slave_2 - Shutdown completed.
2021-02-17 10:09:50.319 [SpringContextShutdownHook] INFO  com.zaxxer.hikari.HikariDataSource - slave_3 - Shutdown initiated...
2021-02-17 10:09:50.320 [SpringContextShutdownHook] INFO  com.zaxxer.hikari.HikariDataSource - slave_3 - Shutdown completed.
2021-02-17 10:09:50.321 [SpringContextShutdownHook] INFO  com.zaxxer.hikari.HikariDataSource - master - Shutdown initiated...
2021-02-17 10:09:50.323 [SpringContextShutdownHook] INFO  com.zaxxer.hikari.HikariDataSource - master - Shutdown completed.
2021-02-17 10:09:50.323 [SpringContextShutdownHook] INFO  com.zaxxer.hikari.HikariDataSource - slave_1 - Shutdown initiated...
2021-02-17 10:09:50.324 [SpringContextShutdownHook] INFO  com.zaxxer.hikari.HikariDataSource - slave_1 - Shutdown completed.
2021-02-17 10:09:50.324 [SpringContextShutdownHook] INFO  c.b.dynamic.datasource.DynamicRoutingDataSource - dynamic-datasource all closed success,bye
2021-02-17 10:09:52.769 [background-preinit] INFO  org.hibernate.validator.internal.util.Version - HV000001: Hibernate Validator 6.1.6.Final
2021-02-17 10:09:52.769 [main] INFO  c.b.identification.IdentificationPortalApplication - Starting IdentificationPortalApplication using Java 1.8.0_221 on bob with PID 11672 (F:\my\springboot\identification\identification-portal\target\classes started by Administrator in F:\my\springboot\identification)
2021-02-17 10:09:52.772 [main] INFO  c.b.identification.IdentificationPortalApplication - The following profiles are active: dev
2021-02-17 10:09:53.517 [main] INFO  o.s.d.r.config.RepositoryConfigurationDelegate - Multiple Spring Data modules found, entering strict repository configuration mode!
2021-02-17 10:09:53.520 [main] INFO  o.s.d.r.config.RepositoryConfigurationDelegate - Bootstrapping Spring Data Redis repositories in DEFAULT mode.
2021-02-17 10:09:53.556 [main] INFO  o.s.d.r.config.RepositoryConfigurationDelegate - Finished Spring Data repository scanning in 22 ms. Found 0 Redis repository interfaces.
2021-02-17 10:09:54.063 [main] INFO  o.s.c.s.PostProcessorRegistrationDelegate$BeanPostProcessorChecker - Bean 'spring.datasource.dynamic-com.baomidou.dynamic.datasource.spring.boot.autoconfigure.DynamicDataSourceProperties' of type [com.baomidou.dynamic.datasource.spring.boot.autoconfigure.DynamicDataSourceProperties] is not eligible for getting processed by all BeanPostProcessors (for example: not eligible for auto-proxying)
2021-02-17 10:09:54.071 [main] INFO  o.s.c.s.PostProcessorRegistrationDelegate$BeanPostProcessorChecker - Bean 'com.baomidou.dynamic.datasource.spring.boot.autoconfigure.DynamicDataSourceAutoConfiguration' of type [com.baomidou.dynamic.datasource.spring.boot.autoconfigure.DynamicDataSourceAutoConfiguration$$EnhancerBySpringCGLIB$$ab75052c] is not eligible for getting processed by all BeanPostProcessors (for example: not eligible for auto-proxying)
2021-02-17 10:09:54.087 [main] INFO  o.s.c.s.PostProcessorRegistrationDelegate$BeanPostProcessorChecker - Bean 'dsProcessor' of type [com.baomidou.dynamic.datasource.processor.DsHeaderProcessor] is not eligible for getting processed by all BeanPostProcessors (for example: not eligible for auto-proxying)
2021-02-17 10:09:54.188 [main] INFO  o.s.c.s.PostProcessorRegistrationDelegate$BeanPostProcessorChecker - Bean 'org.springframework.security.access.expression.method.DefaultMethodSecurityExpressionHandler@575cabf0' of type [org.springframework.security.access.expression.method.DefaultMethodSecurityExpressionHandler] is not eligible for getting processed by all BeanPostProcessors (for example: not eligible for auto-proxying)
2021-02-17 10:09:54.197 [main] INFO  o.s.c.s.PostProcessorRegistrationDelegate$BeanPostProcessorChecker - Bean 'methodSecurityMetadataSource' of type [org.springframework.security.access.method.DelegatingMethodSecurityMetadataSource] is not eligible for getting processed by all BeanPostProcessors (for example: not eligible for auto-proxying)
2021-02-17 10:09:54.262 [main] INFO  o.s.c.s.PostProcessorRegistrationDelegate$BeanPostProcessorChecker - Bean 'spring.cloud.sentinel-com.alibaba.cloud.sentinel.SentinelProperties' of type [com.alibaba.cloud.sentinel.SentinelProperties] is not eligible for getting processed by all BeanPostProcessors (for example: not eligible for auto-proxying)
2021-02-17 10:09:54.268 [main] INFO  o.s.c.s.PostProcessorRegistrationDelegate$BeanPostProcessorChecker - Bean 'com.alibaba.cloud.sentinel.custom.SentinelAutoConfiguration' of type [com.alibaba.cloud.sentinel.custom.SentinelAutoConfiguration] is not eligible for getting processed by all BeanPostProcessors (for example: not eligible for auto-proxying)
2021-02-17 10:09:54.542 [main] INFO  o.s.boot.web.embedded.tomcat.TomcatWebServer - Tomcat initialized with port(s): 8085 (http)
2021-02-17 10:09:54.549 [main] INFO  org.apache.coyote.http11.Http11NioProtocol - Initializing ProtocolHandler ["http-nio-8085"]
2021-02-17 10:09:54.550 [main] INFO  org.apache.catalina.core.StandardService - Starting service [Tomcat]
2021-02-17 10:09:54.550 [main] INFO  org.apache.catalina.core.StandardEngine - Starting Servlet engine: [Apache Tomcat/9.0.41]
2021-02-17 10:09:54.640 [main] INFO  o.a.c.core.ContainerBase.[Tomcat].[localhost].[/] - Initializing Spring embedded WebApplicationContext
2021-02-17 10:09:54.640 [main] INFO  o.s.b.w.s.c.ServletWebServerApplicationContext - Root WebApplicationContext: initialization completed in 1829 ms
2021-02-17 10:09:54.952 [main] INFO  com.zaxxer.hikari.HikariDataSource - master - Starting...
2021-02-17 10:09:55.248 [main] INFO  com.zaxxer.hikari.HikariDataSource - master - Start completed.
2021-02-17 10:09:55.249 [main] INFO  com.zaxxer.hikari.HikariDataSource - slave_1 - Starting...
2021-02-17 10:09:55.272 [main] INFO  com.zaxxer.hikari.HikariDataSource - slave_1 - Start completed.
2021-02-17 10:09:55.272 [main] INFO  com.zaxxer.hikari.HikariDataSource - slave_2 - Starting...
2021-02-17 10:09:55.295 [main] INFO  com.zaxxer.hikari.HikariDataSource - slave_2 - Start completed.
2021-02-17 10:09:55.296 [main] INFO  com.zaxxer.hikari.HikariDataSource - slave_3 - Starting...
2021-02-17 10:09:55.319 [main] INFO  com.zaxxer.hikari.HikariDataSource - slave_3 - Start completed.
2021-02-17 10:09:55.319 [main] INFO  com.zaxxer.hikari.HikariDataSource - slave_4 - Starting...
2021-02-17 10:09:55.342 [main] INFO  com.zaxxer.hikari.HikariDataSource - slave_4 - Start completed.
2021-02-17 10:09:55.342 [main] INFO  com.zaxxer.hikari.HikariDataSource - slave_5 - Starting...
2021-02-17 10:09:55.364 [main] INFO  com.zaxxer.hikari.HikariDataSource - slave_5 - Start completed.
2021-02-17 10:09:55.365 [main] INFO  c.b.dynamic.datasource.DynamicRoutingDataSource - dynamic-datasource - load a datasource named [slave_4] success
2021-02-17 10:09:55.365 [main] INFO  c.b.dynamic.datasource.DynamicRoutingDataSource - dynamic-datasource - load a datasource named [slave_5] success
2021-02-17 10:09:55.365 [main] INFO  c.b.dynamic.datasource.DynamicRoutingDataSource - dynamic-datasource - load a datasource named [slave_2] success
2021-02-17 10:09:55.365 [main] INFO  c.b.dynamic.datasource.DynamicRoutingDataSource - dynamic-datasource - load a datasource named [slave_3] success
2021-02-17 10:09:55.365 [main] INFO  c.b.dynamic.datasource.DynamicRoutingDataSource - dynamic-datasource - load a datasource named [master] success
2021-02-17 10:09:55.365 [main] INFO  c.b.dynamic.datasource.DynamicRoutingDataSource - dynamic-datasource - load a datasource named [slave_1] success
2021-02-17 10:09:55.366 [main] INFO  c.b.dynamic.datasource.DynamicRoutingDataSource - dynamic-datasource initial loaded [6] datasource,primary datasource named [master]
2021-02-17 10:09:56.589 [main] INFO  o.s.security.web.DefaultSecurityFilterChain - Will secure any request with [org.springframework.security.web.context.request.async.WebAsyncManagerIntegrationFilter@58b03029, org.springframework.security.web.context.SecurityContextPersistenceFilter@1b732dd, org.springframework.security.web.header.HeaderWriterFilter@1071ae7c, org.springframework.security.web.authentication.logout.LogoutFilter@5d6b5d3d, com.bob.identification.security.component.JwtAuthenticationTokenFilter@68e2d03e, org.springframework.security.web.savedrequest.RequestCacheAwareFilter@23d060c2, org.springframework.security.web.servletapi.SecurityContextHolderAwareRequestFilter@31204303, org.springframework.security.web.authentication.AnonymousAuthenticationFilter@539dd2d0, org.springframework.security.web.session.SessionManagementFilter@3d05435c, org.springframework.security.web.access.ExceptionTranslationFilter@6cb662e8, org.springframework.security.web.access.intercept.FilterSecurityInterceptor@720ffab4]
2021-02-17 10:09:56.811 [main] INFO  o.s.scheduling.concurrent.ThreadPoolTaskExecutor - Initializing ExecutorService 'applicationTaskExecutor'
2021-02-17 10:09:56.864 [main] INFO  c.a.cloud.sentinel.SentinelWebAutoConfiguration - [Sentinel Starter] register SentinelWebInterceptor with urlPatterns: [/**].
2021-02-17 10:09:57.331 [main] INFO  o.s.scheduling.concurrent.ThreadPoolTaskScheduler - Initializing ExecutorService 'taskScheduler'
2021-02-17 10:09:57.490 [main] INFO  org.apache.coyote.http11.Http11NioProtocol - Starting ProtocolHandler ["http-nio-8085"]
2021-02-17 10:09:57.506 [main] INFO  o.s.boot.web.embedded.tomcat.TomcatWebServer - Tomcat started on port(s): 8085 (http) with context path ''
2021-02-17 10:09:57.577 [main] INFO  c.b.identification.IdentificationPortalApplication - Started IdentificationPortalApplication in 5.417 seconds (JVM running for 6.029)
2021-02-17 10:25:07.248 [SpringContextShutdownHook] INFO  o.s.scheduling.concurrent.ThreadPoolTaskScheduler - Shutting down ExecutorService 'taskScheduler'
2021-02-17 10:25:07.249 [SpringContextShutdownHook] INFO  o.s.scheduling.concurrent.ThreadPoolTaskExecutor - Shutting down ExecutorService 'applicationTaskExecutor'
2021-02-17 10:25:07.263 [SpringContextShutdownHook] INFO  c.b.dynamic.datasource.DynamicRoutingDataSource - dynamic-datasource start closing ....
2021-02-17 10:25:07.263 [SpringContextShutdownHook] INFO  com.zaxxer.hikari.HikariDataSource - slave_4 - Shutdown initiated...
2021-02-17 10:25:07.266 [SpringContextShutdownHook] INFO  com.zaxxer.hikari.HikariDataSource - slave_4 - Shutdown completed.
2021-02-17 10:25:07.266 [SpringContextShutdownHook] INFO  com.zaxxer.hikari.HikariDataSource - slave_5 - Shutdown initiated...
2021-02-17 10:25:07.267 [SpringContextShutdownHook] INFO  com.zaxxer.hikari.HikariDataSource - slave_5 - Shutdown completed.
2021-02-17 10:25:07.267 [SpringContextShutdownHook] INFO  com.zaxxer.hikari.HikariDataSource - slave_2 - Shutdown initiated...
2021-02-17 10:25:07.269 [SpringContextShutdownHook] INFO  com.zaxxer.hikari.HikariDataSource - slave_2 - Shutdown completed.
2021-02-17 10:25:07.269 [SpringContextShutdownHook] INFO  com.zaxxer.hikari.HikariDataSource - slave_3 - Shutdown initiated...
2021-02-17 10:25:07.270 [SpringContextShutdownHook] INFO  com.zaxxer.hikari.HikariDataSource - slave_3 - Shutdown completed.
2021-02-17 10:25:07.271 [SpringContextShutdownHook] INFO  com.zaxxer.hikari.HikariDataSource - master - Shutdown initiated...
2021-02-17 10:25:07.272 [SpringContextShutdownHook] INFO  com.zaxxer.hikari.HikariDataSource - master - Shutdown completed.
2021-02-17 10:25:07.273 [SpringContextShutdownHook] INFO  com.zaxxer.hikari.HikariDataSource - slave_1 - Shutdown initiated...
2021-02-17 10:25:07.274 [SpringContextShutdownHook] INFO  com.zaxxer.hikari.HikariDataSource - slave_1 - Shutdown completed.
2021-02-17 10:25:07.275 [SpringContextShutdownHook] INFO  c.b.dynamic.datasource.DynamicRoutingDataSource - dynamic-datasource all closed success,bye
2021-02-17 10:25:09.802 [background-preinit] INFO  org.hibernate.validator.internal.util.Version - HV000001: Hibernate Validator 6.1.6.Final
2021-02-17 10:25:09.803 [main] INFO  c.b.identification.IdentificationPortalApplication - Starting IdentificationPortalApplication using Java 1.8.0_221 on bob with PID 6640 (F:\my\springboot\identification\identification-portal\target\classes started by Administrator in F:\my\springboot\identification)
2021-02-17 10:25:09.805 [main] INFO  c.b.identification.IdentificationPortalApplication - The following profiles are active: dev
2021-02-17 10:25:10.552 [main] INFO  o.s.d.r.config.RepositoryConfigurationDelegate - Multiple Spring Data modules found, entering strict repository configuration mode!
2021-02-17 10:25:10.553 [main] INFO  o.s.d.r.config.RepositoryConfigurationDelegate - Bootstrapping Spring Data Redis repositories in DEFAULT mode.
2021-02-17 10:25:10.582 [main] INFO  o.s.d.r.config.RepositoryConfigurationDelegate - Finished Spring Data repository scanning in 18 ms. Found 0 Redis repository interfaces.
2021-02-17 10:25:10.986 [main] INFO  o.s.c.s.PostProcessorRegistrationDelegate$BeanPostProcessorChecker - Bean 'spring.datasource.dynamic-com.baomidou.dynamic.datasource.spring.boot.autoconfigure.DynamicDataSourceProperties' of type [com.baomidou.dynamic.datasource.spring.boot.autoconfigure.DynamicDataSourceProperties] is not eligible for getting processed by all BeanPostProcessors (for example: not eligible for auto-proxying)
2021-02-17 10:25:10.994 [main] INFO  o.s.c.s.PostProcessorRegistrationDelegate$BeanPostProcessorChecker - Bean 'com.baomidou.dynamic.datasource.spring.boot.autoconfigure.DynamicDataSourceAutoConfiguration' of type [com.baomidou.dynamic.datasource.spring.boot.autoconfigure.DynamicDataSourceAutoConfiguration$$EnhancerBySpringCGLIB$$6b99715f] is not eligible for getting processed by all BeanPostProcessors (for example: not eligible for auto-proxying)
2021-02-17 10:25:11.016 [main] INFO  o.s.c.s.PostProcessorRegistrationDelegate$BeanPostProcessorChecker - Bean 'dsProcessor' of type [com.baomidou.dynamic.datasource.processor.DsHeaderProcessor] is not eligible for getting processed by all BeanPostProcessors (for example: not eligible for auto-proxying)
2021-02-17 10:25:11.093 [main] INFO  o.s.c.s.PostProcessorRegistrationDelegate$BeanPostProcessorChecker - Bean 'org.springframework.security.access.expression.method.DefaultMethodSecurityExpressionHandler@261bd7b' of type [org.springframework.security.access.expression.method.DefaultMethodSecurityExpressionHandler] is not eligible for getting processed by all BeanPostProcessors (for example: not eligible for auto-proxying)
2021-02-17 10:25:11.100 [main] INFO  o.s.c.s.PostProcessorRegistrationDelegate$BeanPostProcessorChecker - Bean 'methodSecurityMetadataSource' of type [org.springframework.security.access.method.DelegatingMethodSecurityMetadataSource] is not eligible for getting processed by all BeanPostProcessors (for example: not eligible for auto-proxying)
2021-02-17 10:25:11.158 [main] INFO  o.s.c.s.PostProcessorRegistrationDelegate$BeanPostProcessorChecker - Bean 'spring.cloud.sentinel-com.alibaba.cloud.sentinel.SentinelProperties' of type [com.alibaba.cloud.sentinel.SentinelProperties] is not eligible for getting processed by all BeanPostProcessors (for example: not eligible for auto-proxying)
2021-02-17 10:25:11.163 [main] INFO  o.s.c.s.PostProcessorRegistrationDelegate$BeanPostProcessorChecker - Bean 'com.alibaba.cloud.sentinel.custom.SentinelAutoConfiguration' of type [com.alibaba.cloud.sentinel.custom.SentinelAutoConfiguration] is not eligible for getting processed by all BeanPostProcessors (for example: not eligible for auto-proxying)
2021-02-17 10:25:11.428 [main] INFO  o.s.boot.web.embedded.tomcat.TomcatWebServer - Tomcat initialized with port(s): 8085 (http)
2021-02-17 10:25:11.436 [main] INFO  org.apache.coyote.http11.Http11NioProtocol - Initializing ProtocolHandler ["http-nio-8085"]
2021-02-17 10:25:11.436 [main] INFO  org.apache.catalina.core.StandardService - Starting service [Tomcat]
2021-02-17 10:25:11.436 [main] INFO  org.apache.catalina.core.StandardEngine - Starting Servlet engine: [Apache Tomcat/9.0.41]
2021-02-17 10:25:11.525 [main] INFO  o.a.c.core.ContainerBase.[Tomcat].[localhost].[/] - Initializing Spring embedded WebApplicationContext
2021-02-17 10:25:11.525 [main] INFO  o.s.b.w.s.c.ServletWebServerApplicationContext - Root WebApplicationContext: initialization completed in 1669 ms
2021-02-17 10:25:11.825 [main] INFO  com.zaxxer.hikari.HikariDataSource - master - Starting...
2021-02-17 10:25:12.123 [main] INFO  com.zaxxer.hikari.HikariDataSource - master - Start completed.
2021-02-17 10:25:12.124 [main] INFO  com.zaxxer.hikari.HikariDataSource - slave_1 - Starting...
2021-02-17 10:25:12.147 [main] INFO  com.zaxxer.hikari.HikariDataSource - slave_1 - Start completed.
2021-02-17 10:25:12.147 [main] INFO  com.zaxxer.hikari.HikariDataSource - slave_2 - Starting...
2021-02-17 10:25:12.170 [main] INFO  com.zaxxer.hikari.HikariDataSource - slave_2 - Start completed.
2021-02-17 10:25:12.170 [main] INFO  com.zaxxer.hikari.HikariDataSource - slave_3 - Starting...
2021-02-17 10:25:12.193 [main] INFO  com.zaxxer.hikari.HikariDataSource - slave_3 - Start completed.
2021-02-17 10:25:12.193 [main] INFO  com.zaxxer.hikari.HikariDataSource - slave_4 - Starting...
2021-02-17 10:25:12.215 [main] INFO  com.zaxxer.hikari.HikariDataSource - slave_4 - Start completed.
2021-02-17 10:25:12.215 [main] INFO  com.zaxxer.hikari.HikariDataSource - slave_5 - Starting...
2021-02-17 10:25:12.237 [main] INFO  com.zaxxer.hikari.HikariDataSource - slave_5 - Start completed.
2021-02-17 10:25:12.238 [main] INFO  c.b.dynamic.datasource.DynamicRoutingDataSource - dynamic-datasource - load a datasource named [slave_4] success
2021-02-17 10:25:12.238 [main] INFO  c.b.dynamic.datasource.DynamicRoutingDataSource - dynamic-datasource - load a datasource named [slave_5] success
2021-02-17 10:25:12.238 [main] INFO  c.b.dynamic.datasource.DynamicRoutingDataSource - dynamic-datasource - load a datasource named [slave_2] success
2021-02-17 10:25:12.238 [main] INFO  c.b.dynamic.datasource.DynamicRoutingDataSource - dynamic-datasource - load a datasource named [slave_3] success
2021-02-17 10:25:12.239 [main] INFO  c.b.dynamic.datasource.DynamicRoutingDataSource - dynamic-datasource - load a datasource named [master] success
2021-02-17 10:25:12.239 [main] INFO  c.b.dynamic.datasource.DynamicRoutingDataSource - dynamic-datasource - load a datasource named [slave_1] success
2021-02-17 10:25:12.239 [main] INFO  c.b.dynamic.datasource.DynamicRoutingDataSource - dynamic-datasource initial loaded [6] datasource,primary datasource named [master]
2021-02-17 10:25:13.415 [main] INFO  o.s.security.web.DefaultSecurityFilterChain - Will secure any request with [org.springframework.security.web.context.request.async.WebAsyncManagerIntegrationFilter@175957b6, org.springframework.security.web.context.SecurityContextPersistenceFilter@18b45500, org.springframework.security.web.header.HeaderWriterFilter@16c0be3b, org.springframework.security.web.authentication.logout.LogoutFilter@18f8ebd4, com.bob.identification.security.component.JwtAuthenticationTokenFilter@1373e3ee, org.springframework.security.web.savedrequest.RequestCacheAwareFilter@dbda472, org.springframework.security.web.servletapi.SecurityContextHolderAwareRequestFilter@13a9cdae, org.springframework.security.web.authentication.AnonymousAuthenticationFilter@1b7a4930, org.springframework.security.web.session.SessionManagementFilter@787a0fd6, org.springframework.security.web.access.ExceptionTranslationFilter@42403dc6, org.springframework.security.web.access.intercept.FilterSecurityInterceptor@31531d0d]
2021-02-17 10:25:13.634 [main] INFO  o.s.scheduling.concurrent.ThreadPoolTaskExecutor - Initializing ExecutorService 'applicationTaskExecutor'
2021-02-17 10:25:13.687 [main] INFO  c.a.cloud.sentinel.SentinelWebAutoConfiguration - [Sentinel Starter] register SentinelWebInterceptor with urlPatterns: [/**].
2021-02-17 10:25:14.162 [main] INFO  o.s.scheduling.concurrent.ThreadPoolTaskScheduler - Initializing ExecutorService 'taskScheduler'
2021-02-17 10:25:14.300 [main] INFO  org.apache.coyote.http11.Http11NioProtocol - Starting ProtocolHandler ["http-nio-8085"]
2021-02-17 10:25:14.316 [main] INFO  o.s.boot.web.embedded.tomcat.TomcatWebServer - Tomcat started on port(s): 8085 (http) with context path ''
2021-02-17 10:25:14.382 [main] INFO  c.b.identification.IdentificationPortalApplication - Started IdentificationPortalApplication in 5.156 seconds (JVM running for 5.754)
2021-02-17 10:28:22.337 [SpringContextShutdownHook] INFO  o.s.scheduling.concurrent.ThreadPoolTaskScheduler - Shutting down ExecutorService 'taskScheduler'
2021-02-17 10:28:22.338 [SpringContextShutdownHook] INFO  o.s.scheduling.concurrent.ThreadPoolTaskExecutor - Shutting down ExecutorService 'applicationTaskExecutor'
2021-02-17 10:28:22.353 [SpringContextShutdownHook] INFO  c.b.dynamic.datasource.DynamicRoutingDataSource - dynamic-datasource start closing ....
2021-02-17 10:28:22.353 [SpringContextShutdownHook] INFO  com.zaxxer.hikari.HikariDataSource - slave_4 - Shutdown initiated...
2021-02-17 10:28:22.356 [SpringContextShutdownHook] INFO  com.zaxxer.hikari.HikariDataSource - slave_4 - Shutdown completed.
2021-02-17 10:28:22.356 [SpringContextShutdownHook] INFO  com.zaxxer.hikari.HikariDataSource - slave_5 - Shutdown initiated...
2021-02-17 10:28:22.357 [SpringContextShutdownHook] INFO  com.zaxxer.hikari.HikariDataSource - slave_5 - Shutdown completed.
2021-02-17 10:28:22.358 [SpringContextShutdownHook] INFO  com.zaxxer.hikari.HikariDataSource - slave_2 - Shutdown initiated...
2021-02-17 10:28:22.359 [SpringContextShutdownHook] INFO  com.zaxxer.hikari.HikariDataSource - slave_2 - Shutdown completed.
2021-02-17 10:28:22.360 [SpringContextShutdownHook] INFO  com.zaxxer.hikari.HikariDataSource - slave_3 - Shutdown initiated...
2021-02-17 10:28:22.361 [SpringContextShutdownHook] INFO  com.zaxxer.hikari.HikariDataSource - slave_3 - Shutdown completed.
2021-02-17 10:28:22.361 [SpringContextShutdownHook] INFO  com.zaxxer.hikari.HikariDataSource - master - Shutdown initiated...
2021-02-17 10:28:22.363 [SpringContextShutdownHook] INFO  com.zaxxer.hikari.HikariDataSource - master - Shutdown completed.
2021-02-17 10:28:22.363 [SpringContextShutdownHook] INFO  com.zaxxer.hikari.HikariDataSource - slave_1 - Shutdown initiated...
2021-02-17 10:28:22.365 [SpringContextShutdownHook] INFO  com.zaxxer.hikari.HikariDataSource - slave_1 - Shutdown completed.
2021-02-17 10:28:22.365 [SpringContextShutdownHook] INFO  c.b.dynamic.datasource.DynamicRoutingDataSource - dynamic-datasource all closed success,bye
2021-02-17 10:29:25.131 [main] INFO  c.b.identification.IdentificationPortalApplication - Starting IdentificationPortalApplication using Java 1.8.0_221 on bob with PID 15924 (F:\my\springboot\identification\identification-portal\target\classes started by Administrator in F:\my\springboot\identification)
2021-02-17 10:29:25.130 [background-preinit] INFO  org.hibernate.validator.internal.util.Version - HV000001: Hibernate Validator 6.1.6.Final
2021-02-17 10:29:25.133 [main] INFO  c.b.identification.IdentificationPortalApplication - The following profiles are active: dev
2021-02-17 10:29:25.837 [main] INFO  o.s.d.r.config.RepositoryConfigurationDelegate - Multiple Spring Data modules found, entering strict repository configuration mode!
2021-02-17 10:29:25.838 [main] INFO  o.s.d.r.config.RepositoryConfigurationDelegate - Bootstrapping Spring Data Redis repositories in DEFAULT mode.
2021-02-17 10:29:25.868 [main] INFO  o.s.d.r.config.RepositoryConfigurationDelegate - Finished Spring Data repository scanning in 19 ms. Found 0 Redis repository interfaces.
2021-02-17 10:29:26.268 [main] INFO  o.s.c.s.PostProcessorRegistrationDelegate$BeanPostProcessorChecker - Bean 'spring.datasource.dynamic-com.baomidou.dynamic.datasource.spring.boot.autoconfigure.DynamicDataSourceProperties' of type [com.baomidou.dynamic.datasource.spring.boot.autoconfigure.DynamicDataSourceProperties] is not eligible for getting processed by all BeanPostProcessors (for example: not eligible for auto-proxying)
2021-02-17 10:29:26.276 [main] INFO  o.s.c.s.PostProcessorRegistrationDelegate$BeanPostProcessorChecker - Bean 'com.baomidou.dynamic.datasource.spring.boot.autoconfigure.DynamicDataSourceAutoConfiguration' of type [com.baomidou.dynamic.datasource.spring.boot.autoconfigure.DynamicDataSourceAutoConfiguration$$EnhancerBySpringCGLIB$$6b99715f] is not eligible for getting processed by all BeanPostProcessors (for example: not eligible for auto-proxying)
2021-02-17 10:29:26.289 [main] INFO  o.s.c.s.PostProcessorRegistrationDelegate$BeanPostProcessorChecker - Bean 'dsProcessor' of type [com.baomidou.dynamic.datasource.processor.DsHeaderProcessor] is not eligible for getting processed by all BeanPostProcessors (for example: not eligible for auto-proxying)
2021-02-17 10:29:26.375 [main] INFO  o.s.c.s.PostProcessorRegistrationDelegate$BeanPostProcessorChecker - Bean 'org.springframework.security.access.expression.method.DefaultMethodSecurityExpressionHandler@28279a49' of type [org.springframework.security.access.expression.method.DefaultMethodSecurityExpressionHandler] is not eligible for getting processed by all BeanPostProcessors (for example: not eligible for auto-proxying)
2021-02-17 10:29:26.383 [main] INFO  o.s.c.s.PostProcessorRegistrationDelegate$BeanPostProcessorChecker - Bean 'methodSecurityMetadataSource' of type [org.springframework.security.access.method.DelegatingMethodSecurityMetadataSource] is not eligible for getting processed by all BeanPostProcessors (for example: not eligible for auto-proxying)
2021-02-17 10:29:26.441 [main] INFO  o.s.c.s.PostProcessorRegistrationDelegate$BeanPostProcessorChecker - Bean 'spring.cloud.sentinel-com.alibaba.cloud.sentinel.SentinelProperties' of type [com.alibaba.cloud.sentinel.SentinelProperties] is not eligible for getting processed by all BeanPostProcessors (for example: not eligible for auto-proxying)
2021-02-17 10:29:26.447 [main] INFO  o.s.c.s.PostProcessorRegistrationDelegate$BeanPostProcessorChecker - Bean 'com.alibaba.cloud.sentinel.custom.SentinelAutoConfiguration' of type [com.alibaba.cloud.sentinel.custom.SentinelAutoConfiguration] is not eligible for getting processed by all BeanPostProcessors (for example: not eligible for auto-proxying)
2021-02-17 10:29:26.712 [main] INFO  o.s.boot.web.embedded.tomcat.TomcatWebServer - Tomcat initialized with port(s): 8085 (http)
2021-02-17 10:29:26.719 [main] INFO  org.apache.coyote.http11.Http11NioProtocol - Initializing ProtocolHandler ["http-nio-8085"]
2021-02-17 10:29:26.720 [main] INFO  org.apache.catalina.core.StandardService - Starting service [Tomcat]
2021-02-17 10:29:26.720 [main] INFO  org.apache.catalina.core.StandardEngine - Starting Servlet engine: [Apache Tomcat/9.0.41]
2021-02-17 10:29:26.812 [main] INFO  o.a.c.core.ContainerBase.[Tomcat].[localhost].[/] - Initializing Spring embedded WebApplicationContext
2021-02-17 10:29:26.812 [main] INFO  o.s.b.w.s.c.ServletWebServerApplicationContext - Root WebApplicationContext: initialization completed in 1641 ms
2021-02-17 10:29:27.116 [main] INFO  com.zaxxer.hikari.HikariDataSource - master - Starting...
2021-02-17 10:29:27.404 [main] INFO  com.zaxxer.hikari.HikariDataSource - master - Start completed.
2021-02-17 10:29:27.405 [main] INFO  com.zaxxer.hikari.HikariDataSource - slave_1 - Starting...
2021-02-17 10:29:27.429 [main] INFO  com.zaxxer.hikari.HikariDataSource - slave_1 - Start completed.
2021-02-17 10:29:27.429 [main] INFO  com.zaxxer.hikari.HikariDataSource - slave_2 - Starting...
2021-02-17 10:29:27.452 [main] INFO  com.zaxxer.hikari.HikariDataSource - slave_2 - Start completed.
2021-02-17 10:29:27.452 [main] INFO  com.zaxxer.hikari.HikariDataSource - slave_3 - Starting...
2021-02-17 10:29:27.476 [main] INFO  com.zaxxer.hikari.HikariDataSource - slave_3 - Start completed.
2021-02-17 10:29:27.476 [main] INFO  com.zaxxer.hikari.HikariDataSource - slave_4 - Starting...
2021-02-17 10:29:27.498 [main] INFO  com.zaxxer.hikari.HikariDataSource - slave_4 - Start completed.
2021-02-17 10:29:27.498 [main] INFO  com.zaxxer.hikari.HikariDataSource - slave_5 - Starting...
2021-02-17 10:29:27.521 [main] INFO  com.zaxxer.hikari.HikariDataSource - slave_5 - Start completed.
2021-02-17 10:29:27.522 [main] INFO  c.b.dynamic.datasource.DynamicRoutingDataSource - dynamic-datasource - load a datasource named [slave_4] success
2021-02-17 10:29:27.522 [main] INFO  c.b.dynamic.datasource.DynamicRoutingDataSource - dynamic-datasource - load a datasource named [slave_5] success
2021-02-17 10:29:27.522 [main] INFO  c.b.dynamic.datasource.DynamicRoutingDataSource - dynamic-datasource - load a datasource named [slave_2] success
2021-02-17 10:29:27.522 [main] INFO  c.b.dynamic.datasource.DynamicRoutingDataSource - dynamic-datasource - load a datasource named [slave_3] success
2021-02-17 10:29:27.522 [main] INFO  c.b.dynamic.datasource.DynamicRoutingDataSource - dynamic-datasource - load a datasource named [master] success
2021-02-17 10:29:27.522 [main] INFO  c.b.dynamic.datasource.DynamicRoutingDataSource - dynamic-datasource - load a datasource named [slave_1] success
2021-02-17 10:29:27.522 [main] INFO  c.b.dynamic.datasource.DynamicRoutingDataSource - dynamic-datasource initial loaded [6] datasource,primary datasource named [master]
2021-02-17 10:29:28.718 [main] INFO  o.s.security.web.DefaultSecurityFilterChain - Will secure any request with [org.springframework.security.web.context.request.async.WebAsyncManagerIntegrationFilter@1c79d093, org.springframework.security.web.context.SecurityContextPersistenceFilter@1f293cb7, org.springframework.security.web.header.HeaderWriterFilter@43cf5bff, org.springframework.security.web.authentication.logout.LogoutFilter@568ef502, com.bob.identification.security.component.JwtAuthenticationTokenFilter@39c87b42, org.springframework.security.web.savedrequest.RequestCacheAwareFilter@5790cbcb, org.springframework.security.web.servletapi.SecurityContextHolderAwareRequestFilter@4e671ef, org.springframework.security.web.authentication.AnonymousAuthenticationFilter@746fd19b, org.springframework.security.web.session.SessionManagementFilter@6796a873, org.springframework.security.web.access.ExceptionTranslationFilter@1a8b22b5, org.springframework.security.web.access.intercept.FilterSecurityInterceptor@663622b1]
2021-02-17 10:29:28.944 [main] INFO  o.s.scheduling.concurrent.ThreadPoolTaskExecutor - Initializing ExecutorService 'applicationTaskExecutor'
2021-02-17 10:29:29.000 [main] INFO  c.a.cloud.sentinel.SentinelWebAutoConfiguration - [Sentinel Starter] register SentinelWebInterceptor with urlPatterns: [/**].
2021-02-17 10:29:29.523 [main] INFO  o.s.scheduling.concurrent.ThreadPoolTaskScheduler - Initializing ExecutorService 'taskScheduler'
2021-02-17 10:29:29.689 [main] INFO  org.apache.coyote.http11.Http11NioProtocol - Starting ProtocolHandler ["http-nio-8085"]
2021-02-17 10:29:29.705 [main] INFO  o.s.boot.web.embedded.tomcat.TomcatWebServer - Tomcat started on port(s): 8085 (http) with context path ''
2021-02-17 10:29:29.780 [main] INFO  c.b.identification.IdentificationPortalApplication - Started IdentificationPortalApplication in 5.248 seconds (JVM running for 5.992)
2021-02-17 10:29:48.083 [http-nio-8085-exec-1] INFO  o.a.c.core.ContainerBase.[Tomcat].[localhost].[/] - Initializing Spring DispatcherServlet 'dispatcherServlet'
2021-02-17 10:29:48.083 [http-nio-8085-exec-1] INFO  org.springframework.web.servlet.DispatcherServlet - Initializing Servlet 'dispatcherServlet'
2021-02-17 10:29:48.084 [http-nio-8085-exec-1] INFO  org.springframework.web.servlet.DispatcherServlet - Completed initialization in 1 ms
2021-02-17 10:29:48.359 [http-nio-8085-exec-1] INFO  com.bob.identification.component.VisitAspect - 访问用户IP地址：0:0:0:0:0:0:0:1
2021-02-17 10:29:48.774 [http-nio-8085-exec-1] INFO  com.bob.identification.controller.HomeController - 访问用户IP地址：120.236.42.110
2021-02-17 10:29:48.933 [http-nio-8085-exec-1] INFO  com.bob.identification.common.log.WebLogAspect - {"method":"GET","description":"查询","uri":"/home/query","url":"http://localhost:8085/home/query","result":{"code":200,"data":"Due to system problem, this code 123456789123456 cannot be verified at the moment, please contact us via weisheda-laikou@foxmail.com for further assistance, thank you.","message":"操作成功"},"basePath":"http://localhost:8085","parameter":[{"":"123456789123456"},{"":"120.236.42.110"}],"startTime":1613528988358,"spendTime":546}
2021-02-17 10:37:00.888 [http-nio-8085-exec-5] INFO  com.bob.identification.component.VisitAspect - 访问用户IP地址：0:0:0:0:0:0:0:1
2021-02-17 10:37:00.893 [http-nio-8085-exec-5] INFO  com.bob.identification.controller.HomeController - 访问用户IP地址：120.236.42.110
2021-02-17 10:37:00.907 [http-nio-8085-exec-5] INFO  com.bob.identification.common.log.WebLogAspect - {"method":"GET","description":"查询","uri":"/home/query","url":"http://localhost:8085/home/query","result":{"code":200,"data":"Due to system problem, this code 123456789123456 cannot be verified at the moment, please contact us via weisheda-laikou@foxmail.com for further assistance, thank you.","message":"操作成功"},"basePath":"http://localhost:8085","parameter":[{"":"123456789123456"},{"":"120.236.42.110"}],"startTime":1613529420888,"spendTime":17}
2021-02-17 10:46:19.476 [SpringContextShutdownHook] INFO  o.s.scheduling.concurrent.ThreadPoolTaskScheduler - Shutting down ExecutorService 'taskScheduler'
2021-02-17 10:46:19.477 [SpringContextShutdownHook] INFO  o.s.scheduling.concurrent.ThreadPoolTaskExecutor - Shutting down ExecutorService 'applicationTaskExecutor'
2021-02-17 10:46:19.691 [SpringContextShutdownHook] INFO  c.b.dynamic.datasource.DynamicRoutingDataSource - dynamic-datasource start closing ....
2021-02-17 10:46:19.691 [SpringContextShutdownHook] INFO  com.zaxxer.hikari.HikariDataSource - slave_4 - Shutdown initiated...
2021-02-17 10:46:19.694 [SpringContextShutdownHook] INFO  com.zaxxer.hikari.HikariDataSource - slave_4 - Shutdown completed.
2021-02-17 10:46:19.694 [SpringContextShutdownHook] INFO  com.zaxxer.hikari.HikariDataSource - slave_5 - Shutdown initiated...
2021-02-17 10:46:19.696 [SpringContextShutdownHook] INFO  com.zaxxer.hikari.HikariDataSource - slave_5 - Shutdown completed.
2021-02-17 10:46:19.696 [SpringContextShutdownHook] INFO  com.zaxxer.hikari.HikariDataSource - slave_2 - Shutdown initiated...
2021-02-17 10:46:19.699 [SpringContextShutdownHook] INFO  com.zaxxer.hikari.HikariDataSource - slave_2 - Shutdown completed.
2021-02-17 10:46:19.699 [SpringContextShutdownHook] INFO  com.zaxxer.hikari.HikariDataSource - slave_3 - Shutdown initiated...
2021-02-17 10:46:19.704 [SpringContextShutdownHook] INFO  com.zaxxer.hikari.HikariDataSource - slave_3 - Shutdown completed.
2021-02-17 10:46:19.705 [SpringContextShutdownHook] INFO  com.zaxxer.hikari.HikariDataSource - master - Shutdown initiated...
2021-02-17 10:46:19.711 [SpringContextShutdownHook] INFO  com.zaxxer.hikari.HikariDataSource - master - Shutdown completed.
2021-02-17 10:46:19.712 [SpringContextShutdownHook] INFO  com.zaxxer.hikari.HikariDataSource - slave_1 - Shutdown initiated...
2021-02-17 10:46:19.717 [SpringContextShutdownHook] INFO  com.zaxxer.hikari.HikariDataSource - slave_1 - Shutdown completed.
2021-02-17 10:46:19.717 [SpringContextShutdownHook] INFO  c.b.dynamic.datasource.DynamicRoutingDataSource - dynamic-datasource all closed success,bye
2021-02-17 10:48:11.742 [background-preinit] INFO  org.hibernate.validator.internal.util.Version - HV000001: Hibernate Validator 6.1.6.Final
2021-02-17 10:48:11.747 [main] INFO  c.b.identification.IdentificationPortalApplication - Starting IdentificationPortalApplication using Java 1.8.0_221 on bob with PID 4656 (F:\my\springboot\identification\identification-portal\target\classes started by Administrator in F:\my\springboot\identification)
2021-02-17 10:48:11.748 [main] INFO  c.b.identification.IdentificationPortalApplication - The following profiles are active: dev
2021-02-17 10:48:13.005 [main] INFO  o.s.d.r.config.RepositoryConfigurationDelegate - Multiple Spring Data modules found, entering strict repository configuration mode!
2021-02-17 10:48:13.021 [main] INFO  o.s.d.r.config.RepositoryConfigurationDelegate - Bootstrapping Spring Data Redis repositories in DEFAULT mode.
2021-02-17 10:48:13.253 [main] INFO  o.s.d.r.config.RepositoryConfigurationDelegate - Finished Spring Data repository scanning in 85 ms. Found 0 Redis repository interfaces.
2021-02-17 10:48:14.525 [main] INFO  o.s.c.s.PostProcessorRegistrationDelegate$BeanPostProcessorChecker - Bean 'spring.datasource.dynamic-com.baomidou.dynamic.datasource.spring.boot.autoconfigure.DynamicDataSourceProperties' of type [com.baomidou.dynamic.datasource.spring.boot.autoconfigure.DynamicDataSourceProperties] is not eligible for getting processed by all BeanPostProcessors (for example: not eligible for auto-proxying)
2021-02-17 10:48:14.540 [main] INFO  o.s.c.s.PostProcessorRegistrationDelegate$BeanPostProcessorChecker - Bean 'com.baomidou.dynamic.datasource.spring.boot.autoconfigure.DynamicDataSourceAutoConfiguration' of type [com.baomidou.dynamic.datasource.spring.boot.autoconfigure.DynamicDataSourceAutoConfiguration$$EnhancerBySpringCGLIB$$7d12e47a] is not eligible for getting processed by all BeanPostProcessors (for example: not eligible for auto-proxying)
2021-02-17 10:48:14.556 [main] INFO  o.s.c.s.PostProcessorRegistrationDelegate$BeanPostProcessorChecker - Bean 'dsProcessor' of type [com.baomidou.dynamic.datasource.processor.DsHeaderProcessor] is not eligible for getting processed by all BeanPostProcessors (for example: not eligible for auto-proxying)
2021-02-17 10:48:14.660 [main] INFO  o.s.c.s.PostProcessorRegistrationDelegate$BeanPostProcessorChecker - Bean 'org.springframework.security.access.expression.method.DefaultMethodSecurityExpressionHandler@f171912' of type [org.springframework.security.access.expression.method.DefaultMethodSecurityExpressionHandler] is not eligible for getting processed by all BeanPostProcessors (for example: not eligible for auto-proxying)
2021-02-17 10:48:14.660 [main] INFO  o.s.c.s.PostProcessorRegistrationDelegate$BeanPostProcessorChecker - Bean 'methodSecurityMetadataSource' of type [org.springframework.security.access.method.DelegatingMethodSecurityMetadataSource] is not eligible for getting processed by all BeanPostProcessors (for example: not eligible for auto-proxying)
2021-02-17 10:48:14.740 [main] INFO  o.s.c.s.PostProcessorRegistrationDelegate$BeanPostProcessorChecker - Bean 'spring.cloud.sentinel-com.alibaba.cloud.sentinel.SentinelProperties' of type [com.alibaba.cloud.sentinel.SentinelProperties] is not eligible for getting processed by all BeanPostProcessors (for example: not eligible for auto-proxying)
2021-02-17 10:48:14.747 [main] INFO  o.s.c.s.PostProcessorRegistrationDelegate$BeanPostProcessorChecker - Bean 'com.alibaba.cloud.sentinel.custom.SentinelAutoConfiguration' of type [com.alibaba.cloud.sentinel.custom.SentinelAutoConfiguration] is not eligible for getting processed by all BeanPostProcessors (for example: not eligible for auto-proxying)
2021-02-17 10:48:15.079 [main] INFO  o.s.boot.web.embedded.tomcat.TomcatWebServer - Tomcat initialized with port(s): 8085 (http)
2021-02-17 10:48:15.094 [main] INFO  org.apache.coyote.http11.Http11NioProtocol - Initializing ProtocolHandler ["http-nio-8085"]
2021-02-17 10:48:15.094 [main] INFO  org.apache.catalina.core.StandardService - Starting service [Tomcat]
2021-02-17 10:48:15.094 [main] INFO  org.apache.catalina.core.StandardEngine - Starting Servlet engine: [Apache Tomcat/9.0.41]
2021-02-17 10:48:15.194 [main] INFO  o.a.c.core.ContainerBase.[Tomcat].[localhost].[/] - Initializing Spring embedded WebApplicationContext
2021-02-17 10:48:15.194 [main] INFO  o.s.b.w.s.c.ServletWebServerApplicationContext - Root WebApplicationContext: initialization completed in 3400 ms
2021-02-17 10:48:15.558 [main] INFO  com.zaxxer.hikari.HikariDataSource - master - Starting...
2021-02-17 10:48:15.959 [main] INFO  com.zaxxer.hikari.HikariDataSource - master - Start completed.
2021-02-17 10:48:15.959 [main] INFO  com.zaxxer.hikari.HikariDataSource - slave_1 - Starting...
2021-02-17 10:48:15.981 [main] INFO  com.zaxxer.hikari.HikariDataSource - slave_1 - Start completed.
2021-02-17 10:48:15.981 [main] INFO  com.zaxxer.hikari.HikariDataSource - slave_2 - Starting...
2021-02-17 10:48:16.012 [main] INFO  com.zaxxer.hikari.HikariDataSource - slave_2 - Start completed.
2021-02-17 10:48:16.012 [main] INFO  com.zaxxer.hikari.HikariDataSource - slave_3 - Starting...
2021-02-17 10:48:16.028 [main] INFO  com.zaxxer.hikari.HikariDataSource - slave_3 - Start completed.
2021-02-17 10:48:16.028 [main] INFO  com.zaxxer.hikari.HikariDataSource - slave_4 - Starting...
2021-02-17 10:48:16.059 [main] INFO  com.zaxxer.hikari.HikariDataSource - slave_4 - Start completed.
2021-02-17 10:48:16.059 [main] INFO  com.zaxxer.hikari.HikariDataSource - slave_5 - Starting...
2021-02-17 10:48:16.081 [main] INFO  com.zaxxer.hikari.HikariDataSource - slave_5 - Start completed.
2021-02-17 10:48:16.081 [main] INFO  c.b.dynamic.datasource.DynamicRoutingDataSource - dynamic-datasource - load a datasource named [slave_4] success
2021-02-17 10:48:16.081 [main] INFO  c.b.dynamic.datasource.DynamicRoutingDataSource - dynamic-datasource - load a datasource named [slave_5] success
2021-02-17 10:48:16.081 [main] INFO  c.b.dynamic.datasource.DynamicRoutingDataSource - dynamic-datasource - load a datasource named [slave_2] success
2021-02-17 10:48:16.081 [main] INFO  c.b.dynamic.datasource.DynamicRoutingDataSource - dynamic-datasource - load a datasource named [slave_3] success
2021-02-17 10:48:16.081 [main] INFO  c.b.dynamic.datasource.DynamicRoutingDataSource - dynamic-datasource - load a datasource named [master] success
2021-02-17 10:48:16.081 [main] INFO  c.b.dynamic.datasource.DynamicRoutingDataSource - dynamic-datasource - load a datasource named [slave_1] success
2021-02-17 10:48:16.081 [main] INFO  c.b.dynamic.datasource.DynamicRoutingDataSource - dynamic-datasource initial loaded [6] datasource,primary datasource named [master]
2021-02-17 10:48:17.492 [main] INFO  o.s.security.web.DefaultSecurityFilterChain - Will secure any request with [org.springframework.security.web.context.request.async.WebAsyncManagerIntegrationFilter@2b464384, org.springframework.security.web.context.SecurityContextPersistenceFilter@2e4339c1, org.springframework.security.web.header.HeaderWriterFilter@14499b52, org.springframework.security.web.authentication.logout.LogoutFilter@539dd2d0, com.bob.identification.security.component.JwtAuthenticationTokenFilter@120aa40b, org.springframework.security.web.savedrequest.RequestCacheAwareFilter@35d0749, org.springframework.security.web.servletapi.SecurityContextHolderAwareRequestFilter@390a7532, org.springframework.security.web.authentication.AnonymousAuthenticationFilter@681b42d3, org.springframework.security.web.session.SessionManagementFilter@1c2fb9e8, org.springframework.security.web.access.ExceptionTranslationFilter@3ef089ce, org.springframework.security.web.access.intercept.FilterSecurityInterceptor@1987807b]
2021-02-17 10:48:17.730 [main] INFO  o.s.scheduling.concurrent.ThreadPoolTaskExecutor - Initializing ExecutorService 'applicationTaskExecutor'
2021-02-17 10:48:17.793 [main] INFO  c.a.cloud.sentinel.SentinelWebAutoConfiguration - [Sentinel Starter] register SentinelWebInterceptor with urlPatterns: [/**].
2021-02-17 10:48:18.294 [main] INFO  o.s.scheduling.concurrent.ThreadPoolTaskScheduler - Initializing ExecutorService 'taskScheduler'
2021-02-17 10:48:18.447 [main] INFO  org.apache.coyote.http11.Http11NioProtocol - Starting ProtocolHandler ["http-nio-8085"]
2021-02-17 10:48:18.463 [main] INFO  o.s.boot.web.embedded.tomcat.TomcatWebServer - Tomcat started on port(s): 8085 (http) with context path ''
2021-02-17 10:48:18.548 [main] INFO  c.b.identification.IdentificationPortalApplication - Started IdentificationPortalApplication in 7.491 seconds (JVM running for 9.733)
2021-02-17 15:10:00.004 [scheduling-1] INFO  com.bob.identification.component.VisitTask - 添加每天访问记录
2021-02-17 17:58:20.937 [lettuce-nioEventLoop-4-1] INFO  io.lettuce.core.protocol.CommandHandler - null Unexpected exception during request: java.io.IOException: 远程主机强迫关闭了一个现有的连接。
java.io.IOException: 远程主机强迫关闭了一个现有的连接。
	at sun.nio.ch.SocketDispatcher.read0(Native Method)
	at sun.nio.ch.SocketDispatcher.read(SocketDispatcher.java:43)
	at sun.nio.ch.IOUtil.readIntoNativeBuffer(IOUtil.java:223)
	at sun.nio.ch.IOUtil.read(IOUtil.java:192)
	at sun.nio.ch.SocketChannelImpl.read(SocketChannelImpl.java:380)
	at io.netty.buffer.PooledByteBuf.setBytes(PooledByteBuf.java:253)
	at io.netty.buffer.AbstractByteBuf.writeBytes(AbstractByteBuf.java:1134)
	at io.netty.channel.socket.nio.NioSocketChannel.doReadBytes(NioSocketChannel.java:350)
	at io.netty.channel.nio.AbstractNioByteChannel$NioByteUnsafe.read(AbstractNioByteChannel.java:151)
	at io.netty.channel.nio.NioEventLoop.processSelectedKey(NioEventLoop.java:719)
	at io.netty.channel.nio.NioEventLoop.processSelectedKeysOptimized(NioEventLoop.java:655)
	at io.netty.channel.nio.NioEventLoop.processSelectedKeys(NioEventLoop.java:581)
	at io.netty.channel.nio.NioEventLoop.run(NioEventLoop.java:493)
	at io.netty.util.concurrent.SingleThreadEventExecutor$4.run(SingleThreadEventExecutor.java:989)
	at io.netty.util.internal.ThreadExecutorMap$2.run(ThreadExecutorMap.java:74)
	at io.netty.util.concurrent.FastThreadLocalRunnable.run(FastThreadLocalRunnable.java:30)
	at java.lang.Thread.run(Thread.java:748)
2021-02-17 17:58:21.001 [lettuce-eventExecutorLoop-1-1] INFO  io.lettuce.core.protocol.ConnectionWatchdog - Reconnecting, last destination was localhost/127.0.0.1:6379
2021-02-17 17:58:26.302 [lettuce-eventExecutorLoop-1-1] INFO  io.lettuce.core.protocol.ConnectionWatchdog - Reconnecting, last destination was localhost:6379
2021-02-17 17:58:34.801 [lettuce-eventExecutorLoop-1-1] INFO  io.lettuce.core.protocol.ConnectionWatchdog - Reconnecting, last destination was localhost:6379
2021-02-17 17:58:43.401 [lettuce-eventExecutorLoop-1-3] INFO  io.lettuce.core.protocol.ConnectionWatchdog - Reconnecting, last destination was localhost:6379
2021-02-17 17:59:00.201 [lettuce-eventExecutorLoop-1-5] INFO  io.lettuce.core.protocol.ConnectionWatchdog - Reconnecting, last destination was localhost:6379
